2024-04-14 14:16:22,976 [INFO] Activator:176 - 


2024-04-14 14:16:22,989 [INFO] Activator:177 - !SESSION log4j initialized
2024-04-14 14:16:32,926 [INFO] LogOutputStream:77 - [STDOUT_REDIRECT] 
2024-04-14 14:16:33,823 [ERROR] ConfigurationRetriever:142 - IOException on connection: sw-center.st.com
2024-04-14 14:16:33,825 [ERROR] ConfigurationRetriever:142 - IOException on connection: sw-center.st.com
2024-04-14 14:16:33,826 [ERROR] ConfigurationRetriever:142 - IOException on connection: sw-center.st.com
2024-04-14 14:16:35,144 [INFO] ApplicationProperties:184 - Using Application install path: C:\ST\STM32CubeIDE_1.14.1\STM32CubeIDE\plugins\com.st.stm32cube.common.mx_6.10.0.202311202037
2024-04-14 14:16:35,184 [INFO] DbMcusXml:78 - Set database path to: C:\ST\STM32CubeIDE_1.14.1\STM32CubeIDE\plugins\com.st.stm32cube.common.mx_6.10.0.202311202037\\db\/mcu/
2024-04-14 14:16:35,186 [INFO] ApiDb:274 - Set plugin database path to: C:\ST\STM32CubeIDE_1.14.1\STM32CubeIDE\plugins\com.st.stm32cube.common.mx_6.10.0.202311202037\\db\/plugins/boardmanager/
2024-04-14 14:16:35,186 [WARN] ApiDb:259 - Overriding images path with different value:  => C:\ST\STM32CubeIDE_1.14.1\STM32CubeIDE\plugins\com.st.stm32cube.common.mx_6.10.0.202311202037\\db\/plugins/mcufinder/images/
2024-04-14 14:16:35,198 [INFO] ApiDb:250 - Set database path to: C:\Users\shiba\.stmcufinder\plugins\mcufinder//mcu/
2024-04-14 14:16:35,201 [INFO] DbMcusAds:125 - Set database path to: C:\Users\shiba\.stmcufinder\plugins\mcufinder//mcu/
2024-04-14 14:16:35,206 [INFO] CrossReferenceDbSqlite:203 - Set database path to: C:\Users\shiba\.stmcufinder\plugins\mcufinder//mcu/cs/
2024-04-14 14:16:35,443 [INFO] RulesReader:64 - Compatibility file has been processed (297 Rules)
2024-04-14 14:16:35,644 [INFO] DbMcusXml:78 - Set database path to: C:\ST\STM32CubeIDE_1.14.1\STM32CubeIDE\plugins\com.st.stm32cube.common.mx_6.10.0.202311202037\\db\/mcu/
2024-04-14 14:16:35,644 [INFO] ApiDb:274 - Set plugin database path to: C:\ST\STM32CubeIDE_1.14.1\STM32CubeIDE\plugins\com.st.stm32cube.common.mx_6.10.0.202311202037\\db\/plugins/boardmanager/
2024-04-14 14:16:35,645 [INFO] ApiDb:261 - Set plugin images path to: C:\ST\STM32CubeIDE_1.14.1\STM32CubeIDE\plugins\com.st.stm32cube.common.mx_6.10.0.202311202037\\db\/plugins/mcufinder/images/
2024-04-14 14:16:35,645 [WARN] DbFile:41 - Overriding database path with different value: C:\Users\shiba\.stmcufinder\plugins\mcufinder/ => C:\Users\shiba\.stmcufinder\plugins\mcufinder
2024-04-14 14:16:35,645 [INFO] ApiDb:250 - Set database path to: C:\Users\shiba\.stmcufinder\plugins\mcufinder//mcu/
2024-04-14 14:16:35,646 [WARN] DbFile:41 - Overriding database path with different value: C:\Users\shiba\.stmcufinder\plugins\mcufinder/ => C:\Users\shiba\.stmcufinder\plugins\mcufinder
2024-04-14 14:16:35,646 [INFO] DbMcusAds:125 - Set database path to: C:\Users\shiba\.stmcufinder\plugins\mcufinder//mcu/
2024-04-14 14:16:35,646 [WARN] DbFile:41 - Overriding database path with different value: C:\Users\shiba\.stmcufinder\plugins\mcufinder/ => C:\Users\shiba\.stmcufinder\plugins\mcufinder
2024-04-14 14:16:35,646 [WARN] DbFile:41 - Overriding database path with different value: C:\Users\shiba\.stmcufinder\plugins\mcufinder/ => C:\Users\shiba\.stmcufinder\plugins\mcufinder
2024-04-14 14:16:35,646 [INFO] CrossReferenceDbSqlite:203 - Set database path to: C:\Users\shiba\.stmcufinder\plugins\mcufinder//mcu/cs/
2024-04-14 14:16:35,807 [INFO] MainPanel:264 - HeapMemory: 268435456
2024-04-14 14:16:35,964 [INFO] DbMcusXml:78 - Set database path to: C:\ST\STM32CubeIDE_1.14.1\STM32CubeIDE\plugins\com.st.stm32cube.common.mx_6.10.0.202311202037\\db\/mcu/
2024-04-14 14:16:35,965 [INFO] ApiDb:274 - Set plugin database path to: C:\ST\STM32CubeIDE_1.14.1\STM32CubeIDE\plugins\com.st.stm32cube.common.mx_6.10.0.202311202037\\db\/plugins/boardmanager/
2024-04-14 14:16:35,965 [INFO] ApiDb:261 - Set plugin images path to: C:\ST\STM32CubeIDE_1.14.1\STM32CubeIDE\plugins\com.st.stm32cube.common.mx_6.10.0.202311202037\\db\/plugins/mcufinder/images/
2024-04-14 14:16:35,966 [WARN] DbFile:41 - Overriding database path with different value: C:\Users\shiba\.stmcufinder\plugins\mcufinder/ => C:\Users\shiba\.stmcufinder\plugins\mcufinder
2024-04-14 14:16:35,966 [INFO] ApiDb:250 - Set database path to: C:\Users\shiba\.stmcufinder\plugins\mcufinder//mcu/
2024-04-14 14:16:35,966 [WARN] DbFile:41 - Overriding database path with different value: C:\Users\shiba\.stmcufinder\plugins\mcufinder/ => C:\Users\shiba\.stmcufinder\plugins\mcufinder
2024-04-14 14:16:35,966 [INFO] DbMcusAds:125 - Set database path to: C:\Users\shiba\.stmcufinder\plugins\mcufinder//mcu/
2024-04-14 14:16:35,967 [WARN] DbFile:41 - Overriding database path with different value: C:\Users\shiba\.stmcufinder\plugins\mcufinder/ => C:\Users\shiba\.stmcufinder\plugins\mcufinder
2024-04-14 14:16:35,967 [WARN] DbFile:41 - Overriding database path with different value: C:\Users\shiba\.stmcufinder\plugins\mcufinder/ => C:\Users\shiba\.stmcufinder\plugins\mcufinder
2024-04-14 14:16:35,967 [INFO] CrossReferenceDbSqlite:203 - Set database path to: C:\Users\shiba\.stmcufinder\plugins\mcufinder//mcu/cs/
2024-04-14 14:16:36,004 [INFO] ApplicationProperties:184 - Using Application install path: C:\ST\STM32CubeIDE_1.14.1\STM32CubeIDE\plugins\com.st.stm32cube.common.mx_6.10.0.202311202037
2024-04-14 14:16:36,007 [INFO] PluginManage:196 - Search for loadable plugins [exclusion list=, ]
2024-04-14 14:16:36,010 [INFO] PluginManage:310 - Check plugin analytics
2024-04-14 14:16:36,444 [INFO] AnalyticsPlugin:253 - Accepted Software Licenses: STM32CubeMX.6.10.0
2024-04-14 14:16:36,444 [INFO] AnalyticsPlugin:255 - Accepted CMSIS Pack Licenses: 
2024-04-14 14:16:36,445 [INFO] AnalyticsPlugin:257 - Accepted Firmware Licenses: 
2024-04-14 14:16:36,451 [ERROR] ConfigurationRetriever:142 - IOException on connection: sw-center.st.com
2024-04-14 14:16:36,453 [INFO] PluginManage:359 - Loaded plugin analytics (category:tool,tabindex:-1)
2024-04-14 14:16:36,453 [ERROR] ConfigurationRetriever:142 - IOException on connection: sw-center.st.com
2024-04-14 14:16:36,454 [INFO] PluginManage:310 - Check plugin cadmodel
2024-04-14 14:16:36,454 [ERROR] ConfigurationRetriever:142 - IOException on connection: sw-center.st.com
2024-04-14 14:16:36,465 [INFO] CADModel:105 - Init CAD model plugin
2024-04-14 14:16:36,465 [INFO] PluginManage:359 - Loaded plugin cadmodel (category:power,tabindex:5)
2024-04-14 14:16:36,466 [INFO] PluginManage:310 - Check plugin clock
2024-04-14 14:16:36,492 [INFO] PluginManage:359 - Loaded plugin clock (category:base,tabindex:2)
2024-04-14 14:16:36,492 [INFO] PluginManage:310 - Check plugin ddr
2024-04-14 14:16:36,498 [INFO] PluginManage:359 - Loaded plugin ddr (category:tool,tabindex:6)
2024-04-14 14:16:36,498 [INFO] PluginManage:310 - Check plugin filemanager
2024-04-14 14:16:36,786 [INFO] PluginManage:359 - Loaded plugin filemanager (category:base,tabindex:10)
2024-04-14 14:16:36,787 [INFO] PluginManage:310 - Check plugin ipmanager
2024-04-14 14:16:36,805 [INFO] PluginManage:359 - Loaded plugin ipmanager (category:base,tabindex:5)
2024-04-14 14:16:36,805 [INFO] PluginManage:310 - Check plugin lpbam
2024-04-14 14:16:36,824 [INFO] PluginManage:359 - Loaded plugin lpbam (category:base,tabindex:0)
2024-04-14 14:16:36,825 [INFO] PluginManage:310 - Check plugin memorymap
2024-04-14 14:16:36,857 [INFO] PluginManage:359 - Loaded plugin memorymap (category:base,tabindex:4)
2024-04-14 14:16:36,858 [INFO] PluginManage:310 - Check plugin pinoutandconfiguration
2024-04-14 14:16:36,879 [INFO] PluginManage:359 - Loaded plugin pinoutandconfiguration (category:base,tabindex:1)
2024-04-14 14:16:36,879 [INFO] PluginManage:310 - Check plugin pinoutconfig
2024-04-14 14:16:37,107 [WARN] SupportedApi:132 - Cannot load RTOS API schema: s4s-elt-must-match.1: The content of 'definitions' must match (annotation?, (simpleType | complexType)?, (unique | key | keyref)*)). A problem was found starting at: attribute.
2024-04-14 14:16:37,431 [INFO] PluginManage:359 - Loaded plugin pinoutconfig (category:base,tabindex:0)
2024-04-14 14:16:37,432 [INFO] PluginManage:310 - Check plugin power
2024-04-14 14:16:37,453 [INFO] PluginManage:359 - Loaded plugin power (category:power,tabindex:4)
2024-04-14 14:16:37,454 [INFO] PluginManage:310 - Check plugin projectmanager
2024-04-14 14:16:37,487 [INFO] PluginManage:359 - Loaded plugin projectmanager (category:projectmanager,tabindex:3)
2024-04-14 14:16:37,487 [INFO] PluginManage:310 - Check plugin thirdparty
2024-04-14 14:16:37,745 [INFO] PluginManage:359 - Loaded plugin thirdparty (category:base,tabindex:-1)
2024-04-14 14:16:37,745 [WARN] IntegrityCheckThread:84 - waiting for thirdparty lock release [integrity check]
2024-04-14 14:16:37,745 [INFO] PluginManage:310 - Check plugin tools
2024-04-14 14:16:37,745 [INFO] IntegrityCheckThread:86 - entering critical section [integrity check]
2024-04-14 14:16:37,746 [INFO] ThirdPartyUpdaterWithRetryManager:70 - Updater plugin not ready yet. [1/15]
2024-04-14 14:16:37,751 [INFO] PluginManage:359 - Loaded plugin tools (category:base,tabindex:7)
2024-04-14 14:16:37,751 [INFO] PluginManage:310 - Check plugin tutovideos
2024-04-14 14:16:38,092 [INFO] PluginManage:359 - Loaded plugin tutovideos (category:base,tabindex:-1)
2024-04-14 14:16:38,092 [INFO] PluginManage:310 - Check plugin updater
2024-04-14 14:16:38,113 [INFO] PluginManage:359 - Loaded plugin updater (category:base,tabindex:12)
2024-04-14 14:16:38,113 [INFO] PluginManage:310 - Check plugin userauth
2024-04-14 14:16:38,125 [INFO] UserAuth:114 - Init User Auth plugin
2024-04-14 14:16:38,125 [INFO] PluginManage:359 - Loaded plugin userauth (category:base,tabindex:14)
2024-04-14 14:16:38,126 [INFO] PluginManage:283 - PluginManage : Loaded plugins [17]
2024-04-14 14:16:38,530 [INFO] PinOutPanel:1499 - setPackage(No Configuration,No Configuration)
2024-04-14 14:16:38,691 [INFO] CADModel:165 - CPN selected for project level
2024-04-14 14:16:38,691 [INFO] CADModel:114 - Register for checkConnection events
2024-04-14 14:16:38,725 [INFO] IPUIPlugin:80 - create IPUIPlugin
2024-04-14 14:16:38,726 [INFO] PluginManager:220 - loadIPPluginJar : add adc
2024-04-14 14:16:38,731 [INFO] IPUIPlugin:80 - create IPUIPlugin
2024-04-14 14:16:38,731 [INFO] PluginManager:220 - loadIPPluginJar : add aes
2024-04-14 14:16:38,737 [INFO] IPUIPlugin:80 - create IPUIPlugin
2024-04-14 14:16:38,737 [INFO] PluginManager:220 - loadIPPluginJar : add can
2024-04-14 14:16:38,740 [INFO] IPUIPlugin:80 - create IPUIPlugin
2024-04-14 14:16:38,740 [INFO] PluginManager:220 - loadIPPluginJar : add comp
2024-04-14 14:16:38,745 [INFO] IPUIPlugin:80 - create IPUIPlugin
2024-04-14 14:16:38,746 [INFO] PluginManager:220 - loadIPPluginJar : add cryp
2024-04-14 14:16:38,750 [INFO] IPUIPlugin:80 - create IPUIPlugin
2024-04-14 14:16:38,750 [INFO] PluginManager:220 - loadIPPluginJar : add dfsdm
2024-04-14 14:16:38,761 [INFO] IPUIPlugin:80 - create IPUIPlugin
2024-04-14 14:16:38,762 [INFO] PluginManager:220 - loadIPPluginJar : add dma
2024-04-14 14:16:38,766 [INFO] IPUIPlugin:80 - create IPUIPlugin
2024-04-14 14:16:38,766 [INFO] PluginManager:220 - loadIPPluginJar : add dma3
2024-04-14 14:16:38,769 [INFO] IPUIPlugin:80 - create IPUIPlugin
2024-04-14 14:16:38,769 [INFO] PluginManager:220 - loadIPPluginJar : add fatfs
2024-04-14 14:16:38,777 [INFO] IPUIPlugin:80 - create IPUIPlugin
2024-04-14 14:16:38,777 [INFO] PluginManager:220 - loadIPPluginJar : add fmc
2024-04-14 14:16:38,786 [INFO] IPUIPlugin:80 - create IPUIPlugin
2024-04-14 14:16:38,787 [INFO] PluginManager:220 - loadIPPluginJar : add freertos
2024-04-14 14:16:38,790 [INFO] IPUIPlugin:80 - create IPUIPlugin
2024-04-14 14:16:38,790 [INFO] PluginManager:220 - loadIPPluginJar : add genericplugin
2024-04-14 14:16:38,794 [INFO] IPUIPlugin:80 - create IPUIPlugin
2024-04-14 14:16:38,794 [INFO] PluginManager:220 - loadIPPluginJar : add gfxmmu
2024-04-14 14:16:38,803 [INFO] IPUIPlugin:80 - create IPUIPlugin
2024-04-14 14:16:38,803 [INFO] PluginManager:220 - loadIPPluginJar : add gic
2024-04-14 14:16:38,811 [INFO] IPUIPlugin:80 - create IPUIPlugin
2024-04-14 14:16:38,811 [INFO] PluginManager:220 - loadIPPluginJar : add gpio
2024-04-14 14:16:38,817 [INFO] IPUIPlugin:80 - create IPUIPlugin
2024-04-14 14:16:38,817 [INFO] PluginManager:220 - loadIPPluginJar : add gtzc
2024-04-14 14:16:38,823 [INFO] IPUIPlugin:80 - create IPUIPlugin
2024-04-14 14:16:38,823 [INFO] PluginManager:220 - loadIPPluginJar : add hash
2024-04-14 14:16:38,828 [INFO] IPUIPlugin:80 - create IPUIPlugin
2024-04-14 14:16:38,829 [INFO] PluginManager:220 - loadIPPluginJar : add i2c
2024-04-14 14:16:38,834 [INFO] IPUIPlugin:80 - create IPUIPlugin
2024-04-14 14:16:38,834 [INFO] PluginManager:220 - loadIPPluginJar : add i2s
2024-04-14 14:16:38,840 [INFO] IPUIPlugin:80 - create IPUIPlugin
2024-04-14 14:16:38,840 [INFO] PluginManager:220 - loadIPPluginJar : add i3c
2024-04-14 14:16:38,846 [INFO] IPUIPlugin:80 - create IPUIPlugin
2024-04-14 14:16:38,847 [INFO] PluginManager:220 - loadIPPluginJar : add ipddr
2024-04-14 14:16:38,860 [INFO] IPUIPlugin:80 - create IPUIPlugin
2024-04-14 14:16:38,861 [INFO] PluginManager:220 - loadIPPluginJar : add linkedlist
2024-04-14 14:16:38,865 [INFO] IPUIPlugin:80 - create IPUIPlugin
2024-04-14 14:16:38,865 [INFO] PluginManager:220 - loadIPPluginJar : add lorawan
2024-04-14 14:16:38,869 [INFO] IPUIPlugin:80 - create IPUIPlugin
2024-04-14 14:16:38,870 [INFO] PluginManager:220 - loadIPPluginJar : add ltdc
2024-04-14 14:16:38,881 [INFO] IPUIPlugin:80 - create IPUIPlugin
2024-04-14 14:16:38,881 [INFO] PluginManager:220 - loadIPPluginJar : add mdma
2024-04-14 14:16:38,889 [INFO] IPUIPlugin:80 - create IPUIPlugin
2024-04-14 14:16:38,889 [INFO] PluginManager:220 - loadIPPluginJar : add nvic
2024-04-14 14:16:38,895 [INFO] IPUIPlugin:80 - create IPUIPlugin
2024-04-14 14:16:38,895 [INFO] PluginManager:220 - loadIPPluginJar : add opamp
2024-04-14 14:16:38,902 [INFO] IPUIPlugin:80 - create IPUIPlugin
2024-04-14 14:16:38,903 [INFO] PluginManager:220 - loadIPPluginJar : add openamp
2024-04-14 14:16:38,908 [INFO] IPUIPlugin:80 - create IPUIPlugin
2024-04-14 14:16:38,909 [INFO] PluginManager:220 - loadIPPluginJar : add pdm2pcm
2024-04-14 14:16:38,920 [INFO] IPUIPlugin:80 - create IPUIPlugin
2024-04-14 14:16:38,924 [INFO] PluginManager:220 - loadIPPluginJar : add plateformsettings
2024-04-14 14:16:38,928 [INFO] IPUIPlugin:80 - create IPUIPlugin
2024-04-14 14:16:38,928 [INFO] PluginManager:220 - loadIPPluginJar : add quadspi
2024-04-14 14:16:38,934 [INFO] IPUIPlugin:80 - create IPUIPlugin
2024-04-14 14:16:38,934 [INFO] PluginManager:220 - loadIPPluginJar : add resmgrutility
2024-04-14 14:16:38,940 [INFO] IPUIPlugin:80 - create IPUIPlugin
2024-04-14 14:16:38,940 [INFO] PluginManager:220 - loadIPPluginJar : add sai
2024-04-14 14:16:38,945 [INFO] IPUIPlugin:80 - create IPUIPlugin
2024-04-14 14:16:38,945 [INFO] PluginManager:220 - loadIPPluginJar : add spi
2024-04-14 14:16:38,954 [INFO] IPUIPlugin:80 - create IPUIPlugin
2024-04-14 14:16:38,954 [INFO] PluginManager:220 - loadIPPluginJar : add stm32_wpan
2024-04-14 14:16:38,958 [INFO] IPUIPlugin:80 - create IPUIPlugin
2024-04-14 14:16:38,958 [INFO] PluginManager:220 - loadIPPluginJar : add tim
2024-04-14 14:16:38,963 [INFO] IPUIPlugin:80 - create IPUIPlugin
2024-04-14 14:16:38,963 [INFO] PluginManager:220 - loadIPPluginJar : add touchsensing
2024-04-14 14:16:38,967 [INFO] IPUIPlugin:80 - create IPUIPlugin
2024-04-14 14:16:38,968 [INFO] PluginManager:220 - loadIPPluginJar : add tracer_emb
2024-04-14 14:16:38,971 [INFO] IPUIPlugin:80 - create IPUIPlugin
2024-04-14 14:16:38,972 [INFO] PluginManager:220 - loadIPPluginJar : add ts
2024-04-14 14:16:38,975 [INFO] IPUIPlugin:80 - create IPUIPlugin
2024-04-14 14:16:38,975 [INFO] PluginManager:220 - loadIPPluginJar : add tsc
2024-04-14 14:16:38,979 [INFO] IPUIPlugin:80 - create IPUIPlugin
2024-04-14 14:16:38,979 [INFO] PluginManager:220 - loadIPPluginJar : add ucpd
2024-04-14 14:16:38,986 [INFO] IPUIPlugin:80 - create IPUIPlugin
2024-04-14 14:16:38,986 [INFO] PluginManager:220 - loadIPPluginJar : add usart
2024-04-14 14:16:38,992 [INFO] IPUIPlugin:80 - create IPUIPlugin
2024-04-14 14:16:38,992 [INFO] PluginManager:220 - loadIPPluginJar : add usbx
2024-04-14 14:16:39,188 [INFO] CADModel:165 - CPN selected for project level
2024-04-14 14:16:39,189 [INFO] CADModel:114 - Register for checkConnection events
2024-04-14 14:16:39,189 [FATAL] Updater:308 - Updater called before beeing initialized
2024-04-14 14:16:39,189 [ERROR] CADModel:125 - Updater not yet initialized, retry later 
2024-04-14 14:16:39,462 [INFO] CADModel:165 - CPN selected for project level
2024-04-14 14:16:39,462 [INFO] CADModel:114 - Register for checkConnection events
2024-04-14 14:16:39,462 [FATAL] Updater:308 - Updater called before beeing initialized
2024-04-14 14:16:39,462 [ERROR] CADModel:125 - Updater not yet initialized, retry later 
2024-04-14 14:16:39,468 [FATAL] Updater:308 - Updater called before beeing initialized
2024-04-14 14:16:39,691 [FATAL] Updater:308 - Updater called before beeing initialized
2024-04-14 14:16:39,699 [INFO] DbMcusAds:53 - JSON generation date=Wed Nov 29 16:22:27 IST 2023 (1701255147349)
2024-04-14 14:16:39,700 [FATAL] Updater:308 - Updater called before beeing initialized
2024-04-14 14:16:39,783 [WARN] DetailPanel:346 - Failed to get advertising image, set to default
2024-04-14 14:16:39,984 [FATAL] Updater:308 - Updater called before beeing initialized
2024-04-14 14:16:39,987 [FATAL] Updater:308 - Updater called before beeing initialized
2024-04-14 14:16:39,987 [FATAL] Updater:308 - Updater called before beeing initialized
2024-04-14 14:16:39,987 [WARN] DetailPanel:346 - Failed to get advertising image, set to default
2024-04-14 14:16:39,988 [FATAL] Updater:308 - Updater called before beeing initialized
2024-04-14 14:16:40,083 [ERROR] Updater:1120 - MainUpdater not yet initialized. External WinMGr cannot be set.
2024-04-14 14:16:40,087 [INFO] Updater:1056 - Updater Version found : 6.10.0
2024-04-14 14:16:40,120 [INFO] ApplicationProperties:184 - Using Application install path: C:\ST\STM32CubeIDE_1.14.1\STM32CubeIDE\plugins\com.st.stm32cube.common.mx_6.10.0.202311202037
2024-04-14 14:16:40,747 [INFO] ThirdPartyUpdaterWithRetryManager:70 - Updater plugin not ready yet. [2/15]
2024-04-14 14:16:41,710 [ERROR] LogOutputStream:75 - [STDERR_REDIRECT] Apr 14, 2024 2:16:41 PM java.util.prefs.WindowsPreferences <init>
2024-04-14 14:16:41,713 [ERROR] LogOutputStream:75 - [STDERR_REDIRECT] WARNING: Could not open/create prefs root node Software\JavaSoft\Prefs at root 0xffffffff80000002. Windows RegCreateKeyEx(...) returned error code 5.
2024-04-14 14:16:41,714 [ERROR] LogOutputStream:75 - [STDERR_REDIRECT] 
2024-04-14 14:16:42,166 [INFO] MainUpdater:2873 - connection check result : 22
2024-04-14 14:16:42,169 [INFO] MainUpdater:290 - Updater Check For Update Now.
2024-04-14 14:16:42,170 [INFO] MicroXplorer:498 - Change Database Version : DB.6.0.100
2024-04-14 14:16:42,187 [INFO] McuFinderGlobals:63 - Set McuFinder mode to 2 (CubeIDE integrated)
2024-04-14 14:16:42,441 [INFO] UserAuth:404 - Internet connection configuration mode: 2
2024-04-14 14:16:42,512 [INFO] CheckServerUpdateThread:120 - End of CheckServer Thread
2024-04-14 14:16:44,375 [WARN] PackLoader:240 - Cannot read IP mode file for STMicroelectronics.X-CUBE-SMBUS.2.1.0
2024-04-14 14:16:44,396 [WARN] PackLoader:240 - Cannot read IP mode file for STMicroelectronics.X-CUBE-TOUCHGFX.4.23.1
2024-04-14 14:16:44,404 [WARN] PackLoader:240 - Cannot read IP mode file for STMicroelectronics.X-CUBE-TOUCHGFX.4.23.0
2024-04-14 14:16:44,411 [WARN] PackLoader:240 - Cannot read IP mode file for STMicroelectronics.X-CUBE-TOUCHGFX.4.23.2
2024-04-14 14:16:44,502 [WARN] PackLoader:240 - Cannot read IP mode file for STMicroelectronics.X-CUBE-AZRTOS-F7.1.1.0
2024-04-14 14:16:44,537 [WARN] PackLoader:240 - Cannot read IP mode file for STMicroelectronics.FP-SNS-MOTENV1.4.3.2
2024-04-14 14:16:44,558 [WARN] PackLoader:240 - Cannot read IP mode file for STMicroelectronics.FP-SNS-FLIGHT1.5.0.2
2024-04-14 14:16:44,585 [WARN] PackLoader:240 - Cannot read IP mode file for STMicroelectronics.X-CUBE-DISPLAY.3.0.0
2024-04-14 14:16:44,615 [WARN] PackLoader:240 - Cannot read IP mode file for STMicroelectronics.X-CUBE-BLE1.7.0.0
2024-04-14 14:16:44,630 [WARN] PackLoader:240 - Cannot read IP mode file for emotas.I-CUBE-CANOPEN.1.3.0
2024-04-14 14:16:44,658 [WARN] PackLoader:240 - Cannot read IP mode file for STMicroelectronics.FP-SNS-SMARTAG2.1.2.0
2024-04-14 14:16:44,699 [INFO] LogOutputStream:77 - [STDOUT_REDIRECT] 1 : Invalid condition id : UX_CORESTACK_Condition cause : null
2024-04-14 14:16:44,700 [INFO] LogOutputStream:77 - [STDOUT_REDIRECT] 1 : Invalid condition id : UX_CORESTACK_Condition cause : null
2024-04-14 14:16:44,704 [INFO] LogOutputStream:77 - [STDOUT_REDIRECT] 1 : Invalid condition id : UX_CORESTACK_Condition cause : null
2024-04-14 14:16:44,708 [INFO] LogOutputStream:77 - [STDOUT_REDIRECT] 1 : Invalid condition id : UX_CORESTACK_Condition cause : null
2024-04-14 14:16:44,712 [INFO] LogOutputStream:77 - [STDOUT_REDIRECT] 1 : Invalid condition id : UX_CORESTACK_Condition cause : null
2024-04-14 14:16:44,736 [WARN] PackLoader:240 - Cannot read IP mode file for STMicroelectronics.X-CUBE-AZRTOS-WL.2.0.0
2024-04-14 14:16:44,758 [WARN] PackLoader:240 - Cannot read IP mode file for STMicroelectronics.FP-SNS-MOTENV1.5.0.0
2024-04-14 14:16:44,787 [WARN] PackLoader:240 - Cannot read IP mode file for WES.I-CUBE-Cesium.1.3.0
2024-04-14 14:16:44,801 [WARN] PackLoader:240 - Cannot read IP mode file for STMicroelectronics.X-CUBE-BLE2.3.3.0
2024-04-14 14:16:44,819 [WARN] PackLoader:240 - Cannot read IP mode file for STMicroelectronics.X-CUBE-TCPP.4.1.0
2024-04-14 14:16:44,842 [WARN] PackLoader:240 - Cannot read IP mode file for STMicroelectronics.X-CUBE-ALGOBUILD.1.3.0
2024-04-14 14:16:44,936 [WARN] PackLoader:240 - Cannot read IP mode file for STMicroelectronics.X-CUBE-AZRTOS-G0.1.1.0
2024-04-14 14:16:44,970 [WARN] PackLoader:240 - Cannot read IP mode file for STMicroelectronics.X-CUBE-SAFEA1.1.2.2
2024-04-14 14:16:44,990 [WARN] PackLoader:240 - Cannot read IP mode file for STMicroelectronics.X-CUBE-NFC4.3.0.0
2024-04-14 14:16:45,007 [WARN] PackLoader:240 - Cannot read IP mode file for STMicroelectronics.FP-ATR-SIGFOX1.3.2.0
2024-04-14 14:16:45,089 [WARN] PackLoader:240 - Cannot read IP mode file for SEGGER.I-CUBE-embOS.1.3.1
2024-04-14 14:16:45,224 [WARN] PackLoader:240 - Cannot read IP mode file for STMicroelectronics.X-CUBE-GNSS1.6.0.0
2024-04-14 14:16:45,273 [WARN] PackLoader:240 - Cannot read IP mode file for STMicroelectronics.X-CUBE-AZRTOS-F4.1.1.0
2024-04-14 14:16:45,326 [WARN] PackLoader:240 - Cannot read IP mode file for STMicroelectronics.X-CUBE-AZRTOS-L5.2.0.0
2024-04-14 14:16:45,349 [WARN] PackLoader:240 - Cannot read IP mode file for STMicroelectronics.X-CUBE-NFC6.3.1.0
2024-04-14 14:16:45,365 [WARN] PackLoader:240 - Cannot read IP mode file for ITTIA_DB.I-CUBE-ITTIADB.8.8.0
2024-04-14 14:16:45,373 [WARN] PackLoader:240 - Cannot read IP mode file for STMicroelectronics.X-CUBE-NFC7.1.0.1
2024-04-14 14:16:45,387 [WARN] PackLoader:240 - Cannot read IP mode file for STMicroelectronics.X-CUBE-NFC6.3.0.0
2024-04-14 14:16:45,399 [WARN] PackLoader:240 - Cannot read IP mode file for STMicroelectronics.X-CUBE-AI.8.1.0
2024-04-14 14:16:45,432 [WARN] ConditionMgr:438 - getConditionDescription Invalid condition id : LAN8742 Phy interface Condition cause : null
2024-04-14 14:16:45,434 [WARN] PackLoader:240 - Cannot read IP mode file for STMicroelectronics.X-CUBE-AZRTOS-L4.2.0.0
2024-04-14 14:16:45,437 [WARN] ConditionMgr:1039 - genDependencies : Invalid condition id : LAN8742 Phy interface Condition cause : null
2024-04-14 14:16:45,438 [WARN] ConditionMgr:1039 - genDependencies : Invalid condition id : LAN8742 Phy interface Condition cause : null
2024-04-14 14:16:45,439 [WARN] ConditionMgr:1039 - genDependencies : Invalid condition id : LAN8742 Phy interface Condition cause : null
2024-04-14 14:16:45,459 [WARN] PackLoader:240 - Cannot read IP mode file for STMicroelectronics.X-CUBE-SFXS2LP1.4.0.0
2024-04-14 14:16:45,488 [WARN] ConditionMgr:438 - getConditionDescription Invalid condition id : UX DEVICE CLASS RTOS Condition cause : null
2024-04-14 14:16:45,488 [WARN] ConditionMgr:438 - getConditionDescription Invalid condition id : UX DEVICE CLASS RTOS Condition cause : null
2024-04-14 14:16:45,493 [WARN] PackLoader:240 - Cannot read IP mode file for STMicroelectronics.X-CUBE-AZRTOS-WB.2.0.0
2024-04-14 14:16:45,494 [WARN] ConditionMgr:1039 - genDependencies : Invalid condition id : UX DEVICE CLASS RTOS Condition cause : null
2024-04-14 14:16:45,494 [WARN] ConditionMgr:1039 - genDependencies : Invalid condition id : UX DEVICE CLASS RTOS Condition cause : null
2024-04-14 14:16:45,494 [WARN] ConditionMgr:1039 - genDependencies : Invalid condition id : UX DEVICE CLASS RTOS Condition cause : null
2024-04-14 14:16:45,495 [WARN] ConditionMgr:1039 - genDependencies : Invalid condition id : UX DEVICE CLASS RTOS Condition cause : null
2024-04-14 14:16:45,495 [WARN] ConditionMgr:1039 - genDependencies : Invalid condition id : UX DEVICE CLASS RTOS Condition cause : null
2024-04-14 14:16:45,520 [WARN] PackLoader:240 - Cannot read IP mode file for STMicroelectronics.X-CUBE-SUBG2.5.0.0
2024-04-14 14:16:45,577 [WARN] PackLoader:240 - Cannot read IP mode file for STMicroelectronics.X-CUBE-AZRTOS-G4.2.0.0
2024-04-14 14:16:45,620 [WARN] PackLoader:240 - Cannot read IP mode file for Infineon.AIROC-Wi-Fi-Bluetooth-STM32.1.5.1
2024-04-14 14:16:45,742 [WARN] PackLoader:240 - Cannot read IP mode file for STMicroelectronics.X-CUBE-MEMS1.10.0.0
2024-04-14 14:16:46,012 [WARN] PackLoader:240 - Cannot read IP mode file for STMicroelectronics.X-CUBE-FREERTOS.1.1.0
2024-04-14 14:16:46,024 [WARN] PackLoader:240 - Cannot read IP mode file for portGmbH.I-Cube-SoM-uGOAL.1.1.0
2024-04-14 14:16:46,032 [WARN] PackLoader:240 - Cannot read IP mode file for STMicroelectronics.X-CUBE-ALS.1.0.1
2024-04-14 14:16:46,040 [WARN] PackLoader:240 - Cannot read IP mode file for STMicroelectronics.FP-ATR-ASTRA1.2.0.0
2024-04-14 14:16:46,041 [INFO] ThirdParty:978 - Integrity check success = true
2024-04-14 14:16:46,041 [INFO] IntegrityCheckThread:100 - exiting critical section [integrity check]
2024-04-14 14:16:46,041 [INFO] IntegrityCheckThread:103 - End integrity checks thread
2024-04-14 14:17:03,627 [ERROR] LogOutputStream:75 - [STDERR_REDIRECT] SLF4J: Failed to load class "org.slf4j.impl.StaticLoggerBinder".
2024-04-14 14:17:03,629 [ERROR] LogOutputStream:75 - [STDERR_REDIRECT] SLF4J: Defaulting to no-operation (NOP) logger implementation
2024-04-14 14:17:03,632 [ERROR] LogOutputStream:75 - [STDERR_REDIRECT] SLF4J: See http://www.slf4j.org/codes.html#StaticLoggerBinder for further details.
