2024-05-17 10:22:39,171 [INFO] Activator:176 - 


2024-05-17 10:22:39,182 [INFO] Activator:177 - !SESSION log4j initialized
2024-05-17 10:22:45,795 [INFO] LogOutputStream:77 - [STDOUT_REDIRECT] 
2024-05-17 10:22:51,388 [ERROR] ConfigurationRetriever:142 - IOException on connection: PKIX path building failed: sun.security.provider.certpath.SunCertPathBuilderException: unable to find valid certification path to requested target
2024-05-17 10:22:51,408 [ERROR] ConfigurationRetriever:142 - IOException on connection: PKIX path building failed: sun.security.provider.certpath.SunCertPathBuilderException: unable to find valid certification path to requested target
2024-05-17 10:22:51,436 [ERROR] ConfigurationRetriever:142 - IOException on connection: PKIX path building failed: sun.security.provider.certpath.SunCertPathBuilderException: unable to find valid certification path to requested target
2024-05-17 10:22:55,070 [INFO] ApplicationProperties:184 - Using Application install path: C:\ST\STM32CubeIDE_1.14.1\STM32CubeIDE\plugins\com.st.stm32cube.common.mx_6.10.0.202311202037
2024-05-17 10:22:55,093 [INFO] DbMcusXml:78 - Set database path to: C:\ST\STM32CubeIDE_1.14.1\STM32CubeIDE\plugins\com.st.stm32cube.common.mx_6.10.0.202311202037\\db\/mcu/
2024-05-17 10:22:55,093 [INFO] ApiDb:274 - Set plugin database path to: C:\ST\STM32CubeIDE_1.14.1\STM32CubeIDE\plugins\com.st.stm32cube.common.mx_6.10.0.202311202037\\db\/plugins/boardmanager/
2024-05-17 10:22:55,093 [WARN] ApiDb:259 - Overriding images path with different value:  => C:\ST\STM32CubeIDE_1.14.1\STM32CubeIDE\plugins\com.st.stm32cube.common.mx_6.10.0.202311202037\\db\/plugins/mcufinder/images/
2024-05-17 10:22:55,108 [INFO] ApiDb:250 - Set database path to: C:\Users\shiba\.stmcufinder\plugins\mcufinder//mcu/
2024-05-17 10:22:55,109 [INFO] DbMcusAds:125 - Set database path to: C:\Users\shiba\.stmcufinder\plugins\mcufinder//mcu/
2024-05-17 10:22:55,112 [INFO] CrossReferenceDbSqlite:203 - Set database path to: C:\Users\shiba\.stmcufinder\plugins\mcufinder//mcu/cs/
2024-05-17 10:22:55,289 [INFO] RulesReader:64 - Compatibility file has been processed (297 Rules)
2024-05-17 10:22:55,409 [INFO] DbMcusXml:78 - Set database path to: C:\ST\STM32CubeIDE_1.14.1\STM32CubeIDE\plugins\com.st.stm32cube.common.mx_6.10.0.202311202037\\db\/mcu/
2024-05-17 10:22:55,409 [INFO] ApiDb:274 - Set plugin database path to: C:\ST\STM32CubeIDE_1.14.1\STM32CubeIDE\plugins\com.st.stm32cube.common.mx_6.10.0.202311202037\\db\/plugins/boardmanager/
2024-05-17 10:22:55,409 [INFO] ApiDb:261 - Set plugin images path to: C:\ST\STM32CubeIDE_1.14.1\STM32CubeIDE\plugins\com.st.stm32cube.common.mx_6.10.0.202311202037\\db\/plugins/mcufinder/images/
2024-05-17 10:22:55,409 [WARN] DbFile:41 - Overriding database path with different value: C:\Users\shiba\.stmcufinder\plugins\mcufinder/ => C:\Users\shiba\.stmcufinder\plugins\mcufinder
2024-05-17 10:22:55,409 [INFO] ApiDb:250 - Set database path to: C:\Users\shiba\.stmcufinder\plugins\mcufinder//mcu/
2024-05-17 10:22:55,409 [WARN] DbFile:41 - Overriding database path with different value: C:\Users\shiba\.stmcufinder\plugins\mcufinder/ => C:\Users\shiba\.stmcufinder\plugins\mcufinder
2024-05-17 10:22:55,409 [INFO] DbMcusAds:125 - Set database path to: C:\Users\shiba\.stmcufinder\plugins\mcufinder//mcu/
2024-05-17 10:22:55,409 [WARN] DbFile:41 - Overriding database path with different value: C:\Users\shiba\.stmcufinder\plugins\mcufinder/ => C:\Users\shiba\.stmcufinder\plugins\mcufinder
2024-05-17 10:22:55,409 [WARN] DbFile:41 - Overriding database path with different value: C:\Users\shiba\.stmcufinder\plugins\mcufinder/ => C:\Users\shiba\.stmcufinder\plugins\mcufinder
2024-05-17 10:22:55,411 [INFO] CrossReferenceDbSqlite:203 - Set database path to: C:\Users\shiba\.stmcufinder\plugins\mcufinder//mcu/cs/
2024-05-17 10:22:55,527 [INFO] MainPanel:264 - HeapMemory: 268435456
2024-05-17 10:22:55,678 [INFO] DbMcusXml:78 - Set database path to: C:\ST\STM32CubeIDE_1.14.1\STM32CubeIDE\plugins\com.st.stm32cube.common.mx_6.10.0.202311202037\\db\/mcu/
2024-05-17 10:22:55,678 [INFO] ApiDb:274 - Set plugin database path to: C:\ST\STM32CubeIDE_1.14.1\STM32CubeIDE\plugins\com.st.stm32cube.common.mx_6.10.0.202311202037\\db\/plugins/boardmanager/
2024-05-17 10:22:55,678 [INFO] ApiDb:261 - Set plugin images path to: C:\ST\STM32CubeIDE_1.14.1\STM32CubeIDE\plugins\com.st.stm32cube.common.mx_6.10.0.202311202037\\db\/plugins/mcufinder/images/
2024-05-17 10:22:55,680 [WARN] DbFile:41 - Overriding database path with different value: C:\Users\shiba\.stmcufinder\plugins\mcufinder/ => C:\Users\shiba\.stmcufinder\plugins\mcufinder
2024-05-17 10:22:55,680 [INFO] ApiDb:250 - Set database path to: C:\Users\shiba\.stmcufinder\plugins\mcufinder//mcu/
2024-05-17 10:22:55,680 [WARN] DbFile:41 - Overriding database path with different value: C:\Users\shiba\.stmcufinder\plugins\mcufinder/ => C:\Users\shiba\.stmcufinder\plugins\mcufinder
2024-05-17 10:22:55,680 [INFO] DbMcusAds:125 - Set database path to: C:\Users\shiba\.stmcufinder\plugins\mcufinder//mcu/
2024-05-17 10:22:55,680 [WARN] DbFile:41 - Overriding database path with different value: C:\Users\shiba\.stmcufinder\plugins\mcufinder/ => C:\Users\shiba\.stmcufinder\plugins\mcufinder
2024-05-17 10:22:55,680 [WARN] DbFile:41 - Overriding database path with different value: C:\Users\shiba\.stmcufinder\plugins\mcufinder/ => C:\Users\shiba\.stmcufinder\plugins\mcufinder
2024-05-17 10:22:55,680 [INFO] CrossReferenceDbSqlite:203 - Set database path to: C:\Users\shiba\.stmcufinder\plugins\mcufinder//mcu/cs/
2024-05-17 10:22:55,705 [INFO] ApplicationProperties:184 - Using Application install path: C:\ST\STM32CubeIDE_1.14.1\STM32CubeIDE\plugins\com.st.stm32cube.common.mx_6.10.0.202311202037
2024-05-17 10:22:55,706 [INFO] PluginManage:196 - Search for loadable plugins [exclusion list=, ]
2024-05-17 10:22:55,708 [INFO] PluginManage:310 - Check plugin analytics
2024-05-17 10:23:00,987 [INFO] AnalyticsPlugin:253 - Accepted Software Licenses: STM32CubeMX.6.10.0
2024-05-17 10:23:00,987 [INFO] AnalyticsPlugin:255 - Accepted CMSIS Pack Licenses: 
2024-05-17 10:23:00,987 [INFO] AnalyticsPlugin:257 - Accepted Firmware Licenses: FW.L4.1.18.0
2024-05-17 10:23:00,991 [INFO] PluginManage:359 - Loaded plugin analytics (category:tool,tabindex:-1)
2024-05-17 10:23:00,991 [INFO] PluginManage:310 - Check plugin cadmodel
2024-05-17 10:23:01,012 [ERROR] ConfigurationRetriever:142 - IOException on connection: PKIX path building failed: sun.security.provider.certpath.SunCertPathBuilderException: unable to find valid certification path to requested target
2024-05-17 10:23:01,012 [INFO] CADModel:105 - Init CAD model plugin
2024-05-17 10:23:01,012 [INFO] PluginManage:359 - Loaded plugin cadmodel (category:power,tabindex:5)
2024-05-17 10:23:01,012 [INFO] PluginManage:310 - Check plugin clock
2024-05-17 10:23:01,034 [ERROR] ConfigurationRetriever:142 - IOException on connection: PKIX path building failed: sun.security.provider.certpath.SunCertPathBuilderException: unable to find valid certification path to requested target
2024-05-17 10:23:01,051 [INFO] PluginManage:359 - Loaded plugin clock (category:base,tabindex:2)
2024-05-17 10:23:01,051 [INFO] PluginManage:310 - Check plugin ddr
2024-05-17 10:23:01,053 [INFO] PluginManage:359 - Loaded plugin ddr (category:tool,tabindex:6)
2024-05-17 10:23:01,053 [INFO] PluginManage:310 - Check plugin filemanager
2024-05-17 10:23:01,087 [ERROR] ConfigurationRetriever:142 - IOException on connection: PKIX path building failed: sun.security.provider.certpath.SunCertPathBuilderException: unable to find valid certification path to requested target
2024-05-17 10:23:01,270 [INFO] PluginManage:359 - Loaded plugin filemanager (category:base,tabindex:10)
2024-05-17 10:23:01,270 [INFO] PluginManage:310 - Check plugin ipmanager
2024-05-17 10:23:01,285 [INFO] PluginManage:359 - Loaded plugin ipmanager (category:base,tabindex:5)
2024-05-17 10:23:01,286 [INFO] PluginManage:310 - Check plugin lpbam
2024-05-17 10:23:01,327 [INFO] PluginManage:359 - Loaded plugin lpbam (category:base,tabindex:0)
2024-05-17 10:23:01,328 [INFO] PluginManage:310 - Check plugin memorymap
2024-05-17 10:23:01,380 [INFO] PluginManage:359 - Loaded plugin memorymap (category:base,tabindex:4)
2024-05-17 10:23:01,380 [INFO] PluginManage:310 - Check plugin pinoutandconfiguration
2024-05-17 10:23:01,401 [INFO] PluginManage:359 - Loaded plugin pinoutandconfiguration (category:base,tabindex:1)
2024-05-17 10:23:01,401 [INFO] PluginManage:310 - Check plugin pinoutconfig
2024-05-17 10:23:01,512 [WARN] SupportedApi:132 - Cannot load RTOS API schema: s4s-elt-must-match.1: The content of 'definitions' must match (annotation?, (simpleType | complexType)?, (unique | key | keyref)*)). A problem was found starting at: attribute.
2024-05-17 10:23:01,698 [INFO] PluginManage:359 - Loaded plugin pinoutconfig (category:base,tabindex:0)
2024-05-17 10:23:01,698 [INFO] PluginManage:310 - Check plugin power
2024-05-17 10:23:01,738 [INFO] PluginManage:359 - Loaded plugin power (category:power,tabindex:4)
2024-05-17 10:23:01,738 [INFO] PluginManage:310 - Check plugin projectmanager
2024-05-17 10:23:01,772 [INFO] PluginManage:359 - Loaded plugin projectmanager (category:projectmanager,tabindex:3)
2024-05-17 10:23:01,773 [INFO] PluginManage:310 - Check plugin thirdparty
2024-05-17 10:23:02,125 [INFO] PluginManage:359 - Loaded plugin thirdparty (category:base,tabindex:-1)
2024-05-17 10:23:02,125 [WARN] IntegrityCheckThread:84 - waiting for thirdparty lock release [integrity check]
2024-05-17 10:23:02,125 [INFO] PluginManage:310 - Check plugin tools
2024-05-17 10:23:02,126 [INFO] IntegrityCheckThread:86 - entering critical section [integrity check]
2024-05-17 10:23:02,126 [INFO] ThirdPartyUpdaterWithRetryManager:70 - Updater plugin not ready yet. [1/15]
2024-05-17 10:23:02,162 [INFO] PluginManage:359 - Loaded plugin tools (category:base,tabindex:7)
2024-05-17 10:23:02,162 [INFO] PluginManage:310 - Check plugin tutovideos
2024-05-17 10:23:02,484 [INFO] PluginManage:359 - Loaded plugin tutovideos (category:base,tabindex:-1)
2024-05-17 10:23:02,484 [INFO] PluginManage:310 - Check plugin updater
2024-05-17 10:23:02,507 [INFO] PluginManage:359 - Loaded plugin updater (category:base,tabindex:12)
2024-05-17 10:23:02,507 [INFO] PluginManage:310 - Check plugin userauth
2024-05-17 10:23:02,518 [INFO] UserAuth:114 - Init User Auth plugin
2024-05-17 10:23:02,518 [INFO] PluginManage:359 - Loaded plugin userauth (category:base,tabindex:14)
2024-05-17 10:23:02,519 [INFO] PluginManage:283 - PluginManage : Loaded plugins [17]
2024-05-17 10:23:02,812 [INFO] PinOutPanel:1499 - setPackage(No Configuration,No Configuration)
2024-05-17 10:23:02,976 [INFO] CADModel:165 - CPN selected for project level
2024-05-17 10:23:02,976 [INFO] CADModel:114 - Register for checkConnection events
2024-05-17 10:23:03,018 [INFO] IPUIPlugin:80 - create IPUIPlugin
2024-05-17 10:23:03,018 [INFO] PluginManager:220 - loadIPPluginJar : add adc
2024-05-17 10:23:03,073 [INFO] IPUIPlugin:80 - create IPUIPlugin
2024-05-17 10:23:03,073 [INFO] PluginManager:220 - loadIPPluginJar : add aes
2024-05-17 10:23:03,134 [INFO] IPUIPlugin:80 - create IPUIPlugin
2024-05-17 10:23:03,134 [INFO] PluginManager:220 - loadIPPluginJar : add can
2024-05-17 10:23:03,169 [INFO] IPUIPlugin:80 - create IPUIPlugin
2024-05-17 10:23:03,169 [INFO] PluginManager:220 - loadIPPluginJar : add comp
2024-05-17 10:23:03,226 [INFO] IPUIPlugin:80 - create IPUIPlugin
2024-05-17 10:23:03,227 [INFO] PluginManager:220 - loadIPPluginJar : add cryp
2024-05-17 10:23:03,268 [INFO] IPUIPlugin:80 - create IPUIPlugin
2024-05-17 10:23:03,268 [INFO] PluginManager:220 - loadIPPluginJar : add dfsdm
2024-05-17 10:23:03,291 [INFO] IPUIPlugin:80 - create IPUIPlugin
2024-05-17 10:23:03,292 [INFO] PluginManager:220 - loadIPPluginJar : add dma
2024-05-17 10:23:03,360 [INFO] IPUIPlugin:80 - create IPUIPlugin
2024-05-17 10:23:03,361 [INFO] PluginManager:220 - loadIPPluginJar : add dma3
2024-05-17 10:23:03,399 [INFO] IPUIPlugin:80 - create IPUIPlugin
2024-05-17 10:23:03,399 [INFO] PluginManager:220 - loadIPPluginJar : add fatfs
2024-05-17 10:23:03,494 [INFO] IPUIPlugin:80 - create IPUIPlugin
2024-05-17 10:23:03,494 [INFO] PluginManager:220 - loadIPPluginJar : add fmc
2024-05-17 10:23:03,518 [INFO] IPUIPlugin:80 - create IPUIPlugin
2024-05-17 10:23:03,519 [INFO] PluginManager:220 - loadIPPluginJar : add freertos
2024-05-17 10:23:03,552 [INFO] IPUIPlugin:80 - create IPUIPlugin
2024-05-17 10:23:03,552 [INFO] PluginManager:220 - loadIPPluginJar : add genericplugin
2024-05-17 10:23:03,708 [INFO] IPUIPlugin:80 - create IPUIPlugin
2024-05-17 10:23:03,708 [INFO] PluginManager:220 - loadIPPluginJar : add gfxmmu
2024-05-17 10:23:03,945 [INFO] IPUIPlugin:80 - create IPUIPlugin
2024-05-17 10:23:03,945 [INFO] PluginManager:220 - loadIPPluginJar : add gic
2024-05-17 10:23:03,962 [INFO] IPUIPlugin:80 - create IPUIPlugin
2024-05-17 10:23:03,963 [INFO] PluginManager:220 - loadIPPluginJar : add gpio
2024-05-17 10:23:04,094 [INFO] IPUIPlugin:80 - create IPUIPlugin
2024-05-17 10:23:04,094 [INFO] PluginManager:220 - loadIPPluginJar : add gtzc
2024-05-17 10:23:04,138 [INFO] IPUIPlugin:80 - create IPUIPlugin
2024-05-17 10:23:04,138 [INFO] PluginManager:220 - loadIPPluginJar : add hash
2024-05-17 10:23:04,204 [INFO] IPUIPlugin:80 - create IPUIPlugin
2024-05-17 10:23:04,204 [INFO] PluginManager:220 - loadIPPluginJar : add i2c
2024-05-17 10:23:04,278 [INFO] IPUIPlugin:80 - create IPUIPlugin
2024-05-17 10:23:04,279 [INFO] PluginManager:220 - loadIPPluginJar : add i2s
2024-05-17 10:23:04,325 [INFO] IPUIPlugin:80 - create IPUIPlugin
2024-05-17 10:23:04,325 [INFO] PluginManager:220 - loadIPPluginJar : add i3c
2024-05-17 10:23:04,437 [INFO] IPUIPlugin:80 - create IPUIPlugin
2024-05-17 10:23:04,437 [INFO] PluginManager:220 - loadIPPluginJar : add ipddr
2024-05-17 10:23:04,557 [INFO] IPUIPlugin:80 - create IPUIPlugin
2024-05-17 10:23:04,557 [INFO] PluginManager:220 - loadIPPluginJar : add linkedlist
2024-05-17 10:23:04,605 [INFO] IPUIPlugin:80 - create IPUIPlugin
2024-05-17 10:23:04,606 [INFO] PluginManager:220 - loadIPPluginJar : add lorawan
2024-05-17 10:23:04,650 [INFO] IPUIPlugin:80 - create IPUIPlugin
2024-05-17 10:23:04,650 [INFO] PluginManager:220 - loadIPPluginJar : add ltdc
2024-05-17 10:23:04,689 [INFO] IPUIPlugin:80 - create IPUIPlugin
2024-05-17 10:23:04,689 [INFO] PluginManager:220 - loadIPPluginJar : add mdma
2024-05-17 10:23:04,717 [INFO] IPUIPlugin:80 - create IPUIPlugin
2024-05-17 10:23:04,717 [INFO] PluginManager:220 - loadIPPluginJar : add nvic
2024-05-17 10:23:04,788 [INFO] IPUIPlugin:80 - create IPUIPlugin
2024-05-17 10:23:04,788 [INFO] PluginManager:220 - loadIPPluginJar : add opamp
2024-05-17 10:23:04,893 [INFO] IPUIPlugin:80 - create IPUIPlugin
2024-05-17 10:23:04,893 [INFO] PluginManager:220 - loadIPPluginJar : add openamp
2024-05-17 10:23:04,940 [INFO] IPUIPlugin:80 - create IPUIPlugin
2024-05-17 10:23:04,940 [INFO] PluginManager:220 - loadIPPluginJar : add pdm2pcm
2024-05-17 10:23:04,973 [INFO] IPUIPlugin:80 - create IPUIPlugin
2024-05-17 10:23:04,978 [INFO] PluginManager:220 - loadIPPluginJar : add plateformsettings
2024-05-17 10:23:05,015 [INFO] IPUIPlugin:80 - create IPUIPlugin
2024-05-17 10:23:05,015 [INFO] PluginManager:220 - loadIPPluginJar : add quadspi
2024-05-17 10:23:05,028 [INFO] IPUIPlugin:80 - create IPUIPlugin
2024-05-17 10:23:05,029 [INFO] PluginManager:220 - loadIPPluginJar : add resmgrutility
2024-05-17 10:23:05,078 [INFO] IPUIPlugin:80 - create IPUIPlugin
2024-05-17 10:23:05,078 [INFO] PluginManager:220 - loadIPPluginJar : add sai
2024-05-17 10:23:05,126 [INFO] ThirdPartyUpdaterWithRetryManager:70 - Updater plugin not ready yet. [2/15]
2024-05-17 10:23:05,136 [INFO] IPUIPlugin:80 - create IPUIPlugin
2024-05-17 10:23:05,136 [INFO] PluginManager:220 - loadIPPluginJar : add spi
2024-05-17 10:23:05,214 [INFO] IPUIPlugin:80 - create IPUIPlugin
2024-05-17 10:23:05,214 [INFO] PluginManager:220 - loadIPPluginJar : add stm32_wpan
2024-05-17 10:23:05,242 [INFO] IPUIPlugin:80 - create IPUIPlugin
2024-05-17 10:23:05,242 [INFO] PluginManager:220 - loadIPPluginJar : add tim
2024-05-17 10:23:05,328 [INFO] IPUIPlugin:80 - create IPUIPlugin
2024-05-17 10:23:05,329 [INFO] PluginManager:220 - loadIPPluginJar : add touchsensing
2024-05-17 10:23:05,355 [INFO] IPUIPlugin:80 - create IPUIPlugin
2024-05-17 10:23:05,355 [INFO] PluginManager:220 - loadIPPluginJar : add tracer_emb
2024-05-17 10:23:05,380 [INFO] IPUIPlugin:80 - create IPUIPlugin
2024-05-17 10:23:05,380 [INFO] PluginManager:220 - loadIPPluginJar : add ts
2024-05-17 10:23:05,403 [INFO] IPUIPlugin:80 - create IPUIPlugin
2024-05-17 10:23:05,403 [INFO] PluginManager:220 - loadIPPluginJar : add tsc
2024-05-17 10:23:05,427 [INFO] IPUIPlugin:80 - create IPUIPlugin
2024-05-17 10:23:05,427 [INFO] PluginManager:220 - loadIPPluginJar : add ucpd
2024-05-17 10:23:05,474 [INFO] IPUIPlugin:80 - create IPUIPlugin
2024-05-17 10:23:05,474 [INFO] PluginManager:220 - loadIPPluginJar : add usart
2024-05-17 10:23:05,525 [INFO] IPUIPlugin:80 - create IPUIPlugin
2024-05-17 10:23:05,526 [INFO] PluginManager:220 - loadIPPluginJar : add usbx
2024-05-17 10:23:05,674 [INFO] CADModel:165 - CPN selected for project level
2024-05-17 10:23:05,675 [INFO] CADModel:114 - Register for checkConnection events
2024-05-17 10:23:05,676 [FATAL] Updater:308 - Updater called before beeing initialized
2024-05-17 10:23:05,676 [ERROR] CADModel:125 - Updater not yet initialized, retry later 
2024-05-17 10:23:05,887 [INFO] CADModel:165 - CPN selected for project level
2024-05-17 10:23:05,887 [INFO] CADModel:114 - Register for checkConnection events
2024-05-17 10:23:05,887 [FATAL] Updater:308 - Updater called before beeing initialized
2024-05-17 10:23:05,887 [ERROR] CADModel:125 - Updater not yet initialized, retry later 
2024-05-17 10:23:05,891 [FATAL] Updater:308 - Updater called before beeing initialized
2024-05-17 10:23:06,040 [FATAL] Updater:308 - Updater called before beeing initialized
2024-05-17 10:23:06,050 [INFO] DbMcusAds:53 - JSON generation date=Thu May 02 14:07:29 IST 2024 (1714639049318)
2024-05-17 10:23:06,050 [FATAL] Updater:308 - Updater called before beeing initialized
2024-05-17 10:23:06,232 [WARN] DetailPanel:346 - Failed to get advertising image, set to default
2024-05-17 10:23:06,354 [FATAL] Updater:308 - Updater called before beeing initialized
2024-05-17 10:23:06,357 [FATAL] Updater:308 - Updater called before beeing initialized
2024-05-17 10:23:06,357 [FATAL] Updater:308 - Updater called before beeing initialized
2024-05-17 10:23:06,357 [WARN] DetailPanel:346 - Failed to get advertising image, set to default
2024-05-17 10:23:06,358 [FATAL] Updater:308 - Updater called before beeing initialized
2024-05-17 10:23:06,439 [ERROR] Updater:1120 - MainUpdater not yet initialized. External WinMGr cannot be set.
2024-05-17 10:23:06,450 [INFO] Updater:1056 - Updater Version found : 6.10.0
2024-05-17 10:23:06,473 [INFO] ApplicationProperties:184 - Using Application install path: C:\ST\STM32CubeIDE_1.14.1\STM32CubeIDE\plugins\com.st.stm32cube.common.mx_6.10.0.202311202037
2024-05-17 10:23:08,065 [ERROR] LogOutputStream:75 - [STDERR_REDIRECT] May 17, 2024 10:23:08 AM java.util.prefs.WindowsPreferences <init>
2024-05-17 10:23:08,071 [ERROR] LogOutputStream:75 - [STDERR_REDIRECT] WARNING: Could not open/create prefs root node Software\JavaSoft\Prefs at root 0xffffffff80000002. Windows RegCreateKeyEx(...) returned error code 5.
2024-05-17 10:23:08,072 [ERROR] LogOutputStream:75 - [STDERR_REDIRECT] 
2024-05-17 10:23:08,127 [INFO] ThirdPartyUpdaterWithRetryManager:70 - Updater plugin not ready yet. [3/15]
2024-05-17 10:23:08,436 [INFO] MainUpdater:2873 - connection check result : 22
2024-05-17 10:23:08,437 [INFO] MainUpdater:290 - Updater Check For Update Now.
2024-05-17 10:23:08,437 [INFO] MicroXplorer:498 - Change Database Version : DB.6.0.100
2024-05-17 10:23:08,457 [INFO] McuFinderGlobals:63 - Set McuFinder mode to 2 (CubeIDE integrated)
2024-05-17 10:23:08,576 [INFO] UserAuth:404 - Internet connection configuration mode: 2
2024-05-17 10:23:08,683 [INFO] CheckServerUpdateThread:120 - End of CheckServer Thread
2024-05-17 10:23:11,360 [WARN] PackLoader:240 - Cannot read IP mode file for STMicroelectronics.FP-SNS-MOTENVWB1.1.4.0
2024-05-17 10:23:11,378 [WARN] PackLoader:240 - Cannot read IP mode file for STMicroelectronics.X-CUBE-SMBUS.2.1.0
2024-05-17 10:23:11,392 [WARN] PackLoader:240 - Cannot read IP mode file for STMicroelectronics.X-CUBE-TOUCHGFX.4.23.1
2024-05-17 10:23:11,405 [WARN] PackLoader:240 - Cannot read IP mode file for STMicroelectronics.X-CUBE-TOUCHGFX.4.23.0
2024-05-17 10:23:11,418 [WARN] PackLoader:240 - Cannot read IP mode file for STMicroelectronics.X-CUBE-TOUCHGFX.4.23.2
2024-05-17 10:23:11,467 [WARN] PackLoader:240 - Cannot read IP mode file for STMicroelectronics.X-CUBE-AZRTOS-F7.1.1.0
2024-05-17 10:23:11,488 [WARN] PackLoader:240 - Cannot read IP mode file for STMicroelectronics.FP-SNS-MOTENV1.4.3.2
2024-05-17 10:23:11,506 [WARN] PackLoader:240 - Cannot read IP mode file for STMicroelectronics.FP-SNS-FLIGHT1.5.0.2
2024-05-17 10:23:11,523 [WARN] PackLoader:240 - Cannot read IP mode file for STMicroelectronics.X-CUBE-DISPLAY.3.0.0
2024-05-17 10:23:11,550 [WARN] PackLoader:240 - Cannot read IP mode file for STMicroelectronics.X-CUBE-BLE1.7.0.0
2024-05-17 10:23:11,567 [WARN] PackLoader:240 - Cannot read IP mode file for emotas.I-CUBE-CANOPEN.1.3.0
2024-05-17 10:23:11,582 [WARN] PackLoader:240 - Cannot read IP mode file for STMicroelectronics.FP-SNS-SMARTAG2.1.2.0
2024-05-17 10:23:11,605 [INFO] LogOutputStream:77 - [STDOUT_REDIRECT] 1 : Invalid condition id : UX_CORESTACK_Condition cause : null
2024-05-17 10:23:11,607 [INFO] LogOutputStream:77 - [STDOUT_REDIRECT] 1 : Invalid condition id : UX_CORESTACK_Condition cause : null
2024-05-17 10:23:11,610 [INFO] LogOutputStream:77 - [STDOUT_REDIRECT] 1 : Invalid condition id : UX_CORESTACK_Condition cause : null
2024-05-17 10:23:11,611 [INFO] LogOutputStream:77 - [STDOUT_REDIRECT] 1 : Invalid condition id : UX_CORESTACK_Condition cause : null
2024-05-17 10:23:11,612 [INFO] LogOutputStream:77 - [STDOUT_REDIRECT] 1 : Invalid condition id : UX_CORESTACK_Condition cause : null
2024-05-17 10:23:11,617 [WARN] PackLoader:240 - Cannot read IP mode file for STMicroelectronics.X-CUBE-AZRTOS-WL.2.0.0
2024-05-17 10:23:11,637 [WARN] PackLoader:240 - Cannot read IP mode file for STMicroelectronics.FP-SNS-MOTENV1.5.0.0
2024-05-17 10:23:11,659 [WARN] PackLoader:240 - Cannot read IP mode file for WES.I-CUBE-Cesium.1.3.0
2024-05-17 10:23:11,670 [WARN] PackLoader:240 - Cannot read IP mode file for STMicroelectronics.X-CUBE-BLE2.3.3.0
2024-05-17 10:23:11,683 [WARN] PackLoader:240 - Cannot read IP mode file for STMicroelectronics.X-CUBE-TCPP.4.1.0
2024-05-17 10:23:11,699 [WARN] PackLoader:240 - Cannot read IP mode file for STMicroelectronics.X-CUBE-ALGOBUILD.1.3.0
2024-05-17 10:23:11,736 [WARN] PackLoader:240 - Cannot read IP mode file for STMicroelectronics.X-CUBE-AZRTOS-G0.1.1.0
2024-05-17 10:23:11,754 [WARN] PackLoader:240 - Cannot read IP mode file for STMicroelectronics.X-CUBE-SAFEA1.1.2.2
2024-05-17 10:23:11,772 [WARN] PackLoader:240 - Cannot read IP mode file for STMicroelectronics.X-CUBE-NFC4.3.0.0
2024-05-17 10:23:11,788 [WARN] PackLoader:240 - Cannot read IP mode file for STMicroelectronics.FP-ATR-SIGFOX1.3.2.0
2024-05-17 10:23:11,838 [WARN] PackLoader:240 - Cannot read IP mode file for SEGGER.I-CUBE-embOS.1.3.1
2024-05-17 10:23:11,903 [WARN] PackLoader:240 - Cannot read IP mode file for STMicroelectronics.X-CUBE-ALGOBUILD.1.4.0
2024-05-17 10:23:11,919 [WARN] PackLoader:240 - Cannot read IP mode file for STMicroelectronics.X-CUBE-GNSS1.6.0.0
2024-05-17 10:23:11,962 [WARN] PackLoader:240 - Cannot read IP mode file for STMicroelectronics.X-CUBE-AZRTOS-F4.1.1.0
2024-05-17 10:23:11,993 [WARN] PackLoader:240 - Cannot read IP mode file for STMicroelectronics.X-CUBE-FREERTOS.1.2.0
2024-05-17 10:23:12,035 [WARN] PackLoader:240 - Cannot read IP mode file for STMicroelectronics.X-CUBE-AZRTOS-L5.2.0.0
2024-05-17 10:23:12,063 [WARN] PackLoader:240 - Cannot read IP mode file for STMicroelectronics.X-CUBE-NFC6.3.1.0
2024-05-17 10:23:12,084 [WARN] PackLoader:240 - Cannot read IP mode file for ITTIA_DB.I-CUBE-ITTIADB.8.8.0
2024-05-17 10:23:12,100 [WARN] PackLoader:240 - Cannot read IP mode file for STMicroelectronics.X-CUBE-AI.9.0.0
2024-05-17 10:23:12,115 [WARN] PackLoader:240 - Cannot read IP mode file for STMicroelectronics.X-CUBE-NFC7.1.0.1
2024-05-17 10:23:12,134 [WARN] PackLoader:240 - Cannot read IP mode file for STMicroelectronics.X-CUBE-NFC6.3.0.0
2024-05-17 10:23:12,150 [WARN] PackLoader:240 - Cannot read IP mode file for STMicroelectronics.X-CUBE-AI.8.1.0
2024-05-17 10:23:12,181 [WARN] ConditionMgr:438 - getConditionDescription Invalid condition id : LAN8742 Phy interface Condition cause : null
2024-05-17 10:23:12,181 [WARN] PackLoader:240 - Cannot read IP mode file for STMicroelectronics.X-CUBE-AZRTOS-L4.2.0.0
2024-05-17 10:23:12,182 [WARN] ConditionMgr:1039 - genDependencies : Invalid condition id : LAN8742 Phy interface Condition cause : null
2024-05-17 10:23:12,183 [WARN] ConditionMgr:1039 - genDependencies : Invalid condition id : LAN8742 Phy interface Condition cause : null
2024-05-17 10:23:12,183 [WARN] ConditionMgr:1039 - genDependencies : Invalid condition id : LAN8742 Phy interface Condition cause : null
2024-05-17 10:23:12,200 [WARN] PackLoader:240 - Cannot read IP mode file for STMicroelectronics.X-CUBE-SFXS2LP1.4.0.0
2024-05-17 10:23:12,233 [WARN] ConditionMgr:438 - getConditionDescription Invalid condition id : UX DEVICE CLASS RTOS Condition cause : null
2024-05-17 10:23:12,233 [WARN] ConditionMgr:438 - getConditionDescription Invalid condition id : UX DEVICE CLASS RTOS Condition cause : null
2024-05-17 10:23:12,236 [WARN] PackLoader:240 - Cannot read IP mode file for STMicroelectronics.X-CUBE-AZRTOS-WB.2.0.0
2024-05-17 10:23:12,237 [WARN] ConditionMgr:1039 - genDependencies : Invalid condition id : UX DEVICE CLASS RTOS Condition cause : null
2024-05-17 10:23:12,237 [WARN] ConditionMgr:1039 - genDependencies : Invalid condition id : UX DEVICE CLASS RTOS Condition cause : null
2024-05-17 10:23:12,238 [WARN] ConditionMgr:1039 - genDependencies : Invalid condition id : UX DEVICE CLASS RTOS Condition cause : null
2024-05-17 10:23:12,238 [WARN] ConditionMgr:1039 - genDependencies : Invalid condition id : UX DEVICE CLASS RTOS Condition cause : null
2024-05-17 10:23:12,238 [WARN] ConditionMgr:1039 - genDependencies : Invalid condition id : UX DEVICE CLASS RTOS Condition cause : null
2024-05-17 10:23:12,262 [WARN] PackLoader:240 - Cannot read IP mode file for STMicroelectronics.X-CUBE-SUBG2.5.0.0
2024-05-17 10:23:12,303 [WARN] PackLoader:240 - Cannot read IP mode file for STMicroelectronics.X-CUBE-AZRTOS-G4.2.0.0
2024-05-17 10:23:12,346 [WARN] PackLoader:240 - Cannot read IP mode file for Infineon.AIROC-Wi-Fi-Bluetooth-STM32.1.5.1
2024-05-17 10:23:12,361 [WARN] PackLoader:240 - Cannot read IP mode file for STMicroelectronics.FP-SNS-MOTENVWB1.1.3.1
2024-05-17 10:23:12,421 [WARN] PackLoader:240 - Cannot read IP mode file for STMicroelectronics.X-CUBE-MEMS1.10.0.0
2024-05-17 10:23:12,534 [WARN] PackLoader:240 - Cannot read IP mode file for STMicroelectronics.X-CUBE-FREERTOS.1.1.0
2024-05-17 10:23:12,551 [WARN] PackLoader:240 - Cannot read IP mode file for portGmbH.I-Cube-SoM-uGOAL.1.1.0
2024-05-17 10:23:12,566 [WARN] PackLoader:240 - Cannot read IP mode file for STMicroelectronics.X-CUBE-ALS.1.0.1
2024-05-17 10:23:12,596 [WARN] PackLoader:240 - Cannot read IP mode file for STMicroelectronics.X-CUBE-AZRTOS-H7RS.1.0.0
2024-05-17 10:23:12,611 [WARN] PackLoader:240 - Cannot read IP mode file for STMicroelectronics.FP-ATR-ASTRA1.2.0.0
2024-05-17 10:23:12,611 [INFO] ThirdParty:978 - Integrity check success = true
2024-05-17 10:23:12,611 [INFO] IntegrityCheckThread:100 - exiting critical section [integrity check]
2024-05-17 10:23:12,612 [INFO] IntegrityCheckThread:103 - End integrity checks thread
2024-05-17 10:23:27,849 [ERROR] ConfigurationRetriever:142 - IOException on connection: PKIX path building failed: sun.security.provider.certpath.SunCertPathBuilderException: unable to find valid certification path to requested target
2024-05-17 10:23:27,881 [ERROR] ConfigurationRetriever:142 - IOException on connection: PKIX path building failed: sun.security.provider.certpath.SunCertPathBuilderException: unable to find valid certification path to requested target
2024-05-17 10:23:27,911 [ERROR] ConfigurationRetriever:142 - IOException on connection: PKIX path building failed: sun.security.provider.certpath.SunCertPathBuilderException: unable to find valid certification path to requested target
2024-05-17 10:23:29,281 [ERROR] LogOutputStream:75 - [STDERR_REDIRECT] 
2024-05-17 10:23:44,646 [INFO] Activator:176 - 


2024-05-17 10:23:44,646 [INFO] Activator:177 - !SESSION log4j initialized
2024-05-17 10:23:47,273 [INFO] LogOutputStream:77 - [STDOUT_REDIRECT] 
2024-05-17 10:23:52,928 [ERROR] ConfigurationRetriever:142 - IOException on connection: PKIX path building failed: sun.security.provider.certpath.SunCertPathBuilderException: unable to find valid certification path to requested target
2024-05-17 10:23:52,949 [ERROR] ConfigurationRetriever:142 - IOException on connection: PKIX path building failed: sun.security.provider.certpath.SunCertPathBuilderException: unable to find valid certification path to requested target
2024-05-17 10:23:53,000 [ERROR] ConfigurationRetriever:142 - IOException on connection: PKIX path building failed: sun.security.provider.certpath.SunCertPathBuilderException: unable to find valid certification path to requested target
2024-05-17 10:23:54,132 [INFO] ApplicationProperties:184 - Using Application install path: C:\ST\STM32CubeIDE_1.14.1\STM32CubeIDE\plugins\com.st.stm32cube.common.mx_6.10.0.202311202037
2024-05-17 10:23:54,147 [INFO] DbMcusXml:78 - Set database path to: C:\ST\STM32CubeIDE_1.14.1\STM32CubeIDE\plugins\com.st.stm32cube.common.mx_6.10.0.202311202037\\db\/mcu/
2024-05-17 10:23:54,147 [INFO] ApiDb:274 - Set plugin database path to: C:\ST\STM32CubeIDE_1.14.1\STM32CubeIDE\plugins\com.st.stm32cube.common.mx_6.10.0.202311202037\\db\/plugins/boardmanager/
2024-05-17 10:23:54,151 [WARN] ApiDb:259 - Overriding images path with different value:  => C:\ST\STM32CubeIDE_1.14.1\STM32CubeIDE\plugins\com.st.stm32cube.common.mx_6.10.0.202311202037\\db\/plugins/mcufinder/images/
2024-05-17 10:23:54,152 [INFO] ApiDb:250 - Set database path to: C:\Users\shiba\.stmcufinder\plugins\mcufinder//mcu/
2024-05-17 10:23:54,152 [INFO] DbMcusAds:125 - Set database path to: C:\Users\shiba\.stmcufinder\plugins\mcufinder//mcu/
2024-05-17 10:23:54,160 [INFO] CrossReferenceDbSqlite:203 - Set database path to: C:\Users\shiba\.stmcufinder\plugins\mcufinder//mcu/cs/
2024-05-17 10:23:54,273 [INFO] RulesReader:64 - Compatibility file has been processed (297 Rules)
2024-05-17 10:23:54,363 [INFO] DbMcusXml:78 - Set database path to: C:\ST\STM32CubeIDE_1.14.1\STM32CubeIDE\plugins\com.st.stm32cube.common.mx_6.10.0.202311202037\\db\/mcu/
2024-05-17 10:23:54,363 [INFO] ApiDb:274 - Set plugin database path to: C:\ST\STM32CubeIDE_1.14.1\STM32CubeIDE\plugins\com.st.stm32cube.common.mx_6.10.0.202311202037\\db\/plugins/boardmanager/
2024-05-17 10:23:54,363 [INFO] ApiDb:261 - Set plugin images path to: C:\ST\STM32CubeIDE_1.14.1\STM32CubeIDE\plugins\com.st.stm32cube.common.mx_6.10.0.202311202037\\db\/plugins/mcufinder/images/
2024-05-17 10:23:54,363 [WARN] DbFile:41 - Overriding database path with different value: C:\Users\shiba\.stmcufinder\plugins\mcufinder/ => C:\Users\shiba\.stmcufinder\plugins\mcufinder
2024-05-17 10:23:54,363 [INFO] ApiDb:250 - Set database path to: C:\Users\shiba\.stmcufinder\plugins\mcufinder//mcu/
2024-05-17 10:23:54,363 [WARN] DbFile:41 - Overriding database path with different value: C:\Users\shiba\.stmcufinder\plugins\mcufinder/ => C:\Users\shiba\.stmcufinder\plugins\mcufinder
2024-05-17 10:23:54,363 [INFO] DbMcusAds:125 - Set database path to: C:\Users\shiba\.stmcufinder\plugins\mcufinder//mcu/
2024-05-17 10:23:54,363 [WARN] DbFile:41 - Overriding database path with different value: C:\Users\shiba\.stmcufinder\plugins\mcufinder/ => C:\Users\shiba\.stmcufinder\plugins\mcufinder
2024-05-17 10:23:54,363 [WARN] DbFile:41 - Overriding database path with different value: C:\Users\shiba\.stmcufinder\plugins\mcufinder/ => C:\Users\shiba\.stmcufinder\plugins\mcufinder
2024-05-17 10:23:54,363 [INFO] CrossReferenceDbSqlite:203 - Set database path to: C:\Users\shiba\.stmcufinder\plugins\mcufinder//mcu/cs/
2024-05-17 10:23:54,444 [INFO] MainPanel:264 - HeapMemory: 268435456
2024-05-17 10:23:54,512 [INFO] DbMcusXml:78 - Set database path to: C:\ST\STM32CubeIDE_1.14.1\STM32CubeIDE\plugins\com.st.stm32cube.common.mx_6.10.0.202311202037\\db\/mcu/
2024-05-17 10:23:54,512 [INFO] ApiDb:274 - Set plugin database path to: C:\ST\STM32CubeIDE_1.14.1\STM32CubeIDE\plugins\com.st.stm32cube.common.mx_6.10.0.202311202037\\db\/plugins/boardmanager/
2024-05-17 10:23:54,512 [INFO] ApiDb:261 - Set plugin images path to: C:\ST\STM32CubeIDE_1.14.1\STM32CubeIDE\plugins\com.st.stm32cube.common.mx_6.10.0.202311202037\\db\/plugins/mcufinder/images/
2024-05-17 10:23:54,512 [WARN] DbFile:41 - Overriding database path with different value: C:\Users\shiba\.stmcufinder\plugins\mcufinder/ => C:\Users\shiba\.stmcufinder\plugins\mcufinder
2024-05-17 10:23:54,512 [INFO] ApiDb:250 - Set database path to: C:\Users\shiba\.stmcufinder\plugins\mcufinder//mcu/
2024-05-17 10:23:54,512 [WARN] DbFile:41 - Overriding database path with different value: C:\Users\shiba\.stmcufinder\plugins\mcufinder/ => C:\Users\shiba\.stmcufinder\plugins\mcufinder
2024-05-17 10:23:54,512 [INFO] DbMcusAds:125 - Set database path to: C:\Users\shiba\.stmcufinder\plugins\mcufinder//mcu/
2024-05-17 10:23:54,512 [WARN] DbFile:41 - Overriding database path with different value: C:\Users\shiba\.stmcufinder\plugins\mcufinder/ => C:\Users\shiba\.stmcufinder\plugins\mcufinder
2024-05-17 10:23:54,512 [WARN] DbFile:41 - Overriding database path with different value: C:\Users\shiba\.stmcufinder\plugins\mcufinder/ => C:\Users\shiba\.stmcufinder\plugins\mcufinder
2024-05-17 10:23:54,512 [INFO] CrossReferenceDbSqlite:203 - Set database path to: C:\Users\shiba\.stmcufinder\plugins\mcufinder//mcu/cs/
2024-05-17 10:23:54,529 [INFO] ApplicationProperties:184 - Using Application install path: C:\ST\STM32CubeIDE_1.14.1\STM32CubeIDE\plugins\com.st.stm32cube.common.mx_6.10.0.202311202037
2024-05-17 10:23:54,529 [INFO] PluginManage:196 - Search for loadable plugins [exclusion list=, ]
2024-05-17 10:23:54,529 [INFO] PluginManage:310 - Check plugin analytics
2024-05-17 10:23:58,481 [ERROR] ConfigurationRetriever:142 - IOException on connection: PKIX path building failed: sun.security.provider.certpath.SunCertPathBuilderException: unable to find valid certification path to requested target
2024-05-17 10:23:58,509 [ERROR] ConfigurationRetriever:142 - IOException on connection: PKIX path building failed: sun.security.provider.certpath.SunCertPathBuilderException: unable to find valid certification path to requested target
2024-05-17 10:23:58,537 [ERROR] ConfigurationRetriever:142 - IOException on connection: PKIX path building failed: sun.security.provider.certpath.SunCertPathBuilderException: unable to find valid certification path to requested target
2024-05-17 10:23:59,734 [INFO] AnalyticsPlugin:253 - Accepted Software Licenses: STM32CubeMX.6.10.0
2024-05-17 10:23:59,734 [INFO] AnalyticsPlugin:255 - Accepted CMSIS Pack Licenses: 
2024-05-17 10:23:59,734 [INFO] AnalyticsPlugin:257 - Accepted Firmware Licenses: FW.L4.1.18.0
2024-05-17 10:23:59,738 [INFO] PluginManage:359 - Loaded plugin analytics (category:tool,tabindex:-1)
2024-05-17 10:23:59,738 [INFO] PluginManage:310 - Check plugin cadmodel
2024-05-17 10:23:59,743 [INFO] CADModel:105 - Init CAD model plugin
2024-05-17 10:23:59,743 [INFO] PluginManage:359 - Loaded plugin cadmodel (category:power,tabindex:5)
2024-05-17 10:23:59,743 [INFO] PluginManage:310 - Check plugin clock
2024-05-17 10:23:59,751 [INFO] PluginManage:359 - Loaded plugin clock (category:base,tabindex:2)
2024-05-17 10:23:59,751 [INFO] PluginManage:310 - Check plugin ddr
2024-05-17 10:23:59,755 [INFO] PluginManage:359 - Loaded plugin ddr (category:tool,tabindex:6)
2024-05-17 10:23:59,755 [INFO] PluginManage:310 - Check plugin filemanager
2024-05-17 10:23:59,755 [ERROR] ConfigurationRetriever:142 - IOException on connection: PKIX path building failed: sun.security.provider.certpath.SunCertPathBuilderException: unable to find valid certification path to requested target
2024-05-17 10:23:59,778 [ERROR] ConfigurationRetriever:142 - IOException on connection: PKIX path building failed: sun.security.provider.certpath.SunCertPathBuilderException: unable to find valid certification path to requested target
2024-05-17 10:23:59,809 [ERROR] ConfigurationRetriever:142 - IOException on connection: PKIX path building failed: sun.security.provider.certpath.SunCertPathBuilderException: unable to find valid certification path to requested target
2024-05-17 10:23:59,882 [INFO] PluginManage:359 - Loaded plugin filemanager (category:base,tabindex:10)
2024-05-17 10:23:59,882 [INFO] PluginManage:310 - Check plugin ipmanager
2024-05-17 10:23:59,893 [INFO] PluginManage:359 - Loaded plugin ipmanager (category:base,tabindex:5)
2024-05-17 10:23:59,893 [INFO] PluginManage:310 - Check plugin lpbam
2024-05-17 10:23:59,893 [INFO] PluginManage:359 - Loaded plugin lpbam (category:base,tabindex:0)
2024-05-17 10:23:59,893 [INFO] PluginManage:310 - Check plugin memorymap
2024-05-17 10:23:59,903 [INFO] PluginManage:359 - Loaded plugin memorymap (category:base,tabindex:4)
2024-05-17 10:23:59,903 [INFO] PluginManage:310 - Check plugin pinoutandconfiguration
2024-05-17 10:23:59,911 [INFO] PluginManage:359 - Loaded plugin pinoutandconfiguration (category:base,tabindex:1)
2024-05-17 10:23:59,911 [INFO] PluginManage:310 - Check plugin pinoutconfig
2024-05-17 10:24:00,002 [WARN] SupportedApi:132 - Cannot load RTOS API schema: s4s-elt-must-match.1: The content of 'definitions' must match (annotation?, (simpleType | complexType)?, (unique | key | keyref)*)). A problem was found starting at: attribute.
2024-05-17 10:24:00,124 [INFO] PluginManage:359 - Loaded plugin pinoutconfig (category:base,tabindex:0)
2024-05-17 10:24:00,124 [INFO] PluginManage:310 - Check plugin power
2024-05-17 10:24:00,135 [INFO] PluginManage:359 - Loaded plugin power (category:power,tabindex:4)
2024-05-17 10:24:00,135 [INFO] PluginManage:310 - Check plugin projectmanager
2024-05-17 10:24:00,157 [INFO] PluginManage:359 - Loaded plugin projectmanager (category:projectmanager,tabindex:3)
2024-05-17 10:24:00,157 [INFO] PluginManage:310 - Check plugin thirdparty
2024-05-17 10:24:00,275 [INFO] PluginManage:359 - Loaded plugin thirdparty (category:base,tabindex:-1)
2024-05-17 10:24:00,275 [WARN] IntegrityCheckThread:84 - waiting for thirdparty lock release [integrity check]
2024-05-17 10:24:00,277 [INFO] PluginManage:310 - Check plugin tools
2024-05-17 10:24:00,277 [INFO] IntegrityCheckThread:86 - entering critical section [integrity check]
2024-05-17 10:24:00,277 [INFO] ThirdPartyUpdaterWithRetryManager:70 - Updater plugin not ready yet. [1/15]
2024-05-17 10:24:00,281 [INFO] PluginManage:359 - Loaded plugin tools (category:base,tabindex:7)
2024-05-17 10:24:00,281 [INFO] PluginManage:310 - Check plugin tutovideos
2024-05-17 10:24:00,433 [INFO] PluginManage:359 - Loaded plugin tutovideos (category:base,tabindex:-1)
2024-05-17 10:24:00,433 [INFO] PluginManage:310 - Check plugin updater
2024-05-17 10:24:00,442 [INFO] PluginManage:359 - Loaded plugin updater (category:base,tabindex:12)
2024-05-17 10:24:00,442 [INFO] PluginManage:310 - Check plugin userauth
2024-05-17 10:24:00,443 [INFO] UserAuth:114 - Init User Auth plugin
2024-05-17 10:24:00,443 [INFO] PluginManage:359 - Loaded plugin userauth (category:base,tabindex:14)
2024-05-17 10:24:00,443 [INFO] PluginManage:283 - PluginManage : Loaded plugins [17]
2024-05-17 10:24:00,649 [INFO] PinOutPanel:1499 - setPackage(No Configuration,No Configuration)
2024-05-17 10:24:00,741 [INFO] CADModel:165 - CPN selected for project level
2024-05-17 10:24:00,741 [INFO] CADModel:114 - Register for checkConnection events
2024-05-17 10:24:00,752 [INFO] IPUIPlugin:80 - create IPUIPlugin
2024-05-17 10:24:00,752 [INFO] PluginManager:220 - loadIPPluginJar : add adc
2024-05-17 10:24:00,752 [INFO] IPUIPlugin:80 - create IPUIPlugin
2024-05-17 10:24:00,752 [INFO] PluginManager:220 - loadIPPluginJar : add aes
2024-05-17 10:24:00,752 [INFO] IPUIPlugin:80 - create IPUIPlugin
2024-05-17 10:24:00,752 [INFO] PluginManager:220 - loadIPPluginJar : add can
2024-05-17 10:24:00,752 [INFO] IPUIPlugin:80 - create IPUIPlugin
2024-05-17 10:24:00,752 [INFO] PluginManager:220 - loadIPPluginJar : add comp
2024-05-17 10:24:00,764 [INFO] IPUIPlugin:80 - create IPUIPlugin
2024-05-17 10:24:00,764 [INFO] PluginManager:220 - loadIPPluginJar : add cryp
2024-05-17 10:24:00,764 [INFO] IPUIPlugin:80 - create IPUIPlugin
2024-05-17 10:24:00,764 [INFO] PluginManager:220 - loadIPPluginJar : add dfsdm
2024-05-17 10:24:00,772 [INFO] IPUIPlugin:80 - create IPUIPlugin
2024-05-17 10:24:00,772 [INFO] PluginManager:220 - loadIPPluginJar : add dma
2024-05-17 10:24:00,772 [INFO] IPUIPlugin:80 - create IPUIPlugin
2024-05-17 10:24:00,772 [INFO] PluginManager:220 - loadIPPluginJar : add dma3
2024-05-17 10:24:00,772 [INFO] IPUIPlugin:80 - create IPUIPlugin
2024-05-17 10:24:00,772 [INFO] PluginManager:220 - loadIPPluginJar : add fatfs
2024-05-17 10:24:00,780 [INFO] IPUIPlugin:80 - create IPUIPlugin
2024-05-17 10:24:00,780 [INFO] PluginManager:220 - loadIPPluginJar : add fmc
2024-05-17 10:24:00,789 [INFO] IPUIPlugin:80 - create IPUIPlugin
2024-05-17 10:24:00,789 [INFO] PluginManager:220 - loadIPPluginJar : add freertos
2024-05-17 10:24:00,789 [INFO] IPUIPlugin:80 - create IPUIPlugin
2024-05-17 10:24:00,789 [INFO] PluginManager:220 - loadIPPluginJar : add genericplugin
2024-05-17 10:24:00,789 [INFO] IPUIPlugin:80 - create IPUIPlugin
2024-05-17 10:24:00,789 [INFO] PluginManager:220 - loadIPPluginJar : add gfxmmu
2024-05-17 10:24:00,797 [INFO] IPUIPlugin:80 - create IPUIPlugin
2024-05-17 10:24:00,797 [INFO] PluginManager:220 - loadIPPluginJar : add gic
2024-05-17 10:24:00,797 [INFO] IPUIPlugin:80 - create IPUIPlugin
2024-05-17 10:24:00,797 [INFO] PluginManager:220 - loadIPPluginJar : add gpio
2024-05-17 10:24:00,806 [INFO] IPUIPlugin:80 - create IPUIPlugin
2024-05-17 10:24:00,806 [INFO] PluginManager:220 - loadIPPluginJar : add gtzc
2024-05-17 10:24:00,806 [INFO] IPUIPlugin:80 - create IPUIPlugin
2024-05-17 10:24:00,806 [INFO] PluginManager:220 - loadIPPluginJar : add hash
2024-05-17 10:24:00,812 [INFO] IPUIPlugin:80 - create IPUIPlugin
2024-05-17 10:24:00,812 [INFO] PluginManager:220 - loadIPPluginJar : add i2c
2024-05-17 10:24:00,812 [INFO] IPUIPlugin:80 - create IPUIPlugin
2024-05-17 10:24:00,812 [INFO] PluginManager:220 - loadIPPluginJar : add i2s
2024-05-17 10:24:00,816 [INFO] IPUIPlugin:80 - create IPUIPlugin
2024-05-17 10:24:00,816 [INFO] PluginManager:220 - loadIPPluginJar : add i3c
2024-05-17 10:24:00,816 [INFO] IPUIPlugin:80 - create IPUIPlugin
2024-05-17 10:24:00,816 [INFO] PluginManager:220 - loadIPPluginJar : add ipddr
2024-05-17 10:24:00,827 [INFO] IPUIPlugin:80 - create IPUIPlugin
2024-05-17 10:24:00,827 [INFO] PluginManager:220 - loadIPPluginJar : add linkedlist
2024-05-17 10:24:00,829 [INFO] IPUIPlugin:80 - create IPUIPlugin
2024-05-17 10:24:00,829 [INFO] PluginManager:220 - loadIPPluginJar : add lorawan
2024-05-17 10:24:00,829 [INFO] IPUIPlugin:80 - create IPUIPlugin
2024-05-17 10:24:00,829 [INFO] PluginManager:220 - loadIPPluginJar : add ltdc
2024-05-17 10:24:00,829 [INFO] IPUIPlugin:80 - create IPUIPlugin
2024-05-17 10:24:00,829 [INFO] PluginManager:220 - loadIPPluginJar : add mdma
2024-05-17 10:24:00,829 [INFO] IPUIPlugin:80 - create IPUIPlugin
2024-05-17 10:24:00,840 [INFO] PluginManager:220 - loadIPPluginJar : add nvic
2024-05-17 10:24:00,843 [INFO] IPUIPlugin:80 - create IPUIPlugin
2024-05-17 10:24:00,843 [INFO] PluginManager:220 - loadIPPluginJar : add opamp
2024-05-17 10:24:00,843 [INFO] IPUIPlugin:80 - create IPUIPlugin
2024-05-17 10:24:00,843 [INFO] PluginManager:220 - loadIPPluginJar : add openamp
2024-05-17 10:24:00,843 [INFO] IPUIPlugin:80 - create IPUIPlugin
2024-05-17 10:24:00,843 [INFO] PluginManager:220 - loadIPPluginJar : add pdm2pcm
2024-05-17 10:24:00,852 [INFO] IPUIPlugin:80 - create IPUIPlugin
2024-05-17 10:24:00,852 [INFO] PluginManager:220 - loadIPPluginJar : add plateformsettings
2024-05-17 10:24:00,859 [INFO] IPUIPlugin:80 - create IPUIPlugin
2024-05-17 10:24:00,859 [INFO] PluginManager:220 - loadIPPluginJar : add quadspi
2024-05-17 10:24:00,859 [INFO] IPUIPlugin:80 - create IPUIPlugin
2024-05-17 10:24:00,859 [INFO] PluginManager:220 - loadIPPluginJar : add resmgrutility
2024-05-17 10:24:00,859 [INFO] IPUIPlugin:80 - create IPUIPlugin
2024-05-17 10:24:00,859 [INFO] PluginManager:220 - loadIPPluginJar : add sai
2024-05-17 10:24:00,859 [INFO] IPUIPlugin:80 - create IPUIPlugin
2024-05-17 10:24:00,859 [INFO] PluginManager:220 - loadIPPluginJar : add spi
2024-05-17 10:24:00,859 [INFO] IPUIPlugin:80 - create IPUIPlugin
2024-05-17 10:24:00,859 [INFO] PluginManager:220 - loadIPPluginJar : add stm32_wpan
2024-05-17 10:24:00,859 [INFO] IPUIPlugin:80 - create IPUIPlugin
2024-05-17 10:24:00,859 [INFO] PluginManager:220 - loadIPPluginJar : add tim
2024-05-17 10:24:00,875 [INFO] IPUIPlugin:80 - create IPUIPlugin
2024-05-17 10:24:00,875 [INFO] PluginManager:220 - loadIPPluginJar : add touchsensing
2024-05-17 10:24:00,875 [INFO] IPUIPlugin:80 - create IPUIPlugin
2024-05-17 10:24:00,875 [INFO] PluginManager:220 - loadIPPluginJar : add tracer_emb
2024-05-17 10:24:00,880 [INFO] IPUIPlugin:80 - create IPUIPlugin
2024-05-17 10:24:00,880 [INFO] PluginManager:220 - loadIPPluginJar : add ts
2024-05-17 10:24:00,880 [INFO] IPUIPlugin:80 - create IPUIPlugin
2024-05-17 10:24:00,882 [INFO] PluginManager:220 - loadIPPluginJar : add tsc
2024-05-17 10:24:00,882 [INFO] IPUIPlugin:80 - create IPUIPlugin
2024-05-17 10:24:00,882 [INFO] PluginManager:220 - loadIPPluginJar : add ucpd
2024-05-17 10:24:00,885 [INFO] IPUIPlugin:80 - create IPUIPlugin
2024-05-17 10:24:00,885 [INFO] PluginManager:220 - loadIPPluginJar : add usart
2024-05-17 10:24:00,887 [INFO] IPUIPlugin:80 - create IPUIPlugin
2024-05-17 10:24:00,887 [INFO] PluginManager:220 - loadIPPluginJar : add usbx
2024-05-17 10:24:01,015 [INFO] CADModel:165 - CPN selected for project level
2024-05-17 10:24:01,015 [INFO] CADModel:114 - Register for checkConnection events
2024-05-17 10:24:01,015 [FATAL] Updater:308 - Updater called before beeing initialized
2024-05-17 10:24:01,023 [ERROR] CADModel:125 - Updater not yet initialized, retry later 
2024-05-17 10:24:01,226 [INFO] CADModel:165 - CPN selected for project level
2024-05-17 10:24:01,226 [INFO] CADModel:114 - Register for checkConnection events
2024-05-17 10:24:01,226 [FATAL] Updater:308 - Updater called before beeing initialized
2024-05-17 10:24:01,226 [ERROR] CADModel:125 - Updater not yet initialized, retry later 
2024-05-17 10:24:01,231 [FATAL] Updater:308 - Updater called before beeing initialized
2024-05-17 10:24:01,373 [FATAL] Updater:308 - Updater called before beeing initialized
2024-05-17 10:24:01,373 [INFO] DbMcusAds:53 - JSON generation date=Thu May 02 14:07:29 IST 2024 (1714639049318)
2024-05-17 10:24:01,373 [FATAL] Updater:308 - Updater called before beeing initialized
2024-05-17 10:24:01,411 [WARN] DetailPanel:346 - Failed to get advertising image, set to default
2024-05-17 10:24:01,509 [FATAL] Updater:308 - Updater called before beeing initialized
2024-05-17 10:24:01,518 [FATAL] Updater:308 - Updater called before beeing initialized
2024-05-17 10:24:01,518 [FATAL] Updater:308 - Updater called before beeing initialized
2024-05-17 10:24:01,518 [WARN] DetailPanel:346 - Failed to get advertising image, set to default
2024-05-17 10:24:01,518 [FATAL] Updater:308 - Updater called before beeing initialized
2024-05-17 10:24:01,565 [ERROR] Updater:1120 - MainUpdater not yet initialized. External WinMGr cannot be set.
2024-05-17 10:24:01,570 [INFO] Updater:1056 - Updater Version found : 6.10.0
2024-05-17 10:24:01,581 [INFO] ApplicationProperties:184 - Using Application install path: C:\ST\STM32CubeIDE_1.14.1\STM32CubeIDE\plugins\com.st.stm32cube.common.mx_6.10.0.202311202037
2024-05-17 10:24:03,202 [ERROR] LogOutputStream:75 - [STDERR_REDIRECT] May 17, 2024 10:24:03 AM java.util.prefs.WindowsPreferences <init>
2024-05-17 10:24:03,202 [ERROR] LogOutputStream:75 - [STDERR_REDIRECT] WARNING: Could not open/create prefs root node Software\JavaSoft\Prefs at root 0xffffffff80000002. Windows RegCreateKeyEx(...) returned error code 5.
2024-05-17 10:24:03,202 [ERROR] LogOutputStream:75 - [STDERR_REDIRECT] 
2024-05-17 10:24:03,281 [INFO] ThirdPartyUpdaterWithRetryManager:70 - Updater plugin not ready yet. [2/15]
2024-05-17 10:24:03,437 [INFO] MainUpdater:2873 - connection check result : 22
2024-05-17 10:24:03,437 [INFO] MainUpdater:290 - Updater Check For Update Now.
2024-05-17 10:24:03,437 [INFO] MicroXplorer:498 - Change Database Version : DB.6.0.100
2024-05-17 10:24:03,440 [INFO] McuFinderGlobals:63 - Set McuFinder mode to 2 (CubeIDE integrated)
2024-05-17 10:24:03,524 [INFO] UserAuth:404 - Internet connection configuration mode: 2
2024-05-17 10:24:03,652 [INFO] CheckServerUpdateThread:120 - End of CheckServer Thread
2024-05-17 10:24:06,547 [WARN] PackLoader:240 - Cannot read IP mode file for STMicroelectronics.FP-SNS-MOTENVWB1.1.4.0
2024-05-17 10:24:06,558 [WARN] PackLoader:240 - Cannot read IP mode file for STMicroelectronics.X-CUBE-SMBUS.2.1.0
2024-05-17 10:24:06,565 [WARN] PackLoader:240 - Cannot read IP mode file for STMicroelectronics.X-CUBE-TOUCHGFX.4.23.1
2024-05-17 10:24:06,567 [WARN] PackLoader:240 - Cannot read IP mode file for STMicroelectronics.X-CUBE-TOUCHGFX.4.23.0
2024-05-17 10:24:06,570 [WARN] PackLoader:240 - Cannot read IP mode file for STMicroelectronics.X-CUBE-TOUCHGFX.4.23.2
2024-05-17 10:24:06,604 [WARN] PackLoader:240 - Cannot read IP mode file for STMicroelectronics.X-CUBE-AZRTOS-F7.1.1.0
2024-05-17 10:24:06,615 [WARN] PackLoader:240 - Cannot read IP mode file for STMicroelectronics.FP-SNS-MOTENV1.4.3.2
2024-05-17 10:24:06,622 [WARN] PackLoader:240 - Cannot read IP mode file for STMicroelectronics.FP-SNS-FLIGHT1.5.0.2
2024-05-17 10:24:06,632 [WARN] PackLoader:240 - Cannot read IP mode file for STMicroelectronics.X-CUBE-DISPLAY.3.0.0
2024-05-17 10:24:06,646 [WARN] PackLoader:240 - Cannot read IP mode file for STMicroelectronics.X-CUBE-BLE1.7.0.0
2024-05-17 10:24:06,651 [WARN] PackLoader:240 - Cannot read IP mode file for emotas.I-CUBE-CANOPEN.1.3.0
2024-05-17 10:24:06,657 [WARN] PackLoader:240 - Cannot read IP mode file for STMicroelectronics.FP-SNS-SMARTAG2.1.2.0
2024-05-17 10:24:06,669 [INFO] LogOutputStream:77 - [STDOUT_REDIRECT] 1 : Invalid condition id : UX_CORESTACK_Condition cause : null
2024-05-17 10:24:06,670 [INFO] LogOutputStream:77 - [STDOUT_REDIRECT] 1 : Invalid condition id : UX_CORESTACK_Condition cause : null
2024-05-17 10:24:06,671 [INFO] LogOutputStream:77 - [STDOUT_REDIRECT] 1 : Invalid condition id : UX_CORESTACK_Condition cause : null
2024-05-17 10:24:06,673 [INFO] LogOutputStream:77 - [STDOUT_REDIRECT] 1 : Invalid condition id : UX_CORESTACK_Condition cause : null
2024-05-17 10:24:06,674 [INFO] LogOutputStream:77 - [STDOUT_REDIRECT] 1 : Invalid condition id : UX_CORESTACK_Condition cause : null
2024-05-17 10:24:06,679 [WARN] PackLoader:240 - Cannot read IP mode file for STMicroelectronics.X-CUBE-AZRTOS-WL.2.0.0
2024-05-17 10:24:06,686 [WARN] PackLoader:240 - Cannot read IP mode file for STMicroelectronics.FP-SNS-MOTENV1.5.0.0
2024-05-17 10:24:06,698 [WARN] PackLoader:240 - Cannot read IP mode file for WES.I-CUBE-Cesium.1.3.0
2024-05-17 10:24:06,703 [WARN] PackLoader:240 - Cannot read IP mode file for STMicroelectronics.X-CUBE-BLE2.3.3.0
2024-05-17 10:24:06,709 [WARN] PackLoader:240 - Cannot read IP mode file for STMicroelectronics.X-CUBE-TCPP.4.1.0
2024-05-17 10:24:06,717 [WARN] PackLoader:240 - Cannot read IP mode file for STMicroelectronics.X-CUBE-ALGOBUILD.1.3.0
2024-05-17 10:24:06,738 [WARN] PackLoader:240 - Cannot read IP mode file for STMicroelectronics.X-CUBE-AZRTOS-G0.1.1.0
2024-05-17 10:24:06,746 [WARN] PackLoader:240 - Cannot read IP mode file for STMicroelectronics.X-CUBE-SAFEA1.1.2.2
2024-05-17 10:24:06,754 [WARN] PackLoader:240 - Cannot read IP mode file for STMicroelectronics.X-CUBE-NFC4.3.0.0
2024-05-17 10:24:06,760 [WARN] PackLoader:240 - Cannot read IP mode file for STMicroelectronics.FP-ATR-SIGFOX1.3.2.0
2024-05-17 10:24:06,794 [WARN] PackLoader:240 - Cannot read IP mode file for SEGGER.I-CUBE-embOS.1.3.1
2024-05-17 10:24:06,852 [WARN] PackLoader:240 - Cannot read IP mode file for STMicroelectronics.X-CUBE-ALGOBUILD.1.4.0
2024-05-17 10:24:06,858 [WARN] PackLoader:240 - Cannot read IP mode file for STMicroelectronics.X-CUBE-GNSS1.6.0.0
2024-05-17 10:24:06,880 [WARN] PackLoader:240 - Cannot read IP mode file for STMicroelectronics.X-CUBE-AZRTOS-F4.1.1.0
2024-05-17 10:24:06,888 [WARN] PackLoader:240 - Cannot read IP mode file for STMicroelectronics.X-CUBE-FREERTOS.1.2.0
2024-05-17 10:24:06,907 [WARN] PackLoader:240 - Cannot read IP mode file for STMicroelectronics.X-CUBE-AZRTOS-L5.2.0.0
2024-05-17 10:24:06,917 [WARN] PackLoader:240 - Cannot read IP mode file for STMicroelectronics.X-CUBE-NFC6.3.1.0
2024-05-17 10:24:06,923 [WARN] PackLoader:240 - Cannot read IP mode file for ITTIA_DB.I-CUBE-ITTIADB.8.8.0
2024-05-17 10:24:06,927 [WARN] PackLoader:240 - Cannot read IP mode file for STMicroelectronics.X-CUBE-AI.9.0.0
2024-05-17 10:24:06,932 [WARN] PackLoader:240 - Cannot read IP mode file for STMicroelectronics.X-CUBE-NFC7.1.0.1
2024-05-17 10:24:06,939 [WARN] PackLoader:240 - Cannot read IP mode file for STMicroelectronics.X-CUBE-NFC6.3.0.0
2024-05-17 10:24:06,943 [WARN] PackLoader:240 - Cannot read IP mode file for STMicroelectronics.X-CUBE-AI.8.1.0
2024-05-17 10:24:06,959 [WARN] ConditionMgr:438 - getConditionDescription Invalid condition id : LAN8742 Phy interface Condition cause : null
2024-05-17 10:24:06,960 [WARN] PackLoader:240 - Cannot read IP mode file for STMicroelectronics.X-CUBE-AZRTOS-L4.2.0.0
2024-05-17 10:24:06,961 [WARN] ConditionMgr:1039 - genDependencies : Invalid condition id : LAN8742 Phy interface Condition cause : null
2024-05-17 10:24:06,961 [WARN] ConditionMgr:1039 - genDependencies : Invalid condition id : LAN8742 Phy interface Condition cause : null
2024-05-17 10:24:06,962 [WARN] ConditionMgr:1039 - genDependencies : Invalid condition id : LAN8742 Phy interface Condition cause : null
2024-05-17 10:24:06,968 [WARN] PackLoader:240 - Cannot read IP mode file for STMicroelectronics.X-CUBE-SFXS2LP1.4.0.0
2024-05-17 10:24:06,981 [WARN] ConditionMgr:438 - getConditionDescription Invalid condition id : UX DEVICE CLASS RTOS Condition cause : null
2024-05-17 10:24:06,981 [WARN] ConditionMgr:438 - getConditionDescription Invalid condition id : UX DEVICE CLASS RTOS Condition cause : null
2024-05-17 10:24:06,983 [WARN] PackLoader:240 - Cannot read IP mode file for STMicroelectronics.X-CUBE-AZRTOS-WB.2.0.0
2024-05-17 10:24:06,984 [WARN] ConditionMgr:1039 - genDependencies : Invalid condition id : UX DEVICE CLASS RTOS Condition cause : null
2024-05-17 10:24:06,984 [WARN] ConditionMgr:1039 - genDependencies : Invalid condition id : UX DEVICE CLASS RTOS Condition cause : null
2024-05-17 10:24:06,984 [WARN] ConditionMgr:1039 - genDependencies : Invalid condition id : UX DEVICE CLASS RTOS Condition cause : null
2024-05-17 10:24:06,984 [WARN] ConditionMgr:1039 - genDependencies : Invalid condition id : UX DEVICE CLASS RTOS Condition cause : null
2024-05-17 10:24:06,985 [WARN] ConditionMgr:1039 - genDependencies : Invalid condition id : UX DEVICE CLASS RTOS Condition cause : null
2024-05-17 10:24:06,993 [WARN] PackLoader:240 - Cannot read IP mode file for STMicroelectronics.X-CUBE-SUBG2.5.0.0
2024-05-17 10:24:07,018 [WARN] PackLoader:240 - Cannot read IP mode file for STMicroelectronics.X-CUBE-AZRTOS-G4.2.0.0
2024-05-17 10:24:07,036 [WARN] PackLoader:240 - Cannot read IP mode file for Infineon.AIROC-Wi-Fi-Bluetooth-STM32.1.5.1
2024-05-17 10:24:07,046 [WARN] PackLoader:240 - Cannot read IP mode file for STMicroelectronics.FP-SNS-MOTENVWB1.1.3.1
2024-05-17 10:24:07,090 [WARN] PackLoader:240 - Cannot read IP mode file for STMicroelectronics.X-CUBE-MEMS1.10.0.0
2024-05-17 10:24:07,234 [WARN] PackLoader:240 - Cannot read IP mode file for STMicroelectronics.X-CUBE-FREERTOS.1.1.0
2024-05-17 10:24:07,242 [WARN] PackLoader:240 - Cannot read IP mode file for portGmbH.I-Cube-SoM-uGOAL.1.1.0
2024-05-17 10:24:07,248 [WARN] PackLoader:240 - Cannot read IP mode file for STMicroelectronics.X-CUBE-ALS.1.0.1
2024-05-17 10:24:07,264 [WARN] PackLoader:240 - Cannot read IP mode file for STMicroelectronics.X-CUBE-AZRTOS-H7RS.1.0.0
2024-05-17 10:24:07,269 [WARN] PackLoader:240 - Cannot read IP mode file for STMicroelectronics.FP-ATR-ASTRA1.2.0.0
2024-05-17 10:24:07,270 [INFO] ThirdParty:978 - Integrity check success = true
2024-05-17 10:24:07,270 [INFO] IntegrityCheckThread:100 - exiting critical section [integrity check]
2024-05-17 10:24:07,270 [INFO] IntegrityCheckThread:103 - End integrity checks thread
2024-05-17 10:24:24,311 [ERROR] LogOutputStream:75 - [STDERR_REDIRECT] SLF4J: Failed to load class "org.slf4j.impl.StaticLoggerBinder".
2024-05-17 10:24:24,311 [ERROR] LogOutputStream:75 - [STDERR_REDIRECT] SLF4J: Defaulting to no-operation (NOP) logger implementation
2024-05-17 10:24:24,327 [ERROR] LogOutputStream:75 - [STDERR_REDIRECT] SLF4J: See http://www.slf4j.org/codes.html#StaticLoggerBinder for further details.
2024-05-17 11:38:30,308 [ERROR] ConfigurationRetriever:142 - IOException on connection: sw-center.st.com
2024-05-17 11:38:30,310 [ERROR] ConfigurationRetriever:142 - IOException on connection: sw-center.st.com
2024-05-17 11:38:30,311 [ERROR] ConfigurationRetriever:142 - IOException on connection: sw-center.st.com
2024-05-17 11:39:30,042 [ERROR] ConfigurationRetriever:142 - IOException on connection: sw-center.st.com
2024-05-17 11:39:30,044 [ERROR] ConfigurationRetriever:142 - IOException on connection: sw-center.st.com
2024-05-17 11:39:30,045 [ERROR] ConfigurationRetriever:142 - IOException on connection: sw-center.st.com
2024-05-17 12:26:14,240 [ERROR] ConfigurationRetriever:142 - IOException on connection: sw-center.st.com
2024-05-17 12:26:14,242 [ERROR] ConfigurationRetriever:142 - IOException on connection: sw-center.st.com
2024-05-17 12:26:14,243 [ERROR] ConfigurationRetriever:142 - IOException on connection: sw-center.st.com
2024-05-17 12:26:15,279 [ERROR] LogOutputStream:75 - [STDERR_REDIRECT] 
