2024-04-18 09:20:27,286 [INFO] Activator:176 - 


2024-04-18 09:20:27,292 [INFO] Activator:177 - !SESSION log4j initialized
2024-04-18 09:20:35,041 [INFO] LogOutputStream:77 - [STDOUT_REDIRECT] 
2024-04-18 09:20:41,357 [INFO] ApplicationProperties:184 - Using Application install path: C:\ST\STM32CubeIDE_1.14.1\STM32CubeIDE\plugins\com.st.stm32cube.common.mx_6.10.0.202311202037
2024-04-18 09:20:41,379 [INFO] DbMcusXml:78 - Set database path to: C:\ST\STM32CubeIDE_1.14.1\STM32CubeIDE\plugins\com.st.stm32cube.common.mx_6.10.0.202311202037\\db\/mcu/
2024-04-18 09:20:41,379 [INFO] ApiDb:274 - Set plugin database path to: C:\ST\STM32CubeIDE_1.14.1\STM32CubeIDE\plugins\com.st.stm32cube.common.mx_6.10.0.202311202037\\db\/plugins/boardmanager/
2024-04-18 09:20:41,379 [WARN] ApiDb:259 - Overriding images path with different value:  => C:\ST\STM32CubeIDE_1.14.1\STM32CubeIDE\plugins\com.st.stm32cube.common.mx_6.10.0.202311202037\\db\/plugins/mcufinder/images/
2024-04-18 09:20:41,396 [INFO] ApiDb:250 - Set database path to: C:\Users\shiba\.stmcufinder\plugins\mcufinder//mcu/
2024-04-18 09:20:41,397 [INFO] DbMcusAds:125 - Set database path to: C:\Users\shiba\.stmcufinder\plugins\mcufinder//mcu/
2024-04-18 09:20:41,399 [INFO] CrossReferenceDbSqlite:203 - Set database path to: C:\Users\shiba\.stmcufinder\plugins\mcufinder//mcu/cs/
2024-04-18 09:20:41,540 [INFO] RulesReader:64 - Compatibility file has been processed (297 Rules)
2024-04-18 09:20:41,655 [INFO] DbMcusXml:78 - Set database path to: C:\ST\STM32CubeIDE_1.14.1\STM32CubeIDE\plugins\com.st.stm32cube.common.mx_6.10.0.202311202037\\db\/mcu/
2024-04-18 09:20:41,655 [INFO] ApiDb:274 - Set plugin database path to: C:\ST\STM32CubeIDE_1.14.1\STM32CubeIDE\plugins\com.st.stm32cube.common.mx_6.10.0.202311202037\\db\/plugins/boardmanager/
2024-04-18 09:20:41,655 [INFO] ApiDb:261 - Set plugin images path to: C:\ST\STM32CubeIDE_1.14.1\STM32CubeIDE\plugins\com.st.stm32cube.common.mx_6.10.0.202311202037\\db\/plugins/mcufinder/images/
2024-04-18 09:20:41,655 [WARN] DbFile:41 - Overriding database path with different value: C:\Users\shiba\.stmcufinder\plugins\mcufinder/ => C:\Users\shiba\.stmcufinder\plugins\mcufinder
2024-04-18 09:20:41,655 [INFO] ApiDb:250 - Set database path to: C:\Users\shiba\.stmcufinder\plugins\mcufinder//mcu/
2024-04-18 09:20:41,655 [WARN] DbFile:41 - Overriding database path with different value: C:\Users\shiba\.stmcufinder\plugins\mcufinder/ => C:\Users\shiba\.stmcufinder\plugins\mcufinder
2024-04-18 09:20:41,656 [INFO] DbMcusAds:125 - Set database path to: C:\Users\shiba\.stmcufinder\plugins\mcufinder//mcu/
2024-04-18 09:20:41,656 [WARN] DbFile:41 - Overriding database path with different value: C:\Users\shiba\.stmcufinder\plugins\mcufinder/ => C:\Users\shiba\.stmcufinder\plugins\mcufinder
2024-04-18 09:20:41,656 [WARN] DbFile:41 - Overriding database path with different value: C:\Users\shiba\.stmcufinder\plugins\mcufinder/ => C:\Users\shiba\.stmcufinder\plugins\mcufinder
2024-04-18 09:20:41,656 [INFO] CrossReferenceDbSqlite:203 - Set database path to: C:\Users\shiba\.stmcufinder\plugins\mcufinder//mcu/cs/
2024-04-18 09:20:41,759 [INFO] MainPanel:264 - HeapMemory: 268435456
2024-04-18 09:20:41,904 [INFO] DbMcusXml:78 - Set database path to: C:\ST\STM32CubeIDE_1.14.1\STM32CubeIDE\plugins\com.st.stm32cube.common.mx_6.10.0.202311202037\\db\/mcu/
2024-04-18 09:20:41,904 [INFO] ApiDb:274 - Set plugin database path to: C:\ST\STM32CubeIDE_1.14.1\STM32CubeIDE\plugins\com.st.stm32cube.common.mx_6.10.0.202311202037\\db\/plugins/boardmanager/
2024-04-18 09:20:41,904 [INFO] ApiDb:261 - Set plugin images path to: C:\ST\STM32CubeIDE_1.14.1\STM32CubeIDE\plugins\com.st.stm32cube.common.mx_6.10.0.202311202037\\db\/plugins/mcufinder/images/
2024-04-18 09:20:41,905 [WARN] DbFile:41 - Overriding database path with different value: C:\Users\shiba\.stmcufinder\plugins\mcufinder/ => C:\Users\shiba\.stmcufinder\plugins\mcufinder
2024-04-18 09:20:41,905 [INFO] ApiDb:250 - Set database path to: C:\Users\shiba\.stmcufinder\plugins\mcufinder//mcu/
2024-04-18 09:20:41,905 [WARN] DbFile:41 - Overriding database path with different value: C:\Users\shiba\.stmcufinder\plugins\mcufinder/ => C:\Users\shiba\.stmcufinder\plugins\mcufinder
2024-04-18 09:20:41,905 [INFO] DbMcusAds:125 - Set database path to: C:\Users\shiba\.stmcufinder\plugins\mcufinder//mcu/
2024-04-18 09:20:41,905 [WARN] DbFile:41 - Overriding database path with different value: C:\Users\shiba\.stmcufinder\plugins\mcufinder/ => C:\Users\shiba\.stmcufinder\plugins\mcufinder
2024-04-18 09:20:41,905 [WARN] DbFile:41 - Overriding database path with different value: C:\Users\shiba\.stmcufinder\plugins\mcufinder/ => C:\Users\shiba\.stmcufinder\plugins\mcufinder
2024-04-18 09:20:41,905 [INFO] CrossReferenceDbSqlite:203 - Set database path to: C:\Users\shiba\.stmcufinder\plugins\mcufinder//mcu/cs/
2024-04-18 09:20:41,933 [INFO] ApplicationProperties:184 - Using Application install path: C:\ST\STM32CubeIDE_1.14.1\STM32CubeIDE\plugins\com.st.stm32cube.common.mx_6.10.0.202311202037
2024-04-18 09:20:41,936 [INFO] PluginManage:196 - Search for loadable plugins [exclusion list=, ]
2024-04-18 09:20:41,937 [INFO] PluginManage:310 - Check plugin analytics
2024-04-18 09:20:47,165 [INFO] AnalyticsPlugin:253 - Accepted Software Licenses: STM32CubeMX.6.10.0
2024-04-18 09:20:47,165 [INFO] AnalyticsPlugin:255 - Accepted CMSIS Pack Licenses: 
2024-04-18 09:20:47,165 [INFO] AnalyticsPlugin:257 - Accepted Firmware Licenses: 
2024-04-18 09:20:47,168 [INFO] PluginManage:359 - Loaded plugin analytics (category:tool,tabindex:-1)
2024-04-18 09:20:47,168 [INFO] PluginManage:310 - Check plugin cadmodel
2024-04-18 09:20:47,186 [INFO] CADModel:105 - Init CAD model plugin
2024-04-18 09:20:47,186 [INFO] PluginManage:359 - Loaded plugin cadmodel (category:power,tabindex:5)
2024-04-18 09:20:47,187 [INFO] PluginManage:310 - Check plugin clock
2024-04-18 09:20:47,221 [INFO] PluginManage:359 - Loaded plugin clock (category:base,tabindex:2)
2024-04-18 09:20:47,222 [INFO] PluginManage:310 - Check plugin ddr
2024-04-18 09:20:47,228 [INFO] PluginManage:359 - Loaded plugin ddr (category:tool,tabindex:6)
2024-04-18 09:20:47,228 [INFO] PluginManage:310 - Check plugin filemanager
2024-04-18 09:20:47,422 [INFO] PluginManage:359 - Loaded plugin filemanager (category:base,tabindex:10)
2024-04-18 09:20:47,422 [INFO] PluginManage:310 - Check plugin ipmanager
2024-04-18 09:20:47,432 [INFO] PluginManage:359 - Loaded plugin ipmanager (category:base,tabindex:5)
2024-04-18 09:20:47,432 [INFO] PluginManage:310 - Check plugin lpbam
2024-04-18 09:20:47,450 [INFO] PluginManage:359 - Loaded plugin lpbam (category:base,tabindex:0)
2024-04-18 09:20:47,450 [INFO] PluginManage:310 - Check plugin memorymap
2024-04-18 09:20:47,484 [INFO] PluginManage:359 - Loaded plugin memorymap (category:base,tabindex:4)
2024-04-18 09:20:47,484 [INFO] PluginManage:310 - Check plugin pinoutandconfiguration
2024-04-18 09:20:47,502 [INFO] PluginManage:359 - Loaded plugin pinoutandconfiguration (category:base,tabindex:1)
2024-04-18 09:20:47,502 [INFO] PluginManage:310 - Check plugin pinoutconfig
2024-04-18 09:20:47,619 [WARN] SupportedApi:132 - Cannot load RTOS API schema: s4s-elt-must-match.1: The content of 'definitions' must match (annotation?, (simpleType | complexType)?, (unique | key | keyref)*)). A problem was found starting at: attribute.
2024-04-18 09:20:47,788 [INFO] PluginManage:359 - Loaded plugin pinoutconfig (category:base,tabindex:0)
2024-04-18 09:20:47,789 [INFO] PluginManage:310 - Check plugin power
2024-04-18 09:20:47,826 [INFO] PluginManage:359 - Loaded plugin power (category:power,tabindex:4)
2024-04-18 09:20:47,826 [INFO] PluginManage:310 - Check plugin projectmanager
2024-04-18 09:20:47,866 [INFO] PluginManage:359 - Loaded plugin projectmanager (category:projectmanager,tabindex:3)
2024-04-18 09:20:47,866 [INFO] PluginManage:310 - Check plugin thirdparty
2024-04-18 09:20:48,287 [INFO] PluginManage:359 - Loaded plugin thirdparty (category:base,tabindex:-1)
2024-04-18 09:20:48,287 [WARN] IntegrityCheckThread:84 - waiting for thirdparty lock release [integrity check]
2024-04-18 09:20:48,287 [INFO] PluginManage:310 - Check plugin tools
2024-04-18 09:20:48,287 [INFO] IntegrityCheckThread:86 - entering critical section [integrity check]
2024-04-18 09:20:48,287 [INFO] ThirdPartyUpdaterWithRetryManager:70 - Updater plugin not ready yet. [1/15]
2024-04-18 09:20:48,334 [INFO] PluginManage:359 - Loaded plugin tools (category:base,tabindex:7)
2024-04-18 09:20:48,335 [INFO] PluginManage:310 - Check plugin tutovideos
2024-04-18 09:20:48,591 [INFO] PluginManage:359 - Loaded plugin tutovideos (category:base,tabindex:-1)
2024-04-18 09:20:48,591 [INFO] PluginManage:310 - Check plugin updater
2024-04-18 09:20:48,607 [INFO] PluginManage:359 - Loaded plugin updater (category:base,tabindex:12)
2024-04-18 09:20:48,607 [INFO] PluginManage:310 - Check plugin userauth
2024-04-18 09:20:48,616 [INFO] UserAuth:114 - Init User Auth plugin
2024-04-18 09:20:48,616 [INFO] PluginManage:359 - Loaded plugin userauth (category:base,tabindex:14)
2024-04-18 09:20:48,617 [INFO] PluginManage:283 - PluginManage : Loaded plugins [17]
2024-04-18 09:20:48,917 [INFO] PinOutPanel:1499 - setPackage(No Configuration,No Configuration)
2024-04-18 09:20:49,026 [INFO] CADModel:165 - CPN selected for project level
2024-04-18 09:20:49,026 [INFO] CADModel:114 - Register for checkConnection events
2024-04-18 09:20:49,072 [INFO] IPUIPlugin:80 - create IPUIPlugin
2024-04-18 09:20:49,073 [INFO] PluginManager:220 - loadIPPluginJar : add adc
2024-04-18 09:20:49,131 [INFO] IPUIPlugin:80 - create IPUIPlugin
2024-04-18 09:20:49,131 [INFO] PluginManager:220 - loadIPPluginJar : add aes
2024-04-18 09:20:49,186 [INFO] IPUIPlugin:80 - create IPUIPlugin
2024-04-18 09:20:49,186 [INFO] PluginManager:220 - loadIPPluginJar : add can
2024-04-18 09:20:49,209 [INFO] IPUIPlugin:80 - create IPUIPlugin
2024-04-18 09:20:49,209 [INFO] PluginManager:220 - loadIPPluginJar : add comp
2024-04-18 09:20:49,275 [INFO] IPUIPlugin:80 - create IPUIPlugin
2024-04-18 09:20:49,275 [INFO] PluginManager:220 - loadIPPluginJar : add cryp
2024-04-18 09:20:49,337 [INFO] IPUIPlugin:80 - create IPUIPlugin
2024-04-18 09:20:49,337 [INFO] PluginManager:220 - loadIPPluginJar : add dfsdm
2024-04-18 09:20:49,366 [INFO] IPUIPlugin:80 - create IPUIPlugin
2024-04-18 09:20:49,367 [INFO] PluginManager:220 - loadIPPluginJar : add dma
2024-04-18 09:20:49,458 [INFO] IPUIPlugin:80 - create IPUIPlugin
2024-04-18 09:20:49,459 [INFO] PluginManager:220 - loadIPPluginJar : add dma3
2024-04-18 09:20:49,501 [INFO] IPUIPlugin:80 - create IPUIPlugin
2024-04-18 09:20:49,502 [INFO] PluginManager:220 - loadIPPluginJar : add fatfs
2024-04-18 09:20:49,604 [INFO] IPUIPlugin:80 - create IPUIPlugin
2024-04-18 09:20:49,605 [INFO] PluginManager:220 - loadIPPluginJar : add fmc
2024-04-18 09:20:49,634 [INFO] IPUIPlugin:80 - create IPUIPlugin
2024-04-18 09:20:49,634 [INFO] PluginManager:220 - loadIPPluginJar : add freertos
2024-04-18 09:20:49,680 [INFO] IPUIPlugin:80 - create IPUIPlugin
2024-04-18 09:20:49,680 [INFO] PluginManager:220 - loadIPPluginJar : add genericplugin
2024-04-18 09:20:49,886 [INFO] IPUIPlugin:80 - create IPUIPlugin
2024-04-18 09:20:49,886 [INFO] PluginManager:220 - loadIPPluginJar : add gfxmmu
2024-04-18 09:20:50,165 [INFO] IPUIPlugin:80 - create IPUIPlugin
2024-04-18 09:20:50,166 [INFO] PluginManager:220 - loadIPPluginJar : add gic
2024-04-18 09:20:50,192 [INFO] IPUIPlugin:80 - create IPUIPlugin
2024-04-18 09:20:50,193 [INFO] PluginManager:220 - loadIPPluginJar : add gpio
2024-04-18 09:20:50,381 [INFO] IPUIPlugin:80 - create IPUIPlugin
2024-04-18 09:20:50,381 [INFO] PluginManager:220 - loadIPPluginJar : add gtzc
2024-04-18 09:20:50,448 [INFO] IPUIPlugin:80 - create IPUIPlugin
2024-04-18 09:20:50,448 [INFO] PluginManager:220 - loadIPPluginJar : add hash
2024-04-18 09:20:50,561 [INFO] IPUIPlugin:80 - create IPUIPlugin
2024-04-18 09:20:50,561 [INFO] PluginManager:220 - loadIPPluginJar : add i2c
2024-04-18 09:20:50,645 [INFO] IPUIPlugin:80 - create IPUIPlugin
2024-04-18 09:20:50,646 [INFO] PluginManager:220 - loadIPPluginJar : add i2s
2024-04-18 09:20:50,731 [INFO] IPUIPlugin:80 - create IPUIPlugin
2024-04-18 09:20:50,731 [INFO] PluginManager:220 - loadIPPluginJar : add i3c
2024-04-18 09:20:50,945 [INFO] IPUIPlugin:80 - create IPUIPlugin
2024-04-18 09:20:50,946 [INFO] PluginManager:220 - loadIPPluginJar : add ipddr
2024-04-18 09:20:51,129 [INFO] IPUIPlugin:80 - create IPUIPlugin
2024-04-18 09:20:51,129 [INFO] PluginManager:220 - loadIPPluginJar : add linkedlist
2024-04-18 09:20:51,220 [INFO] IPUIPlugin:80 - create IPUIPlugin
2024-04-18 09:20:51,220 [INFO] PluginManager:220 - loadIPPluginJar : add lorawan
2024-04-18 09:20:51,283 [INFO] IPUIPlugin:80 - create IPUIPlugin
2024-04-18 09:20:51,283 [INFO] PluginManager:220 - loadIPPluginJar : add ltdc
2024-04-18 09:20:51,297 [INFO] ThirdPartyUpdaterWithRetryManager:70 - Updater plugin not ready yet. [2/15]
2024-04-18 09:20:51,310 [INFO] IPUIPlugin:80 - create IPUIPlugin
2024-04-18 09:20:51,310 [INFO] PluginManager:220 - loadIPPluginJar : add mdma
2024-04-18 09:20:51,326 [INFO] IPUIPlugin:80 - create IPUIPlugin
2024-04-18 09:20:51,326 [INFO] PluginManager:220 - loadIPPluginJar : add nvic
2024-04-18 09:20:51,377 [INFO] IPUIPlugin:80 - create IPUIPlugin
2024-04-18 09:20:51,377 [INFO] PluginManager:220 - loadIPPluginJar : add opamp
2024-04-18 09:20:51,545 [INFO] IPUIPlugin:80 - create IPUIPlugin
2024-04-18 09:20:51,547 [INFO] PluginManager:220 - loadIPPluginJar : add openamp
2024-04-18 09:20:51,662 [INFO] IPUIPlugin:80 - create IPUIPlugin
2024-04-18 09:20:51,663 [INFO] PluginManager:220 - loadIPPluginJar : add pdm2pcm
2024-04-18 09:20:51,698 [INFO] IPUIPlugin:80 - create IPUIPlugin
2024-04-18 09:20:51,704 [INFO] PluginManager:220 - loadIPPluginJar : add plateformsettings
2024-04-18 09:20:51,768 [INFO] IPUIPlugin:80 - create IPUIPlugin
2024-04-18 09:20:51,768 [INFO] PluginManager:220 - loadIPPluginJar : add quadspi
2024-04-18 09:20:51,802 [INFO] IPUIPlugin:80 - create IPUIPlugin
2024-04-18 09:20:51,802 [INFO] PluginManager:220 - loadIPPluginJar : add resmgrutility
2024-04-18 09:20:51,916 [INFO] IPUIPlugin:80 - create IPUIPlugin
2024-04-18 09:20:51,916 [INFO] PluginManager:220 - loadIPPluginJar : add sai
2024-04-18 09:20:51,978 [INFO] IPUIPlugin:80 - create IPUIPlugin
2024-04-18 09:20:51,978 [INFO] PluginManager:220 - loadIPPluginJar : add spi
2024-04-18 09:20:52,097 [INFO] IPUIPlugin:80 - create IPUIPlugin
2024-04-18 09:20:52,097 [INFO] PluginManager:220 - loadIPPluginJar : add stm32_wpan
2024-04-18 09:20:52,129 [INFO] IPUIPlugin:80 - create IPUIPlugin
2024-04-18 09:20:52,129 [INFO] PluginManager:220 - loadIPPluginJar : add tim
2024-04-18 09:20:52,261 [INFO] IPUIPlugin:80 - create IPUIPlugin
2024-04-18 09:20:52,262 [INFO] PluginManager:220 - loadIPPluginJar : add touchsensing
2024-04-18 09:20:52,319 [INFO] IPUIPlugin:80 - create IPUIPlugin
2024-04-18 09:20:52,319 [INFO] PluginManager:220 - loadIPPluginJar : add tracer_emb
2024-04-18 09:20:52,389 [INFO] IPUIPlugin:80 - create IPUIPlugin
2024-04-18 09:20:52,389 [INFO] PluginManager:220 - loadIPPluginJar : add ts
2024-04-18 09:20:52,453 [INFO] IPUIPlugin:80 - create IPUIPlugin
2024-04-18 09:20:52,453 [INFO] PluginManager:220 - loadIPPluginJar : add tsc
2024-04-18 09:20:52,492 [INFO] IPUIPlugin:80 - create IPUIPlugin
2024-04-18 09:20:52,492 [INFO] PluginManager:220 - loadIPPluginJar : add ucpd
2024-04-18 09:20:52,571 [INFO] IPUIPlugin:80 - create IPUIPlugin
2024-04-18 09:20:52,571 [INFO] PluginManager:220 - loadIPPluginJar : add usart
2024-04-18 09:20:52,647 [INFO] IPUIPlugin:80 - create IPUIPlugin
2024-04-18 09:20:52,647 [INFO] PluginManager:220 - loadIPPluginJar : add usbx
2024-04-18 09:20:52,826 [INFO] CADModel:165 - CPN selected for project level
2024-04-18 09:20:52,826 [INFO] CADModel:114 - Register for checkConnection events
2024-04-18 09:20:52,826 [FATAL] Updater:308 - Updater called before beeing initialized
2024-04-18 09:20:52,827 [ERROR] CADModel:125 - Updater not yet initialized, retry later 
2024-04-18 09:20:53,083 [INFO] CADModel:165 - CPN selected for project level
2024-04-18 09:20:53,083 [INFO] CADModel:114 - Register for checkConnection events
2024-04-18 09:20:53,084 [FATAL] Updater:308 - Updater called before beeing initialized
2024-04-18 09:20:53,084 [ERROR] CADModel:125 - Updater not yet initialized, retry later 
2024-04-18 09:20:53,092 [FATAL] Updater:308 - Updater called before beeing initialized
2024-04-18 09:20:53,348 [FATAL] Updater:308 - Updater called before beeing initialized
2024-04-18 09:20:53,371 [INFO] DbMcusAds:53 - JSON generation date=Wed Nov 29 16:22:27 IST 2023 (1701255147349)
2024-04-18 09:20:53,371 [FATAL] Updater:308 - Updater called before beeing initialized
2024-04-18 09:20:53,586 [WARN] DetailPanel:346 - Failed to get advertising image, set to default
2024-04-18 09:20:53,822 [FATAL] Updater:308 - Updater called before beeing initialized
2024-04-18 09:20:53,827 [FATAL] Updater:308 - Updater called before beeing initialized
2024-04-18 09:20:53,828 [FATAL] Updater:308 - Updater called before beeing initialized
2024-04-18 09:20:53,828 [WARN] DetailPanel:346 - Failed to get advertising image, set to default
2024-04-18 09:20:53,829 [FATAL] Updater:308 - Updater called before beeing initialized
2024-04-18 09:20:53,964 [ERROR] Updater:1120 - MainUpdater not yet initialized. External WinMGr cannot be set.
2024-04-18 09:20:53,978 [INFO] Updater:1056 - Updater Version found : 6.10.0
2024-04-18 09:20:54,010 [INFO] ApplicationProperties:184 - Using Application install path: C:\ST\STM32CubeIDE_1.14.1\STM32CubeIDE\plugins\com.st.stm32cube.common.mx_6.10.0.202311202037
2024-04-18 09:20:54,298 [INFO] ThirdPartyUpdaterWithRetryManager:70 - Updater plugin not ready yet. [3/15]
2024-04-18 09:20:55,667 [ERROR] LogOutputStream:75 - [STDERR_REDIRECT] Apr 18, 2024 9:20:55 AM java.util.prefs.WindowsPreferences <init>
2024-04-18 09:20:55,670 [ERROR] LogOutputStream:75 - [STDERR_REDIRECT] WARNING: Could not open/create prefs root node Software\JavaSoft\Prefs at root 0xffffffff80000002. Windows RegCreateKeyEx(...) returned error code 5.
2024-04-18 09:20:55,671 [ERROR] LogOutputStream:75 - [STDERR_REDIRECT] 
2024-04-18 09:20:56,306 [INFO] MainUpdater:2873 - connection check result : 10
2024-04-18 09:20:56,308 [INFO] MainUpdater:290 - Updater Check For Update Now.
2024-04-18 09:20:56,308 [INFO] MicroXplorer:498 - Change Database Version : DB.6.0.100
2024-04-18 09:20:56,367 [INFO] McuFinderGlobals:63 - Set McuFinder mode to 2 (CubeIDE integrated)
2024-04-18 09:20:56,679 [INFO] CheckServerUpdateThread:120 - End of CheckServer Thread
2024-04-18 09:20:56,754 [INFO] UserAuth:404 - Internet connection configuration mode: 1
2024-04-18 09:20:56,801 [INFO] JxBrowserEngine:152 - Initiate JxBrowser Engine with user profile folder
2024-04-18 09:20:57,743 [WARN] PackLoader:240 - Cannot read IP mode file for STMicroelectronics.X-CUBE-SMBUS.2.1.0
2024-04-18 09:20:57,780 [WARN] PackLoader:240 - Cannot read IP mode file for STMicroelectronics.X-CUBE-TOUCHGFX.4.23.1
2024-04-18 09:20:57,799 [WARN] PackLoader:240 - Cannot read IP mode file for STMicroelectronics.X-CUBE-TOUCHGFX.4.23.0
2024-04-18 09:20:57,813 [WARN] PackLoader:240 - Cannot read IP mode file for STMicroelectronics.X-CUBE-TOUCHGFX.4.23.2
2024-04-18 09:20:57,891 [WARN] PackLoader:240 - Cannot read IP mode file for STMicroelectronics.X-CUBE-AZRTOS-F7.1.1.0
2024-04-18 09:20:57,924 [WARN] PackLoader:240 - Cannot read IP mode file for STMicroelectronics.FP-SNS-MOTENV1.4.3.2
2024-04-18 09:20:57,948 [WARN] PackLoader:240 - Cannot read IP mode file for STMicroelectronics.FP-SNS-FLIGHT1.5.0.2
2024-04-18 09:20:57,970 [WARN] PackLoader:240 - Cannot read IP mode file for STMicroelectronics.X-CUBE-DISPLAY.3.0.0
2024-04-18 09:20:58,017 [WARN] PackLoader:240 - Cannot read IP mode file for STMicroelectronics.X-CUBE-BLE1.7.0.0
2024-04-18 09:20:58,039 [WARN] PackLoader:240 - Cannot read IP mode file for emotas.I-CUBE-CANOPEN.1.3.0
2024-04-18 09:20:58,057 [WARN] PackLoader:240 - Cannot read IP mode file for STMicroelectronics.FP-SNS-SMARTAG2.1.2.0
2024-04-18 09:20:58,083 [INFO] LogOutputStream:77 - [STDOUT_REDIRECT] 1 : Invalid condition id : UX_CORESTACK_Condition cause : null
2024-04-18 09:20:58,084 [INFO] LogOutputStream:77 - [STDOUT_REDIRECT] 1 : Invalid condition id : UX_CORESTACK_Condition cause : null
2024-04-18 09:20:58,085 [INFO] LogOutputStream:77 - [STDOUT_REDIRECT] 1 : Invalid condition id : UX_CORESTACK_Condition cause : null
2024-04-18 09:20:58,087 [INFO] LogOutputStream:77 - [STDOUT_REDIRECT] 1 : Invalid condition id : UX_CORESTACK_Condition cause : null
2024-04-18 09:20:58,088 [INFO] LogOutputStream:77 - [STDOUT_REDIRECT] 1 : Invalid condition id : UX_CORESTACK_Condition cause : null
2024-04-18 09:20:58,093 [WARN] PackLoader:240 - Cannot read IP mode file for STMicroelectronics.X-CUBE-AZRTOS-WL.2.0.0
2024-04-18 09:20:58,114 [WARN] PackLoader:240 - Cannot read IP mode file for STMicroelectronics.FP-SNS-MOTENV1.5.0.0
2024-04-18 09:20:58,143 [WARN] PackLoader:240 - Cannot read IP mode file for WES.I-CUBE-Cesium.1.3.0
2024-04-18 09:20:58,159 [WARN] PackLoader:240 - Cannot read IP mode file for STMicroelectronics.X-CUBE-BLE2.3.3.0
2024-04-18 09:20:58,177 [WARN] PackLoader:240 - Cannot read IP mode file for STMicroelectronics.X-CUBE-TCPP.4.1.0
2024-04-18 09:20:58,192 [WARN] PackLoader:240 - Cannot read IP mode file for STMicroelectronics.X-CUBE-ALGOBUILD.1.3.0
2024-04-18 09:20:58,245 [WARN] PackLoader:240 - Cannot read IP mode file for STMicroelectronics.X-CUBE-AZRTOS-G0.1.1.0
2024-04-18 09:20:58,280 [WARN] PackLoader:240 - Cannot read IP mode file for STMicroelectronics.X-CUBE-SAFEA1.1.2.2
2024-04-18 09:20:58,306 [WARN] PackLoader:240 - Cannot read IP mode file for STMicroelectronics.X-CUBE-NFC4.3.0.0
2024-04-18 09:20:58,327 [WARN] PackLoader:240 - Cannot read IP mode file for STMicroelectronics.FP-ATR-SIGFOX1.3.2.0
2024-04-18 09:20:58,405 [WARN] PackLoader:240 - Cannot read IP mode file for SEGGER.I-CUBE-embOS.1.3.1
2024-04-18 09:20:58,506 [WARN] PackLoader:240 - Cannot read IP mode file for STMicroelectronics.X-CUBE-GNSS1.6.0.0
2024-04-18 09:20:58,549 [WARN] PackLoader:240 - Cannot read IP mode file for STMicroelectronics.X-CUBE-AZRTOS-F4.1.1.0
2024-04-18 09:20:58,602 [WARN] PackLoader:240 - Cannot read IP mode file for STMicroelectronics.X-CUBE-AZRTOS-L5.2.0.0
2024-04-18 09:20:58,644 [WARN] PackLoader:240 - Cannot read IP mode file for STMicroelectronics.X-CUBE-NFC6.3.1.0
2024-04-18 09:20:58,678 [WARN] PackLoader:240 - Cannot read IP mode file for ITTIA_DB.I-CUBE-ITTIADB.8.8.0
2024-04-18 09:20:58,705 [WARN] PackLoader:240 - Cannot read IP mode file for STMicroelectronics.X-CUBE-NFC7.1.0.1
2024-04-18 09:20:58,730 [WARN] PackLoader:240 - Cannot read IP mode file for STMicroelectronics.X-CUBE-NFC6.3.0.0
2024-04-18 09:20:58,754 [WARN] PackLoader:240 - Cannot read IP mode file for STMicroelectronics.X-CUBE-AI.8.1.0
2024-04-18 09:20:58,806 [WARN] ConditionMgr:438 - getConditionDescription Invalid condition id : LAN8742 Phy interface Condition cause : null
2024-04-18 09:20:58,809 [WARN] PackLoader:240 - Cannot read IP mode file for STMicroelectronics.X-CUBE-AZRTOS-L4.2.0.0
2024-04-18 09:20:58,813 [WARN] ConditionMgr:1039 - genDependencies : Invalid condition id : LAN8742 Phy interface Condition cause : null
2024-04-18 09:20:58,814 [WARN] ConditionMgr:1039 - genDependencies : Invalid condition id : LAN8742 Phy interface Condition cause : null
2024-04-18 09:20:58,815 [WARN] ConditionMgr:1039 - genDependencies : Invalid condition id : LAN8742 Phy interface Condition cause : null
2024-04-18 09:20:58,850 [WARN] PackLoader:240 - Cannot read IP mode file for STMicroelectronics.X-CUBE-SFXS2LP1.4.0.0
2024-04-18 09:20:58,893 [WARN] ConditionMgr:438 - getConditionDescription Invalid condition id : UX DEVICE CLASS RTOS Condition cause : null
2024-04-18 09:20:58,893 [WARN] ConditionMgr:438 - getConditionDescription Invalid condition id : UX DEVICE CLASS RTOS Condition cause : null
2024-04-18 09:20:58,899 [WARN] PackLoader:240 - Cannot read IP mode file for STMicroelectronics.X-CUBE-AZRTOS-WB.2.0.0
2024-04-18 09:20:58,900 [WARN] ConditionMgr:1039 - genDependencies : Invalid condition id : UX DEVICE CLASS RTOS Condition cause : null
2024-04-18 09:20:58,900 [WARN] ConditionMgr:1039 - genDependencies : Invalid condition id : UX DEVICE CLASS RTOS Condition cause : null
2024-04-18 09:20:58,902 [WARN] ConditionMgr:1039 - genDependencies : Invalid condition id : UX DEVICE CLASS RTOS Condition cause : null
2024-04-18 09:20:58,902 [WARN] ConditionMgr:1039 - genDependencies : Invalid condition id : UX DEVICE CLASS RTOS Condition cause : null
2024-04-18 09:20:58,903 [WARN] ConditionMgr:1039 - genDependencies : Invalid condition id : UX DEVICE CLASS RTOS Condition cause : null
2024-04-18 09:20:58,949 [WARN] PackLoader:240 - Cannot read IP mode file for STMicroelectronics.X-CUBE-SUBG2.5.0.0
2024-04-18 09:20:59,028 [WARN] PackLoader:240 - Cannot read IP mode file for STMicroelectronics.X-CUBE-AZRTOS-G4.2.0.0
2024-04-18 09:20:59,094 [WARN] PackLoader:240 - Cannot read IP mode file for Infineon.AIROC-Wi-Fi-Bluetooth-STM32.1.5.1
2024-04-18 09:20:59,264 [WARN] PackLoader:240 - Cannot read IP mode file for STMicroelectronics.X-CUBE-MEMS1.10.0.0
2024-04-18 09:20:59,478 [WARN] PackLoader:240 - Cannot read IP mode file for STMicroelectronics.X-CUBE-FREERTOS.1.1.0
2024-04-18 09:20:59,505 [WARN] PackLoader:240 - Cannot read IP mode file for portGmbH.I-Cube-SoM-uGOAL.1.1.0
2024-04-18 09:20:59,526 [WARN] PackLoader:240 - Cannot read IP mode file for STMicroelectronics.X-CUBE-ALS.1.0.1
2024-04-18 09:20:59,555 [WARN] PackLoader:240 - Cannot read IP mode file for STMicroelectronics.FP-ATR-ASTRA1.2.0.0
2024-04-18 09:20:59,556 [INFO] ThirdParty:978 - Integrity check success = true
2024-04-18 09:20:59,556 [INFO] IntegrityCheckThread:100 - exiting critical section [integrity check]
2024-04-18 09:20:59,557 [INFO] IntegrityCheckThread:103 - End integrity checks thread
2024-04-18 09:21:01,992 [INFO] WebApp:161 - Instantiating new browser for Auth
2024-04-18 09:21:03,024 [INFO] WebApp:780 - Register for checkConnection events
2024-04-18 09:21:03,025 [INFO] WebApp:414 - Apply proxy settings
2024-04-18 09:21:03,025 [INFO] WebApp:499 - Chromium requires no authentication
2024-04-18 09:21:03,042 [INFO] WebApp:442 - Direct internet connection detected
2024-04-18 09:21:03,425 [INFO] WebApp:192 - Starting web application
2024-04-18 09:21:03,426 [INFO] WebApp:544 - Web application path used C:\ST\STM32CubeIDE_1.14.1\STM32CubeIDE\plugins\com.st.stm32cube.common.mx_6.10.0.202311202037\db\plugins\mcufinder\reactClient1\index.html
2024-04-18 09:21:25,292 [ERROR] LogOutputStream:75 - [STDERR_REDIRECT] SLF4J: Failed to load class "org.slf4j.impl.StaticLoggerBinder".
2024-04-18 09:21:25,296 [ERROR] LogOutputStream:75 - [STDERR_REDIRECT] SLF4J: Defaulting to no-operation (NOP) logger implementation
2024-04-18 09:21:25,299 [ERROR] LogOutputStream:75 - [STDERR_REDIRECT] SLF4J: See http://www.slf4j.org/codes.html#StaticLoggerBinder for further details.
2024-04-18 14:00:41,008 [INFO] McuFinderGlobals:63 - Set McuFinder mode to 2 (CubeIDE integrated)
2024-04-18 14:00:41,069 [INFO] MainUpdater:2873 - connection check result : 10
2024-04-18 14:00:41,083 [INFO] MainUpdater:2873 - connection check result : 10
2024-04-18 14:00:41,653 [INFO] MicroXplorer:468 - Change Database Path : 
2024-04-18 14:00:41,654 [INFO] MicroXplorer:498 - Change Database Version : DB.6.0.100
2024-04-18 14:00:41,665 [WARN] ThirdParty:871 - waiting for thirdparty lock release [close project]
2024-04-18 14:00:41,666 [INFO] ThirdParty:873 - entering critical section [close project]
2024-04-18 14:00:41,707 [INFO] ThirdParty:883 - exiting critical section [close project]
2024-04-18 14:00:41,713 [INFO] PinOutPanel:1499 - setPackage(No Configuration,No Configuration)
2024-04-18 14:00:41,722 [INFO] UtilMem:75 - Begin LoadConfig() Used Memory: 604001032 Bytes (1073741824)
2024-04-18 14:00:41,726 [INFO] MicroXplorer:468 - Change Database Path : 
2024-04-18 14:00:41,727 [INFO] MicroXplorer:498 - Change Database Version : DB.6.0.100
2024-04-18 14:00:41,727 [INFO] OpenFileManager:312 - Change cursor
2024-04-18 14:00:41,857 [INFO] Mcu:2016 - Initializing MCU STM32L053C(6-8)Tx STM32L053C8Tx STM32L053C8T6
2024-04-18 14:00:44,544 [INFO] Context:659 - Trying to add GPIOservice into a context  which must be forbidden
2024-04-18 14:00:45,575 [INFO] RtosManager:555 - Registered RTOS mode: class=CMSIS, group=RTOS, mode=CMSIS_V1, owner=FREERTOS
2024-04-18 14:00:45,576 [INFO] RtosManager:555 - Registered RTOS mode: class=CMSIS, group=RTOS2, mode=CMSIS_V2, owner=FREERTOS
2024-04-18 14:00:45,576 [INFO] RtosManager:555 - Registered RTOS mode: class=RTOS, group=Core, mode=CMSIS_V1, owner=FREERTOS
2024-04-18 14:00:45,576 [INFO] RtosManager:555 - Registered RTOS mode: class=RTOS, group=Core, mode=CMSIS_V2, owner=FREERTOS
2024-04-18 14:00:45,577 [WARN] ModelIntegratedComponent:184 - Missing modes for component STMicroelectronics:FreeRTOS:0.0.1:STMicroelectronics:RTOS:FreeRTOS:Core:::10.2.0:
2024-04-18 14:00:45,611 [WARN] ModelIntegratedComponent:63 - No mode defined for component null
2024-04-18 14:00:45,611 [WARN] ModelIntegratedComponent:63 - No mode defined for component null
2024-04-18 14:00:45,612 [WARN] ModelIntegratedComponent:63 - No mode defined for component null
2024-04-18 14:00:45,612 [WARN] ModelIntegratedComponent:63 - No mode defined for component null
2024-04-18 14:00:45,612 [WARN] ModelIntegratedComponent:63 - No mode defined for component null
2024-04-18 14:00:45,612 [WARN] ModelIntegratedComponent:63 - No mode defined for component null
2024-04-18 14:00:45,612 [WARN] ModelIntegratedComponent:63 - No mode defined for component null
2024-04-18 14:00:45,612 [WARN] ModelIntegratedComponent:63 - No mode defined for component null
2024-04-18 14:00:45,613 [WARN] ModelIntegratedComponent:63 - No mode defined for component null
2024-04-18 14:00:45,613 [WARN] ModelIntegratedComponent:63 - No mode defined for component null
2024-04-18 14:00:45,613 [WARN] ModelIntegratedComponent:63 - No mode defined for component null
2024-04-18 14:00:45,613 [WARN] ModelIntegratedComponent:63 - No mode defined for component null
2024-04-18 14:00:45,613 [WARN] ModelIntegratedComponent:63 - No mode defined for component null
2024-04-18 14:00:45,613 [WARN] ModelIntegratedComponent:63 - No mode defined for component null
2024-04-18 14:00:45,614 [WARN] ModelIntegratedComponent:63 - No mode defined for component null
2024-04-18 14:00:45,614 [WARN] ModelIntegratedComponent:63 - No mode defined for component null
2024-04-18 14:00:45,614 [WARN] ModelIntegratedComponent:63 - No mode defined for component null
2024-04-18 14:00:45,614 [WARN] ModelIntegratedComponent:63 - No mode defined for component null
2024-04-18 14:00:45,614 [WARN] ModelIntegratedComponent:63 - No mode defined for component null
2024-04-18 14:00:45,615 [WARN] ModelIntegratedComponent:63 - No mode defined for component null
2024-04-18 14:00:45,615 [WARN] ModelIntegratedComponent:63 - No mode defined for component null
2024-04-18 14:00:45,615 [WARN] ModelIntegratedComponent:63 - No mode defined for component null
2024-04-18 14:00:45,615 [WARN] ModelIntegratedComponent:63 - No mode defined for component null
2024-04-18 14:00:45,615 [WARN] ModelIntegratedComponent:63 - No mode defined for component null
2024-04-18 14:00:45,616 [WARN] ModelIntegratedComponent:63 - No mode defined for component null
2024-04-18 14:00:45,616 [WARN] ModelIntegratedComponent:63 - No mode defined for component null
2024-04-18 14:00:45,616 [WARN] ModelIntegratedComponent:63 - No mode defined for component null
2024-04-18 14:00:45,616 [WARN] ModelIntegratedComponent:63 - No mode defined for component null
2024-04-18 14:00:45,616 [WARN] ModelIntegratedComponent:63 - No mode defined for component null
2024-04-18 14:00:45,616 [WARN] ModelIntegratedComponent:63 - No mode defined for component null
2024-04-18 14:00:45,616 [WARN] ModelIntegratedComponent:63 - No mode defined for component null
2024-04-18 14:00:45,617 [WARN] ModelIntegratedComponent:63 - No mode defined for component null
2024-04-18 14:00:45,617 [WARN] ModelIntegratedComponent:63 - No mode defined for component null
2024-04-18 14:00:45,850 [INFO] ThirdPartyModel:298 - Start build external matchings
2024-04-18 14:00:46,545 [INFO] ThirdPartyModel:316 - End build external matchings
2024-04-18 14:00:47,358 [INFO] UtilMem:75 - End LoadConfig() Used Memory: 682228888 Bytes (1073741824)
2024-04-18 14:00:47,740 [INFO] ApiDb:581 - Connected to CubeFinder SQLite database (C:\Users\shiba\.stmcufinder\plugins\mcufinder\mcu\cube-finder-db.db)
2024-04-18 14:00:47,935 [INFO] ApiDb:668 - CubeFinder database Data Model version=2.1
2024-04-18 14:00:47,935 [INFO] ApiDb:669 - CubeFinder database Configuration version=3.0.39
2024-04-18 14:00:47,938 [INFO] ApiDb:670 - CubeFinder database generation date=2024-03-25 (1711369621)
2024-04-18 14:00:47,938 [INFO] ApiDb:671 - CubeFinder database FW Pack versions=[FP-ATR-ASTRA1_V2.0.0, FP-SNS-FLIGHT1_V5.0.1, FP-SNS-FLIGHT1_V5.0.2, FP-SNS-MOTENV1_V4.3.1, FP-SNS-MOTENV1_V4.3.2, FP-SNS-MOTENVWB1_V1.3.1, FP-SNS-SMARTAG2_V1.2.0, STM32Cube_FW_C0_V1.1.0, STM32Cube_FW_F4_V1.28.0, STM32Cube_FW_F7_V1.17.0, STM32Cube_FW_G0_V1.6.2, STM32Cube_FW_G4_V1.5.2, STM32Cube_FW_H5_V0.5.1, STM32Cube_FW_H5_V1.1.1, STM32Cube_FW_H5_V1.2.0, STM32Cube_FW_H5_V1.2.0RC4, STM32Cube_FW_H7RS_V1.0.0, STM32Cube_FW_H7RS_V1.0.0RC4, STM32Cube_FW_H7_V1.11.0, STM32Cube_FW_L0_V1.12.2, STM32Cube_FW_L5_V1.5.1, STM32Cube_FW_U0_V1.0.0, STM32Cube_FW_U0_V1.0.0RC1, STM32Cube_FW_U5_V1.3.0RC4, STM32Cube_FW_U5_V1.5.0, STM32Cube_FW_U5_V1.5.0RC1, STM32Cube_FW_WBA_V1.0.0RC1, STM32Cube_FW_WBA_V1.2.0, STM32Cube_FW_WBA_V1.2.0RC2, STM32Cube_FW_WBA_V1.3.0, STM32Cube_FW_WBA_V1.3.0RC1, STM32Cube_FW_WB_V1.15.0RC1, STM32Cube_FW_WB_V1.16.0, STM32Cube_FW_WB_V1.16.0RC2, STM32Cube_FW_WB_V1.18.0, STM32Cube_FW_WB_V1.19.0, STM32Cube_FW_WL_V1.3.0, X-CUBE-ALGOBUILD_V1.3.0, X-CUBE-ALS_V1.0.1, X-CUBE-AZRTOS-F4_V1.1.0, X-CUBE-AZRTOS-F7_V1.1.0, X-CUBE-AZRTOS-G0_V1.1.0, X-CUBE-AZRTOS-G4_V2.0.0, X-CUBE-AZRTOS-H7_V3.2.0, X-CUBE-AZRTOS-L4_V1.0.0, X-CUBE-AZRTOS-L4_V2.0.0, X-CUBE-AZRTOS-L5_V1.1.0, X-CUBE-AZRTOS-WB_V2.0.0, X-CUBE-AZRTOS-WL_V2.0.0, X-CUBE-BLE1_V7.0.0, X-CUBE-BLE2_V3.3.0, X-CUBE-BLEMGR_V3.1.0, X-CUBE-EEPRMA1_V4.1.0, X-CUBE-EEPRMA1_V5.1.0, X-CUBE-FREERTOS_V1.1.0, X-CUBE-GNSS1_V6.0.0, X-CUBE-MEMS1_V10.0.0, X-CUBE-MEMS1_V9.1.0, X-CUBE-MEMS1_V9.4.0, X-CUBE-MEMS1_V9.6.0, X-CUBE-NFC4_V3.0.0, X-CUBE-NFC7_V1.0.1, X-CUBE-SFXS2LP1_V4.0.0, X-CUBE-SUBG2_V5.0.0, X-CUBE-TOF1_V3.4.0]
2024-04-18 14:00:53,125 [INFO] ApiDb:240 - Found 371 in-development CPN: [B-G473E-ZEST1S, B-WB1M-WPAN1, B-WL5M-SUBG1, NUCLEO-C031C6, NUCLEO-H503RB, NUCLEO-H563ZI, NUCLEO-U545RE-Q, NUCLEO-U5A5ZJ-Q, NUCLEO-WBA52CG, NUCLEO-WBA55CG, STEVAL-MKBOXPRO, STEVAL-PROTEUS1, STEVAL-STWINBX1, STM320518-EVAL, STM32C0116-DK, STM32C011D6Y3TR, STM32C011D6Y6TR, STM32C011F4P3, STM32C011F4P6, STM32C011F4U3, STM32C011F4U6TR, STM32C011F6P3, STM32C011F6P6, STM32C011F6U3, STM32C011F6U6TR, STM32C011J4M3, STM32C011J4M6, STM32C011J6M3, STM32C011J6M6, STM32C0316-DK, STM32C031C4T3, STM32C031C4T6, STM32C031C4U3, STM32C031C4U6, STM32C031C6T3, STM32C031C6T6, STM32C031C6U3, STM32C031C6U6, STM32C031F4P3, STM32C031F4P6, STM32C031F6P3, STM32C031F6P6, STM32C031G4U3, STM32C031G4U6, STM32C031G6U3, STM32C031G6U6, STM32C031K4T3, STM32C031K4T6, STM32C031K4U3, STM32C031K4U6, STM32C031K6T3, STM32C031K6T6, STM32C031K6U3, STM32C031K6U6, STM32G071K8TXN, STM32G071K8UXN, STM32G081GBU6N, STM32G081KBT6N, STM32G081KBUXN, STM32G0B1CCT6N, STM32G0B1KCT6, STM32G0B1NEY6TR, STM32G0B1RCT6N, STM32G0C1CCT6, STM32G0C1CCT6N, STM32G0C1CCU6N, STM32G0C1CET6N, STM32G0C1CEU6N, STM32G0C1KCT6, STM32G0C1NEY6TR, STM32G0C1RCI6N, STM32G0C1RCT6N, STM32G0C1REI6N, STM32G0C1RET6N, STM32G0C1VCI6, STM32G0C1VEI6, STM32G471CCT6, STM32G471CCU6, STM32G471CET3, STM32G471CET6, STM32G471CEU3, STM32G471CEU6, STM32G471MCT6, STM32G471MET3, STM32G471MET6, STM32G471MEY6TR, STM32G471QCT6, STM32G471QET3, STM32G471RCT6, STM32G471RET3, STM32G471RET6, STM32G471VCH6, STM32G471VCI6, STM32G471VCT6, STM32G471VEH3, STM32G471VEH6, STM32G471VEI3, STM32G471VEI6, STM32G471VET3, STM32G471VET6, STM32G474CCT6, STM32H503CBT6, STM32H503CBU6, STM32H503EBY6TR, STM32H503KBU6, STM32H503RBT6, STM32H562AGI6, STM32H562AII6, STM32H562IGK6, STM32H562IGT6, STM32H562IIK6, STM32H562IIT6, STM32H562RGT6, STM32H562RGV6, STM32H562RIT6, STM32H562RIV6, STM32H562VGT6, STM32H562VIT6, STM32H562ZGT6, STM32H562ZIT6, STM32H563AGI6, STM32H563AII3Q, STM32H563AII6, STM32H563IGK6, STM32H563IGT6, STM32H563IIK3Q, STM32H563IIK6, STM32H563IIT3Q, STM32H563IIT6, STM32H563MIY3QTR, STM32H563RGT6, STM32H563RGV6, STM32H563RIT6, STM32H563RIV6, STM32H563VGT6, STM32H563VIT3Q, STM32H563VIT6, STM32H563ZGT6, STM32H563ZIT3Q, STM32H563ZIT6, STM32H573AII3Q, STM32H573AII6, STM32H573I-DK, STM32H573IIK3Q, STM32H573IIK6, STM32H573IIT3Q, STM32H573IIT6, STM32H573MIY3QTR, STM32H573RIT6, STM32H573RIV6, STM32H573VIT3Q, STM32H573VIT6, STM32H573ZIT3Q, STM32H573ZIT6, STM32L4R5QGI6STR, STM32MP131AAE3, STM32MP131AAF3, STM32MP131AAG3, STM32MP131CAE3, STM32MP131CAF3, STM32MP131CAG3, STM32MP131DAE7, STM32MP131DAF7, STM32MP131DAG7, STM32MP131FAE7, STM32MP131FAF7, STM32MP131FAG7, STM32MP133AAE3, STM32MP133AAF3, STM32MP133AAG3, STM32MP133CAE3, STM32MP133CAF3, STM32MP133CAG3, STM32MP133DAE7, STM32MP133DAF7, STM32MP133DAG7, STM32MP133FAE7, STM32MP133FAF7, STM32MP133FAG7, STM32MP135AAE3, STM32MP135AAF3, STM32MP135AAG3, STM32MP135CAE3, STM32MP135CAF3, STM32MP135CAG3, STM32MP135DAE7, STM32MP135DAF7, STM32MP135DAG7, STM32MP135F-DK, STM32MP135FAE7, STM32MP135FAF7, STM32MP135FAF7T, STM32MP135FAF7U, STM32MP135FAG7, STM32U535CBT6, STM32U535CBT6Q, STM32U535CBU6, STM32U535CBU6Q, STM32U535CCT6, STM32U535CCT6Q, STM32U535CCU6, STM32U535CCU6Q, STM32U535CET6, STM32U535CET6Q, STM32U535CEU6, STM32U535CEU6Q, STM32U535JEY6QTR, STM32U535NCY6QTR, STM32U535NEY6QTR, STM32U535RBI6, STM32U535RBI6Q, STM32U535RBT6, STM32U535RBT6Q, STM32U535RCI6, STM32U535RCI6Q, STM32U535RCT6, STM32U535RCT6Q, STM32U535REI6, STM32U535REI6Q, STM32U535RET6, STM32U535RET6Q, STM32U535VCI6, STM32U535VCI6Q, STM32U535VCT6, STM32U535VCT6Q, STM32U535VEI6, STM32U535VEI6Q, STM32U535VET6, STM32U535VET6Q, STM32U545CET6, STM32U545CET6Q, STM32U545CEU6, STM32U545CEU6Q, STM32U545JEY6QTR, STM32U545NEY6QTR, STM32U545REI6, STM32U545REI6Q, STM32U545RET6, STM32U545RET6Q, STM32U545VEI6, STM32U545VEI6Q, STM32U545VET6, STM32U545VET6Q, STM32U595AIH6, STM32U595AIH6Q, STM32U595AJH6, STM32U595AJH6Q, STM32U595QII6, STM32U595QII6Q, STM32U595QJI6, STM32U595QJI6Q, STM32U595RIT6, STM32U595RIT6Q, STM32U595RJT6, STM32U595RJT6Q, STM32U595VIT6, STM32U595VIT6Q, STM32U595VJT6, STM32U595VJT6Q, STM32U595ZIT6, STM32U595ZIT6Q, STM32U595ZIY6QTR, STM32U595ZJT6, STM32U595ZJT6Q, STM32U595ZJY6QTR, STM32U599BJY6QTR, STM32U599NIH6Q, STM32U599NJH6Q, STM32U599VIT6Q, STM32U599VJT6, STM32U599VJT6Q, STM32U599ZIT6Q, STM32U599ZIY6QTR, STM32U599ZJT6Q, STM32U599ZJY6QTR, STM32U5A5AJH6, STM32U5A5AJH6Q, STM32U5A5QJI6, STM32U5A5QJI6Q, STM32U5A5RJT6, STM32U5A5RJT6Q, STM32U5A5VJT6, STM32U5A5VJT6Q, STM32U5A5ZJT6, STM32U5A5ZJT6Q, STM32U5A5ZJY6QTR, STM32U5A9BJY6QTR, STM32U5A9J-DK, STM32U5A9NJH6Q, STM32U5A9VJT6Q, STM32U5A9ZJT6Q, STM32U5A9ZJY6QTR, STM32U5F7VIT6, STM32U5F7VIT6Q, STM32U5F7VJT6, STM32U5F7VJT6Q, STM32U5F9BJY6QTR, STM32U5F9NJH6Q, STM32U5F9VIT6Q, STM32U5F9VJT6Q, STM32U5F9ZIJ6QTR, STM32U5F9ZIT6Q, STM32U5F9ZJJ6QTR, STM32U5F9ZJT6Q, STM32U5G7VJT6, STM32U5G7VJT6Q, STM32U5G9BJY6QTR, STM32U5G9J-DK1, STM32U5G9J-DK2, STM32U5G9NJH6Q, STM32U5G9VJT6Q, STM32U5G9ZJJ6QTR, STM32U5G9ZJT6Q, STM32WB1MMCH6, STM32WBA50KEU6, STM32WBA50KEU6TR, STM32WBA50KGU6, STM32WBA50KGU6TR, STM32WBA52CEU6, STM32WBA52CEU6TR, STM32WBA52CEU7, STM32WBA52CEU7TR, STM32WBA52CGU6, STM32WBA52CGU6TR, STM32WBA52CGU6U, STM32WBA52CGU7, STM32WBA52CGU7TR, STM32WBA52KEU6, STM32WBA52KEU6TR, STM32WBA52KGU6, STM32WBA52KGU6TR, STM32WBA54CEU6, STM32WBA54CEU6TR, STM32WBA54CEU7, STM32WBA54CEU7TR, STM32WBA54CGU6, STM32WBA54CGU6TR, STM32WBA54CGU7, STM32WBA54CGU7TR, STM32WBA54KEU6, STM32WBA54KEU6TR, STM32WBA54KEU7, STM32WBA54KEU7TR, STM32WBA54KGU6, STM32WBA54KGU6TR, STM32WBA54KGU7, STM32WBA54KGU7TR, STM32WBA55CEU6, STM32WBA55CEU6TR, STM32WBA55CEU7, STM32WBA55CEU7TR, STM32WBA55CGU6, STM32WBA55CGU6TR, STM32WBA55CGU6U, STM32WBA55CGU7, STM32WBA55CGU7TR, STM32WBA55G-DK1, STM32WBA55HEF6, STM32WBA55HEF7, STM32WBA55HGF6, STM32WBA55HGF7, STM32WBA55UEI6, STM32WBA55UEI6TR, STM32WBA55UEI7, STM32WBA55UEI7TR, STM32WBA55UGI6, STM32WBA55UGI6TR, STM32WBA55UGI7, STM32WBA55UGI7TR, STM32WL5MOCH6, STM32WL5MOCH6TR]
2024-04-18 14:00:53,130 [INFO] DbMcus:218 - Found 4069 MCUs, 4069 are supported
2024-04-18 14:00:53,131 [INFO] ApiDb:423 - Load user favorites file C:\Users\shiba/.stm32cubeide/favorites.mcus.txt: 0 item(s)
2024-04-18 14:00:53,132 [INFO] ApiDb:427 - User favorites MCUs=[]
2024-04-18 14:00:53,132 [INFO] DbMcus:224 - Set 0 / 0 favorites MCUs
2024-04-18 14:00:54,293 [INFO] MicroXplorer:468 - Change Database Path : 
2024-04-18 14:00:54,293 [INFO] MicroXplorer:498 - Change Database Version : DB.6.0.100
2024-04-18 14:00:54,294 [WARN] ThirdParty:833 - waiting for thirdparty lock release [change project]
2024-04-18 14:00:54,294 [INFO] ThirdParty:835 - entering critical section [change project]
2024-04-18 14:00:54,295 [INFO] ThirdParty:1030 - CMSIS Pack Vendor :STMicroelectronics USBPD 4.1
2024-04-18 14:00:54,295 [INFO] ThirdParty:1030 - CMSIS Pack Vendor :STMicroelectronics X-CUBE-GNSS1 6.0.0
2024-04-18 14:00:54,295 [INFO] ThirdParty:1030 - CMSIS Pack Vendor :STMicroelectronics USB_HOST 2.0.0
2024-04-18 14:00:54,295 [INFO] ThirdParty:1030 - CMSIS Pack Vendor :STMicroelectronics X-CUBE-AZRTOS-F4 1.1.0
2024-04-18 14:00:54,295 [INFO] ThirdParty:1030 - CMSIS Pack Vendor :STMicroelectronics LIBJPEG 8.0.0
2024-04-18 14:00:54,295 [INFO] ThirdParty:1030 - CMSIS Pack Vendor :STMicroelectronics X-CUBE-SMBUS 2.1.0
2024-04-18 14:00:54,295 [INFO] ThirdParty:1030 - CMSIS Pack Vendor :STMicroelectronics USB_DEVICE 3.0.0
2024-04-18 14:00:54,295 [INFO] ThirdParty:1030 - CMSIS Pack Vendor :STMicroelectronics X-CUBE-TCPP 4.1.0
2024-04-18 14:00:54,296 [INFO] ThirdParty:1030 - CMSIS Pack Vendor :STMicroelectronics X-CUBE-AZRTOS-WB 2.0.0
2024-04-18 14:00:54,296 [INFO] ThirdParty:1030 - CMSIS Pack Vendor :STMicroelectronics X-CUBE-TOUCHGFX 4.23.1
2024-04-18 14:00:54,296 [INFO] ThirdParty:1030 - CMSIS Pack Vendor :STMicroelectronics X-CUBE-TOUCHGFX 4.23.0
2024-04-18 14:00:54,296 [INFO] ThirdParty:1030 - CMSIS Pack Vendor :STMicroelectronics X-CUBE-TOUCHGFX 4.23.2
2024-04-18 14:00:54,296 [INFO] ThirdParty:1030 - CMSIS Pack Vendor :STMicroelectronics X-CUBE-AZRTOS-F7 1.1.0
2024-04-18 14:00:54,296 [INFO] ThirdParty:1030 - CMSIS Pack Vendor :STMicroelectronics X-CUBE-AZRTOS-L5 2.0.0
2024-04-18 14:00:54,296 [INFO] ThirdParty:1030 - CMSIS Pack Vendor :STMicroelectronics USB_DEVICE 2.0.0
2024-04-18 14:00:54,296 [INFO] ThirdParty:1030 - CMSIS Pack Vendor :STMicroelectronics X-CUBE-NFC6 3.1.0
2024-04-18 14:00:54,296 [INFO] ThirdParty:1030 - CMSIS Pack Vendor :ITTIA_DB I-CUBE-ITTIADB 8.8.0
2024-04-18 14:00:54,297 [INFO] ThirdParty:1030 - CMSIS Pack Vendor :STMicroelectronics FP-SNS-MOTENV1 4.3.2
2024-04-18 14:00:54,297 [INFO] ThirdParty:1030 - CMSIS Pack Vendor :STMicroelectronics X-CUBE-ALGOBUILD 1.3.0
2024-04-18 14:00:54,297 [INFO] ThirdParty:1030 - CMSIS Pack Vendor :STMicroelectronics FreeRTOS 0.0.1
2024-04-18 14:00:54,297 [INFO] ThirdParty:1030 - CMSIS Pack Vendor :STMicroelectronics X-CUBE-AZRTOS-G0 1.1.0
2024-04-18 14:00:54,297 [INFO] ThirdParty:1030 - CMSIS Pack Vendor :STMicroelectronics X-CUBE-SAFEA1 1.2.2
2024-04-18 14:00:54,297 [INFO] ThirdParty:1030 - CMSIS Pack Vendor :STMicroelectronics X-CUBE-NFC4 3.0.0
2024-04-18 14:00:54,297 [INFO] ThirdParty:1030 - CMSIS Pack Vendor :STMicroelectronics X-CUBE-SUBG2 5.0.0
2024-04-18 14:00:54,297 [INFO] ThirdParty:1030 - CMSIS Pack Vendor :STMicroelectronics STM32_WPAN 1.0.0
2024-04-18 14:00:54,297 [INFO] ThirdParty:1030 - CMSIS Pack Vendor :STMicroelectronics lwIP 2.0.3
2024-04-18 14:00:54,297 [INFO] ThirdParty:1030 - CMSIS Pack Vendor :STMicroelectronics FP-SNS-FLIGHT1 5.0.2
2024-04-18 14:00:54,298 [INFO] ThirdParty:1030 - CMSIS Pack Vendor :STMicroelectronics USB_HOST 1.0.0
2024-04-18 14:00:54,298 [INFO] ThirdParty:1030 - CMSIS Pack Vendor :STMicroelectronics X-CUBE-AZRTOS-G4 2.0.0
2024-04-18 14:00:54,298 [INFO] ThirdParty:1030 - CMSIS Pack Vendor :STMicroelectronics PDM2PCM 3.1.0
2024-04-18 14:00:54,298 [INFO] ThirdParty:1030 - CMSIS Pack Vendor :Infineon AIROC-Wi-Fi-Bluetooth-STM32 1.5.1
2024-04-18 14:00:54,298 [INFO] ThirdParty:1030 - CMSIS Pack Vendor :STMicroelectronics PDM2PCM 3.3.0
2024-04-18 14:00:54,298 [INFO] ThirdParty:1030 - CMSIS Pack Vendor :STMicroelectronics X-CUBE-DISPLAY 3.0.0
2024-04-18 14:00:54,298 [INFO] ThirdParty:1030 - CMSIS Pack Vendor :STMicroelectronics X-CUBE-BLE1 7.0.0
2024-04-18 14:00:54,298 [INFO] ThirdParty:1030 - CMSIS Pack Vendor :STMicroelectronics FP-ATR-SIGFOX1 3.2.0
2024-04-18 14:00:54,298 [INFO] ThirdParty:1030 - CMSIS Pack Vendor :STMicroelectronics HAL Drivers 0.0.0
2024-04-18 14:00:54,299 [INFO] ThirdParty:1030 - CMSIS Pack Vendor :STMicroelectronics MBEDTLS 2.16.2
2024-04-18 14:00:54,299 [INFO] ThirdParty:1030 - CMSIS Pack Vendor :emotas I-CUBE-CANOPEN 1.3.0
2024-04-18 14:00:54,299 [INFO] ThirdParty:1030 - CMSIS Pack Vendor :STMicroelectronics X-CUBE-MEMS1 10.0.0
2024-04-18 14:00:54,299 [INFO] ThirdParty:1030 - CMSIS Pack Vendor :STMicroelectronics X-CUBE-FREERTOS 1.1.0
2024-04-18 14:00:54,299 [INFO] ThirdParty:1030 - CMSIS Pack Vendor :STMicroelectronics X-CUBE-NFC7 1.0.1
2024-04-18 14:00:54,299 [INFO] ThirdParty:1030 - CMSIS Pack Vendor :STMicroelectronics MBEDTLS 2.14.1
2024-04-18 14:00:54,299 [INFO] ThirdParty:1030 - CMSIS Pack Vendor :STMicroelectronics X-CUBE-NFC6 3.0.0
2024-04-18 14:00:54,299 [INFO] ThirdParty:1030 - CMSIS Pack Vendor :portGmbH I-Cube-SoM-uGOAL 1.1.0
2024-04-18 14:00:54,299 [INFO] ThirdParty:1030 - CMSIS Pack Vendor :STMicroelectronics X-CUBE-ALS 1.0.1
2024-04-18 14:00:54,300 [INFO] ThirdParty:1030 - CMSIS Pack Vendor :STMicroelectronics ThreadX 1.0.0
2024-04-18 14:00:54,300 [INFO] ThirdParty:1030 - CMSIS Pack Vendor :STMicroelectronics FP-SNS-SMARTAG2 1.2.0
2024-04-18 14:00:54,300 [INFO] ThirdParty:1030 - CMSIS Pack Vendor :STMicroelectronics X-CUBE-AZRTOS-WL 2.0.0
2024-04-18 14:00:54,300 [INFO] ThirdParty:1030 - CMSIS Pack Vendor :SEGGER I-CUBE-embOS 1.3.1
2024-04-18 14:00:54,300 [INFO] ThirdParty:1030 - CMSIS Pack Vendor :STMicroelectronics FP-SNS-MOTENV1 5.0.0
2024-04-18 14:00:54,300 [INFO] ThirdParty:1030 - CMSIS Pack Vendor :STMicroelectronics USB_DEVICE 1.0.0
2024-04-18 14:00:54,300 [INFO] ThirdParty:1030 - CMSIS Pack Vendor :STMicroelectronics X-CUBE-AI 8.1.0
2024-04-18 14:00:54,300 [INFO] ThirdParty:1030 - CMSIS Pack Vendor :STMicroelectronics X-CUBE-AZRTOS-L4 2.0.0
2024-04-18 14:00:54,300 [INFO] ThirdParty:1030 - CMSIS Pack Vendor :STMicroelectronics ThreadX 0.0.2
2024-04-18 14:00:54,301 [INFO] ThirdParty:1030 - CMSIS Pack Vendor :WES I-CUBE-Cesium 1.3.0
2024-04-18 14:00:54,301 [INFO] ThirdParty:1030 - CMSIS Pack Vendor :STMicroelectronics FP-ATR-ASTRA1 2.0.0
2024-04-18 14:00:54,301 [INFO] ThirdParty:1030 - CMSIS Pack Vendor :STMicroelectronics lwIP 2.1.2
2024-04-18 14:00:54,301 [INFO] ThirdParty:1030 - CMSIS Pack Vendor :STMicroelectronics X-CUBE-SFXS2LP1 4.0.0
2024-04-18 14:00:54,301 [INFO] ThirdParty:1030 - CMSIS Pack Vendor :STMicroelectronics X-CUBE-BLE2 3.3.0
2024-04-18 14:00:54,301 [INFO] ThirdParty:1030 - CMSIS Pack Vendor :STMicroelectronics PDM2PCM 3.2.0
2024-04-18 14:00:54,301 [INFO] ThirdParty:841 - exiting critical section [change project]
2024-04-18 14:00:55,191 [INFO] PinOutPanel:1499 - setPackage(No Configuration,No Configuration)
2024-04-18 14:00:55,194 [INFO] PinOutPanel:1499 - setPackage(STM32L053C8Tx,LQFP48)
2024-04-18 14:00:56,316 [INFO] UtilMem:75 - Before build in PCC Used Memory: 594195448 Bytes (1073741824)
2024-04-18 14:00:58,799 [INFO] UtilMem:75 - After build in PCC Used Memory: 692239352 Bytes (1073741824)
2024-04-18 14:00:58,884 [INFO] IPUIPlugin:80 - create IPUIPlugin
2024-04-18 14:00:58,886 [INFO] IPUIPlugin:80 - create IPUIPlugin
2024-04-18 14:00:58,886 [INFO] IPUIPlugin:80 - create IPUIPlugin
2024-04-18 14:00:58,887 [INFO] IPUIPlugin:80 - create IPUIPlugin
2024-04-18 14:00:58,888 [INFO] IPUIPlugin:80 - create IPUIPlugin
2024-04-18 14:00:58,888 [INFO] IPUIPlugin:80 - create IPUIPlugin
2024-04-18 14:00:58,889 [INFO] IPUIPlugin:80 - create IPUIPlugin
2024-04-18 14:00:58,890 [INFO] IPUIPlugin:80 - create IPUIPlugin
2024-04-18 14:00:58,890 [INFO] IPUIPlugin:80 - create IPUIPlugin
2024-04-18 14:00:58,891 [INFO] IPUIPlugin:80 - create IPUIPlugin
2024-04-18 14:00:58,891 [INFO] IPUIPlugin:80 - create IPUIPlugin
2024-04-18 14:00:58,891 [INFO] IPUIPlugin:80 - create IPUIPlugin
2024-04-18 14:00:58,892 [INFO] IPUIPlugin:80 - create IPUIPlugin
2024-04-18 14:00:58,892 [INFO] IPUIPlugin:80 - create IPUIPlugin
2024-04-18 14:00:58,893 [INFO] IPUIPlugin:80 - create IPUIPlugin
2024-04-18 14:00:58,894 [INFO] IPUIPlugin:80 - create IPUIPlugin
2024-04-18 14:00:58,894 [INFO] IPUIPlugin:80 - create IPUIPlugin
2024-04-18 14:00:58,895 [INFO] IPUIPlugin:80 - create IPUIPlugin
2024-04-18 14:00:58,896 [INFO] IPUIPlugin:80 - create IPUIPlugin
2024-04-18 14:00:58,896 [INFO] IPUIPlugin:80 - create IPUIPlugin
2024-04-18 14:00:58,896 [INFO] IPUIPlugin:80 - create IPUIPlugin
2024-04-18 14:00:58,897 [INFO] IPUIPlugin:80 - create IPUIPlugin
2024-04-18 14:00:58,897 [INFO] IPUIPlugin:80 - create IPUIPlugin
2024-04-18 14:00:58,898 [INFO] IPUIPlugin:80 - create IPUIPlugin
2024-04-18 14:00:58,898 [INFO] IPUIPlugin:80 - create IPUIPlugin
2024-04-18 14:00:58,898 [INFO] IPUIPlugin:80 - create IPUIPlugin
2024-04-18 14:00:58,899 [INFO] IPUIPlugin:80 - create IPUIPlugin
2024-04-18 14:00:58,900 [INFO] IPUIPlugin:80 - create IPUIPlugin
2024-04-18 14:00:58,900 [INFO] IPUIPlugin:80 - create IPUIPlugin
2024-04-18 14:00:58,901 [INFO] IPUIPlugin:80 - create IPUIPlugin
2024-04-18 14:00:58,902 [INFO] IPUIPlugin:80 - create IPUIPlugin
2024-04-18 14:00:58,903 [INFO] IPUIPlugin:80 - create IPUIPlugin
2024-04-18 14:00:58,905 [INFO] IPUIPlugin:80 - create IPUIPlugin
2024-04-18 14:00:58,906 [INFO] IPUIPlugin:80 - create IPUIPlugin
2024-04-18 14:00:59,421 [INFO] CADModel:165 - CPN selected for project levelSTM32L053C8T6
2024-04-18 14:00:59,421 [INFO] CADModel:114 - Register for checkConnection events
2024-04-18 14:00:59,507 [INFO] OpenFileManager:343 - Restore cursor
2024-04-18 14:04:47,950 [INFO] MainUpdater:2873 - connection check result : 10
2024-04-18 14:04:47,950 [INFO] MainUpdater:2873 - connection check result : 10
2024-04-18 14:04:48,442 [INFO] MicroXplorer:468 - Change Database Path : 
2024-04-18 14:04:48,443 [INFO] MicroXplorer:498 - Change Database Version : DB.6.0.100
2024-04-18 14:04:48,453 [ERROR] ProjectManagerView:394 - 
java.lang.NullPointerException: Cannot invoke "javax.swing.JTextField.getText()" because the return value of "java.util.List.get(int)" is null
	at com.st.microxplorer.plugins.projectmanager.gui.ProjectChoiceTab$10.caretUpdate(ProjectChoiceTab.java:2493) ~[filemanager.jar:?]
	at javax.swing.text.JTextComponent.fireCaretUpdate(JTextComponent.java:412) ~[?:?]
	at javax.swing.text.JTextComponent$MutableCaretEvent.fire(JTextComponent.java:4491) ~[?:?]
	at javax.swing.text.JTextComponent$MutableCaretEvent.stateChanged(JTextComponent.java:4513) ~[?:?]
	at javax.swing.text.DefaultCaret.fireStateChanged(DefaultCaret.java:842) ~[?:?]
	at javax.swing.text.DefaultCaret.changeCaretPosition(DefaultCaret.java:1313) ~[?:?]
	at javax.swing.text.DefaultCaret.handleSetDot(DefaultCaret.java:1212) ~[?:?]
	at javax.swing.text.DefaultCaret.setDot(DefaultCaret.java:1193) ~[?:?]
	at javax.swing.text.DefaultCaret$Handler.insertUpdate(DefaultCaret.java:1789) ~[?:?]
	at javax.swing.text.AbstractDocument.fireInsertUpdate(AbstractDocument.java:226) ~[?:?]
	at javax.swing.text.AbstractDocument.handleInsertString(AbstractDocument.java:780) ~[?:?]
	at javax.swing.text.AbstractDocument.insertString(AbstractDocument.java:739) ~[?:?]
	at javax.swing.text.PlainDocument.insertString(PlainDocument.java:131) ~[?:?]
	at javax.swing.text.AbstractDocument.replace(AbstractDocument.java:698) ~[?:?]
	at javax.swing.text.JTextComponent.setText(JTextComponent.java:1729) ~[?:?]
	at com.st.microxplorer.plugins.projectmanager.gui.ProjectChoiceTab.createHeapStackFields(ProjectChoiceTab.java:933) ~[filemanager.jar:?]
	at com.st.microxplorer.plugins.projectmanager.gui.ProjectChoiceTab.buildLinkSettingsPanel(ProjectChoiceTab.java:3426) ~[filemanager.jar:?]
	at com.st.microxplorer.plugins.projectmanager.gui.ProjectChoiceTab.defineWindowsFields(ProjectChoiceTab.java:1813) ~[filemanager.jar:?]
	at com.st.microxplorer.plugins.projectmanager.gui.ProjectChoiceTab.updateSettings(ProjectChoiceTab.java:533) ~[filemanager.jar:?]
	at com.st.microxplorer.plugins.projectmanager.gui.ProjectSettingsPanel.UpdateDialog(ProjectSettingsPanel.java:244) ~[filemanager.jar:?]
	at com.st.microxplorer.plugins.projectmanager.ProjectManagerView.propertyChange(ProjectManagerView.java:391) ~[filemanager.jar:?]
	at java.beans.PropertyChangeSupport.fire(PropertyChangeSupport.java:343) ~[?:?]
	at java.beans.PropertyChangeSupport.firePropertyChange(PropertyChangeSupport.java:335) ~[?:?]
	at java.beans.PropertyChangeSupport.firePropertyChange(PropertyChangeSupport.java:268) ~[?:?]
	at com.st.microxplorer.util.MXPropertyChangeSupport.firePropertyChange(MXPropertyChangeSupport.java:54) ~[STM32CubeMX.jar:?]
	at com.st.microxplorer.mxsystem.MxSystem.closeConfig(MxSystem.java:900) ~[STM32CubeMX.jar:?]
	at com.st.microxplorer.maingui.MainPanel.closeConfig(MainPanel.java:776) ~[STM32CubeMX.jar:?]
	at com.st.microxplorer.plugins.filemanager.engine.OpenFileManager.loadConfigurationFile(OpenFileManager.java:245) ~[filemanager.jar:?]
	at com.st.microxplorer.plugins.filemanager.engine.MainFileManager.userLoadConfig(MainFileManager.java:290) ~[filemanager.jar:?]
	at com.st.microxplorer.plugins.filemanager.FileManagerView.getSpecificTask(FileManagerView.java:247) ~[filemanager.jar:?]
	at com.st.stm32cube.common.mx.editor.CubeMxEditor.getMxTabbedPaneInstance(CubeMxEditor.java:1184) ~[com.st.stm32cube.common.mx_6.10.0.202311202037/:?]
	at com.st.stm32cube.common.mx.editor.CubeMxEditor$12$1.createSwingComponent(CubeMxEditor.java:1065) ~[com.st.stm32cube.common.mx_6.10.0.202311202037/:?]
	at com.st.stm32cube.common.mx.oss.core.awtswtbridge.EmbeddedSwingComposite.doComponentCreation(EmbeddedSwingComposite.java:492) ~[com.st.stm32cube.common.mx.oss_6.10.0.202311202037/:?]
	at com.st.stm32cube.common.mx.oss.core.awtswtbridge.EmbeddedSwingComposite$4.run(EmbeddedSwingComposite.java:291) ~[com.st.stm32cube.common.mx.oss_6.10.0.202311202037/:?]
	at com.st.stm32cube.common.mx.oss.core.awtswtbridge.AwtEnvironment$2.run(AwtEnvironment.java:166) ~[com.st.stm32cube.common.mx.oss_6.10.0.202311202037/:?]
	at java.awt.event.InvocationEvent.dispatch(InvocationEvent.java:318) ~[?:?]
	at java.awt.EventQueue.dispatchEventImpl(EventQueue.java:773) ~[?:?]
	at java.awt.EventQueue$4.run(EventQueue.java:720) ~[?:?]
	at java.awt.EventQueue$4.run(EventQueue.java:714) ~[?:?]
	at java.security.AccessController.doPrivileged(AccessController.java:399) ~[?:?]
	at java.security.ProtectionDomain$JavaSecurityAccessImpl.doIntersectionPrivilege(ProtectionDomain.java:86) ~[?:?]
	at java.awt.EventQueue.dispatchEvent(EventQueue.java:742) ~[?:?]
	at java.awt.EventDispatchThread.pumpOneEventForFilters(EventDispatchThread.java:203) ~[?:?]
	at java.awt.EventDispatchThread.pumpEventsForFilter(EventDispatchThread.java:124) ~[?:?]
	at java.awt.EventDispatchThread.pumpEventsForHierarchy(EventDispatchThread.java:113) ~[?:?]
	at java.awt.EventDispatchThread.pumpEvents(EventDispatchThread.java:109) ~[?:?]
	at java.awt.EventDispatchThread.pumpEvents(EventDispatchThread.java:101) ~[?:?]
	at java.awt.EventDispatchThread.run(EventDispatchThread.java:90) ~[?:?]
2024-04-18 14:04:48,466 [WARN] ThirdParty:871 - waiting for thirdparty lock release [close project]
2024-04-18 14:04:48,466 [INFO] ThirdParty:873 - entering critical section [close project]
2024-04-18 14:04:48,466 [INFO] ThirdParty:883 - exiting critical section [close project]
2024-04-18 14:04:48,468 [INFO] PinOutPanel:1499 - setPackage(No Configuration,No Configuration)
2024-04-18 14:04:48,480 [INFO] UtilMem:75 - Begin LoadConfig() Used Memory: 812190160 Bytes (1073741824)
2024-04-18 14:04:48,481 [INFO] MicroXplorer:468 - Change Database Path : 
2024-04-18 14:04:48,481 [INFO] MicroXplorer:498 - Change Database Version : DB.6.0.100
2024-04-18 14:04:48,481 [INFO] OpenFileManager:312 - Change cursor
2024-04-18 14:04:48,492 [INFO] Mcu:2016 - Initializing MCU STM32L053C(6-8)Tx STM32L053C8Tx STM32L053C8T6
2024-04-18 14:04:49,322 [INFO] Context:659 - Trying to add GPIOservice into a context  which must be forbidden
2024-04-18 14:04:49,624 [INFO] RtosManager:555 - Registered RTOS mode: class=CMSIS, group=RTOS, mode=CMSIS_V1, owner=FREERTOS
2024-04-18 14:04:49,625 [INFO] RtosManager:555 - Registered RTOS mode: class=CMSIS, group=RTOS2, mode=CMSIS_V2, owner=FREERTOS
2024-04-18 14:04:49,625 [INFO] RtosManager:555 - Registered RTOS mode: class=RTOS, group=Core, mode=CMSIS_V1, owner=FREERTOS
2024-04-18 14:04:49,625 [INFO] RtosManager:555 - Registered RTOS mode: class=RTOS, group=Core, mode=CMSIS_V2, owner=FREERTOS
2024-04-18 14:04:49,625 [WARN] ModelIntegratedComponent:184 - Missing modes for component STMicroelectronics:FreeRTOS:0.0.1:STMicroelectronics:RTOS:FreeRTOS:Core:::10.2.0:
2024-04-18 14:04:49,634 [WARN] ModelIntegratedComponent:63 - No mode defined for component null
2024-04-18 14:04:49,635 [WARN] ModelIntegratedComponent:63 - No mode defined for component null
2024-04-18 14:04:49,635 [WARN] ModelIntegratedComponent:63 - No mode defined for component null
2024-04-18 14:04:49,635 [WARN] ModelIntegratedComponent:63 - No mode defined for component null
2024-04-18 14:04:49,635 [WARN] ModelIntegratedComponent:63 - No mode defined for component null
2024-04-18 14:04:49,635 [WARN] ModelIntegratedComponent:63 - No mode defined for component null
2024-04-18 14:04:49,635 [WARN] ModelIntegratedComponent:63 - No mode defined for component null
2024-04-18 14:04:49,635 [WARN] ModelIntegratedComponent:63 - No mode defined for component null
2024-04-18 14:04:49,635 [WARN] ModelIntegratedComponent:63 - No mode defined for component null
2024-04-18 14:04:49,635 [WARN] ModelIntegratedComponent:63 - No mode defined for component null
2024-04-18 14:04:49,635 [WARN] ModelIntegratedComponent:63 - No mode defined for component null
2024-04-18 14:04:49,635 [WARN] ModelIntegratedComponent:63 - No mode defined for component null
2024-04-18 14:04:49,635 [WARN] ModelIntegratedComponent:63 - No mode defined for component null
2024-04-18 14:04:49,635 [WARN] ModelIntegratedComponent:63 - No mode defined for component null
2024-04-18 14:04:49,635 [WARN] ModelIntegratedComponent:63 - No mode defined for component null
2024-04-18 14:04:49,635 [WARN] ModelIntegratedComponent:63 - No mode defined for component null
2024-04-18 14:04:49,636 [WARN] ModelIntegratedComponent:63 - No mode defined for component null
2024-04-18 14:04:49,636 [WARN] ModelIntegratedComponent:63 - No mode defined for component null
2024-04-18 14:04:49,636 [WARN] ModelIntegratedComponent:63 - No mode defined for component null
2024-04-18 14:04:49,636 [WARN] ModelIntegratedComponent:63 - No mode defined for component null
2024-04-18 14:04:49,636 [WARN] ModelIntegratedComponent:63 - No mode defined for component null
2024-04-18 14:04:49,636 [WARN] ModelIntegratedComponent:63 - No mode defined for component null
2024-04-18 14:04:49,636 [WARN] ModelIntegratedComponent:63 - No mode defined for component null
2024-04-18 14:04:49,636 [WARN] ModelIntegratedComponent:63 - No mode defined for component null
2024-04-18 14:04:49,636 [WARN] ModelIntegratedComponent:63 - No mode defined for component null
2024-04-18 14:04:49,636 [WARN] ModelIntegratedComponent:63 - No mode defined for component null
2024-04-18 14:04:49,636 [WARN] ModelIntegratedComponent:63 - No mode defined for component null
2024-04-18 14:04:49,636 [WARN] ModelIntegratedComponent:63 - No mode defined for component null
2024-04-18 14:04:49,636 [WARN] ModelIntegratedComponent:63 - No mode defined for component null
2024-04-18 14:04:49,636 [WARN] ModelIntegratedComponent:63 - No mode defined for component null
2024-04-18 14:04:49,636 [WARN] ModelIntegratedComponent:63 - No mode defined for component null
2024-04-18 14:04:49,636 [WARN] ModelIntegratedComponent:63 - No mode defined for component null
2024-04-18 14:04:49,637 [WARN] ModelIntegratedComponent:63 - No mode defined for component null
2024-04-18 14:04:49,729 [INFO] ThirdPartyModel:298 - Start build external matchings
2024-04-18 14:04:49,961 [INFO] ThirdPartyModel:316 - End build external matchings
2024-04-18 14:04:50,131 [INFO] ApiDb:668 - CubeFinder database Data Model version=2.1
2024-04-18 14:04:50,131 [INFO] ApiDb:669 - CubeFinder database Configuration version=3.0.39
2024-04-18 14:04:50,131 [INFO] ApiDb:670 - CubeFinder database generation date=2024-03-25 (1711369621)
2024-04-18 14:04:50,131 [INFO] ApiDb:671 - CubeFinder database FW Pack versions=[FP-ATR-ASTRA1_V2.0.0, FP-SNS-FLIGHT1_V5.0.1, FP-SNS-FLIGHT1_V5.0.2, FP-SNS-MOTENV1_V4.3.1, FP-SNS-MOTENV1_V4.3.2, FP-SNS-MOTENVWB1_V1.3.1, FP-SNS-SMARTAG2_V1.2.0, STM32Cube_FW_C0_V1.1.0, STM32Cube_FW_F4_V1.28.0, STM32Cube_FW_F7_V1.17.0, STM32Cube_FW_G0_V1.6.2, STM32Cube_FW_G4_V1.5.2, STM32Cube_FW_H5_V0.5.1, STM32Cube_FW_H5_V1.1.1, STM32Cube_FW_H5_V1.2.0, STM32Cube_FW_H5_V1.2.0RC4, STM32Cube_FW_H7RS_V1.0.0, STM32Cube_FW_H7RS_V1.0.0RC4, STM32Cube_FW_H7_V1.11.0, STM32Cube_FW_L0_V1.12.2, STM32Cube_FW_L5_V1.5.1, STM32Cube_FW_U0_V1.0.0, STM32Cube_FW_U0_V1.0.0RC1, STM32Cube_FW_U5_V1.3.0RC4, STM32Cube_FW_U5_V1.5.0, STM32Cube_FW_U5_V1.5.0RC1, STM32Cube_FW_WBA_V1.0.0RC1, STM32Cube_FW_WBA_V1.2.0, STM32Cube_FW_WBA_V1.2.0RC2, STM32Cube_FW_WBA_V1.3.0, STM32Cube_FW_WBA_V1.3.0RC1, STM32Cube_FW_WB_V1.15.0RC1, STM32Cube_FW_WB_V1.16.0, STM32Cube_FW_WB_V1.16.0RC2, STM32Cube_FW_WB_V1.18.0, STM32Cube_FW_WB_V1.19.0, STM32Cube_FW_WL_V1.3.0, X-CUBE-ALGOBUILD_V1.3.0, X-CUBE-ALS_V1.0.1, X-CUBE-AZRTOS-F4_V1.1.0, X-CUBE-AZRTOS-F7_V1.1.0, X-CUBE-AZRTOS-G0_V1.1.0, X-CUBE-AZRTOS-G4_V2.0.0, X-CUBE-AZRTOS-H7_V3.2.0, X-CUBE-AZRTOS-L4_V1.0.0, X-CUBE-AZRTOS-L4_V2.0.0, X-CUBE-AZRTOS-L5_V1.1.0, X-CUBE-AZRTOS-WB_V2.0.0, X-CUBE-AZRTOS-WL_V2.0.0, X-CUBE-BLE1_V7.0.0, X-CUBE-BLE2_V3.3.0, X-CUBE-BLEMGR_V3.1.0, X-CUBE-EEPRMA1_V4.1.0, X-CUBE-EEPRMA1_V5.1.0, X-CUBE-FREERTOS_V1.1.0, X-CUBE-GNSS1_V6.0.0, X-CUBE-MEMS1_V10.0.0, X-CUBE-MEMS1_V9.1.0, X-CUBE-MEMS1_V9.4.0, X-CUBE-MEMS1_V9.6.0, X-CUBE-NFC4_V3.0.0, X-CUBE-NFC7_V1.0.1, X-CUBE-SFXS2LP1_V4.0.0, X-CUBE-SUBG2_V5.0.0, X-CUBE-TOF1_V3.4.0]
2024-04-18 14:04:50,216 [INFO] DbBoardsSqlite:226 - include board P-NUCLEO-WB55-NUCLEO as a kit item of type 'Nucleo-64'
2024-04-18 14:04:50,216 [INFO] DbBoardsSqlite:226 - include board P-NUCLEO-WB55-USBDONGLE as a kit item of type 'Nucleo USB Dongle'
2024-04-18 14:04:50,216 [INFO] DbBoardsSqlite:226 - include board STEVAL-IDP005V1 as a kit item of type 'Evaluation Board'
2024-04-18 14:04:50,217 [INFO] DbBoardsSqlite:226 - include board STEVAL-IDP005V2 as a kit item of type 'Evaluation Board'
2024-04-18 14:04:50,294 [INFO] ApiDb:240 - Found 371 in-development CPN: [B-G473E-ZEST1S, B-WB1M-WPAN1, B-WL5M-SUBG1, NUCLEO-C031C6, NUCLEO-H503RB, NUCLEO-H563ZI, NUCLEO-U545RE-Q, NUCLEO-U5A5ZJ-Q, NUCLEO-WBA52CG, NUCLEO-WBA55CG, STEVAL-MKBOXPRO, STEVAL-PROTEUS1, STEVAL-STWINBX1, STM320518-EVAL, STM32C0116-DK, STM32C011D6Y3TR, STM32C011D6Y6TR, STM32C011F4P3, STM32C011F4P6, STM32C011F4U3, STM32C011F4U6TR, STM32C011F6P3, STM32C011F6P6, STM32C011F6U3, STM32C011F6U6TR, STM32C011J4M3, STM32C011J4M6, STM32C011J6M3, STM32C011J6M6, STM32C0316-DK, STM32C031C4T3, STM32C031C4T6, STM32C031C4U3, STM32C031C4U6, STM32C031C6T3, STM32C031C6T6, STM32C031C6U3, STM32C031C6U6, STM32C031F4P3, STM32C031F4P6, STM32C031F6P3, STM32C031F6P6, STM32C031G4U3, STM32C031G4U6, STM32C031G6U3, STM32C031G6U6, STM32C031K4T3, STM32C031K4T6, STM32C031K4U3, STM32C031K4U6, STM32C031K6T3, STM32C031K6T6, STM32C031K6U3, STM32C031K6U6, STM32G071K8TXN, STM32G071K8UXN, STM32G081GBU6N, STM32G081KBT6N, STM32G081KBUXN, STM32G0B1CCT6N, STM32G0B1KCT6, STM32G0B1NEY6TR, STM32G0B1RCT6N, STM32G0C1CCT6, STM32G0C1CCT6N, STM32G0C1CCU6N, STM32G0C1CET6N, STM32G0C1CEU6N, STM32G0C1KCT6, STM32G0C1NEY6TR, STM32G0C1RCI6N, STM32G0C1RCT6N, STM32G0C1REI6N, STM32G0C1RET6N, STM32G0C1VCI6, STM32G0C1VEI6, STM32G471CCT6, STM32G471CCU6, STM32G471CET3, STM32G471CET6, STM32G471CEU3, STM32G471CEU6, STM32G471MCT6, STM32G471MET3, STM32G471MET6, STM32G471MEY6TR, STM32G471QCT6, STM32G471QET3, STM32G471RCT6, STM32G471RET3, STM32G471RET6, STM32G471VCH6, STM32G471VCI6, STM32G471VCT6, STM32G471VEH3, STM32G471VEH6, STM32G471VEI3, STM32G471VEI6, STM32G471VET3, STM32G471VET6, STM32G474CCT6, STM32H503CBT6, STM32H503CBU6, STM32H503EBY6TR, STM32H503KBU6, STM32H503RBT6, STM32H562AGI6, STM32H562AII6, STM32H562IGK6, STM32H562IGT6, STM32H562IIK6, STM32H562IIT6, STM32H562RGT6, STM32H562RGV6, STM32H562RIT6, STM32H562RIV6, STM32H562VGT6, STM32H562VIT6, STM32H562ZGT6, STM32H562ZIT6, STM32H563AGI6, STM32H563AII3Q, STM32H563AII6, STM32H563IGK6, STM32H563IGT6, STM32H563IIK3Q, STM32H563IIK6, STM32H563IIT3Q, STM32H563IIT6, STM32H563MIY3QTR, STM32H563RGT6, STM32H563RGV6, STM32H563RIT6, STM32H563RIV6, STM32H563VGT6, STM32H563VIT3Q, STM32H563VIT6, STM32H563ZGT6, STM32H563ZIT3Q, STM32H563ZIT6, STM32H573AII3Q, STM32H573AII6, STM32H573I-DK, STM32H573IIK3Q, STM32H573IIK6, STM32H573IIT3Q, STM32H573IIT6, STM32H573MIY3QTR, STM32H573RIT6, STM32H573RIV6, STM32H573VIT3Q, STM32H573VIT6, STM32H573ZIT3Q, STM32H573ZIT6, STM32L4R5QGI6STR, STM32MP131AAE3, STM32MP131AAF3, STM32MP131AAG3, STM32MP131CAE3, STM32MP131CAF3, STM32MP131CAG3, STM32MP131DAE7, STM32MP131DAF7, STM32MP131DAG7, STM32MP131FAE7, STM32MP131FAF7, STM32MP131FAG7, STM32MP133AAE3, STM32MP133AAF3, STM32MP133AAG3, STM32MP133CAE3, STM32MP133CAF3, STM32MP133CAG3, STM32MP133DAE7, STM32MP133DAF7, STM32MP133DAG7, STM32MP133FAE7, STM32MP133FAF7, STM32MP133FAG7, STM32MP135AAE3, STM32MP135AAF3, STM32MP135AAG3, STM32MP135CAE3, STM32MP135CAF3, STM32MP135CAG3, STM32MP135DAE7, STM32MP135DAF7, STM32MP135DAG7, STM32MP135F-DK, STM32MP135FAE7, STM32MP135FAF7, STM32MP135FAF7T, STM32MP135FAF7U, STM32MP135FAG7, STM32U535CBT6, STM32U535CBT6Q, STM32U535CBU6, STM32U535CBU6Q, STM32U535CCT6, STM32U535CCT6Q, STM32U535CCU6, STM32U535CCU6Q, STM32U535CET6, STM32U535CET6Q, STM32U535CEU6, STM32U535CEU6Q, STM32U535JEY6QTR, STM32U535NCY6QTR, STM32U535NEY6QTR, STM32U535RBI6, STM32U535RBI6Q, STM32U535RBT6, STM32U535RBT6Q, STM32U535RCI6, STM32U535RCI6Q, STM32U535RCT6, STM32U535RCT6Q, STM32U535REI6, STM32U535REI6Q, STM32U535RET6, STM32U535RET6Q, STM32U535VCI6, STM32U535VCI6Q, STM32U535VCT6, STM32U535VCT6Q, STM32U535VEI6, STM32U535VEI6Q, STM32U535VET6, STM32U535VET6Q, STM32U545CET6, STM32U545CET6Q, STM32U545CEU6, STM32U545CEU6Q, STM32U545JEY6QTR, STM32U545NEY6QTR, STM32U545REI6, STM32U545REI6Q, STM32U545RET6, STM32U545RET6Q, STM32U545VEI6, STM32U545VEI6Q, STM32U545VET6, STM32U545VET6Q, STM32U595AIH6, STM32U595AIH6Q, STM32U595AJH6, STM32U595AJH6Q, STM32U595QII6, STM32U595QII6Q, STM32U595QJI6, STM32U595QJI6Q, STM32U595RIT6, STM32U595RIT6Q, STM32U595RJT6, STM32U595RJT6Q, STM32U595VIT6, STM32U595VIT6Q, STM32U595VJT6, STM32U595VJT6Q, STM32U595ZIT6, STM32U595ZIT6Q, STM32U595ZIY6QTR, STM32U595ZJT6, STM32U595ZJT6Q, STM32U595ZJY6QTR, STM32U599BJY6QTR, STM32U599NIH6Q, STM32U599NJH6Q, STM32U599VIT6Q, STM32U599VJT6, STM32U599VJT6Q, STM32U599ZIT6Q, STM32U599ZIY6QTR, STM32U599ZJT6Q, STM32U599ZJY6QTR, STM32U5A5AJH6, STM32U5A5AJH6Q, STM32U5A5QJI6, STM32U5A5QJI6Q, STM32U5A5RJT6, STM32U5A5RJT6Q, STM32U5A5VJT6, STM32U5A5VJT6Q, STM32U5A5ZJT6, STM32U5A5ZJT6Q, STM32U5A5ZJY6QTR, STM32U5A9BJY6QTR, STM32U5A9J-DK, STM32U5A9NJH6Q, STM32U5A9VJT6Q, STM32U5A9ZJT6Q, STM32U5A9ZJY6QTR, STM32U5F7VIT6, STM32U5F7VIT6Q, STM32U5F7VJT6, STM32U5F7VJT6Q, STM32U5F9BJY6QTR, STM32U5F9NJH6Q, STM32U5F9VIT6Q, STM32U5F9VJT6Q, STM32U5F9ZIJ6QTR, STM32U5F9ZIT6Q, STM32U5F9ZJJ6QTR, STM32U5F9ZJT6Q, STM32U5G7VJT6, STM32U5G7VJT6Q, STM32U5G9BJY6QTR, STM32U5G9J-DK1, STM32U5G9J-DK2, STM32U5G9NJH6Q, STM32U5G9VJT6Q, STM32U5G9ZJJ6QTR, STM32U5G9ZJT6Q, STM32WB1MMCH6, STM32WBA50KEU6, STM32WBA50KEU6TR, STM32WBA50KGU6, STM32WBA50KGU6TR, STM32WBA52CEU6, STM32WBA52CEU6TR, STM32WBA52CEU7, STM32WBA52CEU7TR, STM32WBA52CGU6, STM32WBA52CGU6TR, STM32WBA52CGU6U, STM32WBA52CGU7, STM32WBA52CGU7TR, STM32WBA52KEU6, STM32WBA52KEU6TR, STM32WBA52KGU6, STM32WBA52KGU6TR, STM32WBA54CEU6, STM32WBA54CEU6TR, STM32WBA54CEU7, STM32WBA54CEU7TR, STM32WBA54CGU6, STM32WBA54CGU6TR, STM32WBA54CGU7, STM32WBA54CGU7TR, STM32WBA54KEU6, STM32WBA54KEU6TR, STM32WBA54KEU7, STM32WBA54KEU7TR, STM32WBA54KGU6, STM32WBA54KGU6TR, STM32WBA54KGU7, STM32WBA54KGU7TR, STM32WBA55CEU6, STM32WBA55CEU6TR, STM32WBA55CEU7, STM32WBA55CEU7TR, STM32WBA55CGU6, STM32WBA55CGU6TR, STM32WBA55CGU6U, STM32WBA55CGU7, STM32WBA55CGU7TR, STM32WBA55G-DK1, STM32WBA55HEF6, STM32WBA55HEF7, STM32WBA55HGF6, STM32WBA55HGF7, STM32WBA55UEI6, STM32WBA55UEI6TR, STM32WBA55UEI7, STM32WBA55UEI7TR, STM32WBA55UGI6, STM32WBA55UGI6TR, STM32WBA55UGI7, STM32WBA55UGI7TR, STM32WL5MOCH6, STM32WL5MOCH6TR]
2024-04-18 14:04:50,490 [INFO] BoardInfo:889 - No configuration file found for board NUCLEO-H7S3L8
2024-04-18 14:04:50,491 [INFO] DbBoards:161 - Board is not supported: NUCLEO-H7S3L8
2024-04-18 14:04:50,522 [INFO] BoardInfo:889 - No configuration file found for board NUCLEO-U031R8
2024-04-18 14:04:50,523 [INFO] DbBoards:161 - Board is not supported: NUCLEO-U031R8
2024-04-18 14:04:50,526 [INFO] BoardInfo:889 - No configuration file found for board NUCLEO-U083RC
2024-04-18 14:04:50,526 [INFO] DbBoards:161 - Board is not supported: NUCLEO-U083RC
2024-04-18 14:04:50,546 [INFO] BoardInfo:889 - No configuration file found for board P-NUCLEO-WB55
2024-04-18 14:04:50,546 [INFO] DbBoards:161 - Kit is not supported: P-NUCLEO-WB55
2024-04-18 14:04:50,553 [INFO] BoardInfo:889 - No configuration file found for board STEVAL-BFA001V1B
2024-04-18 14:04:50,553 [INFO] DbBoards:161 - Kit is not supported: STEVAL-BFA001V1B
2024-04-18 14:04:50,554 [INFO] BoardInfo:889 - No configuration file found for board STEVAL-BFA001V2B
2024-04-18 14:04:50,555 [INFO] DbBoards:161 - Kit is not supported: STEVAL-BFA001V2B
2024-04-18 14:04:50,720 [INFO] BoardInfo:889 - No configuration file found for board STM32H7S78-DK
2024-04-18 14:04:50,720 [INFO] DbBoards:161 - Board is not supported: STM32H7S78-DK
2024-04-18 14:04:50,752 [INFO] BoardInfo:889 - No configuration file found for board STM32U083C-DK
2024-04-18 14:04:50,753 [INFO] DbBoards:161 - Board is not supported: STM32U083C-DK
2024-04-18 14:04:50,763 [INFO] DbBoards:168 - Found 198 boards, 190 are supported
2024-04-18 14:04:50,763 [INFO] DbBoards:169 - Found 198 boards, 3 of them is supported for  Bsp
2024-04-18 14:04:50,770 [INFO] ApiDb:423 - Load user favorites file C:\Users\shiba/.stm32cubeide/favorites.boards.txt: 1 item(s)
2024-04-18 14:04:50,771 [INFO] ApiDb:427 - User favorites Boards=[STM32L0538-DISCO]
2024-04-18 14:04:50,771 [INFO] DbBoards:198 - Set 1 / 1 favorites Boards
2024-04-18 14:04:50,833 [INFO] UtilMem:75 - End LoadConfig() Used Memory: 653472024 Bytes (1073741824)
2024-04-18 14:04:50,887 [INFO] MicroXplorer:468 - Change Database Path : 
2024-04-18 14:04:50,887 [INFO] MicroXplorer:498 - Change Database Version : DB.6.0.100
2024-04-18 14:04:50,888 [WARN] ThirdParty:833 - waiting for thirdparty lock release [change project]
2024-04-18 14:04:50,888 [INFO] ThirdParty:835 - entering critical section [change project]
2024-04-18 14:04:50,888 [INFO] ThirdParty:1030 - CMSIS Pack Vendor :STMicroelectronics USBPD 4.1
2024-04-18 14:04:50,888 [INFO] ThirdParty:1030 - CMSIS Pack Vendor :STMicroelectronics X-CUBE-GNSS1 6.0.0
2024-04-18 14:04:50,888 [INFO] ThirdParty:1030 - CMSIS Pack Vendor :STMicroelectronics USB_HOST 2.0.0
2024-04-18 14:04:50,888 [INFO] ThirdParty:1030 - CMSIS Pack Vendor :STMicroelectronics X-CUBE-AZRTOS-F4 1.1.0
2024-04-18 14:04:50,888 [INFO] ThirdParty:1030 - CMSIS Pack Vendor :STMicroelectronics LIBJPEG 8.0.0
2024-04-18 14:04:50,889 [INFO] ThirdParty:1030 - CMSIS Pack Vendor :STMicroelectronics X-CUBE-SMBUS 2.1.0
2024-04-18 14:04:50,889 [INFO] ThirdParty:1030 - CMSIS Pack Vendor :STMicroelectronics USB_DEVICE 3.0.0
2024-04-18 14:04:50,889 [INFO] ThirdParty:1030 - CMSIS Pack Vendor :STMicroelectronics X-CUBE-TCPP 4.1.0
2024-04-18 14:04:50,889 [INFO] ThirdParty:1030 - CMSIS Pack Vendor :STMicroelectronics X-CUBE-AZRTOS-WB 2.0.0
2024-04-18 14:04:50,889 [INFO] ThirdParty:1030 - CMSIS Pack Vendor :STMicroelectronics X-CUBE-TOUCHGFX 4.23.1
2024-04-18 14:04:50,889 [INFO] ThirdParty:1030 - CMSIS Pack Vendor :STMicroelectronics X-CUBE-TOUCHGFX 4.23.0
2024-04-18 14:04:50,889 [INFO] ThirdParty:1030 - CMSIS Pack Vendor :STMicroelectronics X-CUBE-TOUCHGFX 4.23.2
2024-04-18 14:04:50,889 [INFO] ThirdParty:1030 - CMSIS Pack Vendor :STMicroelectronics X-CUBE-AZRTOS-F7 1.1.0
2024-04-18 14:04:50,889 [INFO] ThirdParty:1030 - CMSIS Pack Vendor :STMicroelectronics X-CUBE-AZRTOS-L5 2.0.0
2024-04-18 14:04:50,889 [INFO] ThirdParty:1030 - CMSIS Pack Vendor :STMicroelectronics USB_DEVICE 2.0.0
2024-04-18 14:04:50,890 [INFO] ThirdParty:1030 - CMSIS Pack Vendor :STMicroelectronics X-CUBE-NFC6 3.1.0
2024-04-18 14:04:50,890 [INFO] ThirdParty:1030 - CMSIS Pack Vendor :ITTIA_DB I-CUBE-ITTIADB 8.8.0
2024-04-18 14:04:50,890 [INFO] ThirdParty:1030 - CMSIS Pack Vendor :STMicroelectronics FP-SNS-MOTENV1 4.3.2
2024-04-18 14:04:50,890 [INFO] ThirdParty:1030 - CMSIS Pack Vendor :STMicroelectronics X-CUBE-ALGOBUILD 1.3.0
2024-04-18 14:04:50,890 [INFO] ThirdParty:1030 - CMSIS Pack Vendor :STMicroelectronics FreeRTOS 0.0.1
2024-04-18 14:04:50,890 [INFO] ThirdParty:1030 - CMSIS Pack Vendor :STMicroelectronics X-CUBE-AZRTOS-G0 1.1.0
2024-04-18 14:04:50,890 [INFO] ThirdParty:1030 - CMSIS Pack Vendor :STMicroelectronics X-CUBE-SAFEA1 1.2.2
2024-04-18 14:04:50,890 [INFO] ThirdParty:1030 - CMSIS Pack Vendor :STMicroelectronics X-CUBE-NFC4 3.0.0
2024-04-18 14:04:50,890 [INFO] ThirdParty:1030 - CMSIS Pack Vendor :STMicroelectronics X-CUBE-SUBG2 5.0.0
2024-04-18 14:04:50,890 [INFO] ThirdParty:1030 - CMSIS Pack Vendor :STMicroelectronics STM32_WPAN 1.0.0
2024-04-18 14:04:50,890 [INFO] ThirdParty:1030 - CMSIS Pack Vendor :STMicroelectronics lwIP 2.0.3
2024-04-18 14:04:50,892 [INFO] ThirdParty:1030 - CMSIS Pack Vendor :STMicroelectronics FP-SNS-FLIGHT1 5.0.2
2024-04-18 14:04:50,892 [INFO] ThirdParty:1030 - CMSIS Pack Vendor :STMicroelectronics USB_HOST 1.0.0
2024-04-18 14:04:50,892 [INFO] ThirdParty:1030 - CMSIS Pack Vendor :STMicroelectronics X-CUBE-AZRTOS-G4 2.0.0
2024-04-18 14:04:50,892 [INFO] ThirdParty:1030 - CMSIS Pack Vendor :STMicroelectronics PDM2PCM 3.1.0
2024-04-18 14:04:50,892 [INFO] ThirdParty:1030 - CMSIS Pack Vendor :Infineon AIROC-Wi-Fi-Bluetooth-STM32 1.5.1
2024-04-18 14:04:50,892 [INFO] ThirdParty:1030 - CMSIS Pack Vendor :STMicroelectronics PDM2PCM 3.3.0
2024-04-18 14:04:50,892 [INFO] ThirdParty:1030 - CMSIS Pack Vendor :STMicroelectronics X-CUBE-DISPLAY 3.0.0
2024-04-18 14:04:50,892 [INFO] ThirdParty:1030 - CMSIS Pack Vendor :STMicroelectronics X-CUBE-BLE1 7.0.0
2024-04-18 14:04:50,892 [INFO] ThirdParty:1030 - CMSIS Pack Vendor :STMicroelectronics FP-ATR-SIGFOX1 3.2.0
2024-04-18 14:04:50,892 [INFO] ThirdParty:1030 - CMSIS Pack Vendor :STMicroelectronics HAL Drivers 0.0.0
2024-04-18 14:04:50,892 [INFO] ThirdParty:1030 - CMSIS Pack Vendor :STMicroelectronics MBEDTLS 2.16.2
2024-04-18 14:04:50,892 [INFO] ThirdParty:1030 - CMSIS Pack Vendor :emotas I-CUBE-CANOPEN 1.3.0
2024-04-18 14:04:50,892 [INFO] ThirdParty:1030 - CMSIS Pack Vendor :STMicroelectronics X-CUBE-MEMS1 10.0.0
2024-04-18 14:04:50,892 [INFO] ThirdParty:1030 - CMSIS Pack Vendor :STMicroelectronics X-CUBE-FREERTOS 1.1.0
2024-04-18 14:04:50,892 [INFO] ThirdParty:1030 - CMSIS Pack Vendor :STMicroelectronics X-CUBE-NFC7 1.0.1
2024-04-18 14:04:50,893 [INFO] ThirdParty:1030 - CMSIS Pack Vendor :STMicroelectronics MBEDTLS 2.14.1
2024-04-18 14:04:50,893 [INFO] ThirdParty:1030 - CMSIS Pack Vendor :STMicroelectronics X-CUBE-NFC6 3.0.0
2024-04-18 14:04:50,893 [INFO] ThirdParty:1030 - CMSIS Pack Vendor :portGmbH I-Cube-SoM-uGOAL 1.1.0
2024-04-18 14:04:50,893 [INFO] ThirdParty:1030 - CMSIS Pack Vendor :STMicroelectronics X-CUBE-ALS 1.0.1
2024-04-18 14:04:50,893 [INFO] ThirdParty:1030 - CMSIS Pack Vendor :STMicroelectronics ThreadX 1.0.0
2024-04-18 14:04:50,893 [INFO] ThirdParty:1030 - CMSIS Pack Vendor :STMicroelectronics FP-SNS-SMARTAG2 1.2.0
2024-04-18 14:04:50,893 [INFO] ThirdParty:1030 - CMSIS Pack Vendor :STMicroelectronics X-CUBE-AZRTOS-WL 2.0.0
2024-04-18 14:04:50,893 [INFO] ThirdParty:1030 - CMSIS Pack Vendor :SEGGER I-CUBE-embOS 1.3.1
2024-04-18 14:04:50,893 [INFO] ThirdParty:1030 - CMSIS Pack Vendor :STMicroelectronics FP-SNS-MOTENV1 5.0.0
2024-04-18 14:04:50,893 [INFO] ThirdParty:1030 - CMSIS Pack Vendor :STMicroelectronics USB_DEVICE 1.0.0
2024-04-18 14:04:50,894 [INFO] ThirdParty:1030 - CMSIS Pack Vendor :STMicroelectronics X-CUBE-AI 8.1.0
2024-04-18 14:04:50,894 [INFO] ThirdParty:1030 - CMSIS Pack Vendor :STMicroelectronics X-CUBE-AZRTOS-L4 2.0.0
2024-04-18 14:04:50,894 [INFO] ThirdParty:1030 - CMSIS Pack Vendor :STMicroelectronics ThreadX 0.0.2
2024-04-18 14:04:50,894 [INFO] ThirdParty:1030 - CMSIS Pack Vendor :WES I-CUBE-Cesium 1.3.0
2024-04-18 14:04:50,894 [INFO] ThirdParty:1030 - CMSIS Pack Vendor :STMicroelectronics FP-ATR-ASTRA1 2.0.0
2024-04-18 14:04:50,894 [INFO] ThirdParty:1030 - CMSIS Pack Vendor :STMicroelectronics lwIP 2.1.2
2024-04-18 14:04:50,894 [INFO] ThirdParty:1030 - CMSIS Pack Vendor :STMicroelectronics X-CUBE-SFXS2LP1 4.0.0
2024-04-18 14:04:50,894 [INFO] ThirdParty:1030 - CMSIS Pack Vendor :STMicroelectronics X-CUBE-BLE2 3.3.0
2024-04-18 14:04:50,894 [INFO] ThirdParty:1030 - CMSIS Pack Vendor :STMicroelectronics PDM2PCM 3.2.0
2024-04-18 14:04:50,894 [INFO] ThirdParty:841 - exiting critical section [change project]
2024-04-18 14:04:51,058 [INFO] PinOutPanel:1499 - setPackage(No Configuration,No Configuration)
2024-04-18 14:04:51,059 [INFO] PinOutPanel:1499 - setPackage(STM32L053C8Tx,LQFP48)
2024-04-18 14:04:51,278 [INFO] UtilMem:75 - Before build in PCC Used Memory: 628764000 Bytes (1073741824)
2024-04-18 14:04:51,656 [INFO] UtilMem:75 - After build in PCC Used Memory: 680665584 Bytes (1073741824)
2024-04-18 14:04:51,687 [INFO] IPUIPlugin:80 - create IPUIPlugin
2024-04-18 14:04:51,688 [INFO] IPUIPlugin:80 - create IPUIPlugin
2024-04-18 14:04:51,688 [INFO] IPUIPlugin:80 - create IPUIPlugin
2024-04-18 14:04:51,688 [INFO] IPUIPlugin:80 - create IPUIPlugin
2024-04-18 14:04:51,688 [INFO] IPUIPlugin:80 - create IPUIPlugin
2024-04-18 14:04:51,688 [INFO] IPUIPlugin:80 - create IPUIPlugin
2024-04-18 14:04:51,688 [INFO] IPUIPlugin:80 - create IPUIPlugin
2024-04-18 14:04:51,688 [INFO] IPUIPlugin:80 - create IPUIPlugin
2024-04-18 14:04:51,689 [INFO] IPUIPlugin:80 - create IPUIPlugin
2024-04-18 14:04:51,689 [INFO] IPUIPlugin:80 - create IPUIPlugin
2024-04-18 14:04:51,689 [INFO] IPUIPlugin:80 - create IPUIPlugin
2024-04-18 14:04:51,689 [INFO] IPUIPlugin:80 - create IPUIPlugin
2024-04-18 14:04:51,689 [INFO] IPUIPlugin:80 - create IPUIPlugin
2024-04-18 14:04:51,690 [INFO] IPUIPlugin:80 - create IPUIPlugin
2024-04-18 14:04:51,691 [INFO] IPUIPlugin:80 - create IPUIPlugin
2024-04-18 14:04:51,692 [INFO] IPUIPlugin:80 - create IPUIPlugin
2024-04-18 14:04:51,692 [INFO] IPUIPlugin:80 - create IPUIPlugin
2024-04-18 14:04:51,692 [INFO] IPUIPlugin:80 - create IPUIPlugin
2024-04-18 14:04:51,693 [INFO] IPUIPlugin:80 - create IPUIPlugin
2024-04-18 14:04:51,693 [INFO] IPUIPlugin:80 - create IPUIPlugin
2024-04-18 14:04:51,693 [INFO] IPUIPlugin:80 - create IPUIPlugin
2024-04-18 14:04:51,694 [INFO] IPUIPlugin:80 - create IPUIPlugin
2024-04-18 14:04:51,694 [INFO] IPUIPlugin:80 - create IPUIPlugin
2024-04-18 14:04:51,694 [INFO] IPUIPlugin:80 - create IPUIPlugin
2024-04-18 14:04:51,695 [INFO] IPUIPlugin:80 - create IPUIPlugin
2024-04-18 14:04:51,695 [INFO] IPUIPlugin:80 - create IPUIPlugin
2024-04-18 14:04:51,695 [INFO] IPUIPlugin:80 - create IPUIPlugin
2024-04-18 14:04:51,696 [INFO] IPUIPlugin:80 - create IPUIPlugin
2024-04-18 14:04:51,696 [INFO] IPUIPlugin:80 - create IPUIPlugin
2024-04-18 14:04:51,696 [INFO] IPUIPlugin:80 - create IPUIPlugin
2024-04-18 14:04:51,697 [INFO] IPUIPlugin:80 - create IPUIPlugin
2024-04-18 14:04:51,697 [INFO] IPUIPlugin:80 - create IPUIPlugin
2024-04-18 14:04:51,697 [INFO] IPUIPlugin:80 - create IPUIPlugin
2024-04-18 14:04:51,698 [INFO] IPUIPlugin:80 - create IPUIPlugin
2024-04-18 14:04:51,771 [INFO] CADModel:165 - CPN selected for project levelSTM32L053C8T6
2024-04-18 14:04:51,771 [INFO] CADModel:114 - Register for checkConnection events
2024-04-18 14:04:51,830 [INFO] OpenFileManager:343 - Restore cursor
2024-04-18 16:34:19,003 [ERROR] ConfigurationRetriever:142 - IOException on connection: sw-center.st.com
2024-04-18 16:34:19,004 [ERROR] ConfigurationRetriever:142 - IOException on connection: sw-center.st.com
2024-04-18 16:34:19,004 [ERROR] ConfigurationRetriever:142 - IOException on connection: sw-center.st.com
2024-04-18 17:35:26,916 [ERROR] LogOutputStream:75 - [STDERR_REDIRECT] 
