2024-04-19 09:56:04,103 [INFO] Activator:176 - 


2024-04-19 09:56:04,111 [INFO] Activator:177 - !SESSION log4j initialized
2024-04-19 09:56:17,422 [INFO] LogOutputStream:77 - [STDOUT_REDIRECT] 
2024-04-19 09:56:25,603 [INFO] ApplicationProperties:184 - Using Application install path: C:\ST\STM32CubeIDE_1.14.1\STM32CubeIDE\plugins\com.st.stm32cube.common.mx_6.10.0.202311202037
2024-04-19 09:56:25,652 [INFO] DbMcusXml:78 - Set database path to: C:\ST\STM32CubeIDE_1.14.1\STM32CubeIDE\plugins\com.st.stm32cube.common.mx_6.10.0.202311202037\\db\/mcu/
2024-04-19 09:56:25,652 [INFO] ApiDb:274 - Set plugin database path to: C:\ST\STM32CubeIDE_1.14.1\STM32CubeIDE\plugins\com.st.stm32cube.common.mx_6.10.0.202311202037\\db\/plugins/boardmanager/
2024-04-19 09:56:25,652 [WARN] ApiDb:259 - Overriding images path with different value:  => C:\ST\STM32CubeIDE_1.14.1\STM32CubeIDE\plugins\com.st.stm32cube.common.mx_6.10.0.202311202037\\db\/plugins/mcufinder/images/
2024-04-19 09:56:25,684 [INFO] ApiDb:250 - Set database path to: C:\Users\shiba\.stmcufinder\plugins\mcufinder//mcu/
2024-04-19 09:56:25,684 [INFO] DbMcusAds:125 - Set database path to: C:\Users\shiba\.stmcufinder\plugins\mcufinder//mcu/
2024-04-19 09:56:25,692 [INFO] CrossReferenceDbSqlite:203 - Set database path to: C:\Users\shiba\.stmcufinder\plugins\mcufinder//mcu/cs/
2024-04-19 09:56:25,997 [INFO] RulesReader:64 - Compatibility file has been processed (297 Rules)
2024-04-19 09:56:26,214 [INFO] DbMcusXml:78 - Set database path to: C:\ST\STM32CubeIDE_1.14.1\STM32CubeIDE\plugins\com.st.stm32cube.common.mx_6.10.0.202311202037\\db\/mcu/
2024-04-19 09:56:26,214 [INFO] ApiDb:274 - Set plugin database path to: C:\ST\STM32CubeIDE_1.14.1\STM32CubeIDE\plugins\com.st.stm32cube.common.mx_6.10.0.202311202037\\db\/plugins/boardmanager/
2024-04-19 09:56:26,214 [INFO] ApiDb:261 - Set plugin images path to: C:\ST\STM32CubeIDE_1.14.1\STM32CubeIDE\plugins\com.st.stm32cube.common.mx_6.10.0.202311202037\\db\/plugins/mcufinder/images/
2024-04-19 09:56:26,214 [WARN] DbFile:41 - Overriding database path with different value: C:\Users\shiba\.stmcufinder\plugins\mcufinder/ => C:\Users\shiba\.stmcufinder\plugins\mcufinder
2024-04-19 09:56:26,214 [INFO] ApiDb:250 - Set database path to: C:\Users\shiba\.stmcufinder\plugins\mcufinder//mcu/
2024-04-19 09:56:26,214 [WARN] DbFile:41 - Overriding database path with different value: C:\Users\shiba\.stmcufinder\plugins\mcufinder/ => C:\Users\shiba\.stmcufinder\plugins\mcufinder
2024-04-19 09:56:26,214 [INFO] DbMcusAds:125 - Set database path to: C:\Users\shiba\.stmcufinder\plugins\mcufinder//mcu/
2024-04-19 09:56:26,214 [WARN] DbFile:41 - Overriding database path with different value: C:\Users\shiba\.stmcufinder\plugins\mcufinder/ => C:\Users\shiba\.stmcufinder\plugins\mcufinder
2024-04-19 09:56:26,214 [WARN] DbFile:41 - Overriding database path with different value: C:\Users\shiba\.stmcufinder\plugins\mcufinder/ => C:\Users\shiba\.stmcufinder\plugins\mcufinder
2024-04-19 09:56:26,214 [INFO] CrossReferenceDbSqlite:203 - Set database path to: C:\Users\shiba\.stmcufinder\plugins\mcufinder//mcu/cs/
2024-04-19 09:56:26,422 [INFO] MainPanel:264 - HeapMemory: 268435456
2024-04-19 09:56:26,630 [INFO] DbMcusXml:78 - Set database path to: C:\ST\STM32CubeIDE_1.14.1\STM32CubeIDE\plugins\com.st.stm32cube.common.mx_6.10.0.202311202037\\db\/mcu/
2024-04-19 09:56:26,630 [INFO] ApiDb:274 - Set plugin database path to: C:\ST\STM32CubeIDE_1.14.1\STM32CubeIDE\plugins\com.st.stm32cube.common.mx_6.10.0.202311202037\\db\/plugins/boardmanager/
2024-04-19 09:56:26,630 [INFO] ApiDb:261 - Set plugin images path to: C:\ST\STM32CubeIDE_1.14.1\STM32CubeIDE\plugins\com.st.stm32cube.common.mx_6.10.0.202311202037\\db\/plugins/mcufinder/images/
2024-04-19 09:56:26,630 [WARN] DbFile:41 - Overriding database path with different value: C:\Users\shiba\.stmcufinder\plugins\mcufinder/ => C:\Users\shiba\.stmcufinder\plugins\mcufinder
2024-04-19 09:56:26,630 [INFO] ApiDb:250 - Set database path to: C:\Users\shiba\.stmcufinder\plugins\mcufinder//mcu/
2024-04-19 09:56:26,630 [WARN] DbFile:41 - Overriding database path with different value: C:\Users\shiba\.stmcufinder\plugins\mcufinder/ => C:\Users\shiba\.stmcufinder\plugins\mcufinder
2024-04-19 09:56:26,630 [INFO] DbMcusAds:125 - Set database path to: C:\Users\shiba\.stmcufinder\plugins\mcufinder//mcu/
2024-04-19 09:56:26,630 [WARN] DbFile:41 - Overriding database path with different value: C:\Users\shiba\.stmcufinder\plugins\mcufinder/ => C:\Users\shiba\.stmcufinder\plugins\mcufinder
2024-04-19 09:56:26,630 [WARN] DbFile:41 - Overriding database path with different value: C:\Users\shiba\.stmcufinder\plugins\mcufinder/ => C:\Users\shiba\.stmcufinder\plugins\mcufinder
2024-04-19 09:56:26,630 [INFO] CrossReferenceDbSqlite:203 - Set database path to: C:\Users\shiba\.stmcufinder\plugins\mcufinder//mcu/cs/
2024-04-19 09:56:26,687 [INFO] ApplicationProperties:184 - Using Application install path: C:\ST\STM32CubeIDE_1.14.1\STM32CubeIDE\plugins\com.st.stm32cube.common.mx_6.10.0.202311202037
2024-04-19 09:56:26,688 [INFO] PluginManage:196 - Search for loadable plugins [exclusion list=, ]
2024-04-19 09:56:26,688 [INFO] PluginManage:310 - Check plugin analytics
2024-04-19 09:56:32,137 [INFO] AnalyticsPlugin:253 - Accepted Software Licenses: STM32CubeMX.6.10.0
2024-04-19 09:56:32,145 [INFO] AnalyticsPlugin:255 - Accepted CMSIS Pack Licenses: 
2024-04-19 09:56:32,145 [INFO] AnalyticsPlugin:257 - Accepted Firmware Licenses: 
2024-04-19 09:56:32,145 [INFO] PluginManage:359 - Loaded plugin analytics (category:tool,tabindex:-1)
2024-04-19 09:56:32,145 [INFO] PluginManage:310 - Check plugin cadmodel
2024-04-19 09:56:32,177 [INFO] CADModel:105 - Init CAD model plugin
2024-04-19 09:56:32,177 [INFO] PluginManage:359 - Loaded plugin cadmodel (category:power,tabindex:5)
2024-04-19 09:56:32,177 [INFO] PluginManage:310 - Check plugin clock
2024-04-19 09:56:32,219 [INFO] PluginManage:359 - Loaded plugin clock (category:base,tabindex:2)
2024-04-19 09:56:32,219 [INFO] PluginManage:310 - Check plugin ddr
2024-04-19 09:56:32,225 [INFO] PluginManage:359 - Loaded plugin ddr (category:tool,tabindex:6)
2024-04-19 09:56:32,225 [INFO] PluginManage:310 - Check plugin filemanager
2024-04-19 09:56:32,588 [INFO] PluginManage:359 - Loaded plugin filemanager (category:base,tabindex:10)
2024-04-19 09:56:32,588 [INFO] PluginManage:310 - Check plugin ipmanager
2024-04-19 09:56:32,603 [INFO] PluginManage:359 - Loaded plugin ipmanager (category:base,tabindex:5)
2024-04-19 09:56:32,603 [INFO] PluginManage:310 - Check plugin lpbam
2024-04-19 09:56:32,653 [INFO] PluginManage:359 - Loaded plugin lpbam (category:base,tabindex:0)
2024-04-19 09:56:32,653 [INFO] PluginManage:310 - Check plugin memorymap
2024-04-19 09:56:32,702 [INFO] PluginManage:359 - Loaded plugin memorymap (category:base,tabindex:4)
2024-04-19 09:56:32,702 [INFO] PluginManage:310 - Check plugin pinoutandconfiguration
2024-04-19 09:56:32,732 [INFO] PluginManage:359 - Loaded plugin pinoutandconfiguration (category:base,tabindex:1)
2024-04-19 09:56:32,732 [INFO] PluginManage:310 - Check plugin pinoutconfig
2024-04-19 09:56:32,942 [WARN] SupportedApi:132 - Cannot load RTOS API schema: s4s-elt-must-match.1: The content of 'definitions' must match (annotation?, (simpleType | complexType)?, (unique | key | keyref)*)). A problem was found starting at: attribute.
2024-04-19 09:56:33,252 [INFO] PluginManage:359 - Loaded plugin pinoutconfig (category:base,tabindex:0)
2024-04-19 09:56:33,252 [INFO] PluginManage:310 - Check plugin power
2024-04-19 09:56:33,298 [INFO] PluginManage:359 - Loaded plugin power (category:power,tabindex:4)
2024-04-19 09:56:33,298 [INFO] PluginManage:310 - Check plugin projectmanager
2024-04-19 09:56:33,338 [INFO] PluginManage:359 - Loaded plugin projectmanager (category:projectmanager,tabindex:3)
2024-04-19 09:56:33,338 [INFO] PluginManage:310 - Check plugin thirdparty
2024-04-19 09:56:33,876 [INFO] PluginManage:359 - Loaded plugin thirdparty (category:base,tabindex:-1)
2024-04-19 09:56:33,876 [WARN] IntegrityCheckThread:84 - waiting for thirdparty lock release [integrity check]
2024-04-19 09:56:33,876 [INFO] PluginManage:310 - Check plugin tools
2024-04-19 09:56:33,876 [INFO] IntegrityCheckThread:86 - entering critical section [integrity check]
2024-04-19 09:56:33,876 [INFO] ThirdPartyUpdaterWithRetryManager:70 - Updater plugin not ready yet. [1/15]
2024-04-19 09:56:33,949 [INFO] PluginManage:359 - Loaded plugin tools (category:base,tabindex:7)
2024-04-19 09:56:33,949 [INFO] PluginManage:310 - Check plugin tutovideos
2024-04-19 09:56:34,423 [INFO] PluginManage:359 - Loaded plugin tutovideos (category:base,tabindex:-1)
2024-04-19 09:56:34,423 [INFO] PluginManage:310 - Check plugin updater
2024-04-19 09:56:34,447 [INFO] PluginManage:359 - Loaded plugin updater (category:base,tabindex:12)
2024-04-19 09:56:34,447 [INFO] PluginManage:310 - Check plugin userauth
2024-04-19 09:56:34,463 [INFO] UserAuth:114 - Init User Auth plugin
2024-04-19 09:56:34,463 [INFO] PluginManage:359 - Loaded plugin userauth (category:base,tabindex:14)
2024-04-19 09:56:34,463 [INFO] PluginManage:283 - PluginManage : Loaded plugins [17]
2024-04-19 09:56:34,992 [INFO] PinOutPanel:1499 - setPackage(No Configuration,No Configuration)
2024-04-19 09:56:35,194 [INFO] CADModel:165 - CPN selected for project level
2024-04-19 09:56:35,194 [INFO] CADModel:114 - Register for checkConnection events
2024-04-19 09:56:35,251 [INFO] IPUIPlugin:80 - create IPUIPlugin
2024-04-19 09:56:35,251 [INFO] PluginManager:220 - loadIPPluginJar : add adc
2024-04-19 09:56:35,331 [INFO] IPUIPlugin:80 - create IPUIPlugin
2024-04-19 09:56:35,331 [INFO] PluginManager:220 - loadIPPluginJar : add aes
2024-04-19 09:56:35,451 [INFO] IPUIPlugin:80 - create IPUIPlugin
2024-04-19 09:56:35,451 [INFO] PluginManager:220 - loadIPPluginJar : add can
2024-04-19 09:56:35,499 [INFO] IPUIPlugin:80 - create IPUIPlugin
2024-04-19 09:56:35,499 [INFO] PluginManager:220 - loadIPPluginJar : add comp
2024-04-19 09:56:35,580 [INFO] IPUIPlugin:80 - create IPUIPlugin
2024-04-19 09:56:35,580 [INFO] PluginManager:220 - loadIPPluginJar : add cryp
2024-04-19 09:56:35,652 [INFO] IPUIPlugin:80 - create IPUIPlugin
2024-04-19 09:56:35,652 [INFO] PluginManager:220 - loadIPPluginJar : add dfsdm
2024-04-19 09:56:35,684 [INFO] IPUIPlugin:80 - create IPUIPlugin
2024-04-19 09:56:35,684 [INFO] PluginManager:220 - loadIPPluginJar : add dma
2024-04-19 09:56:35,756 [INFO] IPUIPlugin:80 - create IPUIPlugin
2024-04-19 09:56:35,764 [INFO] PluginManager:220 - loadIPPluginJar : add dma3
2024-04-19 09:56:35,804 [INFO] IPUIPlugin:80 - create IPUIPlugin
2024-04-19 09:56:35,804 [INFO] PluginManager:220 - loadIPPluginJar : add fatfs
2024-04-19 09:56:35,901 [INFO] IPUIPlugin:80 - create IPUIPlugin
2024-04-19 09:56:35,901 [INFO] PluginManager:220 - loadIPPluginJar : add fmc
2024-04-19 09:56:35,932 [INFO] IPUIPlugin:80 - create IPUIPlugin
2024-04-19 09:56:35,932 [INFO] PluginManager:220 - loadIPPluginJar : add freertos
2024-04-19 09:56:35,957 [INFO] IPUIPlugin:80 - create IPUIPlugin
2024-04-19 09:56:35,957 [INFO] PluginManager:220 - loadIPPluginJar : add genericplugin
2024-04-19 09:56:36,142 [INFO] IPUIPlugin:80 - create IPUIPlugin
2024-04-19 09:56:36,142 [INFO] PluginManager:220 - loadIPPluginJar : add gfxmmu
2024-04-19 09:56:36,414 [INFO] IPUIPlugin:80 - create IPUIPlugin
2024-04-19 09:56:36,414 [INFO] PluginManager:220 - loadIPPluginJar : add gic
2024-04-19 09:56:36,446 [INFO] IPUIPlugin:80 - create IPUIPlugin
2024-04-19 09:56:36,446 [INFO] PluginManager:220 - loadIPPluginJar : add gpio
2024-04-19 09:56:36,631 [INFO] IPUIPlugin:80 - create IPUIPlugin
2024-04-19 09:56:36,631 [INFO] PluginManager:220 - loadIPPluginJar : add gtzc
2024-04-19 09:56:36,703 [INFO] IPUIPlugin:80 - create IPUIPlugin
2024-04-19 09:56:36,703 [INFO] PluginManager:220 - loadIPPluginJar : add hash
2024-04-19 09:56:36,808 [INFO] IPUIPlugin:80 - create IPUIPlugin
2024-04-19 09:56:36,808 [INFO] PluginManager:220 - loadIPPluginJar : add i2c
2024-04-19 09:56:36,892 [INFO] ThirdPartyUpdaterWithRetryManager:70 - Updater plugin not ready yet. [2/15]
2024-04-19 09:56:36,905 [INFO] IPUIPlugin:80 - create IPUIPlugin
2024-04-19 09:56:36,905 [INFO] PluginManager:220 - loadIPPluginJar : add i2s
2024-04-19 09:56:36,985 [INFO] IPUIPlugin:80 - create IPUIPlugin
2024-04-19 09:56:36,985 [INFO] PluginManager:220 - loadIPPluginJar : add i3c
2024-04-19 09:56:37,211 [INFO] IPUIPlugin:80 - create IPUIPlugin
2024-04-19 09:56:37,217 [INFO] PluginManager:220 - loadIPPluginJar : add ipddr
2024-04-19 09:56:37,394 [INFO] IPUIPlugin:80 - create IPUIPlugin
2024-04-19 09:56:37,394 [INFO] PluginManager:220 - loadIPPluginJar : add linkedlist
2024-04-19 09:56:37,466 [INFO] IPUIPlugin:80 - create IPUIPlugin
2024-04-19 09:56:37,466 [INFO] PluginManager:220 - loadIPPluginJar : add lorawan
2024-04-19 09:56:37,538 [INFO] IPUIPlugin:80 - create IPUIPlugin
2024-04-19 09:56:37,538 [INFO] PluginManager:220 - loadIPPluginJar : add ltdc
2024-04-19 09:56:37,570 [INFO] IPUIPlugin:80 - create IPUIPlugin
2024-04-19 09:56:37,570 [INFO] PluginManager:220 - loadIPPluginJar : add mdma
2024-04-19 09:56:37,595 [INFO] IPUIPlugin:80 - create IPUIPlugin
2024-04-19 09:56:37,595 [INFO] PluginManager:220 - loadIPPluginJar : add nvic
2024-04-19 09:56:37,667 [INFO] IPUIPlugin:80 - create IPUIPlugin
2024-04-19 09:56:37,667 [INFO] PluginManager:220 - loadIPPluginJar : add opamp
2024-04-19 09:56:37,795 [INFO] IPUIPlugin:80 - create IPUIPlugin
2024-04-19 09:56:37,795 [INFO] PluginManager:220 - loadIPPluginJar : add openamp
2024-04-19 09:56:37,885 [INFO] IPUIPlugin:80 - create IPUIPlugin
2024-04-19 09:56:37,885 [INFO] PluginManager:220 - loadIPPluginJar : add pdm2pcm
2024-04-19 09:56:37,907 [INFO] IPUIPlugin:80 - create IPUIPlugin
2024-04-19 09:56:37,915 [INFO] PluginManager:220 - loadIPPluginJar : add plateformsettings
2024-04-19 09:56:37,955 [INFO] IPUIPlugin:80 - create IPUIPlugin
2024-04-19 09:56:37,955 [INFO] PluginManager:220 - loadIPPluginJar : add quadspi
2024-04-19 09:56:37,979 [INFO] IPUIPlugin:80 - create IPUIPlugin
2024-04-19 09:56:37,979 [INFO] PluginManager:220 - loadIPPluginJar : add resmgrutility
2024-04-19 09:56:38,083 [INFO] IPUIPlugin:80 - create IPUIPlugin
2024-04-19 09:56:38,083 [INFO] PluginManager:220 - loadIPPluginJar : add sai
2024-04-19 09:56:38,163 [INFO] IPUIPlugin:80 - create IPUIPlugin
2024-04-19 09:56:38,163 [INFO] PluginManager:220 - loadIPPluginJar : add spi
2024-04-19 09:56:38,347 [INFO] IPUIPlugin:80 - create IPUIPlugin
2024-04-19 09:56:38,347 [INFO] PluginManager:220 - loadIPPluginJar : add stm32_wpan
2024-04-19 09:56:38,387 [INFO] IPUIPlugin:80 - create IPUIPlugin
2024-04-19 09:56:38,387 [INFO] PluginManager:220 - loadIPPluginJar : add tim
2024-04-19 09:56:38,508 [INFO] IPUIPlugin:80 - create IPUIPlugin
2024-04-19 09:56:38,508 [INFO] PluginManager:220 - loadIPPluginJar : add touchsensing
2024-04-19 09:56:38,556 [INFO] IPUIPlugin:80 - create IPUIPlugin
2024-04-19 09:56:38,556 [INFO] PluginManager:220 - loadIPPluginJar : add tracer_emb
2024-04-19 09:56:38,597 [INFO] IPUIPlugin:80 - create IPUIPlugin
2024-04-19 09:56:38,597 [INFO] PluginManager:220 - loadIPPluginJar : add ts
2024-04-19 09:56:38,645 [INFO] IPUIPlugin:80 - create IPUIPlugin
2024-04-19 09:56:38,645 [INFO] PluginManager:220 - loadIPPluginJar : add tsc
2024-04-19 09:56:38,709 [INFO] IPUIPlugin:80 - create IPUIPlugin
2024-04-19 09:56:38,709 [INFO] PluginManager:220 - loadIPPluginJar : add ucpd
2024-04-19 09:56:38,813 [INFO] IPUIPlugin:80 - create IPUIPlugin
2024-04-19 09:56:38,813 [INFO] PluginManager:220 - loadIPPluginJar : add usart
2024-04-19 09:56:38,941 [INFO] IPUIPlugin:80 - create IPUIPlugin
2024-04-19 09:56:38,941 [INFO] PluginManager:220 - loadIPPluginJar : add usbx
2024-04-19 09:56:39,152 [INFO] CADModel:165 - CPN selected for project level
2024-04-19 09:56:39,152 [INFO] CADModel:114 - Register for checkConnection events
2024-04-19 09:56:39,160 [FATAL] Updater:308 - Updater called before beeing initialized
2024-04-19 09:56:39,160 [ERROR] CADModel:125 - Updater not yet initialized, retry later 
2024-04-19 09:56:39,505 [INFO] CADModel:165 - CPN selected for project level
2024-04-19 09:56:39,505 [INFO] CADModel:114 - Register for checkConnection events
2024-04-19 09:56:39,505 [FATAL] Updater:308 - Updater called before beeing initialized
2024-04-19 09:56:39,505 [ERROR] CADModel:125 - Updater not yet initialized, retry later 
2024-04-19 09:56:39,513 [FATAL] Updater:308 - Updater called before beeing initialized
2024-04-19 09:56:39,785 [FATAL] Updater:308 - Updater called before beeing initialized
2024-04-19 09:56:39,802 [INFO] DbMcusAds:53 - JSON generation date=Wed Nov 29 16:22:27 IST 2023 (1701255147349)
2024-04-19 09:56:39,802 [FATAL] Updater:308 - Updater called before beeing initialized
2024-04-19 09:56:39,906 [INFO] ThirdPartyUpdaterWithRetryManager:70 - Updater plugin not ready yet. [3/15]
2024-04-19 09:56:39,962 [WARN] DetailPanel:346 - Failed to get advertising image, set to default
2024-04-19 09:56:40,171 [FATAL] Updater:308 - Updater called before beeing initialized
2024-04-19 09:56:40,179 [FATAL] Updater:308 - Updater called before beeing initialized
2024-04-19 09:56:40,179 [FATAL] Updater:308 - Updater called before beeing initialized
2024-04-19 09:56:40,179 [WARN] DetailPanel:346 - Failed to get advertising image, set to default
2024-04-19 09:56:40,179 [FATAL] Updater:308 - Updater called before beeing initialized
2024-04-19 09:56:40,323 [ERROR] Updater:1120 - MainUpdater not yet initialized. External WinMGr cannot be set.
2024-04-19 09:56:40,339 [INFO] Updater:1056 - Updater Version found : 6.10.0
2024-04-19 09:56:40,379 [INFO] ApplicationProperties:184 - Using Application install path: C:\ST\STM32CubeIDE_1.14.1\STM32CubeIDE\plugins\com.st.stm32cube.common.mx_6.10.0.202311202037
2024-04-19 09:56:42,048 [ERROR] LogOutputStream:75 - [STDERR_REDIRECT] Apr 19, 2024 9:56:42 AM java.util.prefs.WindowsPreferences <init>
2024-04-19 09:56:42,056 [ERROR] LogOutputStream:75 - [STDERR_REDIRECT] WARNING: Could not open/create prefs root node Software\JavaSoft\Prefs at root 0xffffffff80000002. Windows RegCreateKeyEx(...) returned error code 5.
2024-04-19 09:56:42,056 [ERROR] LogOutputStream:75 - [STDERR_REDIRECT] 
2024-04-19 09:56:42,766 [INFO] MainUpdater:2873 - connection check result : 10
2024-04-19 09:56:42,766 [INFO] MainUpdater:3567 - Updater definition file requires update
2024-04-19 09:56:42,766 [INFO] MainUpdater:290 - Updater Check For Update Now.
2024-04-19 09:56:42,766 [INFO] MicroXplorer:498 - Change Database Version : DB.6.0.100
2024-04-19 09:56:42,795 [INFO] McuFinderGlobals:63 - Set McuFinder mode to 2 (CubeIDE integrated)
2024-04-19 09:56:42,915 [WARN] MainUpdater:1194 - Updater busy. Cannot search thirdparties
2024-04-19 09:56:42,915 [INFO] ThirdPartyUpdaterWithRetryManager:96 - Updater plugin is busy. [1/15]
2024-04-19 09:56:42,948 [INFO] ServerAccessManage:473 - Download File updaters.zip
2024-04-19 09:56:43,324 [INFO] UserAuth:404 - Internet connection configuration mode: 1
2024-04-19 09:56:43,372 [INFO] JxBrowserEngine:152 - Initiate JxBrowser Engine with user profile folder
2024-04-19 09:56:43,445 [INFO] FileExtend:240 - Unzip File : updaters.zip
2024-04-19 09:56:43,453 [INFO] FileExtend:255 - Standard Zip Deflate
2024-04-19 09:56:44,455 [INFO] ServerAccessManage:473 - Download File PacksControlFlags.xml
2024-04-19 09:56:44,713 [INFO] ServerAccessManage:473 - Download File cubemx.pidx
2024-04-19 09:56:45,660 [INFO] ServerAccessManage:473 - Download File STMicroelectronics.FP-SNS-MOTENVWB1.pdsc
2024-04-19 09:56:45,929 [WARN] MainUpdater:1194 - Updater busy. Cannot search thirdparties
2024-04-19 09:56:45,929 [INFO] ThirdPartyUpdaterWithRetryManager:96 - Updater plugin is busy. [2/15]
2024-04-19 09:56:46,581 [INFO] ServerAccessManage:473 - Download File STMicroelectronics.X-CUBE-AI.pdsc
2024-04-19 09:56:48,945 [WARN] MainUpdater:1194 - Updater busy. Cannot search thirdparties
2024-04-19 09:56:48,946 [INFO] ThirdPartyUpdaterWithRetryManager:96 - Updater plugin is busy. [3/15]
2024-04-19 09:56:49,738 [INFO] ServerAccessManage:473 - Download File STMicroelectronics.X-CUBE-AZRTOS-H7RS.pdsc
2024-04-19 09:56:49,841 [INFO] WebApp:161 - Instantiating new browser for Auth
2024-04-19 09:56:50,857 [INFO] WebApp:780 - Register for checkConnection events
2024-04-19 09:56:50,857 [INFO] WebApp:414 - Apply proxy settings
2024-04-19 09:56:50,857 [INFO] WebApp:499 - Chromium requires no authentication
2024-04-19 09:56:50,881 [INFO] WebApp:442 - Direct internet connection detected
2024-04-19 09:56:51,325 [INFO] WebApp:192 - Starting web application
2024-04-19 09:56:51,325 [INFO] WebApp:544 - Web application path used C:\ST\STM32CubeIDE_1.14.1\STM32CubeIDE\plugins\com.st.stm32cube.common.mx_6.10.0.202311202037\db\plugins\mcufinder\reactClient1\index.html
2024-04-19 09:56:51,730 [WARN] PackLoader:240 - Cannot read IP mode file for STMicroelectronics.FP-SNS-MOTENVWB1.1.4.0
2024-04-19 09:56:51,738 [WARN] PackLoader:240 - Cannot read IP mode file for STMicroelectronics.X-CUBE-AI.9.0.0
2024-04-19 09:56:51,819 [WARN] PackLoader:240 - Cannot read IP mode file for STMicroelectronics.X-CUBE-AZRTOS-H7RS.1.0.0
2024-04-19 09:56:51,835 [INFO] PopulateThirdPartyThread:66 - Ending populate Thread
2024-04-19 09:56:51,849 [INFO] ThirdParty:1030 - CMSIS Pack Vendor :STMicroelectronics FP-SNS-MOTENVWB1 1.4.0
2024-04-19 09:56:51,860 [INFO] ThirdParty:1030 - CMSIS Pack Vendor :STMicroelectronics X-CUBE-AI 9.0.0
2024-04-19 09:56:51,860 [INFO] ThirdParty:1030 - CMSIS Pack Vendor :STMicroelectronics X-CUBE-AZRTOS-H7RS 1.0.0
2024-04-19 09:56:51,860 [INFO] LoadServerUpdatesThread:375 - End of LoadServerUpdate Thread
2024-04-19 09:56:51,949 [WARN] MainUpdater:1194 - Updater busy. Cannot search thirdparties
2024-04-19 09:56:51,949 [INFO] ThirdPartyUpdaterWithRetryManager:96 - Updater plugin is busy. [4/15]
2024-04-19 09:56:52,031 [INFO] CheckServerUpdateThread:120 - End of CheckServer Thread
2024-04-19 09:56:55,369 [WARN] PackLoader:240 - Cannot read IP mode file for STMicroelectronics.FP-SNS-MOTENVWB1.1.4.0
2024-04-19 09:56:55,397 [WARN] PackLoader:240 - Cannot read IP mode file for STMicroelectronics.X-CUBE-SMBUS.2.1.0
2024-04-19 09:56:55,415 [WARN] PackLoader:240 - Cannot read IP mode file for STMicroelectronics.X-CUBE-TOUCHGFX.4.23.1
2024-04-19 09:56:55,434 [WARN] PackLoader:240 - Cannot read IP mode file for STMicroelectronics.X-CUBE-TOUCHGFX.4.23.0
2024-04-19 09:56:55,445 [WARN] PackLoader:240 - Cannot read IP mode file for STMicroelectronics.X-CUBE-TOUCHGFX.4.23.2
2024-04-19 09:56:55,515 [WARN] PackLoader:240 - Cannot read IP mode file for STMicroelectronics.X-CUBE-AZRTOS-F7.1.1.0
2024-04-19 09:56:55,567 [WARN] PackLoader:240 - Cannot read IP mode file for STMicroelectronics.FP-SNS-MOTENV1.4.3.2
2024-04-19 09:56:55,581 [WARN] PackLoader:240 - Cannot read IP mode file for STMicroelectronics.FP-SNS-FLIGHT1.5.0.2
2024-04-19 09:56:55,614 [WARN] PackLoader:240 - Cannot read IP mode file for STMicroelectronics.X-CUBE-DISPLAY.3.0.0
2024-04-19 09:56:55,661 [WARN] PackLoader:240 - Cannot read IP mode file for STMicroelectronics.X-CUBE-BLE1.7.0.0
2024-04-19 09:56:55,685 [WARN] PackLoader:240 - Cannot read IP mode file for emotas.I-CUBE-CANOPEN.1.3.0
2024-04-19 09:56:55,715 [WARN] PackLoader:240 - Cannot read IP mode file for STMicroelectronics.FP-SNS-SMARTAG2.1.2.0
2024-04-19 09:56:55,764 [INFO] LogOutputStream:77 - [STDOUT_REDIRECT] 1 : Invalid condition id : UX_CORESTACK_Condition cause : null
2024-04-19 09:56:55,764 [INFO] LogOutputStream:77 - [STDOUT_REDIRECT] 1 : Invalid condition id : UX_CORESTACK_Condition cause : null
2024-04-19 09:56:55,767 [INFO] LogOutputStream:77 - [STDOUT_REDIRECT] 1 : Invalid condition id : UX_CORESTACK_Condition cause : null
2024-04-19 09:56:55,767 [INFO] LogOutputStream:77 - [STDOUT_REDIRECT] 1 : Invalid condition id : UX_CORESTACK_Condition cause : null
2024-04-19 09:56:55,778 [INFO] LogOutputStream:77 - [STDOUT_REDIRECT] 1 : Invalid condition id : UX_CORESTACK_Condition cause : null
2024-04-19 09:56:55,783 [WARN] PackLoader:240 - Cannot read IP mode file for STMicroelectronics.X-CUBE-AZRTOS-WL.2.0.0
2024-04-19 09:56:55,819 [WARN] PackLoader:240 - Cannot read IP mode file for STMicroelectronics.FP-SNS-MOTENV1.5.0.0
2024-04-19 09:56:55,848 [WARN] PackLoader:240 - Cannot read IP mode file for WES.I-CUBE-Cesium.1.3.0
2024-04-19 09:56:55,880 [WARN] PackLoader:240 - Cannot read IP mode file for STMicroelectronics.X-CUBE-BLE2.3.3.0
2024-04-19 09:56:55,913 [WARN] PackLoader:240 - Cannot read IP mode file for STMicroelectronics.X-CUBE-TCPP.4.1.0
2024-04-19 09:56:55,953 [WARN] PackLoader:240 - Cannot read IP mode file for STMicroelectronics.X-CUBE-ALGOBUILD.1.3.0
2024-04-19 09:56:56,018 [WARN] PackLoader:240 - Cannot read IP mode file for STMicroelectronics.X-CUBE-AZRTOS-G0.1.1.0
2024-04-19 09:56:56,067 [WARN] PackLoader:240 - Cannot read IP mode file for STMicroelectronics.X-CUBE-SAFEA1.1.2.2
2024-04-19 09:56:56,096 [WARN] PackLoader:240 - Cannot read IP mode file for STMicroelectronics.X-CUBE-NFC4.3.0.0
2024-04-19 09:56:56,113 [WARN] PackLoader:240 - Cannot read IP mode file for STMicroelectronics.FP-ATR-SIGFOX1.3.2.0
2024-04-19 09:56:56,197 [WARN] PackLoader:240 - Cannot read IP mode file for SEGGER.I-CUBE-embOS.1.3.1
2024-04-19 09:56:56,335 [WARN] PackLoader:240 - Cannot read IP mode file for STMicroelectronics.X-CUBE-GNSS1.6.0.0
2024-04-19 09:56:56,400 [WARN] PackLoader:240 - Cannot read IP mode file for STMicroelectronics.X-CUBE-AZRTOS-F4.1.1.0
2024-04-19 09:56:56,491 [WARN] PackLoader:240 - Cannot read IP mode file for STMicroelectronics.X-CUBE-AZRTOS-L5.2.0.0
2024-04-19 09:56:56,532 [WARN] PackLoader:240 - Cannot read IP mode file for STMicroelectronics.X-CUBE-NFC6.3.1.0
2024-04-19 09:56:56,564 [WARN] PackLoader:240 - Cannot read IP mode file for ITTIA_DB.I-CUBE-ITTIADB.8.8.0
2024-04-19 09:56:56,573 [WARN] PackLoader:240 - Cannot read IP mode file for STMicroelectronics.X-CUBE-AI.9.0.0
2024-04-19 09:56:56,597 [WARN] PackLoader:240 - Cannot read IP mode file for STMicroelectronics.X-CUBE-NFC7.1.0.1
2024-04-19 09:56:56,632 [WARN] PackLoader:240 - Cannot read IP mode file for STMicroelectronics.X-CUBE-NFC6.3.0.0
2024-04-19 09:56:56,664 [WARN] PackLoader:240 - Cannot read IP mode file for STMicroelectronics.X-CUBE-AI.8.1.0
2024-04-19 09:56:56,737 [WARN] ConditionMgr:438 - getConditionDescription Invalid condition id : LAN8742 Phy interface Condition cause : null
2024-04-19 09:56:56,745 [WARN] PackLoader:240 - Cannot read IP mode file for STMicroelectronics.X-CUBE-AZRTOS-L4.2.0.0
2024-04-19 09:56:56,745 [WARN] ConditionMgr:1039 - genDependencies : Invalid condition id : LAN8742 Phy interface Condition cause : null
2024-04-19 09:56:56,745 [WARN] ConditionMgr:1039 - genDependencies : Invalid condition id : LAN8742 Phy interface Condition cause : null
2024-04-19 09:56:56,745 [WARN] ConditionMgr:1039 - genDependencies : Invalid condition id : LAN8742 Phy interface Condition cause : null
2024-04-19 09:56:56,785 [WARN] PackLoader:240 - Cannot read IP mode file for STMicroelectronics.X-CUBE-SFXS2LP1.4.0.0
2024-04-19 09:56:56,841 [WARN] ConditionMgr:438 - getConditionDescription Invalid condition id : UX DEVICE CLASS RTOS Condition cause : null
2024-04-19 09:56:56,841 [WARN] ConditionMgr:438 - getConditionDescription Invalid condition id : UX DEVICE CLASS RTOS Condition cause : null
2024-04-19 09:56:56,849 [WARN] PackLoader:240 - Cannot read IP mode file for STMicroelectronics.X-CUBE-AZRTOS-WB.2.0.0
2024-04-19 09:56:56,849 [WARN] ConditionMgr:1039 - genDependencies : Invalid condition id : UX DEVICE CLASS RTOS Condition cause : null
2024-04-19 09:56:56,849 [WARN] ConditionMgr:1039 - genDependencies : Invalid condition id : UX DEVICE CLASS RTOS Condition cause : null
2024-04-19 09:56:56,849 [WARN] ConditionMgr:1039 - genDependencies : Invalid condition id : UX DEVICE CLASS RTOS Condition cause : null
2024-04-19 09:56:56,849 [WARN] ConditionMgr:1039 - genDependencies : Invalid condition id : UX DEVICE CLASS RTOS Condition cause : null
2024-04-19 09:56:56,849 [WARN] ConditionMgr:1039 - genDependencies : Invalid condition id : UX DEVICE CLASS RTOS Condition cause : null
2024-04-19 09:56:56,906 [WARN] PackLoader:240 - Cannot read IP mode file for STMicroelectronics.X-CUBE-SUBG2.5.0.0
2024-04-19 09:56:56,994 [WARN] PackLoader:240 - Cannot read IP mode file for STMicroelectronics.X-CUBE-AZRTOS-G4.2.0.0
2024-04-19 09:56:57,046 [WARN] PackLoader:240 - Cannot read IP mode file for Infineon.AIROC-Wi-Fi-Bluetooth-STM32.1.5.1
2024-04-19 09:56:57,083 [WARN] PackLoader:240 - Cannot read IP mode file for STMicroelectronics.FP-SNS-MOTENVWB1.1.3.1
2024-04-19 09:56:57,208 [WARN] PackLoader:240 - Cannot read IP mode file for STMicroelectronics.X-CUBE-MEMS1.10.0.0
2024-04-19 09:56:57,577 [WARN] PackLoader:240 - Cannot read IP mode file for STMicroelectronics.X-CUBE-FREERTOS.1.1.0
2024-04-19 09:56:57,618 [WARN] PackLoader:240 - Cannot read IP mode file for portGmbH.I-Cube-SoM-uGOAL.1.1.0
2024-04-19 09:56:57,644 [WARN] PackLoader:240 - Cannot read IP mode file for STMicroelectronics.X-CUBE-ALS.1.0.1
2024-04-19 09:56:57,683 [WARN] PackLoader:240 - Cannot read IP mode file for STMicroelectronics.X-CUBE-AZRTOS-H7RS.1.0.0
2024-04-19 09:56:57,698 [WARN] PackLoader:240 - Cannot read IP mode file for STMicroelectronics.FP-ATR-ASTRA1.2.0.0
2024-04-19 09:56:57,699 [INFO] ThirdParty:978 - Integrity check success = true
2024-04-19 09:56:57,699 [INFO] IntegrityCheckThread:100 - exiting critical section [integrity check]
2024-04-19 09:56:57,699 [INFO] IntegrityCheckThread:103 - End integrity checks thread
2024-04-19 09:57:13,489 [ERROR] LogOutputStream:75 - [STDERR_REDIRECT] SLF4J: Failed to load class "org.slf4j.impl.StaticLoggerBinder".
2024-04-19 09:57:13,489 [ERROR] LogOutputStream:75 - [STDERR_REDIRECT] SLF4J: Defaulting to no-operation (NOP) logger implementation
2024-04-19 09:57:13,493 [ERROR] LogOutputStream:75 - [STDERR_REDIRECT] SLF4J: See http://www.slf4j.org/codes.html#StaticLoggerBinder for further details.
2024-04-19 12:33:00,960 [ERROR] LogOutputStream:75 - [STDERR_REDIRECT] 
2024-04-19 12:33:00,963 [ERROR] LogOutputStream:75 - [STDERR_REDIRECT] 
