2024-03-30 09:29:47,816 [INFO] Activator:176 - 


2024-03-30 09:29:47,824 [INFO] Activator:177 - !SESSION log4j initialized
2024-03-30 09:29:52,666 [INFO] LogOutputStream:77 - [STDOUT_REDIRECT] 
2024-03-30 09:29:59,826 [INFO] ApplicationProperties:184 - Using Application install path: C:\ST\STM32CubeIDE_1.14.1\STM32CubeIDE\plugins\com.st.stm32cube.common.mx_6.10.0.202311202037
2024-03-30 09:29:59,849 [INFO] DbMcusXml:78 - Set database path to: C:\ST\STM32CubeIDE_1.14.1\STM32CubeIDE\plugins\com.st.stm32cube.common.mx_6.10.0.202311202037\\db\/mcu/
2024-03-30 09:29:59,849 [INFO] ApiDb:274 - Set plugin database path to: C:\ST\STM32CubeIDE_1.14.1\STM32CubeIDE\plugins\com.st.stm32cube.common.mx_6.10.0.202311202037\\db\/plugins/boardmanager/
2024-03-30 09:29:59,849 [WARN] ApiDb:259 - Overriding images path with different value:  => C:\ST\STM32CubeIDE_1.14.1\STM32CubeIDE\plugins\com.st.stm32cube.common.mx_6.10.0.202311202037\\db\/plugins/mcufinder/images/
2024-03-30 09:29:59,864 [INFO] ApiDb:250 - Set database path to: C:\Users\shiba\.stmcufinder\plugins\mcufinder//mcu/
2024-03-30 09:29:59,866 [INFO] DbMcusAds:125 - Set database path to: C:\Users\shiba\.stmcufinder\plugins\mcufinder//mcu/
2024-03-30 09:29:59,869 [INFO] CrossReferenceDbSqlite:203 - Set database path to: C:\Users\shiba\.stmcufinder\plugins\mcufinder//mcu/cs/
2024-03-30 09:30:00,002 [INFO] RulesReader:64 - Compatibility file has been processed (297 Rules)
2024-03-30 09:30:00,112 [INFO] DbMcusXml:78 - Set database path to: C:\ST\STM32CubeIDE_1.14.1\STM32CubeIDE\plugins\com.st.stm32cube.common.mx_6.10.0.202311202037\\db\/mcu/
2024-03-30 09:30:00,113 [INFO] ApiDb:274 - Set plugin database path to: C:\ST\STM32CubeIDE_1.14.1\STM32CubeIDE\plugins\com.st.stm32cube.common.mx_6.10.0.202311202037\\db\/plugins/boardmanager/
2024-03-30 09:30:00,113 [INFO] ApiDb:261 - Set plugin images path to: C:\ST\STM32CubeIDE_1.14.1\STM32CubeIDE\plugins\com.st.stm32cube.common.mx_6.10.0.202311202037\\db\/plugins/mcufinder/images/
2024-03-30 09:30:00,114 [WARN] DbFile:41 - Overriding database path with different value: C:\Users\shiba\.stmcufinder\plugins\mcufinder/ => C:\Users\shiba\.stmcufinder\plugins\mcufinder
2024-03-30 09:30:00,114 [INFO] ApiDb:250 - Set database path to: C:\Users\shiba\.stmcufinder\plugins\mcufinder//mcu/
2024-03-30 09:30:00,114 [WARN] DbFile:41 - Overriding database path with different value: C:\Users\shiba\.stmcufinder\plugins\mcufinder/ => C:\Users\shiba\.stmcufinder\plugins\mcufinder
2024-03-30 09:30:00,115 [INFO] DbMcusAds:125 - Set database path to: C:\Users\shiba\.stmcufinder\plugins\mcufinder//mcu/
2024-03-30 09:30:00,115 [WARN] DbFile:41 - Overriding database path with different value: C:\Users\shiba\.stmcufinder\plugins\mcufinder/ => C:\Users\shiba\.stmcufinder\plugins\mcufinder
2024-03-30 09:30:00,115 [WARN] DbFile:41 - Overriding database path with different value: C:\Users\shiba\.stmcufinder\plugins\mcufinder/ => C:\Users\shiba\.stmcufinder\plugins\mcufinder
2024-03-30 09:30:00,115 [INFO] CrossReferenceDbSqlite:203 - Set database path to: C:\Users\shiba\.stmcufinder\plugins\mcufinder//mcu/cs/
2024-03-30 09:30:00,288 [INFO] MainPanel:264 - HeapMemory: 268435456
2024-03-30 09:30:00,427 [INFO] DbMcusXml:78 - Set database path to: C:\ST\STM32CubeIDE_1.14.1\STM32CubeIDE\plugins\com.st.stm32cube.common.mx_6.10.0.202311202037\\db\/mcu/
2024-03-30 09:30:00,427 [INFO] ApiDb:274 - Set plugin database path to: C:\ST\STM32CubeIDE_1.14.1\STM32CubeIDE\plugins\com.st.stm32cube.common.mx_6.10.0.202311202037\\db\/plugins/boardmanager/
2024-03-30 09:30:00,427 [INFO] ApiDb:261 - Set plugin images path to: C:\ST\STM32CubeIDE_1.14.1\STM32CubeIDE\plugins\com.st.stm32cube.common.mx_6.10.0.202311202037\\db\/plugins/mcufinder/images/
2024-03-30 09:30:00,428 [WARN] DbFile:41 - Overriding database path with different value: C:\Users\shiba\.stmcufinder\plugins\mcufinder/ => C:\Users\shiba\.stmcufinder\plugins\mcufinder
2024-03-30 09:30:00,428 [INFO] ApiDb:250 - Set database path to: C:\Users\shiba\.stmcufinder\plugins\mcufinder//mcu/
2024-03-30 09:30:00,428 [WARN] DbFile:41 - Overriding database path with different value: C:\Users\shiba\.stmcufinder\plugins\mcufinder/ => C:\Users\shiba\.stmcufinder\plugins\mcufinder
2024-03-30 09:30:00,428 [INFO] DbMcusAds:125 - Set database path to: C:\Users\shiba\.stmcufinder\plugins\mcufinder//mcu/
2024-03-30 09:30:00,428 [WARN] DbFile:41 - Overriding database path with different value: C:\Users\shiba\.stmcufinder\plugins\mcufinder/ => C:\Users\shiba\.stmcufinder\plugins\mcufinder
2024-03-30 09:30:00,428 [WARN] DbFile:41 - Overriding database path with different value: C:\Users\shiba\.stmcufinder\plugins\mcufinder/ => C:\Users\shiba\.stmcufinder\plugins\mcufinder
2024-03-30 09:30:00,428 [INFO] CrossReferenceDbSqlite:203 - Set database path to: C:\Users\shiba\.stmcufinder\plugins\mcufinder//mcu/cs/
2024-03-30 09:30:00,462 [INFO] ApplicationProperties:184 - Using Application install path: C:\ST\STM32CubeIDE_1.14.1\STM32CubeIDE\plugins\com.st.stm32cube.common.mx_6.10.0.202311202037
2024-03-30 09:30:00,465 [INFO] PluginManage:196 - Search for loadable plugins [exclusion list=, ]
2024-03-30 09:30:00,467 [INFO] PluginManage:310 - Check plugin analytics
2024-03-30 09:30:05,625 [INFO] AnalyticsPlugin:253 - Accepted Software Licenses: STM32CubeMX.6.10.0
2024-03-30 09:30:05,625 [INFO] AnalyticsPlugin:255 - Accepted CMSIS Pack Licenses: 
2024-03-30 09:30:05,625 [INFO] AnalyticsPlugin:257 - Accepted Firmware Licenses: 
2024-03-30 09:30:05,628 [INFO] PluginManage:359 - Loaded plugin analytics (category:tool,tabindex:-1)
2024-03-30 09:30:05,628 [INFO] PluginManage:310 - Check plugin cadmodel
2024-03-30 09:30:05,644 [INFO] CADModel:105 - Init CAD model plugin
2024-03-30 09:30:05,645 [INFO] PluginManage:359 - Loaded plugin cadmodel (category:power,tabindex:5)
2024-03-30 09:30:05,645 [INFO] PluginManage:310 - Check plugin clock
2024-03-30 09:30:05,672 [INFO] PluginManage:359 - Loaded plugin clock (category:base,tabindex:2)
2024-03-30 09:30:05,672 [INFO] PluginManage:310 - Check plugin ddr
2024-03-30 09:30:05,674 [INFO] PluginManage:359 - Loaded plugin ddr (category:tool,tabindex:6)
2024-03-30 09:30:05,674 [INFO] PluginManage:310 - Check plugin filemanager
2024-03-30 09:30:05,852 [INFO] PluginManage:359 - Loaded plugin filemanager (category:base,tabindex:10)
2024-03-30 09:30:05,852 [INFO] PluginManage:310 - Check plugin ipmanager
2024-03-30 09:30:05,861 [INFO] PluginManage:359 - Loaded plugin ipmanager (category:base,tabindex:5)
2024-03-30 09:30:05,861 [INFO] PluginManage:310 - Check plugin lpbam
2024-03-30 09:30:05,885 [INFO] PluginManage:359 - Loaded plugin lpbam (category:base,tabindex:0)
2024-03-30 09:30:05,885 [INFO] PluginManage:310 - Check plugin memorymap
2024-03-30 09:30:05,915 [INFO] PluginManage:359 - Loaded plugin memorymap (category:base,tabindex:4)
2024-03-30 09:30:05,916 [INFO] PluginManage:310 - Check plugin pinoutandconfiguration
2024-03-30 09:30:05,948 [INFO] PluginManage:359 - Loaded plugin pinoutandconfiguration (category:base,tabindex:1)
2024-03-30 09:30:05,948 [INFO] PluginManage:310 - Check plugin pinoutconfig
2024-03-30 09:30:06,078 [WARN] SupportedApi:132 - Cannot load RTOS API schema: s4s-elt-must-match.1: The content of 'definitions' must match (annotation?, (simpleType | complexType)?, (unique | key | keyref)*)). A problem was found starting at: attribute.
2024-03-30 09:30:06,247 [INFO] PluginManage:359 - Loaded plugin pinoutconfig (category:base,tabindex:0)
2024-03-30 09:30:06,247 [INFO] PluginManage:310 - Check plugin power
2024-03-30 09:30:06,269 [INFO] PluginManage:359 - Loaded plugin power (category:power,tabindex:4)
2024-03-30 09:30:06,269 [INFO] PluginManage:310 - Check plugin projectmanager
2024-03-30 09:30:06,286 [INFO] PluginManage:359 - Loaded plugin projectmanager (category:projectmanager,tabindex:3)
2024-03-30 09:30:06,286 [INFO] PluginManage:310 - Check plugin thirdparty
2024-03-30 09:30:06,610 [INFO] PluginManage:359 - Loaded plugin thirdparty (category:base,tabindex:-1)
2024-03-30 09:30:06,610 [WARN] IntegrityCheckThread:84 - waiting for thirdparty lock release [integrity check]
2024-03-30 09:30:06,610 [INFO] PluginManage:310 - Check plugin tools
2024-03-30 09:30:06,610 [INFO] IntegrityCheckThread:86 - entering critical section [integrity check]
2024-03-30 09:30:06,610 [INFO] ThirdPartyUpdaterWithRetryManager:70 - Updater plugin not ready yet. [1/15]
2024-03-30 09:30:06,648 [INFO] PluginManage:359 - Loaded plugin tools (category:base,tabindex:7)
2024-03-30 09:30:06,648 [INFO] PluginManage:310 - Check plugin tutovideos
2024-03-30 09:30:06,901 [INFO] PluginManage:359 - Loaded plugin tutovideos (category:base,tabindex:-1)
2024-03-30 09:30:06,902 [INFO] PluginManage:310 - Check plugin updater
2024-03-30 09:30:06,916 [INFO] PluginManage:359 - Loaded plugin updater (category:base,tabindex:12)
2024-03-30 09:30:06,916 [INFO] PluginManage:310 - Check plugin userauth
2024-03-30 09:30:06,924 [INFO] UserAuth:114 - Init User Auth plugin
2024-03-30 09:30:06,924 [INFO] PluginManage:359 - Loaded plugin userauth (category:base,tabindex:14)
2024-03-30 09:30:06,924 [INFO] PluginManage:283 - PluginManage : Loaded plugins [17]
2024-03-30 09:30:07,171 [INFO] PinOutPanel:1499 - setPackage(No Configuration,No Configuration)
2024-03-30 09:30:07,262 [INFO] CADModel:165 - CPN selected for project level
2024-03-30 09:30:07,262 [INFO] CADModel:114 - Register for checkConnection events
2024-03-30 09:30:07,289 [INFO] IPUIPlugin:80 - create IPUIPlugin
2024-03-30 09:30:07,289 [INFO] PluginManager:220 - loadIPPluginJar : add adc
2024-03-30 09:30:07,324 [INFO] IPUIPlugin:80 - create IPUIPlugin
2024-03-30 09:30:07,324 [INFO] PluginManager:220 - loadIPPluginJar : add aes
2024-03-30 09:30:07,363 [INFO] IPUIPlugin:80 - create IPUIPlugin
2024-03-30 09:30:07,363 [INFO] PluginManager:220 - loadIPPluginJar : add can
2024-03-30 09:30:07,384 [INFO] IPUIPlugin:80 - create IPUIPlugin
2024-03-30 09:30:07,385 [INFO] PluginManager:220 - loadIPPluginJar : add comp
2024-03-30 09:30:07,416 [INFO] IPUIPlugin:80 - create IPUIPlugin
2024-03-30 09:30:07,416 [INFO] PluginManager:220 - loadIPPluginJar : add cryp
2024-03-30 09:30:07,445 [INFO] IPUIPlugin:80 - create IPUIPlugin
2024-03-30 09:30:07,445 [INFO] PluginManager:220 - loadIPPluginJar : add dfsdm
2024-03-30 09:30:07,460 [INFO] IPUIPlugin:80 - create IPUIPlugin
2024-03-30 09:30:07,461 [INFO] PluginManager:220 - loadIPPluginJar : add dma
2024-03-30 09:30:07,507 [INFO] IPUIPlugin:80 - create IPUIPlugin
2024-03-30 09:30:07,508 [INFO] PluginManager:220 - loadIPPluginJar : add dma3
2024-03-30 09:30:07,531 [INFO] IPUIPlugin:80 - create IPUIPlugin
2024-03-30 09:30:07,531 [INFO] PluginManager:220 - loadIPPluginJar : add fatfs
2024-03-30 09:30:07,580 [INFO] IPUIPlugin:80 - create IPUIPlugin
2024-03-30 09:30:07,580 [INFO] PluginManager:220 - loadIPPluginJar : add fmc
2024-03-30 09:30:07,595 [INFO] IPUIPlugin:80 - create IPUIPlugin
2024-03-30 09:30:07,595 [INFO] PluginManager:220 - loadIPPluginJar : add freertos
2024-03-30 09:30:07,617 [INFO] IPUIPlugin:80 - create IPUIPlugin
2024-03-30 09:30:07,617 [INFO] PluginManager:220 - loadIPPluginJar : add genericplugin
2024-03-30 09:30:07,708 [INFO] IPUIPlugin:80 - create IPUIPlugin
2024-03-30 09:30:07,709 [INFO] PluginManager:220 - loadIPPluginJar : add gfxmmu
2024-03-30 09:30:07,838 [INFO] IPUIPlugin:80 - create IPUIPlugin
2024-03-30 09:30:07,838 [INFO] PluginManager:220 - loadIPPluginJar : add gic
2024-03-30 09:30:07,851 [INFO] IPUIPlugin:80 - create IPUIPlugin
2024-03-30 09:30:07,851 [INFO] PluginManager:220 - loadIPPluginJar : add gpio
2024-03-30 09:30:07,962 [INFO] IPUIPlugin:80 - create IPUIPlugin
2024-03-30 09:30:07,962 [INFO] PluginManager:220 - loadIPPluginJar : add gtzc
2024-03-30 09:30:08,013 [INFO] IPUIPlugin:80 - create IPUIPlugin
2024-03-30 09:30:08,013 [INFO] PluginManager:220 - loadIPPluginJar : add hash
2024-03-30 09:30:08,085 [INFO] IPUIPlugin:80 - create IPUIPlugin
2024-03-30 09:30:08,085 [INFO] PluginManager:220 - loadIPPluginJar : add i2c
2024-03-30 09:30:08,134 [INFO] IPUIPlugin:80 - create IPUIPlugin
2024-03-30 09:30:08,134 [INFO] PluginManager:220 - loadIPPluginJar : add i2s
2024-03-30 09:30:08,175 [INFO] IPUIPlugin:80 - create IPUIPlugin
2024-03-30 09:30:08,176 [INFO] PluginManager:220 - loadIPPluginJar : add i3c
2024-03-30 09:30:08,287 [INFO] IPUIPlugin:80 - create IPUIPlugin
2024-03-30 09:30:08,287 [INFO] PluginManager:220 - loadIPPluginJar : add ipddr
2024-03-30 09:30:08,393 [INFO] IPUIPlugin:80 - create IPUIPlugin
2024-03-30 09:30:08,393 [INFO] PluginManager:220 - loadIPPluginJar : add linkedlist
2024-03-30 09:30:08,453 [INFO] IPUIPlugin:80 - create IPUIPlugin
2024-03-30 09:30:08,453 [INFO] PluginManager:220 - loadIPPluginJar : add lorawan
2024-03-30 09:30:08,505 [INFO] IPUIPlugin:80 - create IPUIPlugin
2024-03-30 09:30:08,505 [INFO] PluginManager:220 - loadIPPluginJar : add ltdc
2024-03-30 09:30:08,522 [INFO] IPUIPlugin:80 - create IPUIPlugin
2024-03-30 09:30:08,522 [INFO] PluginManager:220 - loadIPPluginJar : add mdma
2024-03-30 09:30:08,534 [INFO] IPUIPlugin:80 - create IPUIPlugin
2024-03-30 09:30:08,534 [INFO] PluginManager:220 - loadIPPluginJar : add nvic
2024-03-30 09:30:08,569 [INFO] IPUIPlugin:80 - create IPUIPlugin
2024-03-30 09:30:08,570 [INFO] PluginManager:220 - loadIPPluginJar : add opamp
2024-03-30 09:30:08,629 [INFO] IPUIPlugin:80 - create IPUIPlugin
2024-03-30 09:30:08,629 [INFO] PluginManager:220 - loadIPPluginJar : add openamp
2024-03-30 09:30:08,673 [INFO] IPUIPlugin:80 - create IPUIPlugin
2024-03-30 09:30:08,674 [INFO] PluginManager:220 - loadIPPluginJar : add pdm2pcm
2024-03-30 09:30:08,696 [INFO] IPUIPlugin:80 - create IPUIPlugin
2024-03-30 09:30:08,700 [INFO] PluginManager:220 - loadIPPluginJar : add plateformsettings
2024-03-30 09:30:08,738 [INFO] IPUIPlugin:80 - create IPUIPlugin
2024-03-30 09:30:08,738 [INFO] PluginManager:220 - loadIPPluginJar : add quadspi
2024-03-30 09:30:08,759 [INFO] IPUIPlugin:80 - create IPUIPlugin
2024-03-30 09:30:08,760 [INFO] PluginManager:220 - loadIPPluginJar : add resmgrutility
2024-03-30 09:30:08,830 [INFO] IPUIPlugin:80 - create IPUIPlugin
2024-03-30 09:30:08,830 [INFO] PluginManager:220 - loadIPPluginJar : add sai
2024-03-30 09:30:08,870 [INFO] IPUIPlugin:80 - create IPUIPlugin
2024-03-30 09:30:08,870 [INFO] PluginManager:220 - loadIPPluginJar : add spi
2024-03-30 09:30:08,944 [INFO] IPUIPlugin:80 - create IPUIPlugin
2024-03-30 09:30:08,944 [INFO] PluginManager:220 - loadIPPluginJar : add stm32_wpan
2024-03-30 09:30:08,969 [INFO] IPUIPlugin:80 - create IPUIPlugin
2024-03-30 09:30:08,969 [INFO] PluginManager:220 - loadIPPluginJar : add tim
2024-03-30 09:30:09,026 [INFO] IPUIPlugin:80 - create IPUIPlugin
2024-03-30 09:30:09,026 [INFO] PluginManager:220 - loadIPPluginJar : add touchsensing
2024-03-30 09:30:09,048 [INFO] IPUIPlugin:80 - create IPUIPlugin
2024-03-30 09:30:09,048 [INFO] PluginManager:220 - loadIPPluginJar : add tracer_emb
2024-03-30 09:30:09,071 [INFO] IPUIPlugin:80 - create IPUIPlugin
2024-03-30 09:30:09,071 [INFO] PluginManager:220 - loadIPPluginJar : add ts
2024-03-30 09:30:09,091 [INFO] IPUIPlugin:80 - create IPUIPlugin
2024-03-30 09:30:09,091 [INFO] PluginManager:220 - loadIPPluginJar : add tsc
2024-03-30 09:30:09,113 [INFO] IPUIPlugin:80 - create IPUIPlugin
2024-03-30 09:30:09,113 [INFO] PluginManager:220 - loadIPPluginJar : add ucpd
2024-03-30 09:30:09,161 [INFO] IPUIPlugin:80 - create IPUIPlugin
2024-03-30 09:30:09,161 [INFO] PluginManager:220 - loadIPPluginJar : add usart
2024-03-30 09:30:09,210 [INFO] IPUIPlugin:80 - create IPUIPlugin
2024-03-30 09:30:09,210 [INFO] PluginManager:220 - loadIPPluginJar : add usbx
2024-03-30 09:30:09,354 [INFO] CADModel:165 - CPN selected for project level
2024-03-30 09:30:09,354 [INFO] CADModel:114 - Register for checkConnection events
2024-03-30 09:30:09,355 [FATAL] Updater:308 - Updater called before beeing initialized
2024-03-30 09:30:09,355 [ERROR] CADModel:125 - Updater not yet initialized, retry later 
2024-03-30 09:30:09,559 [INFO] CADModel:165 - CPN selected for project level
2024-03-30 09:30:09,559 [INFO] CADModel:114 - Register for checkConnection events
2024-03-30 09:30:09,559 [FATAL] Updater:308 - Updater called before beeing initialized
2024-03-30 09:30:09,559 [ERROR] CADModel:125 - Updater not yet initialized, retry later 
2024-03-30 09:30:09,562 [FATAL] Updater:308 - Updater called before beeing initialized
2024-03-30 09:30:09,612 [INFO] ThirdPartyUpdaterWithRetryManager:70 - Updater plugin not ready yet. [2/15]
2024-03-30 09:30:09,688 [FATAL] Updater:308 - Updater called before beeing initialized
2024-03-30 09:30:09,698 [INFO] DbMcusAds:53 - JSON generation date=Wed Nov 29 16:22:27 IST 2023 (1701255147349)
2024-03-30 09:30:09,698 [FATAL] Updater:308 - Updater called before beeing initialized
2024-03-30 09:30:09,790 [WARN] DetailPanel:346 - Failed to get advertising image, set to default
2024-03-30 09:30:09,897 [FATAL] Updater:308 - Updater called before beeing initialized
2024-03-30 09:30:09,901 [FATAL] Updater:308 - Updater called before beeing initialized
2024-03-30 09:30:09,901 [FATAL] Updater:308 - Updater called before beeing initialized
2024-03-30 09:30:09,901 [WARN] DetailPanel:346 - Failed to get advertising image, set to default
2024-03-30 09:30:09,902 [FATAL] Updater:308 - Updater called before beeing initialized
2024-03-30 09:30:09,967 [ERROR] Updater:1120 - MainUpdater not yet initialized. External WinMGr cannot be set.
2024-03-30 09:30:09,978 [INFO] Updater:1056 - Updater Version found : 6.10.0
2024-03-30 09:30:09,997 [INFO] ApplicationProperties:184 - Using Application install path: C:\ST\STM32CubeIDE_1.14.1\STM32CubeIDE\plugins\com.st.stm32cube.common.mx_6.10.0.202311202037
2024-03-30 09:30:11,578 [ERROR] LogOutputStream:75 - [STDERR_REDIRECT] Mar 30, 2024 9:30:11 AM java.util.prefs.WindowsPreferences <init>
2024-03-30 09:30:11,581 [ERROR] LogOutputStream:75 - [STDERR_REDIRECT] WARNING: Could not open/create prefs root node Software\JavaSoft\Prefs at root 0xffffffff80000002. Windows RegCreateKeyEx(...) returned error code 5.
2024-03-30 09:30:11,581 [ERROR] LogOutputStream:75 - [STDERR_REDIRECT] 
2024-03-30 09:30:12,039 [INFO] MainUpdater:2873 - connection check result : 10
2024-03-30 09:30:12,040 [INFO] MainUpdater:290 - Updater Check For Update Now.
2024-03-30 09:30:12,040 [INFO] MicroXplorer:498 - Change Database Version : DB.6.0.100
2024-03-30 09:30:12,060 [INFO] McuFinderGlobals:63 - Set McuFinder mode to 2 (CubeIDE integrated)
2024-03-30 09:30:12,282 [INFO] CheckServerUpdateThread:120 - End of CheckServer Thread
2024-03-30 09:30:12,434 [INFO] UserAuth:404 - Internet connection configuration mode: 1
2024-03-30 09:30:12,477 [INFO] JxBrowserEngine:152 - Initiate JxBrowser Engine with user profile folder
2024-03-30 09:30:12,858 [WARN] PackLoader:240 - Cannot read IP mode file for STMicroelectronics.X-CUBE-SMBUS.2.1.0
2024-03-30 09:30:12,915 [WARN] PackLoader:240 - Cannot read IP mode file for STMicroelectronics.X-CUBE-AZRTOS-F7.1.1.0
2024-03-30 09:30:12,942 [WARN] PackLoader:240 - Cannot read IP mode file for STMicroelectronics.FP-SNS-MOTENV1.4.3.2
2024-03-30 09:30:12,965 [WARN] PackLoader:240 - Cannot read IP mode file for STMicroelectronics.FP-SNS-FLIGHT1.5.0.2
2024-03-30 09:30:12,987 [WARN] PackLoader:240 - Cannot read IP mode file for STMicroelectronics.X-CUBE-DISPLAY.3.0.0
2024-03-30 09:30:13,010 [WARN] PackLoader:240 - Cannot read IP mode file for STMicroelectronics.X-CUBE-BLE1.7.0.0
2024-03-30 09:30:13,025 [WARN] PackLoader:240 - Cannot read IP mode file for emotas.I-CUBE-CANOPEN.1.3.0
2024-03-30 09:30:13,042 [WARN] PackLoader:240 - Cannot read IP mode file for STMicroelectronics.FP-SNS-SMARTAG2.1.2.0
2024-03-30 09:30:13,063 [INFO] LogOutputStream:77 - [STDOUT_REDIRECT] 1 : Invalid condition id : UX_CORESTACK_Condition cause : null
2024-03-30 09:30:13,063 [INFO] LogOutputStream:77 - [STDOUT_REDIRECT] 1 : Invalid condition id : UX_CORESTACK_Condition cause : null
2024-03-30 09:30:13,065 [INFO] LogOutputStream:77 - [STDOUT_REDIRECT] 1 : Invalid condition id : UX_CORESTACK_Condition cause : null
2024-03-30 09:30:13,067 [INFO] LogOutputStream:77 - [STDOUT_REDIRECT] 1 : Invalid condition id : UX_CORESTACK_Condition cause : null
2024-03-30 09:30:13,068 [INFO] LogOutputStream:77 - [STDOUT_REDIRECT] 1 : Invalid condition id : UX_CORESTACK_Condition cause : null
2024-03-30 09:30:13,074 [WARN] PackLoader:240 - Cannot read IP mode file for STMicroelectronics.X-CUBE-AZRTOS-WL.2.0.0
2024-03-30 09:30:13,093 [WARN] PackLoader:240 - Cannot read IP mode file for WES.I-CUBE-Cesium.1.3.0
2024-03-30 09:30:13,107 [WARN] PackLoader:240 - Cannot read IP mode file for STMicroelectronics.X-CUBE-BLE2.3.3.0
2024-03-30 09:30:13,124 [WARN] PackLoader:240 - Cannot read IP mode file for STMicroelectronics.X-CUBE-ALGOBUILD.1.3.0
2024-03-30 09:30:13,169 [WARN] PackLoader:240 - Cannot read IP mode file for STMicroelectronics.X-CUBE-AZRTOS-G0.1.1.0
2024-03-30 09:30:13,200 [WARN] PackLoader:240 - Cannot read IP mode file for STMicroelectronics.X-CUBE-NFC4.3.0.0
2024-03-30 09:30:13,220 [WARN] PackLoader:240 - Cannot read IP mode file for STMicroelectronics.FP-ATR-SIGFOX1.3.2.0
2024-03-30 09:30:13,278 [WARN] PackLoader:240 - Cannot read IP mode file for SEGGER.I-CUBE-embOS.1.3.1
2024-03-30 09:30:13,345 [WARN] PackLoader:240 - Cannot read IP mode file for STMicroelectronics.X-CUBE-GNSS1.6.0.0
2024-03-30 09:30:13,404 [WARN] PackLoader:240 - Cannot read IP mode file for STMicroelectronics.X-CUBE-AZRTOS-F4.1.1.0
2024-03-30 09:30:13,448 [WARN] PackLoader:240 - Cannot read IP mode file for STMicroelectronics.X-CUBE-AZRTOS-L5.2.0.0
2024-03-30 09:30:13,473 [WARN] PackLoader:240 - Cannot read IP mode file for STMicroelectronics.X-CUBE-NFC6.3.1.0
2024-03-30 09:30:13,495 [WARN] PackLoader:240 - Cannot read IP mode file for ITTIA_DB.I-CUBE-ITTIADB.8.8.0
2024-03-30 09:30:13,512 [WARN] PackLoader:240 - Cannot read IP mode file for STMicroelectronics.X-CUBE-NFC7.1.0.1
2024-03-30 09:30:13,527 [WARN] PackLoader:240 - Cannot read IP mode file for STMicroelectronics.X-CUBE-NFC6.3.0.0
2024-03-30 09:30:13,543 [WARN] PackLoader:240 - Cannot read IP mode file for STMicroelectronics.X-CUBE-AI.8.1.0
2024-03-30 09:30:13,583 [WARN] ConditionMgr:438 - getConditionDescription Invalid condition id : LAN8742 Phy interface Condition cause : null
2024-03-30 09:30:13,584 [WARN] PackLoader:240 - Cannot read IP mode file for STMicroelectronics.X-CUBE-AZRTOS-L4.2.0.0
2024-03-30 09:30:13,585 [WARN] ConditionMgr:1039 - genDependencies : Invalid condition id : LAN8742 Phy interface Condition cause : null
2024-03-30 09:30:13,586 [WARN] ConditionMgr:1039 - genDependencies : Invalid condition id : LAN8742 Phy interface Condition cause : null
2024-03-30 09:30:13,587 [WARN] ConditionMgr:1039 - genDependencies : Invalid condition id : LAN8742 Phy interface Condition cause : null
2024-03-30 09:30:13,607 [WARN] PackLoader:240 - Cannot read IP mode file for STMicroelectronics.X-CUBE-SFXS2LP1.4.0.0
2024-03-30 09:30:13,639 [WARN] ConditionMgr:438 - getConditionDescription Invalid condition id : UX DEVICE CLASS RTOS Condition cause : null
2024-03-30 09:30:13,639 [WARN] ConditionMgr:438 - getConditionDescription Invalid condition id : UX DEVICE CLASS RTOS Condition cause : null
2024-03-30 09:30:13,641 [WARN] PackLoader:240 - Cannot read IP mode file for STMicroelectronics.X-CUBE-AZRTOS-WB.2.0.0
2024-03-30 09:30:13,642 [WARN] ConditionMgr:1039 - genDependencies : Invalid condition id : UX DEVICE CLASS RTOS Condition cause : null
2024-03-30 09:30:13,642 [WARN] ConditionMgr:1039 - genDependencies : Invalid condition id : UX DEVICE CLASS RTOS Condition cause : null
2024-03-30 09:30:13,642 [WARN] ConditionMgr:1039 - genDependencies : Invalid condition id : UX DEVICE CLASS RTOS Condition cause : null
2024-03-30 09:30:13,643 [WARN] ConditionMgr:1039 - genDependencies : Invalid condition id : UX DEVICE CLASS RTOS Condition cause : null
2024-03-30 09:30:13,643 [WARN] ConditionMgr:1039 - genDependencies : Invalid condition id : UX DEVICE CLASS RTOS Condition cause : null
2024-03-30 09:30:13,665 [WARN] PackLoader:240 - Cannot read IP mode file for STMicroelectronics.X-CUBE-SUBG2.5.0.0
2024-03-30 09:30:13,712 [WARN] PackLoader:240 - Cannot read IP mode file for STMicroelectronics.X-CUBE-AZRTOS-G4.2.0.0
2024-03-30 09:30:13,745 [WARN] PackLoader:240 - Cannot read IP mode file for Infineon.AIROC-Wi-Fi-Bluetooth-STM32.1.5.1
2024-03-30 09:30:13,814 [WARN] PackLoader:240 - Cannot read IP mode file for STMicroelectronics.X-CUBE-MEMS1.10.0.0
2024-03-30 09:30:13,955 [WARN] PackLoader:240 - Cannot read IP mode file for STMicroelectronics.X-CUBE-FREERTOS.1.1.0
2024-03-30 09:30:13,969 [WARN] PackLoader:240 - Cannot read IP mode file for portGmbH.I-Cube-SoM-uGOAL.1.1.0
2024-03-30 09:30:13,984 [WARN] PackLoader:240 - Cannot read IP mode file for STMicroelectronics.X-CUBE-ALS.1.0.1
2024-03-30 09:30:14,000 [WARN] PackLoader:240 - Cannot read IP mode file for STMicroelectronics.FP-ATR-ASTRA1.2.0.0
2024-03-30 09:30:14,001 [INFO] ThirdParty:978 - Integrity check success = true
2024-03-30 09:30:14,001 [INFO] IntegrityCheckThread:100 - exiting critical section [integrity check]
2024-03-30 09:30:14,001 [INFO] IntegrityCheckThread:103 - End integrity checks thread
2024-03-30 09:30:16,152 [INFO] WebApp:161 - Instantiating new browser for Auth
2024-03-30 09:30:17,014 [INFO] WebApp:780 - Register for checkConnection events
2024-03-30 09:30:17,015 [INFO] WebApp:414 - Apply proxy settings
2024-03-30 09:30:17,015 [INFO] WebApp:499 - Chromium requires no authentication
2024-03-30 09:30:17,025 [INFO] WebApp:442 - Direct internet connection detected
2024-03-30 09:30:17,305 [INFO] WebApp:192 - Starting web application
2024-03-30 09:30:17,305 [INFO] WebApp:544 - Web application path used C:\ST\STM32CubeIDE_1.14.1\STM32CubeIDE\plugins\com.st.stm32cube.common.mx_6.10.0.202311202037\db\plugins\mcufinder\reactClient1\index.html
2024-03-30 09:30:32,906 [INFO] McuFinderGlobals:63 - Set McuFinder mode to 2 (CubeIDE integrated)
2024-03-30 09:30:32,937 [INFO] MainUpdater:2873 - connection check result : 10
2024-03-30 09:30:32,944 [INFO] MainUpdater:2873 - connection check result : 10
2024-03-30 09:30:33,146 [INFO] MicroXplorer:468 - Change Database Path : 
2024-03-30 09:30:33,146 [INFO] MicroXplorer:498 - Change Database Version : DB.6.0.100
2024-03-30 09:30:33,152 [WARN] ThirdParty:871 - waiting for thirdparty lock release [close project]
2024-03-30 09:30:33,154 [INFO] ThirdParty:873 - entering critical section [close project]
2024-03-30 09:30:33,155 [INFO] ThirdParty:883 - exiting critical section [close project]
2024-03-30 09:30:33,157 [INFO] PinOutPanel:1499 - setPackage(No Configuration,No Configuration)
2024-03-30 09:30:33,161 [INFO] UtilMem:75 - Begin LoadConfig() Used Memory: 180486080 Bytes (268435456)
2024-03-30 09:30:33,163 [INFO] MicroXplorer:468 - Change Database Path : 
2024-03-30 09:30:33,163 [INFO] MicroXplorer:498 - Change Database Version : DB.6.0.100
2024-03-30 09:30:33,164 [INFO] OpenFileManager:312 - Change cursor
2024-03-30 09:30:33,214 [INFO] Mcu:2016 - Initializing MCU STM32L053C(6-8)Tx STM32L053C8Tx STM32L053C8T6
2024-03-30 09:30:34,606 [INFO] Context:659 - Trying to add GPIOservice into a context  which must be forbidden
2024-03-30 09:30:35,050 [INFO] RtosManager:555 - Registered RTOS mode: class=CMSIS, group=RTOS, mode=CMSIS_V1, owner=FREERTOS
2024-03-30 09:30:35,050 [INFO] RtosManager:555 - Registered RTOS mode: class=CMSIS, group=RTOS2, mode=CMSIS_V2, owner=FREERTOS
2024-03-30 09:30:35,051 [INFO] RtosManager:555 - Registered RTOS mode: class=RTOS, group=Core, mode=CMSIS_V1, owner=FREERTOS
2024-03-30 09:30:35,051 [INFO] RtosManager:555 - Registered RTOS mode: class=RTOS, group=Core, mode=CMSIS_V2, owner=FREERTOS
2024-03-30 09:30:35,051 [WARN] ModelIntegratedComponent:184 - Missing modes for component STMicroelectronics:FreeRTOS:0.0.1:STMicroelectronics:RTOS:FreeRTOS:Core:::10.2.0:
2024-03-30 09:30:35,067 [WARN] ModelIntegratedComponent:63 - No mode defined for component null
2024-03-30 09:30:35,067 [WARN] ModelIntegratedComponent:63 - No mode defined for component null
2024-03-30 09:30:35,067 [WARN] ModelIntegratedComponent:63 - No mode defined for component null
2024-03-30 09:30:35,067 [WARN] ModelIntegratedComponent:63 - No mode defined for component null
2024-03-30 09:30:35,067 [WARN] ModelIntegratedComponent:63 - No mode defined for component null
2024-03-30 09:30:35,067 [WARN] ModelIntegratedComponent:63 - No mode defined for component null
2024-03-30 09:30:35,067 [WARN] ModelIntegratedComponent:63 - No mode defined for component null
2024-03-30 09:30:35,067 [WARN] ModelIntegratedComponent:63 - No mode defined for component null
2024-03-30 09:30:35,067 [WARN] ModelIntegratedComponent:63 - No mode defined for component null
2024-03-30 09:30:35,067 [WARN] ModelIntegratedComponent:63 - No mode defined for component null
2024-03-30 09:30:35,067 [WARN] ModelIntegratedComponent:63 - No mode defined for component null
2024-03-30 09:30:35,068 [WARN] ModelIntegratedComponent:63 - No mode defined for component null
2024-03-30 09:30:35,068 [WARN] ModelIntegratedComponent:63 - No mode defined for component null
2024-03-30 09:30:35,068 [WARN] ModelIntegratedComponent:63 - No mode defined for component null
2024-03-30 09:30:35,068 [WARN] ModelIntegratedComponent:63 - No mode defined for component null
2024-03-30 09:30:35,068 [WARN] ModelIntegratedComponent:63 - No mode defined for component null
2024-03-30 09:30:35,068 [WARN] ModelIntegratedComponent:63 - No mode defined for component null
2024-03-30 09:30:35,068 [WARN] ModelIntegratedComponent:63 - No mode defined for component null
2024-03-30 09:30:35,068 [WARN] ModelIntegratedComponent:63 - No mode defined for component null
2024-03-30 09:30:35,068 [WARN] ModelIntegratedComponent:63 - No mode defined for component null
2024-03-30 09:30:35,068 [WARN] ModelIntegratedComponent:63 - No mode defined for component null
2024-03-30 09:30:35,068 [WARN] ModelIntegratedComponent:63 - No mode defined for component null
2024-03-30 09:30:35,068 [WARN] ModelIntegratedComponent:63 - No mode defined for component null
2024-03-30 09:30:35,068 [WARN] ModelIntegratedComponent:63 - No mode defined for component null
2024-03-30 09:30:35,068 [WARN] ModelIntegratedComponent:63 - No mode defined for component null
2024-03-30 09:30:35,068 [WARN] ModelIntegratedComponent:63 - No mode defined for component null
2024-03-30 09:30:35,068 [WARN] ModelIntegratedComponent:63 - No mode defined for component null
2024-03-30 09:30:35,068 [WARN] ModelIntegratedComponent:63 - No mode defined for component null
2024-03-30 09:30:35,069 [WARN] ModelIntegratedComponent:63 - No mode defined for component null
2024-03-30 09:30:35,069 [WARN] ModelIntegratedComponent:63 - No mode defined for component null
2024-03-30 09:30:35,069 [WARN] ModelIntegratedComponent:63 - No mode defined for component null
2024-03-30 09:30:35,069 [WARN] ModelIntegratedComponent:63 - No mode defined for component null
2024-03-30 09:30:35,069 [WARN] ModelIntegratedComponent:63 - No mode defined for component null
2024-03-30 09:30:35,185 [INFO] ThirdPartyModel:298 - Start build external matchings
2024-03-30 09:30:35,410 [INFO] ThirdPartyModel:316 - End build external matchings
2024-03-30 09:30:35,420 [INFO] ImportTextPane:194 - (OptionalMessage_ERROR) IP (RCC) : Invalid parameter (FamilyName)
2024-03-30 09:30:35,422 [INFO] ImportTextPane:194 - (OptionalMessage_ERROR) IP (RCC) : Invalid parameter (PWRFreq_Value)
2024-03-30 09:30:35,423 [INFO] ImportTextPane:194 - (OptionalMessage_ERROR) IP (RCC) : Parameter (RTCHSEDivFreq_Value) has invalid value (4000000)
2024-03-30 09:30:35,423 [INFO] ImportTextPane:194 - (OptionalMessage_ERROR) IP (RCC) : Invalid parameter (TIMFreq_Value)
2024-03-30 09:30:35,685 [INFO] UtilMem:75 - End LoadConfig() Used Memory: 136126576 Bytes (268435456)
2024-03-30 09:30:35,872 [INFO] ApiDb:581 - Connected to CubeFinder SQLite database (C:\Users\shiba\.stmcufinder\plugins\mcufinder\mcu\cube-finder-db.db)
2024-03-30 09:30:35,978 [INFO] ApiDb:668 - CubeFinder database Data Model version=2.1
2024-03-30 09:30:35,978 [INFO] ApiDb:669 - CubeFinder database Configuration version=3.0.39
2024-03-30 09:30:35,978 [INFO] ApiDb:670 - CubeFinder database generation date=2024-03-01 (1709305525)
2024-03-30 09:30:35,978 [INFO] ApiDb:671 - CubeFinder database FW Pack versions=[FP-ATR-ASTRA1_V2.0.0, FP-SNS-FLIGHT1_V5.0.1, FP-SNS-FLIGHT1_V5.0.2, FP-SNS-MOTENV1_V4.3.1, FP-SNS-MOTENV1_V4.3.2, FP-SNS-MOTENVWB1_V1.3.1, FP-SNS-SMARTAG2_V1.2.0, STM32Cube_FW_C0_V1.1.0, STM32Cube_FW_F4_V1.28.0, STM32Cube_FW_F7_V1.17.0, STM32Cube_FW_G0_V1.6.2, STM32Cube_FW_G4_V1.5.2, STM32Cube_FW_H5_V0.5.1, STM32Cube_FW_H5_V1.1.1, STM32Cube_FW_H5_V1.2.0, STM32Cube_FW_H5_V1.2.0RC4, STM32Cube_FW_H7RS_V1.0.0, STM32Cube_FW_H7RS_V1.0.0RC4, STM32Cube_FW_H7_V1.11.0, STM32Cube_FW_L0_V1.12.2, STM32Cube_FW_L5_V1.5.1, STM32Cube_FW_U0_V1.0.0, STM32Cube_FW_U0_V1.0.0RC1, STM32Cube_FW_U5_V1.3.0RC4, STM32Cube_FW_U5_V1.5.0, STM32Cube_FW_U5_V1.5.0RC1, STM32Cube_FW_WBA_V1.0.0RC1, STM32Cube_FW_WBA_V1.2.0, STM32Cube_FW_WBA_V1.2.0RC2, STM32Cube_FW_WBA_V1.3.0, STM32Cube_FW_WBA_V1.3.0RC1, STM32Cube_FW_WB_V1.15.0RC1, STM32Cube_FW_WB_V1.16.0, STM32Cube_FW_WB_V1.16.0RC2, STM32Cube_FW_WB_V1.18.0, STM32Cube_FW_WB_V1.19.0, STM32Cube_FW_WL_V1.3.0, X-CUBE-ALGOBUILD_V1.3.0, X-CUBE-ALS_V1.0.1, X-CUBE-AZRTOS-F4_V1.1.0, X-CUBE-AZRTOS-F7_V1.1.0, X-CUBE-AZRTOS-G0_V1.1.0, X-CUBE-AZRTOS-G4_V2.0.0, X-CUBE-AZRTOS-H7_V3.2.0, X-CUBE-AZRTOS-L4_V1.0.0, X-CUBE-AZRTOS-L4_V2.0.0, X-CUBE-AZRTOS-L5_V1.1.0, X-CUBE-AZRTOS-WB_V2.0.0, X-CUBE-AZRTOS-WL_V2.0.0, X-CUBE-BLE1_V7.0.0, X-CUBE-BLE2_V3.3.0, X-CUBE-BLEMGR_V3.1.0, X-CUBE-EEPRMA1_V4.1.0, X-CUBE-EEPRMA1_V5.1.0, X-CUBE-FREERTOS_V1.1.0, X-CUBE-GNSS1_V6.0.0, X-CUBE-MEMS1_V10.0.0, X-CUBE-MEMS1_V9.1.0, X-CUBE-MEMS1_V9.4.0, X-CUBE-MEMS1_V9.6.0, X-CUBE-NFC4_V3.0.0, X-CUBE-NFC7_V1.0.1, X-CUBE-SFXS2LP1_V4.0.0, X-CUBE-SUBG2_V5.0.0, X-CUBE-TOF1_V3.4.0]
2024-03-30 09:30:38,390 [ERROR] LogOutputStream:75 - [STDERR_REDIRECT] SLF4J: Failed to load class "org.slf4j.impl.StaticLoggerBinder".
2024-03-30 09:30:38,391 [ERROR] LogOutputStream:75 - [STDERR_REDIRECT] SLF4J: Defaulting to no-operation (NOP) logger implementation
2024-03-30 09:30:38,393 [ERROR] LogOutputStream:75 - [STDERR_REDIRECT] SLF4J: See http://www.slf4j.org/codes.html#StaticLoggerBinder for further details.
2024-03-30 09:30:39,426 [INFO] ApiDb:240 - Found 371 in-development CPN: [B-G473E-ZEST1S, B-WB1M-WPAN1, B-WL5M-SUBG1, NUCLEO-C031C6, NUCLEO-H503RB, NUCLEO-H563ZI, NUCLEO-U545RE-Q, NUCLEO-U5A5ZJ-Q, NUCLEO-WBA52CG, NUCLEO-WBA55CG, STEVAL-MKBOXPRO, STEVAL-PROTEUS1, STEVAL-STWINBX1, STM320518-EVAL, STM32C0116-DK, STM32C011D6Y3TR, STM32C011D6Y6TR, STM32C011F4P3, STM32C011F4P6, STM32C011F4U3, STM32C011F4U6TR, STM32C011F6P3, STM32C011F6P6, STM32C011F6U3, STM32C011F6U6TR, STM32C011J4M3, STM32C011J4M6, STM32C011J6M3, STM32C011J6M6, STM32C0316-DK, STM32C031C4T3, STM32C031C4T6, STM32C031C4U3, STM32C031C4U6, STM32C031C6T3, STM32C031C6T6, STM32C031C6U3, STM32C031C6U6, STM32C031F4P3, STM32C031F4P6, STM32C031F6P3, STM32C031F6P6, STM32C031G4U3, STM32C031G4U6, STM32C031G6U3, STM32C031G6U6, STM32C031K4T3, STM32C031K4T6, STM32C031K4U3, STM32C031K4U6, STM32C031K6T3, STM32C031K6T6, STM32C031K6U3, STM32C031K6U6, STM32G071K8TXN, STM32G071K8UXN, STM32G081GBU6N, STM32G081KBT6N, STM32G081KBUXN, STM32G0B1CCT6N, STM32G0B1KCT6, STM32G0B1NEY6TR, STM32G0B1RCT6N, STM32G0C1CCT6, STM32G0C1CCT6N, STM32G0C1CCU6N, STM32G0C1CET6N, STM32G0C1CEU6N, STM32G0C1KCT6, STM32G0C1NEY6TR, STM32G0C1RCI6N, STM32G0C1RCT6N, STM32G0C1REI6N, STM32G0C1RET6N, STM32G0C1VCI6, STM32G0C1VEI6, STM32G471CCT6, STM32G471CCU6, STM32G471CET3, STM32G471CET6, STM32G471CEU3, STM32G471CEU6, STM32G471MCT6, STM32G471MET3, STM32G471MET6, STM32G471MEY6TR, STM32G471QCT6, STM32G471QET3, STM32G471RCT6, STM32G471RET3, STM32G471RET6, STM32G471VCH6, STM32G471VCI6, STM32G471VCT6, STM32G471VEH3, STM32G471VEH6, STM32G471VEI3, STM32G471VEI6, STM32G471VET3, STM32G471VET6, STM32G474CCT6, STM32H503CBT6, STM32H503CBU6, STM32H503EBY6TR, STM32H503KBU6, STM32H503RBT6, STM32H562AGI6, STM32H562AII6, STM32H562IGK6, STM32H562IGT6, STM32H562IIK6, STM32H562IIT6, STM32H562RGT6, STM32H562RGV6, STM32H562RIT6, STM32H562RIV6, STM32H562VGT6, STM32H562VIT6, STM32H562ZGT6, STM32H562ZIT6, STM32H563AGI6, STM32H563AII3Q, STM32H563AII6, STM32H563IGK6, STM32H563IGT6, STM32H563IIK3Q, STM32H563IIK6, STM32H563IIT3Q, STM32H563IIT6, STM32H563MIY3QTR, STM32H563RGT6, STM32H563RGV6, STM32H563RIT6, STM32H563RIV6, STM32H563VGT6, STM32H563VIT3Q, STM32H563VIT6, STM32H563ZGT6, STM32H563ZIT3Q, STM32H563ZIT6, STM32H573AII3Q, STM32H573AII6, STM32H573I-DK, STM32H573IIK3Q, STM32H573IIK6, STM32H573IIT3Q, STM32H573IIT6, STM32H573MIY3QTR, STM32H573RIT6, STM32H573RIV6, STM32H573VIT3Q, STM32H573VIT6, STM32H573ZIT3Q, STM32H573ZIT6, STM32L4R5QGI6STR, STM32MP131AAE3, STM32MP131AAF3, STM32MP131AAG3, STM32MP131CAE3, STM32MP131CAF3, STM32MP131CAG3, STM32MP131DAE7, STM32MP131DAF7, STM32MP131DAG7, STM32MP131FAE7, STM32MP131FAF7, STM32MP131FAG7, STM32MP133AAE3, STM32MP133AAF3, STM32MP133AAG3, STM32MP133CAE3, STM32MP133CAF3, STM32MP133CAG3, STM32MP133DAE7, STM32MP133DAF7, STM32MP133DAG7, STM32MP133FAE7, STM32MP133FAF7, STM32MP133FAG7, STM32MP135AAE3, STM32MP135AAF3, STM32MP135AAG3, STM32MP135CAE3, STM32MP135CAF3, STM32MP135CAG3, STM32MP135DAE7, STM32MP135DAF7, STM32MP135DAG7, STM32MP135F-DK, STM32MP135FAE7, STM32MP135FAF7, STM32MP135FAF7T, STM32MP135FAF7U, STM32MP135FAG7, STM32U535CBT6, STM32U535CBT6Q, STM32U535CBU6, STM32U535CBU6Q, STM32U535CCT6, STM32U535CCT6Q, STM32U535CCU6, STM32U535CCU6Q, STM32U535CET6, STM32U535CET6Q, STM32U535CEU6, STM32U535CEU6Q, STM32U535JEY6QTR, STM32U535NCY6QTR, STM32U535NEY6QTR, STM32U535RBI6, STM32U535RBI6Q, STM32U535RBT6, STM32U535RBT6Q, STM32U535RCI6, STM32U535RCI6Q, STM32U535RCT6, STM32U535RCT6Q, STM32U535REI6, STM32U535REI6Q, STM32U535RET6, STM32U535RET6Q, STM32U535VCI6, STM32U535VCI6Q, STM32U535VCT6, STM32U535VCT6Q, STM32U535VEI6, STM32U535VEI6Q, STM32U535VET6, STM32U535VET6Q, STM32U545CET6, STM32U545CET6Q, STM32U545CEU6, STM32U545CEU6Q, STM32U545JEY6QTR, STM32U545NEY6QTR, STM32U545REI6, STM32U545REI6Q, STM32U545RET6, STM32U545RET6Q, STM32U545VEI6, STM32U545VEI6Q, STM32U545VET6, STM32U545VET6Q, STM32U595AIH6, STM32U595AIH6Q, STM32U595AJH6, STM32U595AJH6Q, STM32U595QII6, STM32U595QII6Q, STM32U595QJI6, STM32U595QJI6Q, STM32U595RIT6, STM32U595RIT6Q, STM32U595RJT6, STM32U595RJT6Q, STM32U595VIT6, STM32U595VIT6Q, STM32U595VJT6, STM32U595VJT6Q, STM32U595ZIT6, STM32U595ZIT6Q, STM32U595ZIY6QTR, STM32U595ZJT6, STM32U595ZJT6Q, STM32U595ZJY6QTR, STM32U599BJY6QTR, STM32U599NIH6Q, STM32U599NJH6Q, STM32U599VIT6Q, STM32U599VJT6, STM32U599VJT6Q, STM32U599ZIT6Q, STM32U599ZIY6QTR, STM32U599ZJT6Q, STM32U599ZJY6QTR, STM32U5A5AJH6, STM32U5A5AJH6Q, STM32U5A5QJI6, STM32U5A5QJI6Q, STM32U5A5RJT6, STM32U5A5RJT6Q, STM32U5A5VJT6, STM32U5A5VJT6Q, STM32U5A5ZJT6, STM32U5A5ZJT6Q, STM32U5A5ZJY6QTR, STM32U5A9BJY6QTR, STM32U5A9J-DK, STM32U5A9NJH6Q, STM32U5A9VJT6Q, STM32U5A9ZJT6Q, STM32U5A9ZJY6QTR, STM32U5F7VIT6, STM32U5F7VIT6Q, STM32U5F7VJT6, STM32U5F7VJT6Q, STM32U5F9BJY6QTR, STM32U5F9NJH6Q, STM32U5F9VIT6Q, STM32U5F9VJT6Q, STM32U5F9ZIJ6QTR, STM32U5F9ZIT6Q, STM32U5F9ZJJ6QTR, STM32U5F9ZJT6Q, STM32U5G7VJT6, STM32U5G7VJT6Q, STM32U5G9BJY6QTR, STM32U5G9J-DK1, STM32U5G9J-DK2, STM32U5G9NJH6Q, STM32U5G9VJT6Q, STM32U5G9ZJJ6QTR, STM32U5G9ZJT6Q, STM32WB1MMCH6, STM32WBA50KEU6, STM32WBA50KEU6TR, STM32WBA50KGU6, STM32WBA50KGU6TR, STM32WBA52CEU6, STM32WBA52CEU6TR, STM32WBA52CEU7, STM32WBA52CEU7TR, STM32WBA52CGU6, STM32WBA52CGU6TR, STM32WBA52CGU6U, STM32WBA52CGU7, STM32WBA52CGU7TR, STM32WBA52KEU6, STM32WBA52KEU6TR, STM32WBA52KGU6, STM32WBA52KGU6TR, STM32WBA54CEU6, STM32WBA54CEU6TR, STM32WBA54CEU7, STM32WBA54CEU7TR, STM32WBA54CGU6, STM32WBA54CGU6TR, STM32WBA54CGU7, STM32WBA54CGU7TR, STM32WBA54KEU6, STM32WBA54KEU6TR, STM32WBA54KEU7, STM32WBA54KEU7TR, STM32WBA54KGU6, STM32WBA54KGU6TR, STM32WBA54KGU7, STM32WBA54KGU7TR, STM32WBA55CEU6, STM32WBA55CEU6TR, STM32WBA55CEU7, STM32WBA55CEU7TR, STM32WBA55CGU6, STM32WBA55CGU6TR, STM32WBA55CGU6U, STM32WBA55CGU7, STM32WBA55CGU7TR, STM32WBA55G-DK1, STM32WBA55HEF6, STM32WBA55HEF7, STM32WBA55HGF6, STM32WBA55HGF7, STM32WBA55UEI6, STM32WBA55UEI6TR, STM32WBA55UEI7, STM32WBA55UEI7TR, STM32WBA55UGI6, STM32WBA55UGI6TR, STM32WBA55UGI7, STM32WBA55UGI7TR, STM32WL5MOCH6, STM32WL5MOCH6TR]
2024-03-30 09:30:39,435 [INFO] DbMcus:218 - Found 3986 MCUs, 3986 are supported
2024-03-30 09:30:39,437 [INFO] ApiDb:423 - Load user favorites file C:\Users\shiba/.stm32cubeide/favorites.mcus.txt: 0 item(s)
2024-03-30 09:30:39,437 [INFO] ApiDb:427 - User favorites MCUs=[]
2024-03-30 09:30:39,437 [INFO] DbMcus:224 - Set 0 / 0 favorites MCUs
2024-03-30 09:30:40,069 [INFO] MicroXplorer:468 - Change Database Path : 
2024-03-30 09:30:40,069 [INFO] MicroXplorer:498 - Change Database Version : DB.6.0.100
2024-03-30 09:30:40,070 [WARN] ThirdParty:833 - waiting for thirdparty lock release [change project]
2024-03-30 09:30:40,070 [INFO] ThirdParty:835 - entering critical section [change project]
2024-03-30 09:30:40,070 [INFO] ThirdParty:1030 - CMSIS Pack Vendor :STMicroelectronics USBPD 4.1
2024-03-30 09:30:40,070 [INFO] ThirdParty:1030 - CMSIS Pack Vendor :STMicroelectronics X-CUBE-GNSS1 6.0.0
2024-03-30 09:30:40,070 [INFO] ThirdParty:1030 - CMSIS Pack Vendor :STMicroelectronics USB_HOST 2.0.0
2024-03-30 09:30:40,070 [INFO] ThirdParty:1030 - CMSIS Pack Vendor :STMicroelectronics X-CUBE-AZRTOS-F4 1.1.0
2024-03-30 09:30:40,070 [INFO] ThirdParty:1030 - CMSIS Pack Vendor :STMicroelectronics LIBJPEG 8.0.0
2024-03-30 09:30:40,070 [INFO] ThirdParty:1030 - CMSIS Pack Vendor :STMicroelectronics X-CUBE-SMBUS 2.1.0
2024-03-30 09:30:40,071 [INFO] ThirdParty:1030 - CMSIS Pack Vendor :STMicroelectronics USB_DEVICE 3.0.0
2024-03-30 09:30:40,071 [INFO] ThirdParty:1030 - CMSIS Pack Vendor :STMicroelectronics X-CUBE-AZRTOS-WB 2.0.0
2024-03-30 09:30:40,071 [INFO] ThirdParty:1030 - CMSIS Pack Vendor :STMicroelectronics X-CUBE-AZRTOS-F7 1.1.0
2024-03-30 09:30:40,071 [INFO] ThirdParty:1030 - CMSIS Pack Vendor :STMicroelectronics X-CUBE-AZRTOS-L5 2.0.0
2024-03-30 09:30:40,071 [INFO] ThirdParty:1030 - CMSIS Pack Vendor :STMicroelectronics USB_DEVICE 2.0.0
2024-03-30 09:30:40,071 [INFO] ThirdParty:1030 - CMSIS Pack Vendor :STMicroelectronics X-CUBE-NFC6 3.1.0
2024-03-30 09:30:40,071 [INFO] ThirdParty:1030 - CMSIS Pack Vendor :ITTIA_DB I-CUBE-ITTIADB 8.8.0
2024-03-30 09:30:40,071 [INFO] ThirdParty:1030 - CMSIS Pack Vendor :STMicroelectronics FP-SNS-MOTENV1 4.3.2
2024-03-30 09:30:40,072 [INFO] ThirdParty:1030 - CMSIS Pack Vendor :STMicroelectronics X-CUBE-ALGOBUILD 1.3.0
2024-03-30 09:30:40,072 [INFO] ThirdParty:1030 - CMSIS Pack Vendor :STMicroelectronics FreeRTOS 0.0.1
2024-03-30 09:30:40,072 [INFO] ThirdParty:1030 - CMSIS Pack Vendor :STMicroelectronics X-CUBE-AZRTOS-G0 1.1.0
2024-03-30 09:30:40,072 [INFO] ThirdParty:1030 - CMSIS Pack Vendor :STMicroelectronics X-CUBE-NFC4 3.0.0
2024-03-30 09:30:40,072 [INFO] ThirdParty:1030 - CMSIS Pack Vendor :STMicroelectronics X-CUBE-SUBG2 5.0.0
2024-03-30 09:30:40,072 [INFO] ThirdParty:1030 - CMSIS Pack Vendor :STMicroelectronics STM32_WPAN 1.0.0
2024-03-30 09:30:40,072 [INFO] ThirdParty:1030 - CMSIS Pack Vendor :STMicroelectronics lwIP 2.0.3
2024-03-30 09:30:40,072 [INFO] ThirdParty:1030 - CMSIS Pack Vendor :STMicroelectronics FP-SNS-FLIGHT1 5.0.2
2024-03-30 09:30:40,072 [INFO] ThirdParty:1030 - CMSIS Pack Vendor :STMicroelectronics USB_HOST 1.0.0
2024-03-30 09:30:40,072 [INFO] ThirdParty:1030 - CMSIS Pack Vendor :STMicroelectronics X-CUBE-AZRTOS-G4 2.0.0
2024-03-30 09:30:40,072 [INFO] ThirdParty:1030 - CMSIS Pack Vendor :STMicroelectronics PDM2PCM 3.1.0
2024-03-30 09:30:40,072 [INFO] ThirdParty:1030 - CMSIS Pack Vendor :Infineon AIROC-Wi-Fi-Bluetooth-STM32 1.5.1
2024-03-30 09:30:40,072 [INFO] ThirdParty:1030 - CMSIS Pack Vendor :STMicroelectronics PDM2PCM 3.3.0
2024-03-30 09:30:40,072 [INFO] ThirdParty:1030 - CMSIS Pack Vendor :STMicroelectronics X-CUBE-DISPLAY 3.0.0
2024-03-30 09:30:40,072 [INFO] ThirdParty:1030 - CMSIS Pack Vendor :STMicroelectronics X-CUBE-BLE1 7.0.0
2024-03-30 09:30:40,072 [INFO] ThirdParty:1030 - CMSIS Pack Vendor :STMicroelectronics FP-ATR-SIGFOX1 3.2.0
2024-03-30 09:30:40,072 [INFO] ThirdParty:1030 - CMSIS Pack Vendor :STMicroelectronics HAL Drivers 0.0.0
2024-03-30 09:30:40,072 [INFO] ThirdParty:1030 - CMSIS Pack Vendor :STMicroelectronics MBEDTLS 2.16.2
2024-03-30 09:30:40,072 [INFO] ThirdParty:1030 - CMSIS Pack Vendor :emotas I-CUBE-CANOPEN 1.3.0
2024-03-30 09:30:40,073 [INFO] ThirdParty:1030 - CMSIS Pack Vendor :STMicroelectronics X-CUBE-MEMS1 10.0.0
2024-03-30 09:30:40,073 [INFO] ThirdParty:1030 - CMSIS Pack Vendor :STMicroelectronics X-CUBE-FREERTOS 1.1.0
2024-03-30 09:30:40,073 [INFO] ThirdParty:1030 - CMSIS Pack Vendor :STMicroelectronics X-CUBE-NFC7 1.0.1
2024-03-30 09:30:40,073 [INFO] ThirdParty:1030 - CMSIS Pack Vendor :STMicroelectronics MBEDTLS 2.14.1
2024-03-30 09:30:40,073 [INFO] ThirdParty:1030 - CMSIS Pack Vendor :STMicroelectronics X-CUBE-NFC6 3.0.0
2024-03-30 09:30:40,073 [INFO] ThirdParty:1030 - CMSIS Pack Vendor :portGmbH I-Cube-SoM-uGOAL 1.1.0
2024-03-30 09:30:40,073 [INFO] ThirdParty:1030 - CMSIS Pack Vendor :STMicroelectronics X-CUBE-ALS 1.0.1
2024-03-30 09:30:40,073 [INFO] ThirdParty:1030 - CMSIS Pack Vendor :STMicroelectronics ThreadX 1.0.0
2024-03-30 09:30:40,073 [INFO] ThirdParty:1030 - CMSIS Pack Vendor :STMicroelectronics FP-SNS-SMARTAG2 1.2.0
2024-03-30 09:30:40,073 [INFO] ThirdParty:1030 - CMSIS Pack Vendor :STMicroelectronics X-CUBE-AZRTOS-WL 2.0.0
2024-03-30 09:30:40,073 [INFO] ThirdParty:1030 - CMSIS Pack Vendor :SEGGER I-CUBE-embOS 1.3.1
2024-03-30 09:30:40,073 [INFO] ThirdParty:1030 - CMSIS Pack Vendor :STMicroelectronics USB_DEVICE 1.0.0
2024-03-30 09:30:40,073 [INFO] ThirdParty:1030 - CMSIS Pack Vendor :STMicroelectronics X-CUBE-AI 8.1.0
2024-03-30 09:30:40,073 [INFO] ThirdParty:1030 - CMSIS Pack Vendor :STMicroelectronics X-CUBE-AZRTOS-L4 2.0.0
2024-03-30 09:30:40,073 [INFO] ThirdParty:1030 - CMSIS Pack Vendor :STMicroelectronics ThreadX 0.0.2
2024-03-30 09:30:40,073 [INFO] ThirdParty:1030 - CMSIS Pack Vendor :WES I-CUBE-Cesium 1.3.0
2024-03-30 09:30:40,073 [INFO] ThirdParty:1030 - CMSIS Pack Vendor :STMicroelectronics FP-ATR-ASTRA1 2.0.0
2024-03-30 09:30:40,073 [INFO] ThirdParty:1030 - CMSIS Pack Vendor :STMicroelectronics lwIP 2.1.2
2024-03-30 09:30:40,073 [INFO] ThirdParty:1030 - CMSIS Pack Vendor :STMicroelectronics X-CUBE-SFXS2LP1 4.0.0
2024-03-30 09:30:40,074 [INFO] ThirdParty:1030 - CMSIS Pack Vendor :STMicroelectronics X-CUBE-BLE2 3.3.0
2024-03-30 09:30:40,074 [INFO] ThirdParty:1030 - CMSIS Pack Vendor :STMicroelectronics PDM2PCM 3.2.0
2024-03-30 09:30:40,074 [INFO] ThirdParty:841 - exiting critical section [change project]
2024-03-30 09:30:40,497 [INFO] PinOutPanel:1499 - setPackage(No Configuration,No Configuration)
2024-03-30 09:30:40,498 [INFO] PinOutPanel:1499 - setPackage(STM32L053C8Tx,LQFP48)
2024-03-30 09:30:41,120 [INFO] UtilMem:75 - Before build in PCC Used Memory: 182079032 Bytes (313524224)
2024-03-30 09:30:42,042 [INFO] UtilMem:75 - After build in PCC Used Memory: 194104752 Bytes (313524224)
2024-03-30 09:30:42,075 [INFO] IPUIPlugin:80 - create IPUIPlugin
2024-03-30 09:30:42,076 [INFO] IPUIPlugin:80 - create IPUIPlugin
2024-03-30 09:30:42,076 [INFO] IPUIPlugin:80 - create IPUIPlugin
2024-03-30 09:30:42,076 [INFO] IPUIPlugin:80 - create IPUIPlugin
2024-03-30 09:30:42,076 [INFO] IPUIPlugin:80 - create IPUIPlugin
2024-03-30 09:30:42,076 [INFO] IPUIPlugin:80 - create IPUIPlugin
2024-03-30 09:30:42,077 [INFO] IPUIPlugin:80 - create IPUIPlugin
2024-03-30 09:30:42,077 [INFO] IPUIPlugin:80 - create IPUIPlugin
2024-03-30 09:30:42,077 [INFO] IPUIPlugin:80 - create IPUIPlugin
2024-03-30 09:30:42,078 [INFO] IPUIPlugin:80 - create IPUIPlugin
2024-03-30 09:30:42,078 [INFO] IPUIPlugin:80 - create IPUIPlugin
2024-03-30 09:30:42,079 [INFO] IPUIPlugin:80 - create IPUIPlugin
2024-03-30 09:30:42,079 [INFO] IPUIPlugin:80 - create IPUIPlugin
2024-03-30 09:30:42,079 [INFO] IPUIPlugin:80 - create IPUIPlugin
2024-03-30 09:30:42,079 [INFO] IPUIPlugin:80 - create IPUIPlugin
2024-03-30 09:30:42,080 [INFO] IPUIPlugin:80 - create IPUIPlugin
2024-03-30 09:30:42,080 [INFO] IPUIPlugin:80 - create IPUIPlugin
2024-03-30 09:30:42,080 [INFO] IPUIPlugin:80 - create IPUIPlugin
2024-03-30 09:30:42,080 [INFO] IPUIPlugin:80 - create IPUIPlugin
2024-03-30 09:30:42,081 [INFO] IPUIPlugin:80 - create IPUIPlugin
2024-03-30 09:30:42,081 [INFO] IPUIPlugin:80 - create IPUIPlugin
2024-03-30 09:30:42,081 [INFO] IPUIPlugin:80 - create IPUIPlugin
2024-03-30 09:30:42,081 [INFO] IPUIPlugin:80 - create IPUIPlugin
2024-03-30 09:30:42,081 [INFO] IPUIPlugin:80 - create IPUIPlugin
2024-03-30 09:30:42,082 [INFO] IPUIPlugin:80 - create IPUIPlugin
2024-03-30 09:30:42,082 [INFO] IPUIPlugin:80 - create IPUIPlugin
2024-03-30 09:30:42,082 [INFO] IPUIPlugin:80 - create IPUIPlugin
2024-03-30 09:30:42,082 [INFO] IPUIPlugin:80 - create IPUIPlugin
2024-03-30 09:30:42,082 [INFO] IPUIPlugin:80 - create IPUIPlugin
2024-03-30 09:30:42,083 [INFO] IPUIPlugin:80 - create IPUIPlugin
2024-03-30 09:30:42,083 [INFO] IPUIPlugin:80 - create IPUIPlugin
2024-03-30 09:30:42,083 [INFO] IPUIPlugin:80 - create IPUIPlugin
2024-03-30 09:30:42,083 [INFO] IPUIPlugin:80 - create IPUIPlugin
2024-03-30 09:30:42,084 [INFO] IPUIPlugin:80 - create IPUIPlugin
2024-03-30 09:30:42,347 [INFO] CADModel:165 - CPN selected for project levelSTM32L053C8T6
2024-03-30 09:30:42,347 [INFO] CADModel:114 - Register for checkConnection events
2024-03-30 09:30:42,426 [INFO] OpenFileManager:343 - Restore cursor
2024-03-30 09:32:16,335 [INFO] NvicIntPanel:101 - NVIC parent = com.st.microxplorer.plugins.ip.nvic.MultiNvicIntPanel[,0,0,0x0,invalid,layout=javax.swing.BoxLayout,alignmentX=0.0,alignmentY=0.0,border=,flags=9,maximumSize=,minimumSize=,preferredSize=]
2024-03-30 09:32:19,700 [INFO] NvicIntPanel:101 - NVIC parent = com.st.microxplorer.plugins.ip.nvic.MultiNvicIntPanel[,0,0,0x0,invalid,layout=javax.swing.BoxLayout,alignmentX=0.0,alignmentY=0.0,border=,flags=9,maximumSize=,minimumSize=,preferredSize=]
2024-03-30 09:32:23,960 [INFO] NvicIntPanel:101 - NVIC parent = com.st.microxplorer.plugins.ip.nvic.MultiNvicIntPanel[,0,0,0x0,invalid,layout=javax.swing.BoxLayout,alignmentX=0.0,alignmentY=0.0,border=,flags=9,maximumSize=,minimumSize=,preferredSize=]
2024-03-30 09:32:35,942 [INFO] UtilMem:75 - End SaveConfig() Used Memory: 583265344 Bytes (1073741824)
2024-03-30 09:32:40,271 [INFO] UtilMem:75 - End SaveConfig() Used Memory: 620300928 Bytes (1073741824)
2024-03-30 09:32:40,828 [INFO] BlockDiagram:2759 - set Specific Code input for plugin: RTC
2024-03-30 09:32:40,828 [INFO] BlockDiagram:2759 - set Specific Code input for plugin: NVIC
2024-03-30 09:32:40,829 [INFO] BlockDiagram:2759 - set Specific Code input for plugin: USART
2024-03-30 09:32:40,829 [INFO] BlockDiagram:2759 - set Specific Code input for plugin: SYS
2024-03-30 09:32:40,830 [INFO] BlockDiagram:2759 - set Specific Code input for plugin: GPIO
2024-03-30 09:32:40,831 [INFO] BlockDiagram:2759 - set Specific Code input for plugin: RCC
2024-03-30 09:32:40,832 [INFO] CodeGenerator:807 - code generatio: config db path: C:\ST\STM32CubeIDE_1.14.1\STM32CubeIDE\plugins\com.st.stm32cube.common.mx_6.10.0.202311202037\\db\
2024-03-30 09:32:41,221 [INFO] CodeEngine:255 - oldGeneratedFile, D:\STM32\Workspace\10_RTC_ALARM\MXTmpFiles\license.tmp_save
2024-03-30 09:32:41,640 [INFO] CodeEngine:279 - Generated code: D:\STM32\Workspace\10_RTC_ALARM\MXTmpFiles\license.tmp
2024-03-30 09:32:41,778 [INFO] CodeEngine:255 - oldGeneratedFile, D:\STM32\Workspace\10_RTC_ALARM\MXTmpFiles\gpio.tmp_save
2024-03-30 09:32:41,954 [INFO] CodeEngine:279 - Generated code: D:\STM32\Workspace\10_RTC_ALARM\MXTmpFiles\gpio.tmp
2024-03-30 09:32:42,175 [INFO] CodeEngine:255 - oldGeneratedFile, D:\STM32\Workspace\10_RTC_ALARM\Core\Src\stm32l0xx_it.c_save
2024-03-30 09:32:42,346 [INFO] CodeEngine:279 - Generated code: D:\STM32\Workspace\10_RTC_ALARM\Core\Src\stm32l0xx_it.c
2024-03-30 09:32:42,367 [INFO] CodeEngine:255 - oldGeneratedFile, D:\STM32\Workspace\10_RTC_ALARM\Core\Inc\stm32l0xx_it.h_save
2024-03-30 09:32:42,473 [INFO] CodeEngine:279 - Generated code: D:\STM32\Workspace\10_RTC_ALARM\Core\Inc\stm32l0xx_it.h
2024-03-30 09:32:42,505 [INFO] CodeEngine:255 - oldGeneratedFile, D:\STM32\Workspace\10_RTC_ALARM\Core\Src\stm32l0xx_hal_msp.c_save
2024-03-30 09:32:42,649 [INFO] CodeEngine:279 - Generated code: D:\STM32\Workspace\10_RTC_ALARM\Core\Src\stm32l0xx_hal_msp.c
2024-03-30 09:32:42,662 [INFO] CodeEngine:255 - oldGeneratedFile, D:\STM32\Workspace\10_RTC_ALARM\MXTmpFiles\system.tmp_save
2024-03-30 09:32:42,756 [INFO] CodeEngine:279 - Generated code: D:\STM32\Workspace\10_RTC_ALARM\MXTmpFiles\system.tmp
2024-03-30 09:32:42,789 [INFO] CodeEngine:311 - oldGeneratedFile, D:\STM32\Workspace\10_RTC_ALARM\Core\Inc\stm32l0xx_hal_conf.h_save
2024-03-30 09:32:42,926 [INFO] CodeEngine:335 - Generated code: D:\STM32\Workspace\10_RTC_ALARM\Core\Inc\stm32l0xx_hal_conf.h
2024-03-30 09:32:42,994 [INFO] CodeEngine:255 - oldGeneratedFile, D:\STM32\Workspace\10_RTC_ALARM\Core\Inc\main.h_save
2024-03-30 09:32:43,116 [INFO] CodeEngine:279 - Generated code: D:\STM32\Workspace\10_RTC_ALARM\Core\Inc\main.h
2024-03-30 09:32:43,141 [INFO] CodeEngine:255 - oldGeneratedFile, D:\STM32\Workspace\10_RTC_ALARM\Core\Src\main.c_save
2024-03-30 09:32:43,436 [INFO] CodeEngine:279 - Generated code: D:\STM32\Workspace\10_RTC_ALARM\Core\Src\main.c
2024-03-30 09:32:44,122 [INFO] ProjectBuilder:3076 - Time for Copy HAL[1] : 274mS.
2024-03-30 09:32:44,129 [INFO] ProjectBuilder:4485 - Project Generator version: 4.2.0-B44
2024-03-30 09:32:44,490 [INFO] ConfigFileManager:1495 - The Die is : DIE417
2024-03-30 09:32:44,513 [INFO] ApiDbMcu:508 - Load IP Config File for FATFS
2024-03-30 09:32:44,534 [INFO] ApiDbMcu:508 - Load IP Config File for FREERTOS
2024-03-30 09:32:44,580 [INFO] ApiDbMcu:508 - Load IP Config File for TOUCHSENSING
2024-03-30 09:32:44,604 [INFO] ApiDbMcu:508 - Load IP Config File for USB_DEVICE
2024-03-30 09:32:46,093 [INFO] LogOutputStream:77 - [STDOUT_REDIRECT] 
2024-03-30 09:32:47,758 [INFO] ProjectBuilder:4747 - Time for Generating toolchain IDE Files: 3630mS.
2024-03-30 09:32:47,759 [INFO] ProjectBuilder:2947 - Time for Copy CMSIS : 0mS.
2024-03-30 09:32:47,760 [INFO] ProjectBuilder:2947 - Time for Copy CMSIS : 0mS.
2024-03-30 09:37:57,306 [INFO] NvicIntPanel:101 - NVIC parent = com.st.microxplorer.plugins.ip.nvic.MultiNvicIntPanel[,0,0,0x0,invalid,layout=javax.swing.BoxLayout,alignmentX=0.0,alignmentY=0.0,border=,flags=9,maximumSize=,minimumSize=,preferredSize=]
2024-03-30 09:38:00,235 [INFO] NvicIntPanel:101 - NVIC parent = com.st.microxplorer.plugins.ip.nvic.MultiNvicIntPanel[,0,0,0x0,invalid,layout=javax.swing.BoxLayout,alignmentX=0.0,alignmentY=0.0,border=,flags=9,maximumSize=,minimumSize=,preferredSize=]
2024-03-30 09:38:06,480 [INFO] UtilMem:75 - End SaveConfig() Used Memory: 752660648 Bytes (1073741824)
2024-03-30 09:38:06,578 [INFO] UtilMem:75 - End SaveConfig() Used Memory: 770388336 Bytes (1073741824)
2024-03-30 09:38:15,104 [INFO] UtilMem:75 - End SaveConfig() Used Memory: 855610584 Bytes (1073741824)
2024-03-30 09:38:15,402 [INFO] BlockDiagram:2759 - set Specific Code input for plugin: RTC
2024-03-30 09:38:15,403 [INFO] BlockDiagram:2759 - set Specific Code input for plugin: NVIC
2024-03-30 09:38:15,403 [INFO] BlockDiagram:2759 - set Specific Code input for plugin: USART
2024-03-30 09:38:15,403 [INFO] BlockDiagram:2759 - set Specific Code input for plugin: SYS
2024-03-30 09:38:15,405 [INFO] BlockDiagram:2759 - set Specific Code input for plugin: GPIO
2024-03-30 09:38:15,408 [INFO] BlockDiagram:2759 - set Specific Code input for plugin: RCC
2024-03-30 09:38:15,413 [INFO] CodeGenerator:807 - code generatio: config db path: C:\ST\STM32CubeIDE_1.14.1\STM32CubeIDE\plugins\com.st.stm32cube.common.mx_6.10.0.202311202037\\db\
2024-03-30 09:38:15,762 [INFO] CodeEngine:255 - oldGeneratedFile, D:\STM32\Workspace\10_RTC_ALARM\MXTmpFiles\license.tmp_save
2024-03-30 09:38:15,902 [INFO] CodeEngine:279 - Generated code: D:\STM32\Workspace\10_RTC_ALARM\MXTmpFiles\license.tmp
2024-03-30 09:38:15,933 [INFO] CodeEngine:255 - oldGeneratedFile, D:\STM32\Workspace\10_RTC_ALARM\MXTmpFiles\gpio.tmp_save
2024-03-30 09:38:16,028 [INFO] CodeEngine:279 - Generated code: D:\STM32\Workspace\10_RTC_ALARM\MXTmpFiles\gpio.tmp
2024-03-30 09:38:16,133 [INFO] CodeEngine:255 - oldGeneratedFile, D:\STM32\Workspace\10_RTC_ALARM\Core\Src\stm32l0xx_it.c_save
2024-03-30 09:38:16,244 [INFO] CodeEngine:279 - Generated code: D:\STM32\Workspace\10_RTC_ALARM\Core\Src\stm32l0xx_it.c
2024-03-30 09:38:16,266 [INFO] CodeEngine:255 - oldGeneratedFile, D:\STM32\Workspace\10_RTC_ALARM\Core\Inc\stm32l0xx_it.h_save
2024-03-30 09:38:16,346 [INFO] CodeEngine:279 - Generated code: D:\STM32\Workspace\10_RTC_ALARM\Core\Inc\stm32l0xx_it.h
2024-03-30 09:38:16,370 [INFO] CodeEngine:255 - oldGeneratedFile, D:\STM32\Workspace\10_RTC_ALARM\Core\Src\stm32l0xx_hal_msp.c_save
2024-03-30 09:38:16,463 [INFO] CodeEngine:279 - Generated code: D:\STM32\Workspace\10_RTC_ALARM\Core\Src\stm32l0xx_hal_msp.c
2024-03-30 09:38:16,466 [INFO] CodeEngine:255 - oldGeneratedFile, D:\STM32\Workspace\10_RTC_ALARM\MXTmpFiles\system.tmp_save
2024-03-30 09:38:16,526 [INFO] CodeEngine:279 - Generated code: D:\STM32\Workspace\10_RTC_ALARM\MXTmpFiles\system.tmp
2024-03-30 09:38:16,545 [INFO] CodeEngine:311 - oldGeneratedFile, D:\STM32\Workspace\10_RTC_ALARM\Core\Inc\stm32l0xx_hal_conf.h_save
2024-03-30 09:38:16,660 [INFO] CodeEngine:335 - Generated code: D:\STM32\Workspace\10_RTC_ALARM\Core\Inc\stm32l0xx_hal_conf.h
2024-03-30 09:38:16,740 [INFO] CodeEngine:255 - oldGeneratedFile, D:\STM32\Workspace\10_RTC_ALARM\Core\Inc\main.h_save
2024-03-30 09:38:16,869 [INFO] CodeEngine:279 - Generated code: D:\STM32\Workspace\10_RTC_ALARM\Core\Inc\main.h
2024-03-30 09:38:16,884 [INFO] CodeEngine:255 - oldGeneratedFile, D:\STM32\Workspace\10_RTC_ALARM\Core\Src\main.c_save
2024-03-30 09:38:17,016 [INFO] CodeEngine:279 - Generated code: D:\STM32\Workspace\10_RTC_ALARM\Core\Src\main.c
2024-03-30 09:38:17,806 [INFO] ProjectBuilder:3076 - Time for Copy HAL[1] : 212mS.
2024-03-30 09:38:17,810 [INFO] ProjectBuilder:4485 - Project Generator version: 4.2.0-B44
2024-03-30 09:38:18,326 [INFO] ConfigFileManager:1495 - The Die is : DIE417
2024-03-30 09:38:20,318 [INFO] ProjectBuilder:4747 - Time for Generating toolchain IDE Files: 2508mS.
2024-03-30 09:38:20,319 [INFO] ProjectBuilder:2947 - Time for Copy CMSIS : 0mS.
2024-03-30 09:38:20,322 [INFO] ProjectBuilder:2947 - Time for Copy CMSIS : 0mS.
2024-03-30 09:39:53,580 [INFO] NvicIntPanel:101 - NVIC parent = com.st.microxplorer.plugins.ip.nvic.MultiNvicIntPanel[,0,0,0x0,invalid,layout=javax.swing.BoxLayout,alignmentX=0.0,alignmentY=0.0,border=,flags=9,maximumSize=,minimumSize=,preferredSize=]
2024-03-30 09:39:56,649 [INFO] NvicIntPanel:101 - NVIC parent = com.st.microxplorer.plugins.ip.nvic.MultiNvicIntPanel[,0,0,0x0,invalid,layout=javax.swing.BoxLayout,alignmentX=0.0,alignmentY=0.0,border=,flags=9,maximumSize=,minimumSize=,preferredSize=]
2024-03-30 09:40:05,442 [INFO] UtilMem:75 - End SaveConfig() Used Memory: 748389712 Bytes (1073741824)
2024-03-30 09:40:05,570 [INFO] UtilMem:75 - End SaveConfig() Used Memory: 765939176 Bytes (1073741824)
2024-03-30 09:40:06,194 [INFO] UtilMem:75 - End SaveConfig() Used Memory: 801780104 Bytes (1073741824)
2024-03-30 09:40:06,585 [INFO] BlockDiagram:2759 - set Specific Code input for plugin: RTC
2024-03-30 09:40:06,586 [INFO] BlockDiagram:2759 - set Specific Code input for plugin: NVIC
2024-03-30 09:40:06,586 [INFO] BlockDiagram:2759 - set Specific Code input for plugin: USART
2024-03-30 09:40:06,586 [INFO] BlockDiagram:2759 - set Specific Code input for plugin: SYS
2024-03-30 09:40:06,586 [INFO] BlockDiagram:2759 - set Specific Code input for plugin: GPIO
2024-03-30 09:40:06,586 [INFO] BlockDiagram:2759 - set Specific Code input for plugin: RCC
2024-03-30 09:40:06,587 [INFO] CodeGenerator:807 - code generatio: config db path: C:\ST\STM32CubeIDE_1.14.1\STM32CubeIDE\plugins\com.st.stm32cube.common.mx_6.10.0.202311202037\\db\
2024-03-30 09:40:06,805 [INFO] CodeEngine:255 - oldGeneratedFile, D:\STM32\Workspace\10_RTC_ALARM\MXTmpFiles\license.tmp_save
2024-03-30 09:40:06,927 [INFO] CodeEngine:279 - Generated code: D:\STM32\Workspace\10_RTC_ALARM\MXTmpFiles\license.tmp
2024-03-30 09:40:06,960 [INFO] CodeEngine:255 - oldGeneratedFile, D:\STM32\Workspace\10_RTC_ALARM\MXTmpFiles\gpio.tmp_save
2024-03-30 09:40:07,090 [INFO] CodeEngine:279 - Generated code: D:\STM32\Workspace\10_RTC_ALARM\MXTmpFiles\gpio.tmp
2024-03-30 09:40:07,206 [INFO] CodeEngine:255 - oldGeneratedFile, D:\STM32\Workspace\10_RTC_ALARM\Core\Src\stm32l0xx_it.c_save
2024-03-30 09:40:07,434 [INFO] CodeEngine:279 - Generated code: D:\STM32\Workspace\10_RTC_ALARM\Core\Src\stm32l0xx_it.c
2024-03-30 09:40:07,440 [INFO] CodeEngine:255 - oldGeneratedFile, D:\STM32\Workspace\10_RTC_ALARM\Core\Inc\stm32l0xx_it.h_save
2024-03-30 09:40:07,500 [INFO] CodeEngine:279 - Generated code: D:\STM32\Workspace\10_RTC_ALARM\Core\Inc\stm32l0xx_it.h
2024-03-30 09:40:07,522 [INFO] CodeEngine:255 - oldGeneratedFile, D:\STM32\Workspace\10_RTC_ALARM\Core\Src\stm32l0xx_hal_msp.c_save
2024-03-30 09:40:07,630 [INFO] CodeEngine:279 - Generated code: D:\STM32\Workspace\10_RTC_ALARM\Core\Src\stm32l0xx_hal_msp.c
2024-03-30 09:40:07,635 [INFO] CodeEngine:255 - oldGeneratedFile, D:\STM32\Workspace\10_RTC_ALARM\MXTmpFiles\system.tmp_save
2024-03-30 09:40:07,725 [INFO] CodeEngine:279 - Generated code: D:\STM32\Workspace\10_RTC_ALARM\MXTmpFiles\system.tmp
2024-03-30 09:40:07,748 [INFO] CodeEngine:311 - oldGeneratedFile, D:\STM32\Workspace\10_RTC_ALARM\Core\Inc\stm32l0xx_hal_conf.h_save
2024-03-30 09:40:07,862 [INFO] CodeEngine:335 - Generated code: D:\STM32\Workspace\10_RTC_ALARM\Core\Inc\stm32l0xx_hal_conf.h
2024-03-30 09:40:07,905 [INFO] CodeEngine:255 - oldGeneratedFile, D:\STM32\Workspace\10_RTC_ALARM\Core\Inc\main.h_save
2024-03-30 09:40:08,044 [INFO] CodeEngine:279 - Generated code: D:\STM32\Workspace\10_RTC_ALARM\Core\Inc\main.h
2024-03-30 09:40:08,057 [INFO] CodeEngine:255 - oldGeneratedFile, D:\STM32\Workspace\10_RTC_ALARM\Core\Src\main.c_save
2024-03-30 09:40:08,222 [INFO] CodeEngine:279 - Generated code: D:\STM32\Workspace\10_RTC_ALARM\Core\Src\main.c
2024-03-30 09:40:08,917 [INFO] ProjectBuilder:3076 - Time for Copy HAL[1] : 201mS.
2024-03-30 09:40:08,921 [INFO] ProjectBuilder:4485 - Project Generator version: 4.2.0-B44
2024-03-30 09:40:09,262 [INFO] ConfigFileManager:1495 - The Die is : DIE417
2024-03-30 09:40:11,090 [INFO] ProjectBuilder:4747 - Time for Generating toolchain IDE Files: 2170mS.
2024-03-30 09:40:11,091 [INFO] ProjectBuilder:2947 - Time for Copy CMSIS : 1mS.
2024-03-30 09:40:11,094 [INFO] ProjectBuilder:2947 - Time for Copy CMSIS : 1mS.
2024-03-30 09:41:30,374 [INFO] NvicIntPanel:101 - NVIC parent = com.st.microxplorer.plugins.ip.nvic.MultiNvicIntPanel[,0,0,0x0,invalid,layout=javax.swing.BoxLayout,alignmentX=0.0,alignmentY=0.0,border=,flags=9,maximumSize=,minimumSize=,preferredSize=]
2024-03-30 09:41:33,224 [INFO] UtilMem:75 - End SaveConfig() Used Memory: 711330808 Bytes (1073741824)
2024-03-30 09:41:33,320 [INFO] UtilMem:75 - End SaveConfig() Used Memory: 728577488 Bytes (1073741824)
2024-03-30 09:41:33,978 [INFO] UtilMem:75 - End SaveConfig() Used Memory: 765277648 Bytes (1073741824)
2024-03-30 09:41:34,325 [INFO] BlockDiagram:2759 - set Specific Code input for plugin: RTC
2024-03-30 09:41:34,326 [INFO] BlockDiagram:2759 - set Specific Code input for plugin: NVIC
2024-03-30 09:41:34,326 [INFO] BlockDiagram:2759 - set Specific Code input for plugin: USART
2024-03-30 09:41:34,326 [INFO] BlockDiagram:2759 - set Specific Code input for plugin: SYS
2024-03-30 09:41:34,326 [INFO] BlockDiagram:2759 - set Specific Code input for plugin: GPIO
2024-03-30 09:41:34,326 [INFO] BlockDiagram:2759 - set Specific Code input for plugin: RCC
2024-03-30 09:41:34,329 [INFO] CodeGenerator:807 - code generatio: config db path: C:\ST\STM32CubeIDE_1.14.1\STM32CubeIDE\plugins\com.st.stm32cube.common.mx_6.10.0.202311202037\\db\
2024-03-30 09:41:34,509 [INFO] CodeEngine:255 - oldGeneratedFile, D:\STM32\Workspace\10_RTC_ALARM\MXTmpFiles\license.tmp_save
2024-03-30 09:41:34,622 [INFO] CodeEngine:279 - Generated code: D:\STM32\Workspace\10_RTC_ALARM\MXTmpFiles\license.tmp
2024-03-30 09:41:34,661 [INFO] CodeEngine:255 - oldGeneratedFile, D:\STM32\Workspace\10_RTC_ALARM\MXTmpFiles\gpio.tmp_save
2024-03-30 09:41:34,784 [INFO] CodeEngine:279 - Generated code: D:\STM32\Workspace\10_RTC_ALARM\MXTmpFiles\gpio.tmp
2024-03-30 09:41:34,902 [INFO] CodeEngine:255 - oldGeneratedFile, D:\STM32\Workspace\10_RTC_ALARM\Core\Src\stm32l0xx_it.c_save
2024-03-30 09:41:34,987 [INFO] CodeEngine:279 - Generated code: D:\STM32\Workspace\10_RTC_ALARM\Core\Src\stm32l0xx_it.c
2024-03-30 09:41:35,002 [INFO] CodeEngine:255 - oldGeneratedFile, D:\STM32\Workspace\10_RTC_ALARM\Core\Inc\stm32l0xx_it.h_save
2024-03-30 09:41:35,059 [INFO] CodeEngine:279 - Generated code: D:\STM32\Workspace\10_RTC_ALARM\Core\Inc\stm32l0xx_it.h
2024-03-30 09:41:35,083 [INFO] CodeEngine:255 - oldGeneratedFile, D:\STM32\Workspace\10_RTC_ALARM\Core\Src\stm32l0xx_hal_msp.c_save
2024-03-30 09:41:35,232 [INFO] CodeEngine:279 - Generated code: D:\STM32\Workspace\10_RTC_ALARM\Core\Src\stm32l0xx_hal_msp.c
2024-03-30 09:41:35,235 [INFO] CodeEngine:255 - oldGeneratedFile, D:\STM32\Workspace\10_RTC_ALARM\MXTmpFiles\system.tmp_save
2024-03-30 09:41:35,296 [INFO] CodeEngine:279 - Generated code: D:\STM32\Workspace\10_RTC_ALARM\MXTmpFiles\system.tmp
2024-03-30 09:41:35,322 [INFO] CodeEngine:311 - oldGeneratedFile, D:\STM32\Workspace\10_RTC_ALARM\Core\Inc\stm32l0xx_hal_conf.h_save
2024-03-30 09:41:35,491 [INFO] CodeEngine:335 - Generated code: D:\STM32\Workspace\10_RTC_ALARM\Core\Inc\stm32l0xx_hal_conf.h
2024-03-30 09:41:35,546 [INFO] CodeEngine:255 - oldGeneratedFile, D:\STM32\Workspace\10_RTC_ALARM\Core\Inc\main.h_save
2024-03-30 09:41:35,680 [INFO] CodeEngine:279 - Generated code: D:\STM32\Workspace\10_RTC_ALARM\Core\Inc\main.h
2024-03-30 09:41:35,702 [INFO] CodeEngine:255 - oldGeneratedFile, D:\STM32\Workspace\10_RTC_ALARM\Core\Src\main.c_save
2024-03-30 09:41:35,908 [INFO] CodeEngine:279 - Generated code: D:\STM32\Workspace\10_RTC_ALARM\Core\Src\main.c
2024-03-30 09:41:36,614 [INFO] ProjectBuilder:3076 - Time for Copy HAL[1] : 204mS.
2024-03-30 09:41:36,619 [INFO] ProjectBuilder:4485 - Project Generator version: 4.2.0-B44
2024-03-30 09:41:36,880 [INFO] ConfigFileManager:1495 - The Die is : DIE417
2024-03-30 09:41:38,427 [INFO] ProjectBuilder:4747 - Time for Generating toolchain IDE Files: 1808mS.
2024-03-30 09:41:38,428 [INFO] ProjectBuilder:2947 - Time for Copy CMSIS : 1mS.
2024-03-30 09:41:38,430 [INFO] ProjectBuilder:2947 - Time for Copy CMSIS : 0mS.
2024-03-30 14:28:04,561 [ERROR] ConfigurationRetriever:142 - IOException on connection: sw-center.st.com
2024-03-30 14:28:04,592 [ERROR] ConfigurationRetriever:142 - IOException on connection: sw-center.st.com
2024-03-30 14:28:04,593 [ERROR] ConfigurationRetriever:142 - IOException on connection: sw-center.st.com
2024-03-30 14:28:08,465 [ERROR] LogOutputStream:75 - [STDERR_REDIRECT] 
