2024-04-17 00:09:53,979 [ERROR] LogOutputStream:75 - [STDERR_REDIRECT] 
2024-04-17 08:47:19,226 [INFO] Activator:176 - 


2024-04-17 08:47:19,228 [INFO] Activator:177 - !SESSION log4j initialized
2024-04-17 08:47:23,494 [INFO] LogOutputStream:77 - [STDOUT_REDIRECT] 
2024-04-17 08:47:29,358 [INFO] ApplicationProperties:184 - Using Application install path: C:\ST\STM32CubeIDE_1.14.1\STM32CubeIDE\plugins\com.st.stm32cube.common.mx_6.10.0.202311202037
2024-04-17 08:47:29,380 [INFO] DbMcusXml:78 - Set database path to: C:\ST\STM32CubeIDE_1.14.1\STM32CubeIDE\plugins\com.st.stm32cube.common.mx_6.10.0.202311202037\\db\/mcu/
2024-04-17 08:47:29,380 [INFO] ApiDb:274 - Set plugin database path to: C:\ST\STM32CubeIDE_1.14.1\STM32CubeIDE\plugins\com.st.stm32cube.common.mx_6.10.0.202311202037\\db\/plugins/boardmanager/
2024-04-17 08:47:29,380 [WARN] ApiDb:259 - Overriding images path with different value:  => C:\ST\STM32CubeIDE_1.14.1\STM32CubeIDE\plugins\com.st.stm32cube.common.mx_6.10.0.202311202037\\db\/plugins/mcufinder/images/
2024-04-17 08:47:29,389 [INFO] ApiDb:250 - Set database path to: C:\Users\shiba\.stmcufinder\plugins\mcufinder//mcu/
2024-04-17 08:47:29,389 [INFO] DbMcusAds:125 - Set database path to: C:\Users\shiba\.stmcufinder\plugins\mcufinder//mcu/
2024-04-17 08:47:29,397 [INFO] CrossReferenceDbSqlite:203 - Set database path to: C:\Users\shiba\.stmcufinder\plugins\mcufinder//mcu/cs/
2024-04-17 08:47:29,518 [INFO] RulesReader:64 - Compatibility file has been processed (297 Rules)
2024-04-17 08:47:29,615 [INFO] DbMcusXml:78 - Set database path to: C:\ST\STM32CubeIDE_1.14.1\STM32CubeIDE\plugins\com.st.stm32cube.common.mx_6.10.0.202311202037\\db\/mcu/
2024-04-17 08:47:29,615 [INFO] ApiDb:274 - Set plugin database path to: C:\ST\STM32CubeIDE_1.14.1\STM32CubeIDE\plugins\com.st.stm32cube.common.mx_6.10.0.202311202037\\db\/plugins/boardmanager/
2024-04-17 08:47:29,615 [INFO] ApiDb:261 - Set plugin images path to: C:\ST\STM32CubeIDE_1.14.1\STM32CubeIDE\plugins\com.st.stm32cube.common.mx_6.10.0.202311202037\\db\/plugins/mcufinder/images/
2024-04-17 08:47:29,615 [WARN] DbFile:41 - Overriding database path with different value: C:\Users\shiba\.stmcufinder\plugins\mcufinder/ => C:\Users\shiba\.stmcufinder\plugins\mcufinder
2024-04-17 08:47:29,615 [INFO] ApiDb:250 - Set database path to: C:\Users\shiba\.stmcufinder\plugins\mcufinder//mcu/
2024-04-17 08:47:29,615 [WARN] DbFile:41 - Overriding database path with different value: C:\Users\shiba\.stmcufinder\plugins\mcufinder/ => C:\Users\shiba\.stmcufinder\plugins\mcufinder
2024-04-17 08:47:29,615 [INFO] DbMcusAds:125 - Set database path to: C:\Users\shiba\.stmcufinder\plugins\mcufinder//mcu/
2024-04-17 08:47:29,615 [WARN] DbFile:41 - Overriding database path with different value: C:\Users\shiba\.stmcufinder\plugins\mcufinder/ => C:\Users\shiba\.stmcufinder\plugins\mcufinder
2024-04-17 08:47:29,615 [WARN] DbFile:41 - Overriding database path with different value: C:\Users\shiba\.stmcufinder\plugins\mcufinder/ => C:\Users\shiba\.stmcufinder\plugins\mcufinder
2024-04-17 08:47:29,615 [INFO] CrossReferenceDbSqlite:203 - Set database path to: C:\Users\shiba\.stmcufinder\plugins\mcufinder//mcu/cs/
2024-04-17 08:47:29,724 [INFO] MainPanel:264 - HeapMemory: 268435456
2024-04-17 08:47:29,881 [INFO] DbMcusXml:78 - Set database path to: C:\ST\STM32CubeIDE_1.14.1\STM32CubeIDE\plugins\com.st.stm32cube.common.mx_6.10.0.202311202037\\db\/mcu/
2024-04-17 08:47:29,881 [INFO] ApiDb:274 - Set plugin database path to: C:\ST\STM32CubeIDE_1.14.1\STM32CubeIDE\plugins\com.st.stm32cube.common.mx_6.10.0.202311202037\\db\/plugins/boardmanager/
2024-04-17 08:47:29,881 [INFO] ApiDb:261 - Set plugin images path to: C:\ST\STM32CubeIDE_1.14.1\STM32CubeIDE\plugins\com.st.stm32cube.common.mx_6.10.0.202311202037\\db\/plugins/mcufinder/images/
2024-04-17 08:47:29,881 [WARN] DbFile:41 - Overriding database path with different value: C:\Users\shiba\.stmcufinder\plugins\mcufinder/ => C:\Users\shiba\.stmcufinder\plugins\mcufinder
2024-04-17 08:47:29,881 [INFO] ApiDb:250 - Set database path to: C:\Users\shiba\.stmcufinder\plugins\mcufinder//mcu/
2024-04-17 08:47:29,881 [WARN] DbFile:41 - Overriding database path with different value: C:\Users\shiba\.stmcufinder\plugins\mcufinder/ => C:\Users\shiba\.stmcufinder\plugins\mcufinder
2024-04-17 08:47:29,881 [INFO] DbMcusAds:125 - Set database path to: C:\Users\shiba\.stmcufinder\plugins\mcufinder//mcu/
2024-04-17 08:47:29,881 [WARN] DbFile:41 - Overriding database path with different value: C:\Users\shiba\.stmcufinder\plugins\mcufinder/ => C:\Users\shiba\.stmcufinder\plugins\mcufinder
2024-04-17 08:47:29,881 [WARN] DbFile:41 - Overriding database path with different value: C:\Users\shiba\.stmcufinder\plugins\mcufinder/ => C:\Users\shiba\.stmcufinder\plugins\mcufinder
2024-04-17 08:47:29,881 [INFO] CrossReferenceDbSqlite:203 - Set database path to: C:\Users\shiba\.stmcufinder\plugins\mcufinder//mcu/cs/
2024-04-17 08:47:29,905 [INFO] ApplicationProperties:184 - Using Application install path: C:\ST\STM32CubeIDE_1.14.1\STM32CubeIDE\plugins\com.st.stm32cube.common.mx_6.10.0.202311202037
2024-04-17 08:47:29,905 [INFO] PluginManage:196 - Search for loadable plugins [exclusion list=, ]
2024-04-17 08:47:29,905 [INFO] PluginManage:310 - Check plugin analytics
2024-04-17 08:47:35,067 [INFO] AnalyticsPlugin:253 - Accepted Software Licenses: STM32CubeMX.6.10.0
2024-04-17 08:47:35,067 [INFO] AnalyticsPlugin:255 - Accepted CMSIS Pack Licenses: 
2024-04-17 08:47:35,067 [INFO] AnalyticsPlugin:257 - Accepted Firmware Licenses: 
2024-04-17 08:47:35,077 [INFO] PluginManage:359 - Loaded plugin analytics (category:tool,tabindex:-1)
2024-04-17 08:47:35,077 [INFO] PluginManage:310 - Check plugin cadmodel
2024-04-17 08:47:35,082 [INFO] CADModel:105 - Init CAD model plugin
2024-04-17 08:47:35,082 [INFO] PluginManage:359 - Loaded plugin cadmodel (category:power,tabindex:5)
2024-04-17 08:47:35,082 [INFO] PluginManage:310 - Check plugin clock
2024-04-17 08:47:35,100 [INFO] PluginManage:359 - Loaded plugin clock (category:base,tabindex:2)
2024-04-17 08:47:35,100 [INFO] PluginManage:310 - Check plugin ddr
2024-04-17 08:47:35,104 [INFO] PluginManage:359 - Loaded plugin ddr (category:tool,tabindex:6)
2024-04-17 08:47:35,104 [INFO] PluginManage:310 - Check plugin filemanager
2024-04-17 08:47:35,254 [INFO] PluginManage:359 - Loaded plugin filemanager (category:base,tabindex:10)
2024-04-17 08:47:35,254 [INFO] PluginManage:310 - Check plugin ipmanager
2024-04-17 08:47:35,269 [INFO] PluginManage:359 - Loaded plugin ipmanager (category:base,tabindex:5)
2024-04-17 08:47:35,269 [INFO] PluginManage:310 - Check plugin lpbam
2024-04-17 08:47:35,277 [INFO] PluginManage:359 - Loaded plugin lpbam (category:base,tabindex:0)
2024-04-17 08:47:35,277 [INFO] PluginManage:310 - Check plugin memorymap
2024-04-17 08:47:35,299 [INFO] PluginManage:359 - Loaded plugin memorymap (category:base,tabindex:4)
2024-04-17 08:47:35,299 [INFO] PluginManage:310 - Check plugin pinoutandconfiguration
2024-04-17 08:47:35,307 [INFO] PluginManage:359 - Loaded plugin pinoutandconfiguration (category:base,tabindex:1)
2024-04-17 08:47:35,307 [INFO] PluginManage:310 - Check plugin pinoutconfig
2024-04-17 08:47:35,398 [WARN] SupportedApi:132 - Cannot load RTOS API schema: s4s-elt-must-match.1: The content of 'definitions' must match (annotation?, (simpleType | complexType)?, (unique | key | keyref)*)). A problem was found starting at: attribute.
2024-04-17 08:47:35,596 [INFO] PluginManage:359 - Loaded plugin pinoutconfig (category:base,tabindex:0)
2024-04-17 08:47:35,596 [INFO] PluginManage:310 - Check plugin power
2024-04-17 08:47:35,611 [INFO] PluginManage:359 - Loaded plugin power (category:power,tabindex:4)
2024-04-17 08:47:35,611 [INFO] PluginManage:310 - Check plugin projectmanager
2024-04-17 08:47:35,630 [INFO] PluginManage:359 - Loaded plugin projectmanager (category:projectmanager,tabindex:3)
2024-04-17 08:47:35,631 [INFO] PluginManage:310 - Check plugin thirdparty
2024-04-17 08:47:35,812 [INFO] PluginManage:359 - Loaded plugin thirdparty (category:base,tabindex:-1)
2024-04-17 08:47:35,812 [WARN] IntegrityCheckThread:84 - waiting for thirdparty lock release [integrity check]
2024-04-17 08:47:35,812 [INFO] PluginManage:310 - Check plugin tools
2024-04-17 08:47:35,812 [INFO] IntegrityCheckThread:86 - entering critical section [integrity check]
2024-04-17 08:47:35,812 [INFO] ThirdPartyUpdaterWithRetryManager:70 - Updater plugin not ready yet. [1/15]
2024-04-17 08:47:35,816 [INFO] PluginManage:359 - Loaded plugin tools (category:base,tabindex:7)
2024-04-17 08:47:35,816 [INFO] PluginManage:310 - Check plugin tutovideos
2024-04-17 08:47:36,052 [INFO] PluginManage:359 - Loaded plugin tutovideos (category:base,tabindex:-1)
2024-04-17 08:47:36,052 [INFO] PluginManage:310 - Check plugin updater
2024-04-17 08:47:36,068 [INFO] PluginManage:359 - Loaded plugin updater (category:base,tabindex:12)
2024-04-17 08:47:36,068 [INFO] PluginManage:310 - Check plugin userauth
2024-04-17 08:47:36,078 [INFO] UserAuth:114 - Init User Auth plugin
2024-04-17 08:47:36,078 [INFO] PluginManage:359 - Loaded plugin userauth (category:base,tabindex:14)
2024-04-17 08:47:36,078 [INFO] PluginManage:283 - PluginManage : Loaded plugins [17]
2024-04-17 08:47:36,354 [INFO] PinOutPanel:1499 - setPackage(No Configuration,No Configuration)
2024-04-17 08:47:36,459 [INFO] CADModel:165 - CPN selected for project level
2024-04-17 08:47:36,459 [INFO] CADModel:114 - Register for checkConnection events
2024-04-17 08:47:36,484 [INFO] IPUIPlugin:80 - create IPUIPlugin
2024-04-17 08:47:36,484 [INFO] PluginManager:220 - loadIPPluginJar : add adc
2024-04-17 08:47:36,488 [INFO] IPUIPlugin:80 - create IPUIPlugin
2024-04-17 08:47:36,488 [INFO] PluginManager:220 - loadIPPluginJar : add aes
2024-04-17 08:47:36,492 [INFO] IPUIPlugin:80 - create IPUIPlugin
2024-04-17 08:47:36,492 [INFO] PluginManager:220 - loadIPPluginJar : add can
2024-04-17 08:47:36,492 [INFO] IPUIPlugin:80 - create IPUIPlugin
2024-04-17 08:47:36,492 [INFO] PluginManager:220 - loadIPPluginJar : add comp
2024-04-17 08:47:36,500 [INFO] IPUIPlugin:80 - create IPUIPlugin
2024-04-17 08:47:36,500 [INFO] PluginManager:220 - loadIPPluginJar : add cryp
2024-04-17 08:47:36,500 [INFO] IPUIPlugin:80 - create IPUIPlugin
2024-04-17 08:47:36,500 [INFO] PluginManager:220 - loadIPPluginJar : add dfsdm
2024-04-17 08:47:36,508 [INFO] IPUIPlugin:80 - create IPUIPlugin
2024-04-17 08:47:36,508 [INFO] PluginManager:220 - loadIPPluginJar : add dma
2024-04-17 08:47:36,508 [INFO] IPUIPlugin:80 - create IPUIPlugin
2024-04-17 08:47:36,508 [INFO] PluginManager:220 - loadIPPluginJar : add dma3
2024-04-17 08:47:36,508 [INFO] IPUIPlugin:80 - create IPUIPlugin
2024-04-17 08:47:36,508 [INFO] PluginManager:220 - loadIPPluginJar : add fatfs
2024-04-17 08:47:36,516 [INFO] IPUIPlugin:80 - create IPUIPlugin
2024-04-17 08:47:36,516 [INFO] PluginManager:220 - loadIPPluginJar : add fmc
2024-04-17 08:47:36,524 [INFO] IPUIPlugin:80 - create IPUIPlugin
2024-04-17 08:47:36,524 [INFO] PluginManager:220 - loadIPPluginJar : add freertos
2024-04-17 08:47:36,524 [INFO] IPUIPlugin:80 - create IPUIPlugin
2024-04-17 08:47:36,524 [INFO] PluginManager:220 - loadIPPluginJar : add genericplugin
2024-04-17 08:47:36,532 [INFO] IPUIPlugin:80 - create IPUIPlugin
2024-04-17 08:47:36,532 [INFO] PluginManager:220 - loadIPPluginJar : add gfxmmu
2024-04-17 08:47:36,535 [INFO] IPUIPlugin:80 - create IPUIPlugin
2024-04-17 08:47:36,535 [INFO] PluginManager:220 - loadIPPluginJar : add gic
2024-04-17 08:47:36,541 [INFO] IPUIPlugin:80 - create IPUIPlugin
2024-04-17 08:47:36,541 [INFO] PluginManager:220 - loadIPPluginJar : add gpio
2024-04-17 08:47:36,544 [INFO] IPUIPlugin:80 - create IPUIPlugin
2024-04-17 08:47:36,544 [INFO] PluginManager:220 - loadIPPluginJar : add gtzc
2024-04-17 08:47:36,547 [INFO] IPUIPlugin:80 - create IPUIPlugin
2024-04-17 08:47:36,547 [INFO] PluginManager:220 - loadIPPluginJar : add hash
2024-04-17 08:47:36,550 [INFO] IPUIPlugin:80 - create IPUIPlugin
2024-04-17 08:47:36,550 [INFO] PluginManager:220 - loadIPPluginJar : add i2c
2024-04-17 08:47:36,554 [INFO] IPUIPlugin:80 - create IPUIPlugin
2024-04-17 08:47:36,554 [INFO] PluginManager:220 - loadIPPluginJar : add i2s
2024-04-17 08:47:36,557 [INFO] IPUIPlugin:80 - create IPUIPlugin
2024-04-17 08:47:36,557 [INFO] PluginManager:220 - loadIPPluginJar : add i3c
2024-04-17 08:47:36,560 [INFO] IPUIPlugin:80 - create IPUIPlugin
2024-04-17 08:47:36,560 [INFO] PluginManager:220 - loadIPPluginJar : add ipddr
2024-04-17 08:47:36,568 [INFO] IPUIPlugin:80 - create IPUIPlugin
2024-04-17 08:47:36,568 [INFO] PluginManager:220 - loadIPPluginJar : add linkedlist
2024-04-17 08:47:36,571 [INFO] IPUIPlugin:80 - create IPUIPlugin
2024-04-17 08:47:36,571 [INFO] PluginManager:220 - loadIPPluginJar : add lorawan
2024-04-17 08:47:36,573 [INFO] IPUIPlugin:80 - create IPUIPlugin
2024-04-17 08:47:36,573 [INFO] PluginManager:220 - loadIPPluginJar : add ltdc
2024-04-17 08:47:36,582 [INFO] IPUIPlugin:80 - create IPUIPlugin
2024-04-17 08:47:36,582 [INFO] PluginManager:220 - loadIPPluginJar : add mdma
2024-04-17 08:47:36,586 [INFO] IPUIPlugin:80 - create IPUIPlugin
2024-04-17 08:47:36,586 [INFO] PluginManager:220 - loadIPPluginJar : add nvic
2024-04-17 08:47:36,590 [INFO] IPUIPlugin:80 - create IPUIPlugin
2024-04-17 08:47:36,590 [INFO] PluginManager:220 - loadIPPluginJar : add opamp
2024-04-17 08:47:36,598 [INFO] IPUIPlugin:80 - create IPUIPlugin
2024-04-17 08:47:36,598 [INFO] PluginManager:220 - loadIPPluginJar : add openamp
2024-04-17 08:47:36,600 [INFO] IPUIPlugin:80 - create IPUIPlugin
2024-04-17 08:47:36,600 [INFO] PluginManager:220 - loadIPPluginJar : add pdm2pcm
2024-04-17 08:47:36,606 [INFO] IPUIPlugin:80 - create IPUIPlugin
2024-04-17 08:47:36,606 [INFO] PluginManager:220 - loadIPPluginJar : add plateformsettings
2024-04-17 08:47:36,614 [INFO] IPUIPlugin:80 - create IPUIPlugin
2024-04-17 08:47:36,614 [INFO] PluginManager:220 - loadIPPluginJar : add quadspi
2024-04-17 08:47:36,619 [INFO] IPUIPlugin:80 - create IPUIPlugin
2024-04-17 08:47:36,619 [INFO] PluginManager:220 - loadIPPluginJar : add resmgrutility
2024-04-17 08:47:36,623 [INFO] IPUIPlugin:80 - create IPUIPlugin
2024-04-17 08:47:36,623 [INFO] PluginManager:220 - loadIPPluginJar : add sai
2024-04-17 08:47:36,623 [INFO] IPUIPlugin:80 - create IPUIPlugin
2024-04-17 08:47:36,623 [INFO] PluginManager:220 - loadIPPluginJar : add spi
2024-04-17 08:47:36,631 [INFO] IPUIPlugin:80 - create IPUIPlugin
2024-04-17 08:47:36,631 [INFO] PluginManager:220 - loadIPPluginJar : add stm32_wpan
2024-04-17 08:47:36,631 [INFO] IPUIPlugin:80 - create IPUIPlugin
2024-04-17 08:47:36,631 [INFO] PluginManager:220 - loadIPPluginJar : add tim
2024-04-17 08:47:36,635 [INFO] IPUIPlugin:80 - create IPUIPlugin
2024-04-17 08:47:36,635 [INFO] PluginManager:220 - loadIPPluginJar : add touchsensing
2024-04-17 08:47:36,639 [INFO] IPUIPlugin:80 - create IPUIPlugin
2024-04-17 08:47:36,639 [INFO] PluginManager:220 - loadIPPluginJar : add tracer_emb
2024-04-17 08:47:36,642 [INFO] IPUIPlugin:80 - create IPUIPlugin
2024-04-17 08:47:36,642 [INFO] PluginManager:220 - loadIPPluginJar : add ts
2024-04-17 08:47:36,642 [INFO] IPUIPlugin:80 - create IPUIPlugin
2024-04-17 08:47:36,642 [INFO] PluginManager:220 - loadIPPluginJar : add tsc
2024-04-17 08:47:36,648 [INFO] IPUIPlugin:80 - create IPUIPlugin
2024-04-17 08:47:36,648 [INFO] PluginManager:220 - loadIPPluginJar : add ucpd
2024-04-17 08:47:36,648 [INFO] IPUIPlugin:80 - create IPUIPlugin
2024-04-17 08:47:36,648 [INFO] PluginManager:220 - loadIPPluginJar : add usart
2024-04-17 08:47:36,654 [INFO] IPUIPlugin:80 - create IPUIPlugin
2024-04-17 08:47:36,656 [INFO] PluginManager:220 - loadIPPluginJar : add usbx
2024-04-17 08:47:36,792 [INFO] CADModel:165 - CPN selected for project level
2024-04-17 08:47:36,792 [INFO] CADModel:114 - Register for checkConnection events
2024-04-17 08:47:36,792 [FATAL] Updater:308 - Updater called before beeing initialized
2024-04-17 08:47:36,792 [ERROR] CADModel:125 - Updater not yet initialized, retry later 
2024-04-17 08:47:36,943 [INFO] CADModel:165 - CPN selected for project level
2024-04-17 08:47:36,943 [INFO] CADModel:114 - Register for checkConnection events
2024-04-17 08:47:36,943 [FATAL] Updater:308 - Updater called before beeing initialized
2024-04-17 08:47:36,943 [ERROR] CADModel:125 - Updater not yet initialized, retry later 
2024-04-17 08:47:36,944 [FATAL] Updater:308 - Updater called before beeing initialized
2024-04-17 08:47:37,067 [FATAL] Updater:308 - Updater called before beeing initialized
2024-04-17 08:47:37,068 [INFO] DbMcusAds:53 - JSON generation date=Wed Nov 29 16:22:27 IST 2023 (1701255147349)
2024-04-17 08:47:37,068 [FATAL] Updater:308 - Updater called before beeing initialized
2024-04-17 08:47:37,140 [WARN] DetailPanel:346 - Failed to get advertising image, set to default
2024-04-17 08:47:37,243 [FATAL] Updater:308 - Updater called before beeing initialized
2024-04-17 08:47:37,246 [FATAL] Updater:308 - Updater called before beeing initialized
2024-04-17 08:47:37,246 [FATAL] Updater:308 - Updater called before beeing initialized
2024-04-17 08:47:37,246 [WARN] DetailPanel:346 - Failed to get advertising image, set to default
2024-04-17 08:47:37,246 [FATAL] Updater:308 - Updater called before beeing initialized
2024-04-17 08:47:37,300 [ERROR] Updater:1120 - MainUpdater not yet initialized. External WinMGr cannot be set.
2024-04-17 08:47:37,300 [INFO] Updater:1056 - Updater Version found : 6.10.0
2024-04-17 08:47:37,324 [INFO] ApplicationProperties:184 - Using Application install path: C:\ST\STM32CubeIDE_1.14.1\STM32CubeIDE\plugins\com.st.stm32cube.common.mx_6.10.0.202311202037
2024-04-17 08:47:38,828 [INFO] ThirdPartyUpdaterWithRetryManager:70 - Updater plugin not ready yet. [2/15]
2024-04-17 08:47:38,951 [ERROR] LogOutputStream:75 - [STDERR_REDIRECT] Apr 17, 2024 8:47:38 AM java.util.prefs.WindowsPreferences <init>
2024-04-17 08:47:38,951 [ERROR] LogOutputStream:75 - [STDERR_REDIRECT] WARNING: Could not open/create prefs root node Software\JavaSoft\Prefs at root 0xffffffff80000002. Windows RegCreateKeyEx(...) returned error code 5.
2024-04-17 08:47:38,951 [ERROR] LogOutputStream:75 - [STDERR_REDIRECT] 
2024-04-17 08:47:39,277 [INFO] MainUpdater:2873 - connection check result : 10
2024-04-17 08:47:39,279 [INFO] MainUpdater:290 - Updater Check For Update Now.
2024-04-17 08:47:39,279 [INFO] MicroXplorer:498 - Change Database Version : DB.6.0.100
2024-04-17 08:47:39,294 [INFO] McuFinderGlobals:63 - Set McuFinder mode to 2 (CubeIDE integrated)
2024-04-17 08:47:39,517 [INFO] CheckServerUpdateThread:120 - End of CheckServer Thread
2024-04-17 08:47:39,543 [INFO] UserAuth:404 - Internet connection configuration mode: 1
2024-04-17 08:47:39,562 [INFO] JxBrowserEngine:152 - Initiate JxBrowser Engine with user profile folder
2024-04-17 08:47:42,102 [INFO] WebApp:161 - Instantiating new browser for Auth
2024-04-17 08:47:42,134 [WARN] PackLoader:240 - Cannot read IP mode file for STMicroelectronics.X-CUBE-SMBUS.2.1.0
2024-04-17 08:47:42,146 [WARN] PackLoader:240 - Cannot read IP mode file for STMicroelectronics.X-CUBE-TOUCHGFX.4.23.1
2024-04-17 08:47:42,154 [WARN] PackLoader:240 - Cannot read IP mode file for STMicroelectronics.X-CUBE-TOUCHGFX.4.23.0
2024-04-17 08:47:42,164 [WARN] PackLoader:240 - Cannot read IP mode file for STMicroelectronics.X-CUBE-TOUCHGFX.4.23.2
2024-04-17 08:47:42,210 [WARN] PackLoader:240 - Cannot read IP mode file for STMicroelectronics.X-CUBE-AZRTOS-F7.1.1.0
2024-04-17 08:47:42,220 [WARN] PackLoader:240 - Cannot read IP mode file for STMicroelectronics.FP-SNS-MOTENV1.4.3.2
2024-04-17 08:47:42,231 [WARN] PackLoader:240 - Cannot read IP mode file for STMicroelectronics.FP-SNS-FLIGHT1.5.0.2
2024-04-17 08:47:42,237 [WARN] PackLoader:240 - Cannot read IP mode file for STMicroelectronics.X-CUBE-DISPLAY.3.0.0
2024-04-17 08:47:42,258 [WARN] PackLoader:240 - Cannot read IP mode file for STMicroelectronics.X-CUBE-BLE1.7.0.0
2024-04-17 08:47:42,269 [WARN] PackLoader:240 - Cannot read IP mode file for emotas.I-CUBE-CANOPEN.1.3.0
2024-04-17 08:47:42,277 [WARN] PackLoader:240 - Cannot read IP mode file for STMicroelectronics.FP-SNS-SMARTAG2.1.2.0
2024-04-17 08:47:42,292 [INFO] LogOutputStream:77 - [STDOUT_REDIRECT] 1 : Invalid condition id : UX_CORESTACK_Condition cause : null
2024-04-17 08:47:42,296 [INFO] LogOutputStream:77 - [STDOUT_REDIRECT] 1 : Invalid condition id : UX_CORESTACK_Condition cause : null
2024-04-17 08:47:42,296 [INFO] LogOutputStream:77 - [STDOUT_REDIRECT] 1 : Invalid condition id : UX_CORESTACK_Condition cause : null
2024-04-17 08:47:42,298 [INFO] LogOutputStream:77 - [STDOUT_REDIRECT] 1 : Invalid condition id : UX_CORESTACK_Condition cause : null
2024-04-17 08:47:42,298 [INFO] LogOutputStream:77 - [STDOUT_REDIRECT] 1 : Invalid condition id : UX_CORESTACK_Condition cause : null
2024-04-17 08:47:42,308 [WARN] PackLoader:240 - Cannot read IP mode file for STMicroelectronics.X-CUBE-AZRTOS-WL.2.0.0
2024-04-17 08:47:42,315 [WARN] PackLoader:240 - Cannot read IP mode file for STMicroelectronics.FP-SNS-MOTENV1.5.0.0
2024-04-17 08:47:42,328 [WARN] PackLoader:240 - Cannot read IP mode file for WES.I-CUBE-Cesium.1.3.0
2024-04-17 08:47:42,337 [WARN] PackLoader:240 - Cannot read IP mode file for STMicroelectronics.X-CUBE-BLE2.3.3.0
2024-04-17 08:47:42,349 [WARN] PackLoader:240 - Cannot read IP mode file for STMicroelectronics.X-CUBE-TCPP.4.1.0
2024-04-17 08:47:42,359 [WARN] PackLoader:240 - Cannot read IP mode file for STMicroelectronics.X-CUBE-ALGOBUILD.1.3.0
2024-04-17 08:47:42,388 [WARN] PackLoader:240 - Cannot read IP mode file for STMicroelectronics.X-CUBE-AZRTOS-G0.1.1.0
2024-04-17 08:47:42,404 [WARN] PackLoader:240 - Cannot read IP mode file for STMicroelectronics.X-CUBE-SAFEA1.1.2.2
2024-04-17 08:47:42,415 [WARN] PackLoader:240 - Cannot read IP mode file for STMicroelectronics.X-CUBE-NFC4.3.0.0
2024-04-17 08:47:42,422 [WARN] PackLoader:240 - Cannot read IP mode file for STMicroelectronics.FP-ATR-SIGFOX1.3.2.0
2024-04-17 08:47:42,476 [WARN] PackLoader:240 - Cannot read IP mode file for SEGGER.I-CUBE-embOS.1.3.1
2024-04-17 08:47:42,536 [WARN] PackLoader:240 - Cannot read IP mode file for STMicroelectronics.X-CUBE-GNSS1.6.0.0
2024-04-17 08:47:42,552 [WARN] PackLoader:240 - Cannot read IP mode file for STMicroelectronics.X-CUBE-AZRTOS-F4.1.1.0
2024-04-17 08:47:42,574 [WARN] PackLoader:240 - Cannot read IP mode file for STMicroelectronics.X-CUBE-AZRTOS-L5.2.0.0
2024-04-17 08:47:42,588 [WARN] PackLoader:240 - Cannot read IP mode file for STMicroelectronics.X-CUBE-NFC6.3.1.0
2024-04-17 08:47:42,595 [WARN] PackLoader:240 - Cannot read IP mode file for ITTIA_DB.I-CUBE-ITTIADB.8.8.0
2024-04-17 08:47:42,604 [WARN] PackLoader:240 - Cannot read IP mode file for STMicroelectronics.X-CUBE-NFC7.1.0.1
2024-04-17 08:47:42,612 [WARN] PackLoader:240 - Cannot read IP mode file for STMicroelectronics.X-CUBE-NFC6.3.0.0
2024-04-17 08:47:42,618 [WARN] PackLoader:240 - Cannot read IP mode file for STMicroelectronics.X-CUBE-AI.8.1.0
2024-04-17 08:47:42,639 [WARN] ConditionMgr:438 - getConditionDescription Invalid condition id : LAN8742 Phy interface Condition cause : null
2024-04-17 08:47:42,641 [WARN] PackLoader:240 - Cannot read IP mode file for STMicroelectronics.X-CUBE-AZRTOS-L4.2.0.0
2024-04-17 08:47:42,641 [WARN] ConditionMgr:1039 - genDependencies : Invalid condition id : LAN8742 Phy interface Condition cause : null
2024-04-17 08:47:42,643 [WARN] ConditionMgr:1039 - genDependencies : Invalid condition id : LAN8742 Phy interface Condition cause : null
2024-04-17 08:47:42,643 [WARN] ConditionMgr:1039 - genDependencies : Invalid condition id : LAN8742 Phy interface Condition cause : null
2024-04-17 08:47:42,649 [WARN] PackLoader:240 - Cannot read IP mode file for STMicroelectronics.X-CUBE-SFXS2LP1.4.0.0
2024-04-17 08:47:42,664 [WARN] ConditionMgr:438 - getConditionDescription Invalid condition id : UX DEVICE CLASS RTOS Condition cause : null
2024-04-17 08:47:42,665 [WARN] ConditionMgr:438 - getConditionDescription Invalid condition id : UX DEVICE CLASS RTOS Condition cause : null
2024-04-17 08:47:42,667 [WARN] PackLoader:240 - Cannot read IP mode file for STMicroelectronics.X-CUBE-AZRTOS-WB.2.0.0
2024-04-17 08:47:42,669 [WARN] ConditionMgr:1039 - genDependencies : Invalid condition id : UX DEVICE CLASS RTOS Condition cause : null
2024-04-17 08:47:42,669 [WARN] ConditionMgr:1039 - genDependencies : Invalid condition id : UX DEVICE CLASS RTOS Condition cause : null
2024-04-17 08:47:42,669 [WARN] ConditionMgr:1039 - genDependencies : Invalid condition id : UX DEVICE CLASS RTOS Condition cause : null
2024-04-17 08:47:42,669 [WARN] ConditionMgr:1039 - genDependencies : Invalid condition id : UX DEVICE CLASS RTOS Condition cause : null
2024-04-17 08:47:42,670 [WARN] ConditionMgr:1039 - genDependencies : Invalid condition id : UX DEVICE CLASS RTOS Condition cause : null
2024-04-17 08:47:42,680 [WARN] PackLoader:240 - Cannot read IP mode file for STMicroelectronics.X-CUBE-SUBG2.5.0.0
2024-04-17 08:47:42,701 [WARN] PackLoader:240 - Cannot read IP mode file for STMicroelectronics.X-CUBE-AZRTOS-G4.2.0.0
2024-04-17 08:47:42,730 [WARN] PackLoader:240 - Cannot read IP mode file for Infineon.AIROC-Wi-Fi-Bluetooth-STM32.1.5.1
2024-04-17 08:47:42,785 [WARN] PackLoader:240 - Cannot read IP mode file for STMicroelectronics.X-CUBE-MEMS1.10.0.0
2024-04-17 08:47:42,923 [WARN] PackLoader:240 - Cannot read IP mode file for STMicroelectronics.X-CUBE-FREERTOS.1.1.0
2024-04-17 08:47:42,927 [WARN] PackLoader:240 - Cannot read IP mode file for portGmbH.I-Cube-SoM-uGOAL.1.1.0
2024-04-17 08:47:42,935 [WARN] PackLoader:240 - Cannot read IP mode file for STMicroelectronics.X-CUBE-ALS.1.0.1
2024-04-17 08:47:42,943 [WARN] PackLoader:240 - Cannot read IP mode file for STMicroelectronics.FP-ATR-ASTRA1.2.0.0
2024-04-17 08:47:42,943 [INFO] ThirdParty:978 - Integrity check success = true
2024-04-17 08:47:42,943 [INFO] IntegrityCheckThread:100 - exiting critical section [integrity check]
2024-04-17 08:47:42,943 [INFO] IntegrityCheckThread:103 - End integrity checks thread
2024-04-17 08:47:43,032 [INFO] WebApp:780 - Register for checkConnection events
2024-04-17 08:47:43,032 [INFO] WebApp:414 - Apply proxy settings
2024-04-17 08:47:43,032 [INFO] WebApp:499 - Chromium requires no authentication
2024-04-17 08:47:43,042 [INFO] WebApp:442 - Direct internet connection detected
2024-04-17 08:47:43,290 [INFO] WebApp:192 - Starting web application
2024-04-17 08:47:43,290 [INFO] WebApp:544 - Web application path used C:\ST\STM32CubeIDE_1.14.1\STM32CubeIDE\plugins\com.st.stm32cube.common.mx_6.10.0.202311202037\db\plugins\mcufinder\reactClient1\index.html
2024-04-17 08:48:04,039 [ERROR] LogOutputStream:75 - [STDERR_REDIRECT] SLF4J: Failed to load class "org.slf4j.impl.StaticLoggerBinder".
2024-04-17 08:48:04,042 [ERROR] LogOutputStream:75 - [STDERR_REDIRECT] SLF4J: Defaulting to no-operation (NOP) logger implementation
2024-04-17 08:48:04,043 [ERROR] LogOutputStream:75 - [STDERR_REDIRECT] SLF4J: See http://www.slf4j.org/codes.html#StaticLoggerBinder for further details.
2024-04-17 17:38:58,180 [ERROR] LogOutputStream:75 - [STDERR_REDIRECT] 
